#
# A fatal error has been detected by the Java Runtime Environment:
#
#  SIGSEGV (0xb) at pc=0x00007fd11308e800, pid=3397, tid=140536116238080
#
# JRE version: OpenJDK Runtime Environment (7.0_51) (build 1.7.0_51-b00)
# Java VM: OpenJDK 64-Bit Server VM (24.45-b08 mixed mode linux-amd64 compressed oops)
# Problematic frame:
# C  [fglrx_dri.so+0x11ce800]  ukiCreateContext+0x11ce800
#
# Failed to write core dump. Core dumps have been disabled. To enable core dumping, try "ulimit -c unlimited" before starting Java again
#
# If you would like to submit a bug report, please include
# instructions on how to reproduce the bug and visit:
#   http://icedtea.classpath.org/bugzilla
# The crash happened outside the Java Virtual Machine in native code.
# See problematic frame for where to report the bug.
#

---------------  T H R E A D  ---------------

Current thread (0x00007fd1642d5800):  JavaThread "LWJGL Application" [_thread_in_native, id=3420, stack(0x00007fd11d395000,0x00007fd11d496000)]

siginfo:si_signo=SIGSEGV: si_errno=0, si_code=1 (SEGV_MAPERR), si_addr=0x0000000000000000

Registers:
RAX=0x00007fd113d90e50, RBX=0x00007fd1138ccdf8, RCX=0x0000000000000000, RDX=0x0000000000000000
RSP=0x00007fd11d494298, RBP=0x00007fd1085427a0, RSI=0x00007fd1081384d0, RDI=0x00007fd108549c80
R8 =0x00007fd108127f50, R9 =0x0000000000000d5c, R10=0x0000000000000000, R11=0x0000000000000000
R12=0x00007fd113f594c0, R13=0xffffffffffffff68, R14=0x0000000000000500, R15=0x00000000000002d0
RIP=0x00007fd11308e800, EFLAGS=0x0000000000010206, CSGSFS=0x0000000000000033, ERR=0x0000000000000004
  TRAPNO=0x000000000000000e

Top of Stack: (sp=0x00007fd11d494298)
0x00007fd11d494298:   00007fd113029624 00007fd11d4942d0
0x00007fd11d4942a8:   00007fd10812ffe0 0000000000000088
0x00007fd11d4942b8:   0000000000000001 ffffffffffffff68
0x00007fd11d4942c8:   00007fd1138ccdf8 00007fd113f594c0
0x00007fd11d4942d8:   00007fd112e167c9 00007fd16b7e66b0
0x00007fd11d4942e8:   00007fd16856ce70 0000000000000000
0x00007fd11d4942f8:   000002e800000525 0000000001000000
0x00007fd11d494308:   00007fd100000000 0000000000000000
0x00007fd11d494318:   000002d000000500 00000021002d5800
0x00007fd11d494328:   00007fd1085427a0 0000000000000001
0x00007fd11d494338:   00007fd1085427a0 0000000000000088
0x00007fd11d494348:   ffffffffffffff68 00007fd113f594c0
0x00007fd11d494358:   00007fd112e36c69 000000000000000e
0x00007fd11d494368:   0000000000000001 00007fd1642d5800
0x00007fd11d494378:   00007fd11d494410 00007fd11d4943b0
0x00007fd11d494388:   00007fd1642d5800 0000000800000353
0x00007fd11d494398:   00000500000002d0 0000000000000000
0x00007fd11d4943a8:   00007fd1642d59d8 0000035300000008
0x00007fd11d4943b8:   000002d000000500 0000000801000000
0x00007fd11d4943c8:   00007fd10000001d 00007fd11d494410
0x00007fd11d4943d8:   00007fd1642d59d8 00007fd1642d5800
0x00007fd11d4943e8:   00007fd1085427a0 0000000000000000
0x00007fd11d4943f8:   0000000000000000 00000000a2325838
0x00007fd11d494408:   00007fd11d494568 00007fd1642d5800
0x00007fd11d494418:   00007fd112e36e05 00007fd1642d5800
0x00007fd11d494428:   0000000000000000 00000000e4536270
0x00007fd11d494438:   0000000000000000 000000003f800000
0x00007fd11d494448:   0000000000000020 00007fd1081cff20
0x00007fd11d494458:   00007fd1121a559b 0000000000000000
0x00007fd11d494468:   00007fd11d4944b0 00000000a1cbeae8
0x00007fd11d494478:   0000000000000000 00007fd113ed0ec0
0x00007fd11d494488:   00007fd113ecef00 0000000000004000 

Instructions: (pc=0x00007fd11308e800)
0x00007fd11308e7e0:   48 89 c7 48 8b 00 89 de 4c 8b 98 d0 00 00 00 48
0x00007fd11308e7f0:   83 c4 30 5b 41 ff e3 90 90 90 90 90 90 90 90 90
0x00007fd11308e800:   48 8b 02 48 89 87 00 02 00 00 48 8b 42 08 48 89
0x00007fd11308e810:   87 08 02 00 00 b8 01 00 00 00 c3 90 90 90 90 90 

Register to memory mapping:

RAX=0x00007fd113d90e50: <offset 0x1ed0e50> in /usr/lib/fglrx/dri/fglrx_dri.so at 0x00007fd111ec0000
RBX=0x00007fd1138ccdf8: <offset 0x1a0cdf8> in /usr/lib/fglrx/dri/fglrx_dri.so at 0x00007fd111ec0000
RCX=0x0000000000000000 is an unknown value
RDX=0x0000000000000000 is an unknown value
RSP=0x00007fd11d494298 is pointing into the stack for thread: 0x00007fd1642d5800
RBP=0x00007fd1085427a0 is an unknown value
RSI=0x00007fd1081384d0 is an unknown value
RDI=0x00007fd108549c80 is an unknown value
R8 =0x00007fd108127f50 is an unknown value
R9 =0x0000000000000d5c is an unknown value
R10=0x0000000000000000 is an unknown value
R11=0x0000000000000000 is an unknown value
R12=0x00007fd113f594c0: <offset 0x20994c0> in /usr/lib/fglrx/dri/fglrx_dri.so at 0x00007fd111ec0000
R13=0xffffffffffffff68 is an unknown value
R14=0x0000000000000500 is an unknown value
R15=0x00000000000002d0 is an unknown value


Stack: [0x00007fd11d395000,0x00007fd11d496000],  sp=0x00007fd11d494298,  free space=1020k
Native frames: (J=compiled Java code, j=interpreted, Vv=VM code, C=native code)
C  [fglrx_dri.so+0x11ce800]  ukiCreateContext+0x11ce800

Java frames: (J=compiled Java code, j=interpreted, Vv=VM code)
j  org.lwjgl.opengl.GL11.nglClear(IJ)V+0
j  org.lwjgl.opengl.GL11.glClear(I)V+15
j  com.badlogic.gdx.backends.lwjgl.LwjglGL20.glClear(I)V+1
j  anandgames.gravity.screens.SplashScreen.render(F)V+18
j  com.badlogic.gdx.Game.render()V+19
j  anandgames.gravity.Gravity.render()V+1
j  com.badlogic.gdx.backends.lwjgl.LwjglApplication.mainLoop()V+619
j  com.badlogic.gdx.backends.lwjgl.LwjglApplication$1.run()V+27
v  ~StubRoutines::call_stub

---------------  P R O C E S S  ---------------

Java Threads: ( => current thread )
  0x00007fd10800d000 JavaThread "process reaper" daemon [_thread_blocked, id=3422, stack(0x00007fd15402e000,0x00007fd154067000)]
  0x00007fd16400b000 JavaThread "DestroyJavaVM" [_thread_blocked, id=3402, stack(0x00007fd16c57d000,0x00007fd16c67e000)]
=>0x00007fd1642d5800 JavaThread "LWJGL Application" [_thread_in_native, id=3420, stack(0x00007fd11d395000,0x00007fd11d496000)]
  0x00007fd164232000 JavaThread "AWT-XAWT" daemon [_thread_in_native, id=3416, stack(0x00007fd11feff000,0x00007fd120000000)]
  0x00007fd164210000 JavaThread "Java2D Disposer" daemon [_thread_blocked, id=3415, stack(0x00007fd154067000,0x00007fd154168000)]
  0x00007fd1640a7800 JavaThread "Service Thread" daemon [_thread_blocked, id=3413, stack(0x00007fd15c5e4000,0x00007fd15c6e5000)]
  0x00007fd1640a5000 JavaThread "C2 CompilerThread1" daemon [_thread_blocked, id=3412, stack(0x00007fd15c6e5000,0x00007fd15c7e6000)]
  0x00007fd1640a2000 JavaThread "C2 CompilerThread0" daemon [_thread_blocked, id=3411, stack(0x00007fd15c7e6000,0x00007fd15c8e7000)]
  0x00007fd1640a0000 JavaThread "Signal Dispatcher" daemon [_thread_blocked, id=3410, stack(0x00007fd15c8e7000,0x00007fd15c9e8000)]
  0x00007fd16407d000 JavaThread "Finalizer" daemon [_thread_blocked, id=3409, stack(0x00007fd15d0d0000,0x00007fd15d1d1000)]
  0x00007fd16407b000 JavaThread "Reference Handler" daemon [_thread_blocked, id=3408, stack(0x00007fd15d1d1000,0x00007fd15d2d2000)]

Other Threads:
  0x00007fd164076800 VMThread [stack: 0x00007fd15d2d2000,0x00007fd15d3d3000] [id=3407]
  0x00007fd1640b2000 WatcherThread [stack: 0x00007fd15c4e3000,0x00007fd15c5e4000] [id=3414]

VM state:not at safepoint (normal execution)

VM Mutex/Monitor currently owned by a thread: None

Heap
 PSYoungGen      total 25088K, used 12170K [0x00000000e4080000, 0x00000000e5c80000, 0x0000000100000000)
  eden space 21504K, 56% used [0x00000000e4080000,0x00000000e4c62af8,0x00000000e5580000)
  from space 3584K, 0% used [0x00000000e5900000,0x00000000e5900000,0x00000000e5c80000)
  to   space 3584K, 0% used [0x00000000e5580000,0x00000000e5580000,0x00000000e5900000)
 ParOldGen       total 56832K, used 0K [0x00000000ac200000, 0x00000000af980000, 0x00000000e4080000)
  object space 56832K, 0% used [0x00000000ac200000,0x00000000ac200000,0x00000000af980000)
 PSPermGen       total 21504K, used 8266K [0x00000000a1c00000, 0x00000000a3100000, 0x00000000ac200000)
  object space 21504K, 38% used [0x00000000a1c00000,0x00000000a2412888,0x00000000a3100000)

Card table byte_map: [0x00007fd168ef5000,0x00007fd1691e8000] byte_map_base: 0x00007fd1689e7000

Polling page: 0x00007fd16c57c000

Code Cache  [0x00007fd161000000, 0x00007fd161270000, 0x00007fd164000000)
 total_blobs=507 nmethods=28 adapters=434 free_code_cache=48567Kb largest_free_block=49720256

Compilation events (10 events):
Event: 1.133 Thread 0x00007fd1640a2000   24   !         sun.nio.cs.ISO_8859_1$Encoder::encodeBufferLoop (135 bytes)
Event: 1.135 Thread 0x00007fd1640a5000   25             java.nio.StringCharBuffer::get (19 bytes)
Event: 1.140 Thread 0x00007fd1640a5000 nmethod 25 0x00007fd161087e90 code [0x00007fd161088000, 0x00007fd161088158]
Event: 1.140 Thread 0x00007fd1640a5000   26             java.nio.Buffer::nextGetIndex (31 bytes)
Event: 1.141 Thread 0x00007fd1640a5000 nmethod 26 0x00007fd16108d950 code [0x00007fd16108da80, 0x00007fd16108daf8]
Event: 1.141 Thread 0x00007fd1640a5000   27             org.lwjgl.MemoryUtil$CharSequenceNT::charAt (28 bytes)
Event: 1.143 Thread 0x00007fd1640a5000 nmethod 27 0x00007fd161089b10 code [0x00007fd161089c60, 0x00007fd161089d58]
Event: 1.148 Thread 0x00007fd1640a2000 nmethod 24 0x00007fd161088f10 code [0x00007fd1610890e0, 0x00007fd1610895e0]
Event: 1.776 Thread 0x00007fd1640a5000   28             org.lwjgl.opengl.Sync$RunningAvg::avg (37 bytes)
Event: 1.781 Thread 0x00007fd1640a5000 nmethod 28 0x00007fd1610950d0 code [0x00007fd161095220, 0x00007fd161095358]

GC Heap History (0 events):
No events

Deoptimization events (1 events):
Event: 0.276 Thread 0x00007fd16400b000 Uncommon trap: reason=class_check action=maybe_recompile pc=0x00007fd16106522c method=java.util.Properties$LineReader.readLine()I @ 62

Internal exceptions (10 events):
Event: 1.437 Thread 0x00007fd1642d5800 Threw 0x00000000e4be7ae8 at /build/buildd/openjdk-7-7u51-2.4.4/build/openjdk/hotspot/src/share/vm/prims/jvm.cpp:1244
Event: 1.437 Thread 0x00007fd1642d5800 Threw 0x00000000e4bebd48 at /build/buildd/openjdk-7-7u51-2.4.4/build/openjdk/hotspot/src/share/vm/prims/jvm.cpp:1244
Event: 1.438 Thread 0x00007fd1642d5800 Threw 0x00000000e4bf0578 at /build/buildd/openjdk-7-7u51-2.4.4/build/openjdk/hotspot/src/share/vm/prims/jvm.cpp:1244
Event: 1.439 Thread 0x00007fd1642d5800 Threw 0x00000000e4bf5540 at /build/buildd/openjdk-7-7u51-2.4.4/build/openjdk/hotspot/src/share/vm/prims/jvm.cpp:1244
Event: 1.460 Thread 0x00007fd1642d5800 Threw 0x00000000e4bf92d0 at /build/buildd/openjdk-7-7u51-2.4.4/build/openjdk/hotspot/src/share/vm/prims/jvm.cpp:1244
Event: 1.462 Thread 0x00007fd1642d5800 Threw 0x00000000e4bfec40 at /build/buildd/openjdk-7-7u51-2.4.4/build/openjdk/hotspot/src/share/vm/prims/jvm.cpp:1244
Event: 1.615 Thread 0x00007fd1642d5800 Threw 0x00000000e4c05088 at /build/buildd/openjdk-7-7u51-2.4.4/build/openjdk/hotspot/src/share/vm/prims/jvm.cpp:1244
Event: 1.617 Thread 0x00007fd1642d5800 Threw 0x00000000e4c0a7c0 at /build/buildd/openjdk-7-7u51-2.4.4/build/openjdk/hotspot/src/share/vm/prims/jvm.cpp:1244
Event: 2.132 Thread 0x00007fd1642d5800 Threw 0x00000000e4c0fb60 at /build/buildd/openjdk-7-7u51-2.4.4/build/openjdk/hotspot/src/share/vm/prims/jvm.cpp:1244
Event: 2.134 Thread 0x00007fd1642d5800 Threw 0x00000000e4c15260 at /build/buildd/openjdk-7-7u51-2.4.4/build/openjdk/hotspot/src/share/vm/prims/jvm.cpp:1244

Events (10 events):
Event: 1.615 loading class 0x00007fd16426b1e0
Event: 1.615 loading class 0x00007fd16426b1e0 done
Event: 1.617 loading class 0x00007fd16426c6a0
Event: 1.617 loading class 0x00007fd16426c6a0 done
Event: 2.131 loading class 0x00007fd16412ce60
Event: 2.131 loading class 0x00007fd16412ce60 done
Event: 2.133 loading class 0x00007fd16412cf30
Event: 2.133 loading class 0x00007fd16412cf30 done
Event: 2.135 loading class 0x00007fd168594570
Event: 2.135 loading class 0x00007fd168594570 done


Dynamic libraries:
00400000-00401000 r-xp 00000000 08:06 6035309                            /usr/lib/jvm/java-7-openjdk-amd64/jre/bin/java
00600000-00601000 r--p 00000000 08:06 6035309                            /usr/lib/jvm/java-7-openjdk-amd64/jre/bin/java
00601000-00602000 rw-p 00001000 08:06 6035309                            /usr/lib/jvm/java-7-openjdk-amd64/jre/bin/java
013fe000-0141f000 rw-p 00000000 00:00 0                                  [heap]
a1c00000-a3100000 rw-p 00000000 00:00 0 
a3100000-ac200000 rw-p 00000000 00:00 0 
ac200000-af980000 rw-p 00000000 00:00 0 
af980000-e4080000 rw-p 00000000 00:00 0 
e4080000-e5c80000 rw-p 00000000 00:00 0 
e5c80000-100000000 rw-p 00000000 00:00 0 
7fd0fc000000-7fd0fc021000 rw-p 00000000 00:00 0 
7fd0fc021000-7fd100000000 ---p 00000000 00:00 0 
7fd104000000-7fd104021000 rw-p 00000000 00:00 0 
7fd104021000-7fd108000000 ---p 00000000 00:00 0 
7fd108000000-7fd108cc3000 rw-p 00000000 00:00 0 
7fd108cc3000-7fd10c000000 ---p 00000000 00:00 0 
7fd10c000000-7fd10c021000 rw-p 00000000 00:00 0 
7fd10c021000-7fd110000000 ---p 00000000 00:00 0 
7fd111ec0000-7fd113c5a000 r-xp 00000000 08:06 5904155                    /usr/lib/fglrx/dri/fglrx_dri.so
7fd113c5a000-7fd113d5a000 ---p 01d9a000 08:06 5904155                    /usr/lib/fglrx/dri/fglrx_dri.so
7fd113d5a000-7fd113ecd000 rwxp 01d9a000 08:06 5904155                    /usr/lib/fglrx/dri/fglrx_dri.so
7fd113ecd000-7fd113ff1000 rwxp 00000000 00:00 0 
7fd113ff8000-7fd117ff9000 rw-s 00000000 00:13 26122                      /run/shm/pulse-shm-1801292482
7fd118000000-7fd118021000 rw-p 00000000 00:00 0 
7fd118021000-7fd11c000000 ---p 00000000 00:00 0 
7fd11c199000-7fd11c399000 rw-s 02a41000 00:05 12959                      /dev/ati/card0
7fd11c39f000-7fd11c49f000 rw-s 02a3f000 00:05 12959                      /dev/ati/card0
7fd11c4a6000-7fd11cba6000 rw-s 00006000 00:05 12959                      /dev/ati/card0
7fd11cbad000-7fd11cbfa000 rw-p 00000000 00:00 0 
7fd11cc35000-7fd11cc75000 rw-s 00025000 00:05 12959                      /dev/ati/card0
7fd11cc78000-7fd11cef8000 rw-p 00000000 00:00 0 
7fd11cef8000-7fd11cf4b000 r-xp 00000000 08:06 5904372                    /usr/lib/fglrx/libatiadlxx.so
7fd11cf4b000-7fd11d04a000 ---p 00053000 08:06 5904372                    /usr/lib/fglrx/libatiadlxx.so
7fd11d04a000-7fd11d057000 rw-p 00052000 08:06 5904372                    /usr/lib/fglrx/libatiadlxx.so
7fd11d057000-7fd11d067000 rw-p 00000000 00:00 0 
7fd11d068000-7fd11d077000 r-xp 00000000 08:06 5904170                    /usr/lib/fglrx/libatiuki.so.1.0
7fd11d077000-7fd11d177000 ---p 0000f000 08:06 5904170                    /usr/lib/fglrx/libatiuki.so.1.0
7fd11d177000-7fd11d183000 rw-p 0000f000 08:06 5904170                    /usr/lib/fglrx/libatiuki.so.1.0
7fd11d188000-7fd11d24b000 r-xp 00000000 08:06 5904397                    /usr/lib/fglrx/libGL.so.1.2
7fd11d24b000-7fd11d34a000 ---p 000c3000 08:06 5904397                    /usr/lib/fglrx/libGL.so.1.2
7fd11d34a000-7fd11d372000 rwxp 000c2000 08:06 5904397                    /usr/lib/fglrx/libGL.so.1.2
7fd11d372000-7fd11d394000 rwxp 00000000 00:00 0 
7fd11d395000-7fd11d398000 ---p 00000000 00:00 0 
7fd11d398000-7fd11d496000 rw-p 00000000 00:00 0                          [stack:3420]
7fd11d496000-7fd11d497000 ---p 00000000 00:00 0 
7fd11d497000-7fd11d597000 rw-p 00000000 00:00 0                          [stack:3419]
7fd11d597000-7fd11d598000 ---p 00000000 00:00 0 
7fd11d598000-7fd11dd98000 rw-p 00000000 00:00 0                          [stack:3418]
7fd11dd98000-7fd11dd9e000 r-xp 00000000 08:06 4988274                    /usr/lib/x86_64-linux-gnu/libogg.so.0.7.1
7fd11dd9e000-7fd11df9d000 ---p 00006000 08:06 4988274                    /usr/lib/x86_64-linux-gnu/libogg.so.0.7.1
7fd11df9d000-7fd11df9e000 r--p 00005000 08:06 4988274                    /usr/lib/x86_64-linux-gnu/libogg.so.0.7.1
7fd11df9e000-7fd11df9f000 rw-p 00006000 08:06 4988274                    /usr/lib/x86_64-linux-gnu/libogg.so.0.7.1
7fd11dfa0000-7fd11dfcb000 r-xp 00000000 08:06 4988427                    /usr/lib/x86_64-linux-gnu/libvorbis.so.0.4.5
7fd11dfcb000-7fd11e1ca000 ---p 0002b000 08:06 4988427                    /usr/lib/x86_64-linux-gnu/libvorbis.so.0.4.5
7fd11e1ca000-7fd11e1cb000 r--p 0002a000 08:06 4988427                    /usr/lib/x86_64-linux-gnu/libvorbis.so.0.4.5
7fd11e1cb000-7fd11e1cc000 rw-p 0002b000 08:06 4988427                    /usr/lib/x86_64-linux-gnu/libvorbis.so.0.4.5
7fd11e1d0000-7fd11e483000 r-xp 00000000 08:06 4988429                    /usr/lib/x86_64-linux-gnu/libvorbisenc.so.2.0.8
7fd11e483000-7fd11e682000 ---p 002b3000 08:06 4988429                    /usr/lib/x86_64-linux-gnu/libvorbisenc.so.2.0.8
7fd11e682000-7fd11e69e000 r--p 002b2000 08:06 4988429                    /usr/lib/x86_64-linux-gnu/libvorbisenc.so.2.0.8
7fd11e69e000-7fd11e69f000 rw-p 002ce000 08:06 4988429                    /usr/lib/x86_64-linux-gnu/libvorbisenc.so.2.0.8
7fd11e6a0000-7fd11e6e8000 r-xp 00000000 08:06 4987790                    /usr/lib/x86_64-linux-gnu/libFLAC.so.8.2.0
7fd11e6e8000-7fd11e8e8000 ---p 00048000 08:06 4987790                    /usr/lib/x86_64-linux-gnu/libFLAC.so.8.2.0
7fd11e8e8000-7fd11e8e9000 r--p 00048000 08:06 4987790                    /usr/lib/x86_64-linux-gnu/libFLAC.so.8.2.0
7fd11e8e9000-7fd11e8ea000 rw-p 00049000 08:06 4987790                    /usr/lib/x86_64-linux-gnu/libFLAC.so.8.2.0
7fd11e8f0000-7fd11e8f5000 r-xp 00000000 08:06 4987906                    /usr/lib/x86_64-linux-gnu/libasyncns.so.0.3.1
7fd11e8f5000-7fd11eaf4000 ---p 00005000 08:06 4987906                    /usr/lib/x86_64-linux-gnu/libasyncns.so.0.3.1
7fd11eaf4000-7fd11eaf5000 r--p 00004000 08:06 4987906                    /usr/lib/x86_64-linux-gnu/libasyncns.so.0.3.1
7fd11eaf5000-7fd11eaf6000 rw-p 00005000 08:06 4987906                    /usr/lib/x86_64-linux-gnu/libasyncns.so.0.3.1
7fd11eaf8000-7fd11eb58000 r-xp 00000000 08:06 4988369                    /usr/lib/x86_64-linux-gnu/libsndfile.so.1.0.25
7fd11eb58000-7fd11ed58000 ---p 00060000 08:06 4988369                    /usr/lib/x86_64-linux-gnu/libsndfile.so.1.0.25
7fd11ed58000-7fd11ed5a000 r--p 00060000 08:06 4988369                    /usr/lib/x86_64-linux-gnu/libsndfile.so.1.0.25
7fd11ed5a000-7fd11ed5b000 rw-p 00062000 08:06 4988369                    /usr/lib/x86_64-linux-gnu/libsndfile.so.1.0.25
7fd11ed5b000-7fd11ed5f000 rw-p 00000000 00:00 0 
7fd11ed60000-7fd11ed68000 r-xp 00000000 08:06 2887611                    /lib/x86_64-linux-gnu/libwrap.so.0.7.6
7fd11ed68000-7fd11ef67000 ---p 00008000 08:06 2887611                    /lib/x86_64-linux-gnu/libwrap.so.0.7.6
7fd11ef67000-7fd11ef68000 r--p 00007000 08:06 2887611                    /lib/x86_64-linux-gnu/libwrap.so.0.7.6
7fd11ef68000-7fd11ef69000 rw-p 00008000 08:06 2887611                    /lib/x86_64-linux-gnu/libwrap.so.0.7.6
7fd11ef70000-7fd11efcc000 r-xp 00000000 08:06 4988332                    /usr/lib/x86_64-linux-gnu/libpulsecommon-1.1.so
7fd11efcc000-7fd11f1cc000 ---p 0005c000 08:06 4988332                    /usr/lib/x86_64-linux-gnu/libpulsecommon-1.1.so
7fd11f1cc000-7fd11f1cd000 r--p 0005c000 08:06 4988332                    /usr/lib/x86_64-linux-gnu/libpulsecommon-1.1.so
7fd11f1cd000-7fd11f1ce000 rw-p 0005d000 08:06 4988332                    /usr/lib/x86_64-linux-gnu/libpulsecommon-1.1.so
7fd11f1d0000-7fd11f1d7000 r-xp 00000000 08:06 4988209                    /usr/lib/x86_64-linux-gnu/libjson.so.0.0.1
7fd11f1d7000-7fd11f3d6000 ---p 00007000 08:06 4988209                    /usr/lib/x86_64-linux-gnu/libjson.so.0.0.1
7fd11f3d6000-7fd11f3d7000 r--p 00006000 08:06 4988209                    /usr/lib/x86_64-linux-gnu/libjson.so.0.0.1
7fd11f3d7000-7fd11f3d8000 rw-p 00007000 08:06 4988209                    /usr/lib/x86_64-linux-gnu/libjson.so.0.0.1
7fd11f3d8000-7fd11f41e000 r-xp 00000000 08:06 4988331                    /usr/lib/x86_64-linux-gnu/libpulse.so.0.13.5
7fd11f41e000-7fd11f61e000 ---p 00046000 08:06 4988331                    /usr/lib/x86_64-linux-gnu/libpulse.so.0.13.5
7fd11f61e000-7fd11f61f000 r--p 00046000 08:06 4988331                    /usr/lib/x86_64-linux-gnu/libpulse.so.0.13.5
7fd11f61f000-7fd11f620000 rw-p 00047000 08:06 4988331                    /usr/lib/x86_64-linux-gnu/libpulse.so.0.13.5
7fd11f620000-7fd11f675000 r-xp 00000000 08:06 2621942                    /tmp/libgdxabaratham/7b43be9b/libopenal64.so
7fd11f675000-7fd11f874000 ---p 00055000 08:06 2621942                    /tmp/libgdxabaratham/7b43be9b/libopenal64.so
7fd11f874000-7fd11f877000 r--p 00054000 08:06 2621942                    /tmp/libgdxabaratham/7b43be9b/libopenal64.so
7fd11f877000-7fd11f878000 rw-p 00057000 08:06 2621942                    /tmp/libgdxabaratham/7b43be9b/libopenal64.so
7fd11f878000-7fd11f879000 rw-p 00000000 00:00 0 
7fd11f880000-7fd11f884000 r-xp 00000000 08:06 4987888                    /usr/lib/x86_64-linux-gnu/libXxf86vm.so.1.0.0
7fd11f884000-7fd11fa83000 ---p 00004000 08:06 4987888                    /usr/lib/x86_64-linux-gnu/libXxf86vm.so.1.0.0
7fd11fa83000-7fd11fa84000 r--p 00003000 08:06 4987888                    /usr/lib/x86_64-linux-gnu/libXxf86vm.so.1.0.0
7fd11fa84000-7fd11fa85000 rw-p 00004000 08:06 4987888                    /usr/lib/x86_64-linux-gnu/libXxf86vm.so.1.0.0
7fd11fa88000-7fd11faf4000 r-xp 00000000 08:06 2621940                    /tmp/libgdxabaratham/7b43be9b/liblwjgl64.so
7fd11faf4000-7fd11fcf3000 ---p 0006c000 08:06 2621940                    /tmp/libgdxabaratham/7b43be9b/liblwjgl64.so
7fd11fcf3000-7fd11fcf5000 r--p 0006b000 08:06 2621940                    /tmp/libgdxabaratham/7b43be9b/liblwjgl64.so
7fd11fcf5000-7fd11fcf6000 rw-p 0006d000 08:06 2621940                    /tmp/libgdxabaratham/7b43be9b/liblwjgl64.so
7fd11fcf8000-7fd11fcf9000 r-xp 00000000 08:06 6192760                    /usr/lib/jvm/java-7-openjdk-amd64/jre/lib/amd64/libjawt.so
7fd11fcf9000-7fd11fef8000 ---p 00001000 08:06 6192760                    /usr/lib/jvm/java-7-openjdk-amd64/jre/lib/amd64/libjawt.so
7fd11fef8000-7fd11fef9000 r--p 00000000 08:06 6192760                    /usr/lib/jvm/java-7-openjdk-amd64/jre/lib/amd64/libjawt.so
7fd11fef9000-7fd11fefa000 rw-p 00001000 08:06 6192760                    /usr/lib/jvm/java-7-openjdk-amd64/jre/lib/amd64/libjawt.so
7fd11feff000-7fd11ff02000 ---p 00000000 00:00 0 
7fd11ff02000-7fd120000000 rw-p 00000000 00:00 0                          [stack:3416]
7fd120000000-7fd120021000 rw-p 00000000 00:00 0 
7fd120021000-7fd124000000 ---p 00000000 00:00 0 
7fd124000000-7fd124021000 rw-p 00000000 00:00 0 
7fd124021000-7fd128000000 ---p 00000000 00:00 0 
7fd128000000-7fd12810d000 rw-p 00000000 00:00 0 
7fd12810d000-7fd12c000000 ---p 00000000 00:00 0 
7fd12c000000-7fd12c021000 rw-p 00000000 00:00 0 
7fd12c021000-7fd130000000 ---p 00000000 00:00 0 
7fd130000000-7fd130021000 rw-p 00000000 00:00 0 
7fd130021000-7fd134000000 ---p 00000000 00:00 0 
7fd134000000-7fd1341b6000 rw-p 00000000 00:00 0 
7fd1341b6000-7fd138000000 ---p 00000000 00:00 0 
7fd138000000-7fd138021000 rw-p 00000000 00:00 0 
7fd138021000-7fd13c000000 ---p 00000000 00:00 0 
7fd13c000000-7fd13c021000 rw-p 00000000 00:00 0 
7fd13c021000-7fd140000000 ---p 00000000 00:00 0 
7fd140000000-7fd140021000 rw-p 00000000 00:00 0 
7fd140021000-7fd144000000 ---p 00000000 00:00 0 
7fd144000000-7fd144021000 rw-p 00000000 00:00 0 
7fd144021000-7fd148000000 ---p 00000000 00:00 0 
7fd148000000-7fd148021000 rw-p 00000000 00:00 0 
7fd148021000-7fd14c000000 ---p 00000000 00:00 0 
7fd14c02c000-7fd14c06c000 rw-s 00004000 00:05 12959                      /dev/ati/card0
7fd14c070000-7fd14c073000 r-xp 00000000 08:06 2887529                    /lib/x86_64-linux-gnu/libgpg-error.so.0.8.0
7fd14c073000-7fd14c272000 ---p 00003000 08:06 2887529                    /lib/x86_64-linux-gnu/libgpg-error.so.0.8.0
7fd14c272000-7fd14c273000 r--p 00002000 08:06 2887529                    /lib/x86_64-linux-gnu/libgpg-error.so.0.8.0
7fd14c273000-7fd14c274000 rw-p 00003000 08:06 2887529                    /lib/x86_64-linux-gnu/libgpg-error.so.0.8.0
7fd14c278000-7fd14c27b000 r-xp 00000000 08:06 2887533                    /lib/x86_64-linux-gnu/libkeyutils.so.1.4
7fd14c27b000-7fd14c47a000 ---p 00003000 08:06 2887533                    /lib/x86_64-linux-gnu/libkeyutils.so.1.4
7fd14c47a000-7fd14c47b000 r--p 00002000 08:06 2887533                    /lib/x86_64-linux-gnu/libkeyutils.so.1.4
7fd14c47b000-7fd14c47c000 rw-p 00003000 08:06 2887533                    /lib/x86_64-linux-gnu/libkeyutils.so.1.4
7fd14c480000-7fd14c4c2000 r-xp 00000000 08:06 2887514                    /lib/x86_64-linux-gnu/libdbus-1.so.3.5.8
7fd14c4c2000-7fd14c6c2000 ---p 00042000 08:06 2887514                    /lib/x86_64-linux-gnu/libdbus-1.so.3.5.8
7fd14c6c2000-7fd14c6c3000 r--p 00042000 08:06 2887514                    /lib/x86_64-linux-gnu/libdbus-1.so.3.5.8
7fd14c6c3000-7fd14c6c4000 rw-p 00043000 08:06 2887514                    /lib/x86_64-linux-gnu/libdbus-1.so.3.5.8
7fd14c6c8000-7fd14c6d9000 r-xp 00000000 08:06 4988280                    /usr/lib/x86_64-linux-gnu/libp11-kit.so.0.0.0
7fd14c6d9000-7fd14c8d8000 ---p 00011000 08:06 4988280                    /usr/lib/x86_64-linux-gnu/libp11-kit.so.0.0.0
7fd14c8d8000-7fd14c8d9000 r--p 00010000 08:06 4988280                    /usr/lib/x86_64-linux-gnu/libp11-kit.so.0.0.0
7fd14c8d9000-7fd14c8da000 rw-p 00011000 08:06 4988280                    /usr/lib/x86_64-linux-gnu/libp11-kit.so.0.0.0
7fd14c8e0000-7fd14c95a000 r-xp 00000000 08:06 2887525                    /lib/x86_64-linux-gnu/libgcrypt.so.11.7.0
7fd14c95a000-7fd14cb5a000 ---p 0007a000 08:06 2887525                    /lib/x86_64-linux-gnu/libgcrypt.so.11.7.0
7fd14cb5a000-7fd14cb5b000 r--p 0007a000 08:06 2887525                    /lib/x86_64-linux-gnu/libgcrypt.so.11.7.0
7fd14cb5b000-7fd14cb5e000 rw-p 0007b000 08:06 2887525                    /lib/x86_64-linux-gnu/libgcrypt.so.11.7.0
7fd14cb60000-7fd14cb70000 r-xp 00000000 08:06 4988397                    /usr/lib/x86_64-linux-gnu/libtasn1.so.3.1.12
7fd14cb70000-7fd14cd6f000 ---p 00010000 08:06 4988397                    /usr/lib/x86_64-linux-gnu/libtasn1.so.3.1.12
7fd14cd6f000-7fd14cd70000 r--p 0000f000 08:06 4988397                    /usr/lib/x86_64-linux-gnu/libtasn1.so.3.1.12
7fd14cd70000-7fd14cd71000 rw-p 00010000 08:06 4988397                    /usr/lib/x86_64-linux-gnu/libtasn1.so.3.1.12
7fd14cd78000-7fd14cd7f000 r-xp 00000000 08:06 4988217                    /usr/lib/x86_64-linux-gnu/libkrb5support.so.0.1
7fd14cd7f000-7fd14cf7e000 ---p 00007000 08:06 4988217                    /usr/lib/x86_64-linux-gnu/libkrb5support.so.0.1
7fd14cf7e000-7fd14cf7f000 r--p 00006000 08:06 4988217                    /usr/lib/x86_64-linux-gnu/libkrb5support.so.0.1
7fd14cf7f000-7fd14cf80000 rw-p 00007000 08:06 4988217                    /usr/lib/x86_64-linux-gnu/libkrb5support.so.0.1
7fd14cf80000-7fd14cf83000 r-xp 00000000 08:06 2887509                    /lib/x86_64-linux-gnu/libcom_err.so.2.1
7fd14cf83000-7fd14d182000 ---p 00003000 08:06 2887509                    /lib/x86_64-linux-gnu/libcom_err.so.2.1
7fd14d182000-7fd14d183000 r--p 00002000 08:06 2887509                    /lib/x86_64-linux-gnu/libcom_err.so.2.1
7fd14d183000-7fd14d184000 rw-p 00003000 08:06 2887509                    /lib/x86_64-linux-gnu/libcom_err.so.2.1
7fd14d188000-7fd14d1ad000 r-xp 00000000 08:06 4988211                    /usr/lib/x86_64-linux-gnu/libk5crypto.so.3.1
7fd14d1ad000-7fd14d3ad000 ---p 00025000 08:06 4988211                    /usr/lib/x86_64-linux-gnu/libk5crypto.so.3.1
7fd14d3ad000-7fd14d3ae000 r--p 00025000 08:06 4988211                    /usr/lib/x86_64-linux-gnu/libk5crypto.so.3.1
7fd14d3ae000-7fd14d3af000 rw-p 00026000 08:06 4988211                    /usr/lib/x86_64-linux-gnu/libk5crypto.so.3.1
7fd14d3af000-7fd14d3b0000 rw-p 00000000 00:00 0 
7fd14d3b0000-7fd14d474000 r-xp 00000000 08:06 4988215                    /usr/lib/x86_64-linux-gnu/libkrb5.so.3.3
7fd14d474000-7fd14d673000 ---p 000c4000 08:06 4988215                    /usr/lib/x86_64-linux-gnu/libkrb5.so.3.3
7fd14d673000-7fd14d67d000 r--p 000c3000 08:06 4988215                    /usr/lib/x86_64-linux-gnu/libkrb5.so.3.3
7fd14d67d000-7fd14d67e000 rw-p 000cd000 08:06 4988215                    /usr/lib/x86_64-linux-gnu/libkrb5.so.3.3
7fd14d680000-7fd14d688000 r-xp 00000000 08:06 4988454                    /usr/lib/x86_64-linux-gnu/libxcb-render.so.0.0.0
7fd14d688000-7fd14d888000 ---p 00008000 08:06 4988454                    /usr/lib/x86_64-linux-gnu/libxcb-render.so.0.0.0
7fd14d888000-7fd14d889000 r--p 00008000 08:06 4988454                    /usr/lib/x86_64-linux-gnu/libxcb-render.so.0.0.0
7fd14d889000-7fd14d88a000 rw-p 00009000 08:06 4988454                    /usr/lib/x86_64-linux-gnu/libxcb-render.so.0.0.0
7fd14d890000-7fd14d892000 r-xp 00000000 08:06 4988458                    /usr/lib/x86_64-linux-gnu/libxcb-shm.so.0.0.0
7fd14d892000-7fd14da91000 ---p 00002000 08:06 4988458                    /usr/lib/x86_64-linux-gnu/libxcb-shm.so.0.0.0
7fd14da91000-7fd14da92000 r--p 00001000 08:06 4988458                    /usr/lib/x86_64-linux-gnu/libxcb-shm.so.0.0.0
7fd14da92000-7fd14da93000 rw-p 00002000 08:06 4988458                    /usr/lib/x86_64-linux-gnu/libxcb-shm.so.0.0.0
7fd14da98000-7fd14dabe000 r-xp 00000000 08:06 2887579                    /lib/x86_64-linux-gnu/libpng12.so.0.46.0
7fd14dabe000-7fd14dcbe000 ---p 00026000 08:06 2887579                    /lib/x86_64-linux-gnu/libpng12.so.0.46.0
7fd14dcbe000-7fd14dcbf000 r--p 00026000 08:06 2887579                    /lib/x86_64-linux-gnu/libpng12.so.0.46.0
7fd14dcbf000-7fd14dcc0000 rw-p 00027000 08:06 2887579                    /lib/x86_64-linux-gnu/libpng12.so.0.46.0
7fd14dcc0000-7fd14dd50000 r-xp 00000000 08:06 4988306                    /usr/lib/x86_64-linux-gnu/libpixman-1.so.0.30.2
7fd14dd50000-7fd14df4f000 ---p 00090000 08:06 4988306                    /usr/lib/x86_64-linux-gnu/libpixman-1.so.0.30.2
7fd14df4f000-7fd14df56000 r--p 0008f000 08:06 4988306                    /usr/lib/x86_64-linux-gnu/libpixman-1.so.0.30.2
7fd14df56000-7fd14df57000 rw-p 00096000 08:06 4988306                    /usr/lib/x86_64-linux-gnu/libpixman-1.so.0.30.2
7fd14df58000-7fd14df5d000 r-xp 00000000 08:06 4987856                    /usr/lib/x86_64-linux-gnu/libXdmcp.so.6.0.0
7fd14df5d000-7fd14e15c000 ---p 00005000 08:06 4987856                    /usr/lib/x86_64-linux-gnu/libXdmcp.so.6.0.0
7fd14e15c000-7fd14e15d000 r--p 00004000 08:06 4987856                    /usr/lib/x86_64-linux-gnu/libXdmcp.so.6.0.0
7fd14e15d000-7fd14e15e000 rw-p 00005000 08:06 4987856                    /usr/lib/x86_64-linux-gnu/libXdmcp.so.6.0.0
7fd14e160000-7fd14e162000 r-xp 00000000 08:06 4987845                    /usr/lib/x86_64-linux-gnu/libXau.so.6.0.0
7fd14e162000-7fd14e361000 ---p 00002000 08:06 4987845                    /usr/lib/x86_64-linux-gnu/libXau.so.6.0.0
7fd14e361000-7fd14e362000 r--p 00001000 08:06 4987845                    /usr/lib/x86_64-linux-gnu/libXau.so.6.0.0
7fd14e362000-7fd14e363000 rw-p 00002000 08:06 4987845                    /usr/lib/x86_64-linux-gnu/libXau.so.6.0.0
7fd14e368000-7fd14e378000 r-xp 00000000 08:06 4987916                    /usr/lib/x86_64-linux-gnu/libavahi-client.so.3.2.9
7fd14e378000-7fd14e577000 ---p 00010000 08:06 4987916                    /usr/lib/x86_64-linux-gnu/libavahi-client.so.3.2.9
7fd14e577000-7fd14e578000 r--p 0000f000 08:06 4987916                    /usr/lib/x86_64-linux-gnu/libavahi-client.so.3.2.9
7fd14e578000-7fd14e579000 rw-p 00010000 08:06 4987916                    /usr/lib/x86_64-linux-gnu/libavahi-client.so.3.2.9
7fd14e580000-7fd14e58b000 r-xp 00000000 08:06 4987918                    /usr/lib/x86_64-linux-gnu/libavahi-common.so.3.5.3
7fd14e58b000-7fd14e78a000 ---p 0000b000 08:06 4987918                    /usr/lib/x86_64-linux-gnu/libavahi-common.so.3.5.3
7fd14e78a000-7fd14e78b000 r--p 0000a000 08:06 4987918                    /usr/lib/x86_64-linux-gnu/libavahi-common.so.3.5.3
7fd14e78b000-7fd14e78c000 rw-p 0000b000 08:06 4987918                    /usr/lib/x86_64-linux-gnu/libavahi-common.so.3.5.3
7fd14e790000-7fd14e844000 r-xp 00000000 08:06 4992055                    /usr/lib/x86_64-linux-gnu/libgnutls.so.26.21.8
7fd14e844000-7fd14ea44000 ---p 000b4000 08:06 4992055                    /usr/lib/x86_64-linux-gnu/libgnutls.so.26.21.8
7fd14ea44000-7fd14ea4a000 r--p 000b4000 08:06 4992055                    /usr/lib/x86_64-linux-gnu/libgnutls.so.26.21.8
7fd14ea4a000-7fd14ea4b000 rw-p 000ba000 08:06 4992055                    /usr/lib/x86_64-linux-gnu/libgnutls.so.26.21.8
7fd14ea4b000-7fd14ea4c000 rw-p 00000000 00:00 0 
7fd14ea50000-7fd14ea8b000 r-xp 00000000 08:06 4988122                    /usr/lib/x86_64-linux-gnu/libgssapi_krb5.so.2.2
7fd14ea8b000-7fd14ec8b000 ---p 0003b000 08:06 4988122                    /usr/lib/x86_64-linux-gnu/libgssapi_krb5.so.2.2
7fd14ec8b000-7fd14ec8c000 r--p 0003b000 08:06 4988122                    /usr/lib/x86_64-linux-gnu/libgssapi_krb5.so.2.2
7fd14ec8c000-7fd14ec8e000 rw-p 0003c000 08:06 4988122                    /usr/lib/x86_64-linux-gnu/libgssapi_krb5.so.2.2
7fd14ec90000-7fd14eccc000 r-xp 00000000 08:06 2887575                    /lib/x86_64-linux-gnu/libpcre.so.3.12.1
7fd14eccc000-7fd14eecb000 ---p 0003c000 08:06 2887575                    /lib/x86_64-linux-gnu/libpcre.so.3.12.1
7fd14eecb000-7fd14eecc000 r--p 0003b000 08:06 2887575                    /lib/x86_64-linux-gnu/libpcre.so.3.12.1
7fd14eecc000-7fd14eecd000 rw-p 0003c000 08:06 2887575                    /lib/x86_64-linux-gnu/libpcre.so.3.12.1
7fd14eed0000-7fd14eed7000 r-xp 00000000 08:06 4988038                    /usr/lib/x86_64-linux-gnu/libffi.so.6.0.0
7fd14eed7000-7fd14f0d6000 ---p 00007000 08:06 4988038                    /usr/lib/x86_64-linux-gnu/libffi.so.6.0.0
7fd14f0d6000-7fd14f0d7000 r--p 00006000 08:06 4988038                    /usr/lib/x86_64-linux-gnu/libffi.so.6.0.0
7fd14f0d7000-7fd14f0d8000 rw-p 00007000 08:06 4988038                    /usr/lib/x86_64-linux-gnu/libffi.so.6.0.0
7fd14f0d8000-7fd14f0ff000 r-xp 00000000 08:06 2887520                    /lib/x86_64-linux-gnu/libexpat.so.1.5.2
7fd14f0ff000-7fd14f2ff000 ---p 00027000 08:06 2887520                    /lib/x86_64-linux-gnu/libexpat.so.1.5.2
7fd14f2ff000-7fd14f301000 r--p 00027000 08:06 2887520                    /lib/x86_64-linux-gnu/libexpat.so.1.5.2
7fd14f301000-7fd14f302000 rw-p 00029000 08:06 2887520                    /lib/x86_64-linux-gnu/libexpat.so.1.5.2
7fd14f308000-7fd14f39e000 r-xp 00000000 08:06 4988048                    /usr/lib/x86_64-linux-gnu/libfreetype.so.6.8.0
7fd14f39e000-7fd14f59d000 ---p 00096000 08:06 4988048                    /usr/lib/x86_64-linux-gnu/libfreetype.so.6.8.0
7fd14f59d000-7fd14f5a3000 r--p 00095000 08:06 4988048                    /usr/lib/x86_64-linux-gnu/libfreetype.so.6.8.0
7fd14f5a3000-7fd14f5a4000 rw-p 0009b000 08:06 4988048                    /usr/lib/x86_64-linux-gnu/libfreetype.so.6.8.0
7fd14f5a8000-7fd14f5c0000 r-xp 00000000 08:06 2887586                    /lib/x86_64-linux-gnu/libresolv-2.15.so
7fd14f5c0000-7fd14f7c0000 ---p 00018000 08:06 2887586                    /lib/x86_64-linux-gnu/libresolv-2.15.so
7fd14f7c0000-7fd14f7c1000 r--p 00018000 08:06 2887586                    /lib/x86_64-linux-gnu/libresolv-2.15.so
7fd14f7c1000-7fd14f7c2000 rw-p 00019000 08:06 2887586                    /lib/x86_64-linux-gnu/libresolv-2.15.so
7fd14f7c2000-7fd14f7c4000 rw-p 00000000 00:00 0 
7fd14f7c8000-7fd14f7e5000 r-xp 00000000 08:06 2887590                    /lib/x86_64-linux-gnu/libselinux.so.1
7fd14f7e5000-7fd14f9e4000 ---p 0001d000 08:06 2887590                    /lib/x86_64-linux-gnu/libselinux.so.1
7fd14f9e4000-7fd14f9e5000 r--p 0001c000 08:06 2887590                    /lib/x86_64-linux-gnu/libselinux.so.1
7fd14f9e5000-7fd14f9e6000 rw-p 0001d000 08:06 2887590                    /lib/x86_64-linux-gnu/libselinux.so.1
7fd14f9e6000-7fd14f9e7000 rw-p 00000000 00:00 0 
7fd14f9e8000-7fd14f9eb000 r-xp 00000000 08:06 4988095                    /usr/lib/x86_64-linux-gnu/libgmodule-2.0.so.0.3200.4
7fd14f9eb000-7fd14fbea000 ---p 00003000 08:06 4988095                    /usr/lib/x86_64-linux-gnu/libgmodule-2.0.so.0.3200.4
7fd14fbea000-7fd14fbeb000 r--p 00002000 08:06 4988095                    /usr/lib/x86_64-linux-gnu/libgmodule-2.0.so.0.3200.4
7fd14fbeb000-7fd14fbec000 rw-p 00003000 08:06 4988095                    /usr/lib/x86_64-linux-gnu/libgmodule-2.0.so.0.3200.4
7fd14fbf0000-7fd14fbf2000 r-xp 00000000 08:06 4987854                    /usr/lib/x86_64-linux-gnu/libXdamage.so.1.1.0
7fd14fbf2000-7fd14fdf1000 ---p 00002000 08:06 4987854                    /usr/lib/x86_64-linux-gnu/libXdamage.so.1.1.0
7fd14fdf1000-7fd14fdf2000 r--p 00001000 08:06 4987854                    /usr/lib/x86_64-linux-gnu/libXdamage.so.1.1.0
7fd14fdf2000-7fd14fdf3000 rw-p 00002000 08:06 4987854                    /usr/lib/x86_64-linux-gnu/libXdamage.so.1.1.0
7fd14fdf8000-7fd14fdfa000 r-xp 00000000 08:06 4987850                    /usr/lib/x86_64-linux-gnu/libXcomposite.so.1.0.0
7fd14fdfa000-7fd14fff9000 ---p 00002000 08:06 4987850                    /usr/lib/x86_64-linux-gnu/libXcomposite.so.1.0.0
7fd14fff9000-7fd14fffa000 r--p 00001000 08:06 4987850                    /usr/lib/x86_64-linux-gnu/libXcomposite.so.1.0.0
7fd14fffa000-7fd14fffb000 rw-p 00002000 08:06 4987850                    /usr/lib/x86_64-linux-gnu/libXcomposite.so.1.0.0
7fd150000000-7fd150021000 rw-p 00000000 00:00 0 
7fd150021000-7fd154000000 ---p 00000000 00:00 0 
7fd15402e000-7fd154031000 ---p 00000000 00:00 0 
7fd154031000-7fd154067000 rw-p 00000000 00:00 0                          [stack:3422]
7fd154067000-7fd15406a000 ---p 00000000 00:00 0 
7fd15406a000-7fd154168000 rw-p 00000000 00:00 0                          [stack:3415]
7fd154168000-7fd154171000 r-xp 00000000 08:06 4987852                    /usr/lib/x86_64-linux-gnu/libXcursor.so.1.0.2
7fd154171000-7fd154370000 ---p 00009000 08:06 4987852                    /usr/lib/x86_64-linux-gnu/libXcursor.so.1.0.2
7fd154370000-7fd154371000 r--p 00008000 08:06 4987852                    /usr/lib/x86_64-linux-gnu/libXcursor.so.1.0.2
7fd154371000-7fd154372000 rw-p 00009000 08:06 4987852                    /usr/lib/x86_64-linux-gnu/libXcursor.so.1.0.2
7fd154378000-7fd15437f000 r-xp 00000000 08:06 4987876                    /usr/lib/x86_64-linux-gnu/libXrandr.so.2.2.0
7fd15437f000-7fd15457e000 ---p 00007000 08:06 4987876                    /usr/lib/x86_64-linux-gnu/libXrandr.so.2.2.0
7fd15457e000-7fd15457f000 r--p 00006000 08:06 4987876                    /usr/lib/x86_64-linux-gnu/libXrandr.so.2.2.0
7fd15457f000-7fd154580000 rw-p 00007000 08:06 4987876                    /usr/lib/x86_64-linux-gnu/libXrandr.so.2.2.0
7fd154580000-7fd154582000 r-xp 00000000 08:06 4987866                    /usr/lib/x86_64-linux-gnu/libXinerama.so.1.0.0
7fd154582000-7fd154781000 ---p 00002000 08:06 4987866                    /usr/lib/x86_64-linux-gnu/libXinerama.so.1.0.0
7fd154781000-7fd154782000 r--p 00001000 08:06 4987866                    /usr/lib/x86_64-linux-gnu/libXinerama.so.1.0.0
7fd154782000-7fd154783000 rw-p 00002000 08:06 4987866                    /usr/lib/x86_64-linux-gnu/libXinerama.so.1.0.0
7fd154788000-7fd1547b1000 r-xp 00000000 08:06 4988290                    /usr/lib/x86_64-linux-gnu/libpangoft2-1.0.so.0.3000.0
7fd1547b1000-7fd1549b0000 ---p 00029000 08:06 4988290                    /usr/lib/x86_64-linux-gnu/libpangoft2-1.0.so.0.3000.0
7fd1549b0000-7fd1549b1000 r--p 00028000 08:06 4988290                    /usr/lib/x86_64-linux-gnu/libpangoft2-1.0.so.0.3000.0
7fd1549b1000-7fd1549b2000 rw-p 00029000 08:06 4988290                    /usr/lib/x86_64-linux-gnu/libpangoft2-1.0.so.0.3000.0
7fd1549b8000-7fd154a71000 r-xp 00000000 08:06 4987946                    /usr/lib/x86_64-linux-gnu/libcairo.so.2.11000.2
7fd154a71000-7fd154c70000 ---p 000b9000 08:06 4987946                    /usr/lib/x86_64-linux-gnu/libcairo.so.2.11000.2
7fd154c70000-7fd154c72000 r--p 000b8000 08:06 4987946                    /usr/lib/x86_64-linux-gnu/libcairo.so.2.11000.2
7fd154c72000-7fd154c73000 rw-p 000ba000 08:06 4987946                    /usr/lib/x86_64-linux-gnu/libcairo.so.2.11000.2
7fd154c73000-7fd154c76000 rw-p 00000000 00:00 0 
7fd154c78000-7fd154c97000 r-xp 00000000 08:06 4987908                    /usr/lib/x86_64-linux-gnu/libatk-1.0.so.0.20409.1
7fd154c97000-7fd154e97000 ---p 0001f000 08:06 4987908                    /usr/lib/x86_64-linux-gnu/libatk-1.0.so.0.20409.1
7fd154e97000-7fd154e99000 r--p 0001f000 08:06 4987908                    /usr/lib/x86_64-linux-gnu/libatk-1.0.so.0.20409.1
7fd154e99000-7fd154e9a000 rw-p 00021000 08:06 4987908                    /usr/lib/x86_64-linux-gnu/libatk-1.0.so.0.20409.1
7fd154ea0000-7fd154ea5000 r-xp 00000000 08:06 4987860                    /usr/lib/x86_64-linux-gnu/libXfixes.so.3.1.0
7fd154ea5000-7fd1550a4000 ---p 00005000 08:06 4987860                    /usr/lib/x86_64-linux-gnu/libXfixes.so.3.1.0
7fd1550a4000-7fd1550a5000 r--p 00004000 08:06 4987860                    /usr/lib/x86_64-linux-gnu/libXfixes.so.3.1.0
7fd1550a5000-7fd1550a6000 rw-p 00005000 08:06 4987860                    /usr/lib/x86_64-linux-gnu/libXfixes.so.3.1.0
7fd1550a8000-7fd1550b3000 r-xp 00000000 08:06 4988288                    /usr/lib/x86_64-linux-gnu/libpangocairo-1.0.so.0.3000.0
7fd1550b3000-7fd1552b2000 ---p 0000b000 08:06 4988288                    /usr/lib/x86_64-linux-gnu/libpangocairo-1.0.so.0.3000.0
7fd1552b2000-7fd1552b3000 r--p 0000a000 08:06 4988288                    /usr/lib/x86_64-linux-gnu/libpangocairo-1.0.so.0.3000.0
7fd1552b3000-7fd1552b4000 rw-p 0000b000 08:06 4988288                    /usr/lib/x86_64-linux-gnu/libpangocairo-1.0.so.0.3000.0
7fd1552b8000-7fd1552d5000 r-xp 00000000 08:06 4988464                    /usr/lib/x86_64-linux-gnu/libxcb.so.1.1.0
7fd1552d5000-7fd1554d4000 ---p 0001d000 08:06 4988464                    /usr/lib/x86_64-linux-gnu/libxcb.so.1.1.0
7fd1554d4000-7fd1554d5000 r--p 0001c000 08:06 4988464                    /usr/lib/x86_64-linux-gnu/libxcb.so.1.1.0
7fd1554d5000-7fd1554d6000 rw-p 0001d000 08:06 4988464                    /usr/lib/x86_64-linux-gnu/libxcb.so.1.1.0
7fd1554d8000-7fd155528000 r-xp 00000000 08:06 4987970                    /usr/lib/x86_64-linux-gnu/libcups.so.2
7fd155528000-7fd155727000 ---p 00050000 08:06 4987970                    /usr/lib/x86_64-linux-gnu/libcups.so.2
7fd155727000-7fd15572b000 r--p 0004f000 08:06 4987970                    /usr/lib/x86_64-linux-gnu/libcups.so.2
7fd15572b000-7fd15572c000 rw-p 00053000 08:06 4987970                    /usr/lib/x86_64-linux-gnu/libcups.so.2
7fd155730000-7fd155822000 r-xp 00000000 08:06 2887527                    /lib/x86_64-linux-gnu/libglib-2.0.so.0.3200.4
7fd155822000-7fd155a22000 ---p 000f2000 08:06 2887527                    /lib/x86_64-linux-gnu/libglib-2.0.so.0.3200.4
7fd155a22000-7fd155a23000 r--p 000f2000 08:06 2887527                    /lib/x86_64-linux-gnu/libglib-2.0.so.0.3200.4
7fd155a23000-7fd155a24000 rw-p 000f3000 08:06 2887527                    /lib/x86_64-linux-gnu/libglib-2.0.so.0.3200.4
7fd155a24000-7fd155a25000 rw-p 00000000 00:00 0 
7fd155a28000-7fd155a29000 r-xp 00000000 08:06 4988166                    /usr/lib/x86_64-linux-gnu/libgthread-2.0.so.0.3200.4
7fd155a29000-7fd155c28000 ---p 00001000 08:06 4988166                    /usr/lib/x86_64-linux-gnu/libgthread-2.0.so.0.3200.4
7fd155c28000-7fd155c29000 r--p 00000000 08:06 4988166                    /usr/lib/x86_64-linux-gnu/libgthread-2.0.so.0.3200.4
7fd155c29000-7fd155c2a000 rw-p 00001000 08:06 4988166                    /usr/lib/x86_64-linux-gnu/libgthread-2.0.so.0.3200.4
7fd155c30000-7fd155c7d000 r-xp 00000000 08:06 4988109                    /usr/lib/x86_64-linux-gnu/libgobject-2.0.so.0.3200.4
7fd155c7d000-7fd155e7d000 ---p 0004d000 08:06 4988109                    /usr/lib/x86_64-linux-gnu/libgobject-2.0.so.0.3200.4
7fd155e7d000-7fd155e7e000 r--p 0004d000 08:06 4988109                    /usr/lib/x86_64-linux-gnu/libgobject-2.0.so.0.3200.4
7fd155e7e000-7fd155e7f000 rw-p 0004e000 08:06 4988109                    /usr/lib/x86_64-linux-gnu/libgobject-2.0.so.0.3200.4
7fd155e80000-7fd155eb4000 r-xp 00000000 08:06 4988040                    /usr/lib/x86_64-linux-gnu/libfontconfig.so.1.4.4
7fd155eb4000-7fd1560b4000 ---p 00034000 08:06 4988040                    /usr/lib/x86_64-linux-gnu/libfontconfig.so.1.4.4
7fd1560b4000-7fd1560b5000 r--p 00034000 08:06 4988040                    /usr/lib/x86_64-linux-gnu/libfontconfig.so.1.4.4
7fd1560b5000-7fd1560b6000 rw-p 00035000 08:06 4988040                    /usr/lib/x86_64-linux-gnu/libfontconfig.so.1.4.4
7fd1560b8000-7fd1560fe000 r-xp 00000000 08:06 4988286                    /usr/lib/x86_64-linux-gnu/libpango-1.0.so.0.3000.0
7fd1560fe000-7fd1562fe000 ---p 00046000 08:06 4988286                    /usr/lib/x86_64-linux-gnu/libpango-1.0.so.0.3000.0
7fd1562fe000-7fd156300000 r--p 00046000 08:06 4988286                    /usr/lib/x86_64-linux-gnu/libpango-1.0.so.0.3000.0
7fd156300000-7fd156301000 rw-p 00048000 08:06 4988286                    /usr/lib/x86_64-linux-gnu/libpango-1.0.so.0.3000.0
7fd156308000-7fd156326000 r-xp 00000000 08:06 4988071                    /usr/lib/x86_64-linux-gnu/libgdk_pixbuf-2.0.so.0.2600.1
7fd156326000-7fd156526000 ---p 0001e000 08:06 4988071                    /usr/lib/x86_64-linux-gnu/libgdk_pixbuf-2.0.so.0.2600.1
7fd156526000-7fd156527000 r--p 0001e000 08:06 4988071                    /usr/lib/x86_64-linux-gnu/libgdk_pixbuf-2.0.so.0.2600.1
7fd156527000-7fd156528000 rw-p 0001f000 08:06 4988071                    /usr/lib/x86_64-linux-gnu/libgdk_pixbuf-2.0.so.0.2600.1
7fd156528000-7fd156670000 r-xp 00000000 08:06 4988083                    /usr/lib/x86_64-linux-gnu/libgio-2.0.so.0.3200.4
7fd156670000-7fd15686f000 ---p 00148000 08:06 4988083                    /usr/lib/x86_64-linux-gnu/libgio-2.0.so.0.3200.4
7fd15686f000-7fd156873000 r--p 00147000 08:06 4988083                    /usr/lib/x86_64-linux-gnu/libgio-2.0.so.0.3200.4
7fd156873000-7fd156875000 rw-p 0014b000 08:06 4988083                    /usr/lib/x86_64-linux-gnu/libgio-2.0.so.0.3200.4
7fd156875000-7fd156877000 rw-p 00000000 00:00 0 
7fd156878000-7fd156925000 r-xp 00000000 08:06 4988069                    /usr/lib/x86_64-linux-gnu/libgdk-x11-2.0.so.0.2400.10
7fd156925000-7fd156b24000 ---p 000ad000 08:06 4988069                    /usr/lib/x86_64-linux-gnu/libgdk-x11-2.0.so.0.2400.10
7fd156b24000-7fd156b28000 r--p 000ac000 08:06 4988069                    /usr/lib/x86_64-linux-gnu/libgdk-x11-2.0.so.0.2400.10
7fd156b28000-7fd156b2a000 rw-p 000b0000 08:06 4988069                    /usr/lib/x86_64-linux-gnu/libgdk-x11-2.0.so.0.2400.10
7fd156b30000-7fd156f5d000 r-xp 00000000 08:06 4988170                    /usr/lib/x86_64-linux-gnu/libgtk-x11-2.0.so.0.2400.10
7fd156f5d000-7fd15715d000 ---p 0042d000 08:06 4988170                    /usr/lib/x86_64-linux-gnu/libgtk-x11-2.0.so.0.2400.10
7fd15715d000-7fd157164000 r--p 0042d000 08:06 4988170                    /usr/lib/x86_64-linux-gnu/libgtk-x11-2.0.so.0.2400.10
7fd157164000-7fd157168000 rw-p 00434000 08:06 4988170                    /usr/lib/x86_64-linux-gnu/libgtk-x11-2.0.so.0.2400.10
7fd157168000-7fd15716a000 rw-p 00000000 00:00 0 
7fd157170000-7fd15717f000 r-xp 00000000 08:06 4987864                    /usr/lib/x86_64-linux-gnu/libXi.so.6.1.0
7fd15717f000-7fd15737e000 ---p 0000f000 08:06 4987864                    /usr/lib/x86_64-linux-gnu/libXi.so.6.1.0
7fd15737e000-7fd15737f000 r--p 0000e000 08:06 4987864                    /usr/lib/x86_64-linux-gnu/libXi.so.6.1.0
7fd15737f000-7fd157380000 rw-p 0000f000 08:06 4987864                    /usr/lib/x86_64-linux-gnu/libXi.so.6.1.0
7fd157380000-7fd157385000 r-xp 00000000 08:06 4987884                    /usr/lib/x86_64-linux-gnu/libXtst.so.6.1.0
7fd157385000-7fd157584000 ---p 00005000 08:06 4987884                    /usr/lib/x86_64-linux-gnu/libXtst.so.6.1.0
7fd157584000-7fd157585000 r--p 00004000 08:06 4987884                    /usr/lib/x86_64-linux-gnu/libXtst.so.6.1.0
7fd157585000-7fd157586000 rw-p 00005000 08:06 4987884                    /usr/lib/x86_64-linux-gnu/libXtst.so.6.1.0
7fd157588000-7fd157591000 r-xp 00000000 08:06 4987880                    /usr/lib/x86_64-linux-gnu/libXrender.so.1.3.0
7fd157591000-7fd157790000 ---p 00009000 08:06 4987880                    /usr/lib/x86_64-linux-gnu/libXrender.so.1.3.0
7fd157790000-7fd157791000 r--p 00008000 08:06 4987880                    /usr/lib/x86_64-linux-gnu/libXrender.so.1.3.0
7fd157791000-7fd157792000 rw-p 00009000 08:06 4987880                    /usr/lib/x86_64-linux-gnu/libXrender.so.1.3.0
7fd157798000-7fd1578c8000 r-xp 00000000 08:06 4987843                    /usr/lib/x86_64-linux-gnu/libX11.so.6.3.0
7fd1578c8000-7fd157ac8000 ---p 00130000 08:06 4987843                    /usr/lib/x86_64-linux-gnu/libX11.so.6.3.0
7fd157ac8000-7fd157ac9000 r--p 00130000 08:06 4987843                    /usr/lib/x86_64-linux-gnu/libX11.so.6.3.0
7fd157ac9000-7fd157acd000 rw-p 00131000 08:06 4987843                    /usr/lib/x86_64-linux-gnu/libX11.so.6.3.0
7fd157ad0000-7fd157b22000 r-xp 00000000 08:06 6305354                    /usr/lib/jvm/java-7-openjdk-amd64/jre/lib/amd64/xawt/libmawt.so
7fd157b22000-7fd157d22000 ---p 00052000 08:06 6305354                    /usr/lib/jvm/java-7-openjdk-amd64/jre/lib/amd64/xawt/libmawt.so
7fd157d22000-7fd157d23000 r--p 00052000 08:06 6305354                    /usr/lib/jvm/java-7-openjdk-amd64/jre/lib/amd64/xawt/libmawt.so
7fd157d23000-7fd157d26000 rw-p 00053000 08:06 6305354                    /usr/lib/jvm/java-7-openjdk-amd64/jre/lib/amd64/xawt/libmawt.so
7fd157d26000-7fd157d27000 rw-p 00000000 00:00 0 
7fd157d28000-7fd157dca000 r-xp 00000000 08:06 6192763                    /usr/lib/jvm/java-7-openjdk-amd64/jre/lib/amd64/libawt.so
7fd157dca000-7fd157fc9000 ---p 000a2000 08:06 6192763                    /usr/lib/jvm/java-7-openjdk-amd64/jre/lib/amd64/libawt.so
7fd157fc9000-7fd157fca000 r--p 000a1000 08:06 6192763                    /usr/lib/jvm/java-7-openjdk-amd64/jre/lib/amd64/libawt.so
7fd157fca000-7fd157fd5000 rw-p 000a2000 08:06 6192763                    /usr/lib/jvm/java-7-openjdk-amd64/jre/lib/amd64/libawt.so
7fd157fd5000-7fd157ffa000 rw-p 00000000 00:00 0 
7fd158000000-7fd158021000 rw-p 00000000 00:00 0 
7fd158021000-7fd15c000000 ---p 00000000 00:00 0 
7fd15c028000-7fd15c038000 r-xp 00000000 08:06 4987858                    /usr/lib/x86_64-linux-gnu/libXext.so.6.4.0
7fd15c038000-7fd15c237000 ---p 00010000 08:06 4987858                    /usr/lib/x86_64-linux-gnu/libXext.so.6.4.0
7fd15c237000-7fd15c238000 r--p 0000f000 08:06 4987858                    /usr/lib/x86_64-linux-gnu/libXext.so.6.4.0
7fd15c238000-7fd15c239000 rw-p 00010000 08:06 4987858                    /usr/lib/x86_64-linux-gnu/libXext.so.6.4.0
7fd15c245000-7fd15c246000 rw-s 00005000 00:05 12959                      /dev/ati/card0
7fd15c24a000-7fd15c24c000 rw-s 00002000 00:05 12959                      /dev/ati/card0
7fd15c250000-7fd15c257000 r--s 00000000 08:06 5244924                    /usr/lib/x86_64-linux-gnu/gconv/gconv-modules.cache
7fd15c258000-7fd15c262000 r--s 000b8000 08:06 6035327                    /usr/lib/jvm/java-7-openjdk-amd64/jre/lib/resources.jar
7fd15c264000-7fd15c269000 r--s 0004c000 08:06 6035329                    /usr/lib/jvm/java-7-openjdk-amd64/jre/lib/jsse.jar
7fd15c270000-7fd15c294000 r-xp 00000000 08:06 2621820                    /tmp/libgdxabaratham/9865f060/libgdx64.so
7fd15c294000-7fd15c494000 ---p 00024000 08:06 2621820                    /tmp/libgdxabaratham/9865f060/libgdx64.so
7fd15c494000-7fd15c495000 r--p 00024000 08:06 2621820                    /tmp/libgdxabaratham/9865f060/libgdx64.so
7fd15c495000-7fd15c496000 rw-p 00025000 08:06 2621820                    /tmp/libgdxabaratham/9865f060/libgdx64.so
7fd15c499000-7fd15c49a000 r--s 00001000 08:06 21234600                   /home/abaratham/.m2/repository/net/java/jutils/jutils/1.0.0/jutils-1.0.0.jar
7fd15c49f000-7fd15c4a3000 r--s 0002f000 08:06 21234599                   /home/abaratham/.m2/repository/net/java/jinput/jinput/2.0.5/jinput-2.0.5.jar
7fd15c4a5000-7fd15c4a6000 r--s 00025000 08:06 21234602                   /home/abaratham/.m2/repository/net/java/jinput/jinput-platform/2.0.5/jinput-platform-2.0.5-natives-windows.jar
7fd15c4aa000-7fd15c4ab000 r--s 00002000 08:06 21234603                   /home/abaratham/.m2/repository/net/java/jinput/jinput-platform/2.0.5/jinput-platform-2.0.5-natives-osx.jar
7fd15c4b2000-7fd15c4b3000 r--s 00002000 08:06 21234601                   /home/abaratham/.m2/repository/net/java/jinput/jinput-platform/2.0.5/jinput-platform-2.0.5-natives-linux.jar
7fd15c4b7000-7fd15c4bb000 r--s 00027000 08:06 2623141                    /home/abaratham/.gradle/caches/modules-2/files-2.1/org.lwjgl.lwjgl/lwjgl_util/2.9.1/290d7ba8a1bd9566f5ddf16ad06f09af5ec9b20e/lwjgl_util-2.9.1.jar
7fd15c4c2000-7fd15c4d0000 r--s 000ea000 08:06 2623140                    /home/abaratham/.gradle/caches/modules-2/files-2.1/org.lwjgl.lwjgl/lwjgl/2.9.1/f58c5aabcef0e41718a564be9f8e412fff8db847/lwjgl-2.9.1.jar
7fd15c4d3000-7fd15c4d4000 r--s 0008b000 08:06 2623137                    /home/abaratham/.gradle/caches/modules-2/files-2.1/org.lwjgl.lwjgl/lwjgl-platform/2.9.1/aa9aae879af8eb378e22cfc64db56ec2ca9a44d1/lwjgl-platform-2.9.1-natives-linux.jar
7fd15c4d5000-7fd15c4d6000 r--s 00095000 08:06 2623139                    /home/abaratham/.gradle/caches/modules-2/files-2.1/org.lwjgl.lwjgl/lwjgl-platform/2.9.1/4c517eca808522457dd95ee8fc1fbcdbb602efbe/lwjgl-platform-2.9.1-natives-windows.jar
7fd15c4d8000-7fd15c4d9000 r--s 00080000 08:06 2623138                    /home/abaratham/.gradle/caches/modules-2/files-2.1/org.lwjgl.lwjgl/lwjgl-platform/2.9.1/2d12c83fdfbc04ecabf02c7bc8cc54d034f0daac/lwjgl-platform-2.9.1-natives-osx.jar
7fd15c4df000-7fd15c4e1000 r--s 00017000 08:06 2623143                    /home/abaratham/.gradle/caches/modules-2/files-2.1/org.jcraft/jorbis/0.0.17/8872d22b293e8f5d7d56ff92be966e6dc28ebdc6/jorbis-0.0.17.jar
7fd15c4e3000-7fd15c4e4000 ---p 00000000 00:00 0 
7fd15c4e4000-7fd15c5e4000 rw-p 00000000 00:00 0                          [stack:3414]
7fd15c5e4000-7fd15c5e7000 ---p 00000000 00:00 0 
7fd15c5e7000-7fd15c6e5000 rw-p 00000000 00:00 0                          [stack:3413]
7fd15c6e5000-7fd15c6e8000 ---p 00000000 00:00 0 
7fd15c6e8000-7fd15c7e6000 rw-p 00000000 00:00 0                          [stack:3412]
7fd15c7e6000-7fd15c7e9000 ---p 00000000 00:00 0 
7fd15c7e9000-7fd15c8e7000 rw-p 00000000 00:00 0                          [stack:3411]
7fd15c8e7000-7fd15c8ea000 ---p 00000000 00:00 0 
7fd15c8ea000-7fd15c9e8000 rw-p 00000000 00:00 0                          [stack:3410]
7fd15c9e8000-7fd15d0cc000 r--p 00000000 08:06 4987195                    /usr/lib/locale/locale-archive
7fd15d0d0000-7fd15d0d3000 ---p 00000000 00:00 0 
7fd15d0d3000-7fd15d1d1000 rw-p 00000000 00:00 0                          [stack:3409]
7fd15d1d1000-7fd15d1d4000 ---p 00000000 00:00 0 
7fd15d1d4000-7fd15d2d2000 rw-p 00000000 00:00 0                          [stack:3408]
7fd15d2d2000-7fd15d2d3000 ---p 00000000 00:00 0 
7fd15d2d3000-7fd161000000 rw-p 00000000 00:00 0                          [stack:3407]
7fd161000000-7fd161270000 rwxp 00000000 00:00 0 
7fd161270000-7fd1642e7000 rw-p 00000000 00:00 0 
7fd1642e7000-7fd168000000 ---p 00000000 00:00 0 
7fd168005000-7fd168006000 r--s 00015000 08:06 2623142                    /home/abaratham/.gradle/caches/modules-2/files-2.1/com.badlogicgames.jlayer/jlayer/1.0.1-gdx/7cca83cec5c1b2f011362f4d85aabd71a73b049d/jlayer-1.0.1-gdx.jar
7fd16800d000-7fd16800e000 r--s 00085000 08:06 2623135                    /home/abaratham/.gradle/caches/modules-2/files-2.1/com.badlogicgames.gdx/gdx-platform/1.0.0/7f7c2b5bae73c9b4afe3a9fc937a6b0934022896/gdx-platform-1.0.0-natives-desktop.jar
7fd16800f000-7fd168012000 r--s 0001f000 08:06 2623134                    /home/abaratham/.gradle/caches/modules-2/files-2.1/com.badlogicgames.gdx/gdx-backend-lwjgl/1.0.0/7db646e37cce669e5e742e4413dd2b00084baad3/gdx-backend-lwjgl-1.0.0.jar
7fd168013000-7fd168016000 r--s 0000b000 08:06 1836944                    /home/abaratham/Desktop/Libgdx Gradle/core/build/libs/tween-engine-api.jar
7fd168016000-7fd16802b000 r--s 0014e000 08:06 2623020                    /home/abaratham/.gradle/caches/modules-2/files-2.1/com.badlogicgames.gdx/gdx/1.0.0/89c474852f0c0b701ebf0e11c176166eec56c0fa/gdx-1.0.0.jar
7fd16802f000-7fd168031000 r--s 0000f000 08:06 2623021                    /home/abaratham/.gradle/caches/modules-2/files-2.1/com.badlogicgames.gdx/gdx-box2d/1.0.0/4e3e9721d888e440cfc541e011ada658ffac5d8a/gdx-box2d-1.0.0.jar
7fd168033000-7fd168037000 r--s 0003b000 08:06 6035324                    /usr/lib/jvm/java-7-openjdk-amd64/jre/lib/ext/sunpkcs11.jar
7fd16803a000-7fd16803d000 r--s 00032000 08:06 6035322                    /usr/lib/jvm/java-7-openjdk-amd64/jre/lib/ext/sunjce_provider.jar
7fd168042000-7fd168044000 r--s 00012000 08:06 6035321                    /usr/lib/jvm/java-7-openjdk-amd64/jre/lib/ext/zipfs.jar
7fd168045000-7fd168049000 r--s 00085000 08:06 6035323                    /usr/lib/jvm/java-7-openjdk-amd64/jre/lib/ext/localedata.jar
7fd16804f000-7fd168051000 r--s 0000f000 08:06 6035320                    /usr/lib/jvm/java-7-openjdk-amd64/jre/lib/ext/pulse-java.jar
7fd168055000-7fd168344000 rw-p 00000000 00:00 0 
7fd168344000-7fd1684f2000 r--s 01cf4000 08:06 6035316                    /usr/lib/jvm/java-7-openjdk-amd64/jre/lib/rt.jar
7fd1684f3000-7fd1688de000 rw-p 00000000 00:00 0 
7fd1688de000-7fd1688df000 ---p 00000000 00:00 0 
7fd1688df000-7fd1689df000 rw-p 00000000 00:00 0                          [stack:3406]
7fd1689df000-7fd1689e0000 ---p 00000000 00:00 0 
7fd1689e0000-7fd168ae0000 rw-p 00000000 00:00 0                          [stack:3405]
7fd168ae0000-7fd168ae1000 ---p 00000000 00:00 0 
7fd168ae1000-7fd168be1000 rw-p 00000000 00:00 0                          [stack:3404]
7fd168be1000-7fd168be2000 ---p 00000000 00:00 0 
7fd168be2000-7fd168ced000 rw-p 00000000 00:00 0                          [stack:3403]
7fd168ced000-7fd168d35000 rw-p 00000000 00:00 0 
7fd168d35000-7fd168d51000 rw-p 00000000 00:00 0 
7fd168d51000-7fd168ef5000 rw-p 00000000 00:00 0 
7fd168ef5000-7fd168f00000 rw-p 00000000 00:00 0 
7fd168f00000-7fd168f48000 rw-p 00000000 00:00 0 
7fd168f48000-7fd168f64000 rw-p 00000000 00:00 0 
7fd168f64000-7fd169107000 rw-p 00000000 00:00 0 
7fd169107000-7fd169116000 rw-p 00000000 00:00 0 
7fd169116000-7fd1691e7000 rw-p 00000000 00:00 0 
7fd1691e7000-7fd1691e8000 rw-p 00000000 00:00 0 
7fd1691e8000-7fd1691f0000 r-xp 00000000 08:06 6192744                    /usr/lib/jvm/java-7-openjdk-amd64/jre/lib/amd64/libzip.so
7fd1691f0000-7fd1693ef000 ---p 00008000 08:06 6192744                    /usr/lib/jvm/java-7-openjdk-amd64/jre/lib/amd64/libzip.so
7fd1693ef000-7fd1693f0000 r--p 00007000 08:06 6192744                    /usr/lib/jvm/java-7-openjdk-amd64/jre/lib/amd64/libzip.so
7fd1693f0000-7fd1693f1000 rw-p 00008000 08:06 6192744                    /usr/lib/jvm/java-7-openjdk-amd64/jre/lib/amd64/libzip.so
7fd1693f8000-7fd169404000 r-xp 00000000 08:06 2887553                    /lib/x86_64-linux-gnu/libnss_files-2.15.so
7fd169404000-7fd169603000 ---p 0000c000 08:06 2887553                    /lib/x86_64-linux-gnu/libnss_files-2.15.so
7fd169603000-7fd169604000 r--p 0000b000 08:06 2887553                    /lib/x86_64-linux-gnu/libnss_files-2.15.so
7fd169604000-7fd169605000 rw-p 0000c000 08:06 2887553                    /lib/x86_64-linux-gnu/libnss_files-2.15.so
7fd169608000-7fd169612000 r-xp 00000000 08:06 2887557                    /lib/x86_64-linux-gnu/libnss_nis-2.15.so
7fd169612000-7fd169812000 ---p 0000a000 08:06 2887557                    /lib/x86_64-linux-gnu/libnss_nis-2.15.so
7fd169812000-7fd169813000 r--p 0000a000 08:06 2887557                    /lib/x86_64-linux-gnu/libnss_nis-2.15.so
7fd169813000-7fd169814000 rw-p 0000b000 08:06 2887557                    /lib/x86_64-linux-gnu/libnss_nis-2.15.so
7fd169818000-7fd16982f000 r-xp 00000000 08:06 2887547                    /lib/x86_64-linux-gnu/libnsl-2.15.so
7fd16982f000-7fd169a2e000 ---p 00017000 08:06 2887547                    /lib/x86_64-linux-gnu/libnsl-2.15.so
7fd169a2e000-7fd169a2f000 r--p 00016000 08:06 2887547                    /lib/x86_64-linux-gnu/libnsl-2.15.so
7fd169a2f000-7fd169a30000 rw-p 00017000 08:06 2887547                    /lib/x86_64-linux-gnu/libnsl-2.15.so
7fd169a30000-7fd169a32000 rw-p 00000000 00:00 0 
7fd169a38000-7fd169a40000 r-xp 00000000 08:06 2887549                    /lib/x86_64-linux-gnu/libnss_compat-2.15.so
7fd169a40000-7fd169c3f000 ---p 00008000 08:06 2887549                    /lib/x86_64-linux-gnu/libnss_compat-2.15.so
7fd169c3f000-7fd169c40000 r--p 00007000 08:06 2887549                    /lib/x86_64-linux-gnu/libnss_compat-2.15.so
7fd169c40000-7fd169c41000 rw-p 00008000 08:06 2887549                    /lib/x86_64-linux-gnu/libnss_compat-2.15.so
7fd169c48000-7fd169c71000 r-xp 00000000 08:06 6192737                    /usr/lib/jvm/java-7-openjdk-amd64/jre/lib/amd64/libjava.so
7fd169c71000-7fd169e70000 ---p 00029000 08:06 6192737                    /usr/lib/jvm/java-7-openjdk-amd64/jre/lib/amd64/libjava.so
7fd169e70000-7fd169e71000 r--p 00028000 08:06 6192737                    /usr/lib/jvm/java-7-openjdk-amd64/jre/lib/amd64/libjava.so
7fd169e71000-7fd169e73000 rw-p 00029000 08:06 6192737                    /usr/lib/jvm/java-7-openjdk-amd64/jre/lib/amd64/libjava.so
7fd169e78000-7fd169e86000 r-xp 00000000 08:06 6192769                    /usr/lib/jvm/java-7-openjdk-amd64/jre/lib/amd64/libverify.so
7fd169e86000-7fd16a085000 ---p 0000e000 08:06 6192769                    /usr/lib/jvm/java-7-openjdk-amd64/jre/lib/amd64/libverify.so
7fd16a085000-7fd16a087000 r--p 0000d000 08:06 6192769                    /usr/lib/jvm/java-7-openjdk-amd64/jre/lib/amd64/libverify.so
7fd16a087000-7fd16a088000 rw-p 0000f000 08:06 6192769                    /usr/lib/jvm/java-7-openjdk-amd64/jre/lib/amd64/libverify.so
7fd16a088000-7fd16a08f000 r-xp 00000000 08:06 2887588                    /lib/x86_64-linux-gnu/librt-2.15.so
7fd16a08f000-7fd16a28e000 ---p 00007000 08:06 2887588                    /lib/x86_64-linux-gnu/librt-2.15.so
7fd16a28e000-7fd16a28f000 r--p 00006000 08:06 2887588                    /lib/x86_64-linux-gnu/librt-2.15.so
7fd16a28f000-7fd16a290000 rw-p 00007000 08:06 2887588                    /lib/x86_64-linux-gnu/librt-2.15.so
7fd16a290000-7fd16a2a5000 r-xp 00000000 08:06 2887523                    /lib/x86_64-linux-gnu/libgcc_s.so.1
7fd16a2a5000-7fd16a4a4000 ---p 00015000 08:06 2887523                    /lib/x86_64-linux-gnu/libgcc_s.so.1
7fd16a4a4000-7fd16a4a5000 r--p 00014000 08:06 2887523                    /lib/x86_64-linux-gnu/libgcc_s.so.1
7fd16a4a5000-7fd16a4a6000 rw-p 00015000 08:06 2887523                    /lib/x86_64-linux-gnu/libgcc_s.so.1
7fd16a4a8000-7fd16a5a3000 r-xp 00000000 08:06 2887534                    /lib/x86_64-linux-gnu/libm-2.15.so
7fd16a5a3000-7fd16a7a2000 ---p 000fb000 08:06 2887534                    /lib/x86_64-linux-gnu/libm-2.15.so
7fd16a7a2000-7fd16a7a3000 r--p 000fa000 08:06 2887534                    /lib/x86_64-linux-gnu/libm-2.15.so
7fd16a7a3000-7fd16a7a4000 rw-p 000fb000 08:06 2887534                    /lib/x86_64-linux-gnu/libm-2.15.so
7fd16a7a8000-7fd16a88a000 r-xp 00000000 08:06 4988391                    /usr/lib/x86_64-linux-gnu/libstdc++.so.6.0.16
7fd16a88a000-7fd16aa89000 ---p 000e2000 08:06 4988391                    /usr/lib/x86_64-linux-gnu/libstdc++.so.6.0.16
7fd16aa89000-7fd16aa91000 r--p 000e1000 08:06 4988391                    /usr/lib/x86_64-linux-gnu/libstdc++.so.6.0.16
7fd16aa91000-7fd16aa93000 rw-p 000e9000 08:06 4988391                    /usr/lib/x86_64-linux-gnu/libstdc++.so.6.0.16
7fd16aa93000-7fd16aaa8000 rw-p 00000000 00:00 0 
7fd16aaa8000-7fd16b563000 r-xp 00000000 08:06 6303865                    /usr/lib/jvm/java-7-openjdk-amd64/jre/lib/amd64/server/libjvm.so
7fd16b563000-7fd16b763000 ---p 00abb000 08:06 6303865                    /usr/lib/jvm/java-7-openjdk-amd64/jre/lib/amd64/server/libjvm.so
7fd16b763000-7fd16b7fb000 r--p 00abb000 08:06 6303865                    /usr/lib/jvm/java-7-openjdk-amd64/jre/lib/amd64/server/libjvm.so
7fd16b7fb000-7fd16b81e000 rw-p 00b53000 08:06 6303865                    /usr/lib/jvm/java-7-openjdk-amd64/jre/lib/amd64/server/libjvm.so
7fd16b81e000-7fd16b84b000 rw-p 00000000 00:00 0 
7fd16b850000-7fd16b866000 r-xp 00000000 08:06 2887613                    /lib/x86_64-linux-gnu/libz.so.1.2.3.4
7fd16b866000-7fd16ba65000 ---p 00016000 08:06 2887613                    /lib/x86_64-linux-gnu/libz.so.1.2.3.4
7fd16ba65000-7fd16ba66000 r--p 00015000 08:06 2887613                    /lib/x86_64-linux-gnu/libz.so.1.2.3.4
7fd16ba66000-7fd16ba67000 rw-p 00016000 08:06 2887613                    /lib/x86_64-linux-gnu/libz.so.1.2.3.4
7fd16ba68000-7fd16ba80000 r-xp 00000000 08:06 2887582                    /lib/x86_64-linux-gnu/libpthread-2.15.so
7fd16ba80000-7fd16bc7f000 ---p 00018000 08:06 2887582                    /lib/x86_64-linux-gnu/libpthread-2.15.so
7fd16bc7f000-7fd16bc80000 r--p 00017000 08:06 2887582                    /lib/x86_64-linux-gnu/libpthread-2.15.so
7fd16bc80000-7fd16bc81000 rw-p 00018000 08:06 2887582                    /lib/x86_64-linux-gnu/libpthread-2.15.so
7fd16bc81000-7fd16bc85000 rw-p 00000000 00:00 0 
7fd16bc88000-7fd16bc8a000 r-xp 00000000 08:06 2887515                    /lib/x86_64-linux-gnu/libdl-2.15.so
7fd16bc8a000-7fd16be8a000 ---p 00002000 08:06 2887515                    /lib/x86_64-linux-gnu/libdl-2.15.so
7fd16be8a000-7fd16be8b000 r--p 00002000 08:06 2887515                    /lib/x86_64-linux-gnu/libdl-2.15.so
7fd16be8b000-7fd16be8c000 rw-p 00003000 08:06 2887515                    /lib/x86_64-linux-gnu/libdl-2.15.so
7fd16be90000-7fd16c045000 r-xp 00000000 08:06 2887502                    /lib/x86_64-linux-gnu/libc-2.15.so
7fd16c045000-7fd16c245000 ---p 001b5000 08:06 2887502                    /lib/x86_64-linux-gnu/libc-2.15.so
7fd16c245000-7fd16c249000 r--p 001b5000 08:06 2887502                    /lib/x86_64-linux-gnu/libc-2.15.so
7fd16c249000-7fd16c24b000 rw-p 001b9000 08:06 2887502                    /lib/x86_64-linux-gnu/libc-2.15.so
7fd16c24b000-7fd16c250000 rw-p 00000000 00:00 0 
7fd16c250000-7fd16c25d000 r-xp 00000000 08:06 6303971                    /usr/lib/jvm/java-7-openjdk-amd64/jre/lib/amd64/jli/libjli.so
7fd16c25d000-7fd16c45c000 ---p 0000d000 08:06 6303971                    /usr/lib/jvm/java-7-openjdk-amd64/jre/lib/amd64/jli/libjli.so
7fd16c45c000-7fd16c45d000 r--p 0000c000 08:06 6303971                    /usr/lib/jvm/java-7-openjdk-amd64/jre/lib/amd64/jli/libjli.so
7fd16c45d000-7fd16c45e000 rw-p 0000d000 08:06 6303971                    /usr/lib/jvm/java-7-openjdk-amd64/jre/lib/amd64/jli/libjli.so
7fd16c460000-7fd16c482000 r-xp 00000000 08:06 2887482                    /lib/x86_64-linux-gnu/ld-2.15.so
7fd16c485000-7fd16c486000 r--s 000dd000 08:06 2623136                    /home/abaratham/.gradle/caches/modules-2/files-2.1/com.badlogicgames.gdx/gdx-box2d-platform/1.0.0/350a00f887adc5505517003be2a0c111303c574b/gdx-box2d-platform-1.0.0-natives-desktop.jar
7fd16c48a000-7fd16c48b000 r--s 00002000 08:06 6035325                    /usr/lib/jvm/java-7-openjdk-amd64/jre/lib/ext/dnsns.jar
7fd16c48f000-7fd16c490000 r--s 00007000 08:06 5250426                    /usr/share/java/java-atk-wrapper.jar
7fd16c492000-7fd16c4ba000 rw-p 00000000 00:00 0 
7fd16c4ba000-7fd16c570000 rw-p 00000000 00:00 0 
7fd16c570000-7fd16c578000 rw-s 00000000 08:06 2621474                    /tmp/hsperfdata_abaratham/3397
7fd16c57a000-7fd16c57c000 rw-p 00000000 00:00 0 
7fd16c57c000-7fd16c57d000 r--p 00000000 00:00 0 
7fd16c57d000-7fd16c580000 ---p 00000000 00:00 0 
7fd16c580000-7fd16c682000 rw-p 00000000 00:00 0                          [stack:3402]
7fd16c682000-7fd16c683000 r--p 00022000 08:06 2887482                    /lib/x86_64-linux-gnu/ld-2.15.so
7fd16c683000-7fd16c685000 rw-p 00023000 08:06 2887482                    /lib/x86_64-linux-gnu/ld-2.15.so
7fd16c685000-7fd16c688000 rw-p 00000000 00:00 0 
7ffff53e3000-7ffff5405000 rw-p 00000000 00:00 0                          [stack]
7ffff55f0000-7ffff55f2000 r-xp 00000000 00:00 0                          [vdso]
ffffffffff600000-ffffffffff601000 r-xp 00000000 00:00 0                  [vsyscall]

VM Arguments:
jvm_args: -Dfile.encoding=UTF-8 
java_command: anandgames.gravity.desktop.DesktopLauncher
Launcher Type: SUN_STANDARD

Environment Variables:
PATH=/opt/OpenPrinting-Gutenprint/sbin:/opt/OpenPrinting-Gutenprint/bin:/usr/lib/lightdm/lightdm:/usr/local/sbin:/usr/local/bin:/usr/sbin:/usr/bin:/sbin:/bin:/usr/games
SHELL=/bin/bash
DISPLAY=:0.0

Signal Handlers:
SIGSEGV: [libjvm.so+0x8f6d70], sa_mask[0]=0x7ffbfeff, sa_flags=0x10000004
SIGBUS: [libjvm.so+0x8f6d70], sa_mask[0]=0x7ffbfeff, sa_flags=0x10000004
SIGFPE: [libjvm.so+0x77aeb0], sa_mask[0]=0x7ffbfeff, sa_flags=0x10000004
SIGPIPE: [libjvm.so+0x77aeb0], sa_mask[0]=0x7ffbfeff, sa_flags=0x10000004
SIGXFSZ: [libjvm.so+0x77aeb0], sa_mask[0]=0x7ffbfeff, sa_flags=0x10000004
SIGILL: [libjvm.so+0x77aeb0], sa_mask[0]=0x7ffbfeff, sa_flags=0x10000004
SIGUSR1: SIG_DFL, sa_mask[0]=0x00000000, sa_flags=0x00000000
SIGUSR2: [libjvm.so+0x77b130], sa_mask[0]=0x00000004, sa_flags=0x10000004
SIGHUP: [libjvm.so+0x77b2a0], sa_mask[0]=0x7ffbfeff, sa_flags=0x10000004
SIGINT: [libjvm.so+0x77b2a0], sa_mask[0]=0x7ffbfeff, sa_flags=0x10000004
SIGTERM: [libjvm.so+0x77b2a0], sa_mask[0]=0x7ffbfeff, sa_flags=0x10000004
SIGQUIT: [libjvm.so+0x77b2a0], sa_mask[0]=0x7ffbfeff, sa_flags=0x10000004


---------------  S Y S T E M  ---------------

OS:Ubuntu 12.04 (precise)
uname:Linux 3.11.0-17-generic #31~precise1-Ubuntu SMP Tue Feb 4 21:25:43 UTC 2014 x86_64
libc:glibc 2.15 NPTL 2.15 
rlimit: STACK 8192k, CORE 0k, NPROC 42396, NOFILE 4096, AS infinity
load average:0.68 0.50 0.45

/proc/meminfo:
MemTotal:        5493904 kB
MemFree:         2891468 kB
Buffers:           84440 kB
Cached:           841644 kB
SwapCached:            0 kB
Active:          1636088 kB
Inactive:         609668 kB
Active(anon):    1320864 kB
Inactive(anon):     7472 kB
Active(file):     315224 kB
Inactive(file):   602196 kB
Unevictable:          16 kB
Mlocked:              16 kB
SwapTotal:       5731324 kB
SwapFree:        5731324 kB
Dirty:               276 kB
Writeback:             0 kB
AnonPages:       1319840 kB
Mapped:           319844 kB
Shmem:              8668 kB
Slab:              90508 kB
SReclaimable:      60184 kB
SUnreclaim:        30324 kB
KernelStack:        4336 kB
PageTables:        36884 kB
NFS_Unstable:          0 kB
Bounce:                0 kB
WritebackTmp:          0 kB
CommitLimit:     8478276 kB
Committed_AS:    3970084 kB
VmallocTotal:   34359738367 kB
VmallocUsed:      182664 kB
VmallocChunk:   34359552764 kB
HardwareCorrupted:     0 kB
AnonHugePages:         0 kB
HugePages_Total:       0
HugePages_Free:        0
HugePages_Rsvd:        0
HugePages_Surp:        0
Hugepagesize:       2048 kB
DirectMap4k:      197372 kB
DirectMap2M:     3442688 kB
DirectMap1G:     2097152 kB


CPU:total 4 (4 cores per cpu, 1 threads per core) family 21 model 16 stepping 1, cmov, cx8, fxsr, mmx, sse, sse2, sse3, ssse3, sse4.1, sse4.2, popcnt, avx, aes, mmxext, 3dnowpref, lzcnt, sse4a, tsc, tscinvbit, tscinv

/proc/cpuinfo:
processor	: 0
vendor_id	: AuthenticAMD
cpu family	: 21
model		: 16
model name	: AMD A10-4600M APU with Radeon(tm) HD Graphics
stepping	: 1
microcode	: 0x6001116
cpu MHz		: 1400.000
cache size	: 2048 KB
physical id	: 0
siblings	: 4
core id		: 0
cpu cores	: 2
apicid		: 16
initial apicid	: 0
fpu		: yes
fpu_exception	: yes
cpuid level	: 13
wp		: yes
flags		: fpu vme de pse tsc msr pae mce cx8 apic sep mtrr pge mca cmov pat pse36 clflush mmx fxsr sse sse2 ht syscall nx mmxext fxsr_opt pdpe1gb rdtscp lm constant_tsc rep_good nopl nonstop_tsc extd_apicid aperfmperf pni pclmulqdq monitor ssse3 fma cx16 sse4_1 sse4_2 popcnt aes xsave avx f16c lahf_lm cmp_legacy svm extapic cr8_legacy abm sse4a misalignsse 3dnowprefetch osvw ibs xop skinit wdt lwp fma4 tce nodeid_msr tbm topoext perfctr_core perfctr_nb arat cpb hw_pstate npt lbrv svm_lock nrip_save tsc_scale vmcb_clean flushbyasid decodeassists pausefilter pfthreshold bmi1
bogomips	: 4591.08
TLB size	: 1536 4K pages
clflush size	: 64
cache_alignment	: 64
address sizes	: 48 bits physical, 48 bits virtual
power management: ts ttp tm 100mhzsteps hwpstate cpb eff_freq_ro

processor	: 1
vendor_id	: AuthenticAMD
cpu family	: 21
model		: 16
model name	: AMD A10-4600M APU with Radeon(tm) HD Graphics  
stepping	: 1
microcode	: 0x6001116
cpu MHz		: 1400.000
cache size	: 2048 KB
physical id	: 0
siblings	: 4
core id		: 1
cpu cores	: 2
apicid		: 17
initial apicid	: 1
fpu		: yes
fpu_exception	: yes
cpuid level	: 13
wp		: yes
flags		: fpu vme de pse tsc msr pae mce cx8 apic sep mtrr pge mca cmov pat pse36 clflush mmx fxsr sse sse2 ht syscall nx mmxext fxsr_opt pdpe1gb rdtscp lm constant_tsc rep_good nopl nonstop_tsc extd_apicid aperfmperf pni pclmulqdq monitor ssse3 fma cx16 sse4_1 sse4_2 popcnt aes xsave avx f16c lahf_lm cmp_legacy svm extapic cr8_legacy abm sse4a misalignsse 3dnowprefetch osvw ibs xop skinit wdt lwp fma4 tce nodeid_msr tbm topoext perfctr_core perfctr_nb arat cpb hw_pstate npt lbrv svm_lock nrip_save tsc_scale vmcb_clean flushbyasid decodeassists pausefilter pfthreshold bmi1
bogomips	: 4591.08
TLB size	: 1536 4K pages
clflush size	: 64
cache_alignment	: 64
address sizes	: 48 bits physical, 48 bits virtual
power management: ts ttp tm 100mhzsteps hwpstate cpb eff_freq_ro

processor	: 2
vendor_id	: AuthenticAMD
cpu family	: 21
model		: 16
model name	: AMD A10-4600M APU with Radeon(tm) HD Graphics  
stepping	: 1
microcode	: 0x6001116
cpu MHz		: 2300.000
cache size	: 2048 KB
physical id	: 0
siblings	: 4
core id		: 2
cpu cores	: 2
apicid		: 18
initial apicid	: 2
fpu		: yes
fpu_exception	: yes
cpuid level	: 13
wp		: yes
flags		: fpu vme de pse tsc msr pae mce cx8 apic sep mtrr pge mca cmov pat pse36 clflush mmx fxsr sse sse2 ht syscall nx mmxext fxsr_opt pdpe1gb rdtscp lm constant_tsc rep_good nopl nonstop_tsc extd_apicid aperfmperf pni pclmulqdq monitor ssse3 fma cx16 sse4_1 sse4_2 popcnt aes xsave avx f16c lahf_lm cmp_legacy svm extapic cr8_legacy abm sse4a misalignsse 3dnowprefetch osvw ibs xop skinit wdt lwp fma4 tce nodeid_msr tbm topoext perfctr_core perfctr_nb arat cpb hw_pstate npt lbrv svm_lock nrip_save tsc_scale vmcb_clean flushbyasid decodeassists pausefilter pfthreshold bmi1
bogomips	: 4591.08
TLB size	: 1536 4K pages
clflush size	: 64
cache_alignment	: 64
address sizes	: 48 bits physical, 48 bits virtual
power management: ts ttp tm 100mhzsteps hwpstate cpb eff_freq_ro

processor	: 3
vendor_id	: AuthenticAMD
cpu family	: 21
model		: 16
model name	: AMD A10-4600M APU with Radeon(tm) HD Graphics  
stepping	: 1
microcode	: 0x6001116
cpu MHz		: 2300.000
cache size	: 2048 KB
physical id	: 0
siblings	: 4
core id		: 3
cpu cores	: 2
apicid		: 19
initial apicid	: 3
fpu		: yes
fpu_exception	: yes
cpuid level	: 13
wp		: yes
flags		: fpu vme de pse tsc msr pae mce cx8 apic sep mtrr pge mca cmov pat pse36 clflush mmx fxsr sse sse2 ht syscall nx mmxext fxsr_opt pdpe1gb rdtscp lm constant_tsc rep_good nopl nonstop_tsc extd_apicid aperfmperf pni pclmulqdq monitor ssse3 fma cx16 sse4_1 sse4_2 popcnt aes xsave avx f16c lahf_lm cmp_legacy svm extapic cr8_legacy abm sse4a misalignsse 3dnowprefetch osvw ibs xop skinit wdt lwp fma4 tce nodeid_msr tbm topoext perfctr_core perfctr_nb arat cpb hw_pstate npt lbrv svm_lock nrip_save tsc_scale vmcb_clean flushbyasid decodeassists pausefilter pfthreshold bmi1
bogomips	: 4591.08
TLB size	: 1536 4K pages
clflush size	: 64
cache_alignment	: 64
address sizes	: 48 bits physical, 48 bits virtual
power management: ts ttp tm 100mhzsteps hwpstate cpb eff_freq_ro



Memory: 4k page, physical 5493904k(2891468k free), swap 5731324k(5731324k free)

vm_info: OpenJDK 64-Bit Server VM (24.45-b08) for linux-amd64 JRE (1.7.0_51-b00), built on Jan 16 2014 18:37:59 by "buildd" with gcc 4.6.3

time: Thu May 22 15:25:18 2014
elapsed time: 2 seconds

