#
# A fatal error has been detected by the Java Runtime Environment:
#
#  SIGSEGV (0xb) at pc=0x00007f6cb2f6e800, pid=2465, tid=140105125189376
#
# JRE version: OpenJDK Runtime Environment (7.0_51) (build 1.7.0_51-b00)
# Java VM: OpenJDK 64-Bit Server VM (24.45-b08 mixed mode linux-amd64 compressed oops)
# Problematic frame:
# C  [fglrx_dri.so+0x11ce800]  ukiCreateContext+0x11ce800
#
# Failed to write core dump. Core dumps have been disabled. To enable core dumping, try "ulimit -c unlimited" before starting Java again
#
# If you would like to submit a bug report, please include
# instructions on how to reproduce the bug and visit:
#   http://icedtea.classpath.org/bugzilla
# The crash happened outside the Java Virtual Machine in native code.
# See problematic frame for where to report the bug.
#

---------------  T H R E A D  ---------------

Current thread (0x00007f6d082b5800):  JavaThread "LWJGL Application" [_thread_in_native, id=2488, stack(0x00007f6cc427d000,0x00007f6cc437e000)]

siginfo:si_signo=SIGSEGV: si_errno=0, si_code=1 (SEGV_MAPERR), si_addr=0x0000000000000000

Registers:
RAX=0x00007f6cb3c70e50, RBX=0x00007f6cb37acdf8, RCX=0x0000000000000000, RDX=0x0000000000000000
RSP=0x00007f6cc437bf28, RBP=0x00007f6ca4543b50, RSI=0x00007f6ca4131a00, RDI=0x00007f6ca4914bc0
R8 =0x00007f6ca4127fe0, R9 =0x00000000000009b8, R10=0x0000000000000000, R11=0x0000000000000000
R12=0x00007f6cb3e394c0, R13=0xffffffffffffff68, R14=0xffffffffffffff68, R15=0x0000000000000001
RIP=0x00007f6cb2f6e800, EFLAGS=0x0000000000010206, CSGSFS=0x0000000000000033, ERR=0x0000000000000004
  TRAPNO=0x000000000000000e

Top of Stack: (sp=0x00007f6cc437bf28)
0x00007f6cc437bf28:   00007f6cb2f09624 00007f6ca40285e0
0x00007f6cc437bf38:   00007f6ca4140a60 0000000000000088
0x00007f6cc437bf48:   0000000000000000 00007f6ca412fba0
0x00007f6cc437bf58:   00007f6cb37acdf8 00007f6cb3e394c0
0x00007f6cc437bf68:   00007f6cb2cf67c9 0000000000000000
0x00007f6cc437bf78:   0000000000000000 0000000000000000
0x00007f6cc437bf88:   000002e800000525 0000000001000000
0x00007f6cc437bf98:   00007f6c00000000 0000000000000000
0x00007f6cc437bfa8:   000002d000000500 0000000000000003
0x00007f6cc437bfb8:   0000000000000000 0000000000000000
0x00007f6cc437bfc8:   00007f6ca4543b50 0000000000000088
0x00007f6cc437bfd8:   00007f6ca412fba0 00007f6cb3e394c0
0x00007f6cc437bfe8:   00007f6cb2d163e6 00007f6d082b5800
0x00007f6cc437bff8:   0000000000000000 0000000000000000
0x00007f6cc437c008:   00007f6cc437c100 0000000000000007
0x00007f6cc437c018:   0000000100000000 0000000000000000
0x00007f6cc437c028:   0000000000000000 0000000000000000
0x00007f6cc437c038:   00007f6d00000000 0000000000000003
0x00007f6cc437c048:   0000000000000000 0000000000000000
0x00007f6cc437c058:   0000000000000000 00007f6d00000000
0x00007f6cc437c068:   00007f6d0805a2a8 00007f6d082b59d8
0x00007f6cc437c078:   00007f6ca4543b50 00007f6ca4543b50
0x00007f6cc437c088:   00007f6ca405dee0 000000000000022b
0x00007f6cc437c098:   00007f6cb3e2ebe8 ffffffffffffff68
0x00007f6cc437c0a8:   00007f6cb2cf0223 00007f6cc437bf90
0x00007f6cc437c0b8:   0000003000000018 00007f6cc437c220
0x00007f6cc437c0c8:   00007f6cc437c140 00007f6cb3de52d8
0x00007f6cc437c0d8:   00007f6ca4543b50 00007f6ca405dee0
0x00007f6cc437c0e8:   00007f6cb2cf5893 00007f6cc437c148
0x00007f6cc437c0f8:   00007f6cb3de52d8 00007f6cb3de52d8
0x00007f6cc437c108:   00007f6ca405e000 00007f6ca405dee0
0x00007f6cc437c118:   000000000000022b 00007f6cb3e2ebe8 

Instructions: (pc=0x00007f6cb2f6e800)
0x00007f6cb2f6e7e0:   48 89 c7 48 8b 00 89 de 4c 8b 98 d0 00 00 00 48
0x00007f6cb2f6e7f0:   83 c4 30 5b 41 ff e3 90 90 90 90 90 90 90 90 90
0x00007f6cb2f6e800:   48 8b 02 48 89 87 00 02 00 00 48 8b 42 08 48 89
0x00007f6cb2f6e810:   87 08 02 00 00 b8 01 00 00 00 c3 90 90 90 90 90 

Register to memory mapping:

RAX=0x00007f6cb3c70e50: <offset 0x1ed0e50> in /usr/lib/fglrx/dri/fglrx_dri.so at 0x00007f6cb1da0000
RBX=0x00007f6cb37acdf8: <offset 0x1a0cdf8> in /usr/lib/fglrx/dri/fglrx_dri.so at 0x00007f6cb1da0000
RCX=0x0000000000000000 is an unknown value
RDX=0x0000000000000000 is an unknown value
RSP=0x00007f6cc437bf28 is pointing into the stack for thread: 0x00007f6d082b5800
RBP=0x00007f6ca4543b50 is an unknown value
RSI=0x00007f6ca4131a00 is an unknown value
RDI=0x00007f6ca4914bc0 is an unknown value
R8 =0x00007f6ca4127fe0 is an unknown value
R9 =0x00000000000009b8 is an unknown value
R10=0x0000000000000000 is an unknown value
R11=0x0000000000000000 is an unknown value
R12=0x00007f6cb3e394c0: <offset 0x20994c0> in /usr/lib/fglrx/dri/fglrx_dri.so at 0x00007f6cb1da0000
R13=0xffffffffffffff68 is an unknown value
R14=0xffffffffffffff68 is an unknown value
R15=0x0000000000000001 is an unknown value


Stack: [0x00007f6cc427d000,0x00007f6cc437e000],  sp=0x00007f6cc437bf28,  free space=1019k
Native frames: (J=compiled Java code, j=interpreted, Vv=VM code, C=native code)
C  [fglrx_dri.so+0x11ce800]  ukiCreateContext+0x11ce800

Java frames: (J=compiled Java code, j=interpreted, Vv=VM code)
j  org.lwjgl.opengl.LinuxContextImplementation.nSwapBuffers(Ljava/nio/ByteBuffer;)V+0
j  org.lwjgl.opengl.LinuxContextImplementation.swapBuffers()V+38
j  org.lwjgl.opengl.ContextGL.swapBuffers()V+3
j  org.lwjgl.opengl.DrawableGL.swapBuffers()V+0
j  org.lwjgl.opengl.Display.swapBuffers()V+39
j  org.lwjgl.opengl.Display.update(Z)V+44
j  com.badlogic.gdx.backends.lwjgl.LwjglApplication.mainLoop()V+625
j  com.badlogic.gdx.backends.lwjgl.LwjglApplication$1.run()V+27
v  ~StubRoutines::call_stub

---------------  P R O C E S S  ---------------

Java Threads: ( => current thread )
  0x00007f6ca4012800 JavaThread "process reaper" daemon [_thread_blocked, id=2490, stack(0x00007f6ce804e000,0x00007f6ce8087000)]
  0x00007f6d0800b000 JavaThread "DestroyJavaVM" [_thread_blocked, id=2470, stack(0x00007f6d0f44f000,0x00007f6d0f550000)]
=>0x00007f6d082b5800 JavaThread "LWJGL Application" [_thread_in_native, id=2488, stack(0x00007f6cc427d000,0x00007f6cc437e000)]
  0x00007f6d08212000 JavaThread "AWT-XAWT" daemon [_thread_blocked, id=2484, stack(0x00007f6cc6de7000,0x00007f6cc6ee8000)]
  0x00007f6d081f0000 JavaThread "Java2D Disposer" daemon [_thread_blocked, id=2483, stack(0x00007f6ce8087000,0x00007f6ce8188000)]
  0x00007f6d080a7800 JavaThread "Service Thread" daemon [_thread_blocked, id=2481, stack(0x00007f6ceb414000,0x00007f6ceb515000)]
  0x00007f6d080a5000 JavaThread "C2 CompilerThread1" daemon [_thread_blocked, id=2480, stack(0x00007f6ceb515000,0x00007f6ceb616000)]
  0x00007f6d080a2000 JavaThread "C2 CompilerThread0" daemon [_thread_blocked, id=2479, stack(0x00007f6ceb616000,0x00007f6ceb717000)]
  0x00007f6d080a0000 JavaThread "Signal Dispatcher" daemon [_thread_blocked, id=2478, stack(0x00007f6ceb717000,0x00007f6ceb818000)]
  0x00007f6d0807d000 JavaThread "Finalizer" daemon [_thread_blocked, id=2477, stack(0x00007f6cebeff000,0x00007f6cec000000)]
  0x00007f6d0807b000 JavaThread "Reference Handler" daemon [_thread_blocked, id=2476, stack(0x00007f6cf00d0000,0x00007f6cf01d1000)]

Other Threads:
  0x00007f6d08076800 VMThread [stack: 0x00007f6cf01d1000,0x00007f6cf02d2000] [id=2475]
  0x00007f6d080b2000 WatcherThread [stack: 0x00007f6ceb313000,0x00007f6ceb414000] [id=2482]

VM state:not at safepoint (normal execution)

VM Mutex/Monitor currently owned by a thread: None

Heap
 PSYoungGen      total 25088K, used 12123K [0x00000000e4080000, 0x00000000e5c80000, 0x0000000100000000)
  eden space 21504K, 56% used [0x00000000e4080000,0x00000000e4c56d58,0x00000000e5580000)
  from space 3584K, 0% used [0x00000000e5900000,0x00000000e5900000,0x00000000e5c80000)
  to   space 3584K, 0% used [0x00000000e5580000,0x00000000e5580000,0x00000000e5900000)
 ParOldGen       total 56832K, used 0K [0x00000000ac200000, 0x00000000af980000, 0x00000000e4080000)
  object space 56832K, 0% used [0x00000000ac200000,0x00000000ac200000,0x00000000af980000)
 PSPermGen       total 21504K, used 8263K [0x00000000a1c00000, 0x00000000a3100000, 0x00000000ac200000)
  object space 21504K, 38% used [0x00000000a1c00000,0x00000000a2411fd0,0x00000000a3100000)

Card table byte_map: [0x00007f6d04d0d000,0x00007f6d05000000] byte_map_base: 0x00007f6d047ff000

Polling page: 0x00007f6d0f44e000

Code Cache  [0x00007f6d05000000, 0x00007f6d05270000, 0x00007f6d08000000)
 total_blobs=506 nmethods=27 adapters=434 free_code_cache=48569Kb largest_free_block=49732480

Compilation events (10 events):
Event: 1.022 Thread 0x00007f6d080a2000 nmethod 23 0x00007f6d05088690 code [0x00007f6d050887c0, 0x00007f6d05088858]
Event: 1.023 Thread 0x00007f6d080a5000 nmethod 22 0x00007f6d05088450 code [0x00007f6d05088580, 0x00007f6d050885f8]
Event: 1.050 Thread 0x00007f6d080a2000   24   !         sun.nio.cs.ISO_8859_1$Encoder::encodeBufferLoop (135 bytes)
Event: 1.053 Thread 0x00007f6d080a5000   25             java.nio.StringCharBuffer::get (19 bytes)
Event: 1.057 Thread 0x00007f6d080a5000 nmethod 25 0x00007f6d05087f90 code [0x00007f6d05088100, 0x00007f6d05088258]
Event: 1.057 Thread 0x00007f6d080a5000   26             java.nio.Buffer::nextGetIndex (31 bytes)
Event: 1.058 Thread 0x00007f6d080a5000 nmethod 26 0x00007f6d0508da50 code [0x00007f6d0508db80, 0x00007f6d0508dbf8]
Event: 1.058 Thread 0x00007f6d080a5000   27             org.lwjgl.MemoryUtil$CharSequenceNT::charAt (28 bytes)
Event: 1.060 Thread 0x00007f6d080a5000 nmethod 27 0x00007f6d05089c10 code [0x00007f6d05089d60, 0x00007f6d05089e58]
Event: 1.061 Thread 0x00007f6d080a2000 nmethod 24 0x00007f6d05089010 code [0x00007f6d050891e0, 0x00007f6d050896e0]

GC Heap History (0 events):
No events

Deoptimization events (1 events):
Event: 0.282 Thread 0x00007f6d0800b000 Uncommon trap: reason=class_check action=maybe_recompile pc=0x00007f6d0506606c method=java.util.Properties$LineReader.readLine()I @ 62

Internal exceptions (10 events):
Event: 1.343 Thread 0x00007f6d082b5800 Threw 0x00000000e4bdf900 at /build/buildd/openjdk-7-7u51-2.4.4/build/openjdk/hotspot/src/share/vm/prims/jvm.cpp:1244
Event: 1.344 Thread 0x00007f6d082b5800 Threw 0x00000000e4be3b60 at /build/buildd/openjdk-7-7u51-2.4.4/build/openjdk/hotspot/src/share/vm/prims/jvm.cpp:1244
Event: 1.345 Thread 0x00007f6d082b5800 Threw 0x00000000e4be8390 at /build/buildd/openjdk-7-7u51-2.4.4/build/openjdk/hotspot/src/share/vm/prims/jvm.cpp:1244
Event: 1.346 Thread 0x00007f6d082b5800 Threw 0x00000000e4bed370 at /build/buildd/openjdk-7-7u51-2.4.4/build/openjdk/hotspot/src/share/vm/prims/jvm.cpp:1244
Event: 1.348 Thread 0x00007f6d082b5800 Threw 0x00000000e4bf0f30 at /build/buildd/openjdk-7-7u51-2.4.4/build/openjdk/hotspot/src/share/vm/prims/jvm.cpp:1244
Event: 1.350 Thread 0x00007f6d082b5800 Threw 0x00000000e4bf72f8 at /build/buildd/openjdk-7-7u51-2.4.4/build/openjdk/hotspot/src/share/vm/prims/jvm.cpp:1244
Event: 1.365 Thread 0x00007f6d082b5800 Threw 0x00000000e4bfbea8 at /build/buildd/openjdk-7-7u51-2.4.4/build/openjdk/hotspot/src/share/vm/prims/jvm.cpp:1244
Event: 1.368 Thread 0x00007f6d082b5800 Threw 0x00000000e4c01818 at /build/buildd/openjdk-7-7u51-2.4.4/build/openjdk/hotspot/src/share/vm/prims/jvm.cpp:1244
Event: 1.521 Thread 0x00007f6d082b5800 Threw 0x00000000e4c076e8 at /build/buildd/openjdk-7-7u51-2.4.4/build/openjdk/hotspot/src/share/vm/prims/jvm.cpp:1244
Event: 1.523 Thread 0x00007f6d082b5800 Threw 0x00000000e4c0cde8 at /build/buildd/openjdk-7-7u51-2.4.4/build/openjdk/hotspot/src/share/vm/prims/jvm.cpp:1244

Events (10 events):
Event: 1.365 loading class 0x00007f6ca4007120
Event: 1.365 loading class 0x00007f6ca4007120 done
Event: 1.368 loading class 0x00007f6ca493e1a0
Event: 1.368 loading class 0x00007f6ca493e1a0 done
Event: 1.520 loading class 0x00007f6d080fceb0
Event: 1.520 loading class 0x00007f6d080fceb0 done
Event: 1.523 loading class 0x00007f6d080fcf80
Event: 1.523 loading class 0x00007f6d080fcf80 done
Event: 1.524 loading class 0x00007f6d04427570
Event: 1.524 loading class 0x00007f6d04427570 done


Dynamic libraries:
00400000-00401000 r-xp 00000000 08:06 6035309                            /usr/lib/jvm/java-7-openjdk-amd64/jre/bin/java
00600000-00601000 r--p 00000000 08:06 6035309                            /usr/lib/jvm/java-7-openjdk-amd64/jre/bin/java
00601000-00602000 rw-p 00001000 08:06 6035309                            /usr/lib/jvm/java-7-openjdk-amd64/jre/bin/java
00689000-006aa000 rw-p 00000000 00:00 0                                  [heap]
a1c00000-a3100000 rw-p 00000000 00:00 0 
a3100000-ac200000 rw-p 00000000 00:00 0 
ac200000-af980000 rw-p 00000000 00:00 0 
af980000-e4080000 rw-p 00000000 00:00 0 
e4080000-e5c80000 rw-p 00000000 00:00 0 
e5c80000-100000000 rw-p 00000000 00:00 0 
7f6ca4000000-7f6ca4cc6000 rw-p 00000000 00:00 0 
7f6ca4cc6000-7f6ca8000000 ---p 00000000 00:00 0 
7f6ca8000000-7f6ca8021000 rw-p 00000000 00:00 0 
7f6ca8021000-7f6cac000000 ---p 00000000 00:00 0 
7f6cac000000-7f6cac021000 rw-p 00000000 00:00 0 
7f6cac021000-7f6cb0000000 ---p 00000000 00:00 0 
7f6cb0f15000-7f6cb1115000 rw-s 003ad000 00:05 9003                       /dev/ati/card0
7f6cb111b000-7f6cb121b000 rw-s 003ab000 00:05 9003                       /dev/ati/card0
7f6cb121e000-7f6cb191e000 rw-s 00006000 00:05 9003                       /dev/ati/card0
7f6cb1925000-7f6cb1972000 rw-p 00000000 00:00 0 
7f6cb19ad000-7f6cb19ed000 rw-s 00025000 00:05 9003                       /dev/ati/card0
7f6cb19f0000-7f6cb1c30000 rw-p 00000000 00:00 0 
7f6cb1c30000-7f6cb1c83000 r-xp 00000000 08:06 5904372                    /usr/lib/fglrx/libatiadlxx.so
7f6cb1c83000-7f6cb1d82000 ---p 00053000 08:06 5904372                    /usr/lib/fglrx/libatiadlxx.so
7f6cb1d82000-7f6cb1d8f000 rw-p 00052000 08:06 5904372                    /usr/lib/fglrx/libatiadlxx.so
7f6cb1d8f000-7f6cb1d9f000 rw-p 00000000 00:00 0 
7f6cb1da0000-7f6cb3b3a000 r-xp 00000000 08:06 5904155                    /usr/lib/fglrx/dri/fglrx_dri.so
7f6cb3b3a000-7f6cb3c3a000 ---p 01d9a000 08:06 5904155                    /usr/lib/fglrx/dri/fglrx_dri.so
7f6cb3c3a000-7f6cb3dad000 rwxp 01d9a000 08:06 5904155                    /usr/lib/fglrx/dri/fglrx_dri.so
7f6cb3dad000-7f6cb3ed1000 rwxp 00000000 00:00 0 
7f6cb3ed8000-7f6cb3ee7000 r-xp 00000000 08:06 5904170                    /usr/lib/fglrx/libatiuki.so.1.0
7f6cb3ee7000-7f6cb3fe7000 ---p 0000f000 08:06 5904170                    /usr/lib/fglrx/libatiuki.so.1.0
7f6cb3fe7000-7f6cb3ff3000 rw-p 0000f000 08:06 5904170                    /usr/lib/fglrx/libatiuki.so.1.0
7f6cb3ff8000-7f6cb7ff9000 rw-s 00000000 00:13 17804                      /run/shm/pulse-shm-1395534676
7f6cb8000000-7f6cb8021000 rw-p 00000000 00:00 0 
7f6cb8021000-7f6cbc000000 ---p 00000000 00:00 0 
7f6cbc000000-7f6cbc021000 rw-p 00000000 00:00 0 
7f6cbc021000-7f6cc0000000 ---p 00000000 00:00 0 
7f6cc0000000-7f6cc0021000 rw-p 00000000 00:00 0 
7f6cc0021000-7f6cc4000000 ---p 00000000 00:00 0 
7f6cc4030000-7f6cc4070000 rw-p 00000000 00:00 0 
7f6cc4070000-7f6cc4133000 r-xp 00000000 08:06 5904397                    /usr/lib/fglrx/libGL.so.1.2
7f6cc4133000-7f6cc4232000 ---p 000c3000 08:06 5904397                    /usr/lib/fglrx/libGL.so.1.2
7f6cc4232000-7f6cc425a000 rwxp 000c2000 08:06 5904397                    /usr/lib/fglrx/libGL.so.1.2
7f6cc425a000-7f6cc427c000 rwxp 00000000 00:00 0 
7f6cc427d000-7f6cc4280000 ---p 00000000 00:00 0 
7f6cc4280000-7f6cc437e000 rw-p 00000000 00:00 0                          [stack:2488]
7f6cc437e000-7f6cc437f000 ---p 00000000 00:00 0 
7f6cc437f000-7f6cc447f000 rw-p 00000000 00:00 0                          [stack:2487]
7f6cc447f000-7f6cc4480000 ---p 00000000 00:00 0 
7f6cc4480000-7f6cc4c80000 rw-p 00000000 00:00 0                          [stack:2486]
7f6cc4c80000-7f6cc4c86000 r-xp 00000000 08:06 4988274                    /usr/lib/x86_64-linux-gnu/libogg.so.0.7.1
7f6cc4c86000-7f6cc4e85000 ---p 00006000 08:06 4988274                    /usr/lib/x86_64-linux-gnu/libogg.so.0.7.1
7f6cc4e85000-7f6cc4e86000 r--p 00005000 08:06 4988274                    /usr/lib/x86_64-linux-gnu/libogg.so.0.7.1
7f6cc4e86000-7f6cc4e87000 rw-p 00006000 08:06 4988274                    /usr/lib/x86_64-linux-gnu/libogg.so.0.7.1
7f6cc4e88000-7f6cc4eb3000 r-xp 00000000 08:06 4988427                    /usr/lib/x86_64-linux-gnu/libvorbis.so.0.4.5
7f6cc4eb3000-7f6cc50b2000 ---p 0002b000 08:06 4988427                    /usr/lib/x86_64-linux-gnu/libvorbis.so.0.4.5
7f6cc50b2000-7f6cc50b3000 r--p 0002a000 08:06 4988427                    /usr/lib/x86_64-linux-gnu/libvorbis.so.0.4.5
7f6cc50b3000-7f6cc50b4000 rw-p 0002b000 08:06 4988427                    /usr/lib/x86_64-linux-gnu/libvorbis.so.0.4.5
7f6cc50b8000-7f6cc536b000 r-xp 00000000 08:06 4988429                    /usr/lib/x86_64-linux-gnu/libvorbisenc.so.2.0.8
7f6cc536b000-7f6cc556a000 ---p 002b3000 08:06 4988429                    /usr/lib/x86_64-linux-gnu/libvorbisenc.so.2.0.8
7f6cc556a000-7f6cc5586000 r--p 002b2000 08:06 4988429                    /usr/lib/x86_64-linux-gnu/libvorbisenc.so.2.0.8
7f6cc5586000-7f6cc5587000 rw-p 002ce000 08:06 4988429                    /usr/lib/x86_64-linux-gnu/libvorbisenc.so.2.0.8
7f6cc5588000-7f6cc55d0000 r-xp 00000000 08:06 4987790                    /usr/lib/x86_64-linux-gnu/libFLAC.so.8.2.0
7f6cc55d0000-7f6cc57d0000 ---p 00048000 08:06 4987790                    /usr/lib/x86_64-linux-gnu/libFLAC.so.8.2.0
7f6cc57d0000-7f6cc57d1000 r--p 00048000 08:06 4987790                    /usr/lib/x86_64-linux-gnu/libFLAC.so.8.2.0
7f6cc57d1000-7f6cc57d2000 rw-p 00049000 08:06 4987790                    /usr/lib/x86_64-linux-gnu/libFLAC.so.8.2.0
7f6cc57d8000-7f6cc57dd000 r-xp 00000000 08:06 4987906                    /usr/lib/x86_64-linux-gnu/libasyncns.so.0.3.1
7f6cc57dd000-7f6cc59dc000 ---p 00005000 08:06 4987906                    /usr/lib/x86_64-linux-gnu/libasyncns.so.0.3.1
7f6cc59dc000-7f6cc59dd000 r--p 00004000 08:06 4987906                    /usr/lib/x86_64-linux-gnu/libasyncns.so.0.3.1
7f6cc59dd000-7f6cc59de000 rw-p 00005000 08:06 4987906                    /usr/lib/x86_64-linux-gnu/libasyncns.so.0.3.1
7f6cc59e0000-7f6cc5a40000 r-xp 00000000 08:06 4988369                    /usr/lib/x86_64-linux-gnu/libsndfile.so.1.0.25
7f6cc5a40000-7f6cc5c40000 ---p 00060000 08:06 4988369                    /usr/lib/x86_64-linux-gnu/libsndfile.so.1.0.25
7f6cc5c40000-7f6cc5c42000 r--p 00060000 08:06 4988369                    /usr/lib/x86_64-linux-gnu/libsndfile.so.1.0.25
7f6cc5c42000-7f6cc5c43000 rw-p 00062000 08:06 4988369                    /usr/lib/x86_64-linux-gnu/libsndfile.so.1.0.25
7f6cc5c43000-7f6cc5c47000 rw-p 00000000 00:00 0 
7f6cc5c48000-7f6cc5c50000 r-xp 00000000 08:06 2887611                    /lib/x86_64-linux-gnu/libwrap.so.0.7.6
7f6cc5c50000-7f6cc5e4f000 ---p 00008000 08:06 2887611                    /lib/x86_64-linux-gnu/libwrap.so.0.7.6
7f6cc5e4f000-7f6cc5e50000 r--p 00007000 08:06 2887611                    /lib/x86_64-linux-gnu/libwrap.so.0.7.6
7f6cc5e50000-7f6cc5e51000 rw-p 00008000 08:06 2887611                    /lib/x86_64-linux-gnu/libwrap.so.0.7.6
7f6cc5e58000-7f6cc5eb4000 r-xp 00000000 08:06 4988332                    /usr/lib/x86_64-linux-gnu/libpulsecommon-1.1.so
7f6cc5eb4000-7f6cc60b4000 ---p 0005c000 08:06 4988332                    /usr/lib/x86_64-linux-gnu/libpulsecommon-1.1.so
7f6cc60b4000-7f6cc60b5000 r--p 0005c000 08:06 4988332                    /usr/lib/x86_64-linux-gnu/libpulsecommon-1.1.so
7f6cc60b5000-7f6cc60b6000 rw-p 0005d000 08:06 4988332                    /usr/lib/x86_64-linux-gnu/libpulsecommon-1.1.so
7f6cc60b8000-7f6cc60bf000 r-xp 00000000 08:06 4988209                    /usr/lib/x86_64-linux-gnu/libjson.so.0.0.1
7f6cc60bf000-7f6cc62be000 ---p 00007000 08:06 4988209                    /usr/lib/x86_64-linux-gnu/libjson.so.0.0.1
7f6cc62be000-7f6cc62bf000 r--p 00006000 08:06 4988209                    /usr/lib/x86_64-linux-gnu/libjson.so.0.0.1
7f6cc62bf000-7f6cc62c0000 rw-p 00007000 08:06 4988209                    /usr/lib/x86_64-linux-gnu/libjson.so.0.0.1
7f6cc62c0000-7f6cc6306000 r-xp 00000000 08:06 4988331                    /usr/lib/x86_64-linux-gnu/libpulse.so.0.13.5
7f6cc6306000-7f6cc6506000 ---p 00046000 08:06 4988331                    /usr/lib/x86_64-linux-gnu/libpulse.so.0.13.5
7f6cc6506000-7f6cc6507000 r--p 00046000 08:06 4988331                    /usr/lib/x86_64-linux-gnu/libpulse.so.0.13.5
7f6cc6507000-7f6cc6508000 rw-p 00047000 08:06 4988331                    /usr/lib/x86_64-linux-gnu/libpulse.so.0.13.5
7f6cc6508000-7f6cc655d000 r-xp 00000000 08:06 2621820                    /tmp/libgdxabaratham/7b43be9b/libopenal64.so
7f6cc655d000-7f6cc675c000 ---p 00055000 08:06 2621820                    /tmp/libgdxabaratham/7b43be9b/libopenal64.so
7f6cc675c000-7f6cc675f000 r--p 00054000 08:06 2621820                    /tmp/libgdxabaratham/7b43be9b/libopenal64.so
7f6cc675f000-7f6cc6760000 rw-p 00057000 08:06 2621820                    /tmp/libgdxabaratham/7b43be9b/libopenal64.so
7f6cc6760000-7f6cc6761000 rw-p 00000000 00:00 0 
7f6cc6768000-7f6cc676c000 r-xp 00000000 08:06 4987888                    /usr/lib/x86_64-linux-gnu/libXxf86vm.so.1.0.0
7f6cc676c000-7f6cc696b000 ---p 00004000 08:06 4987888                    /usr/lib/x86_64-linux-gnu/libXxf86vm.so.1.0.0
7f6cc696b000-7f6cc696c000 r--p 00003000 08:06 4987888                    /usr/lib/x86_64-linux-gnu/libXxf86vm.so.1.0.0
7f6cc696c000-7f6cc696d000 rw-p 00004000 08:06 4987888                    /usr/lib/x86_64-linux-gnu/libXxf86vm.so.1.0.0
7f6cc6970000-7f6cc69dc000 r-xp 00000000 08:06 2621818                    /tmp/libgdxabaratham/7b43be9b/liblwjgl64.so
7f6cc69dc000-7f6cc6bdb000 ---p 0006c000 08:06 2621818                    /tmp/libgdxabaratham/7b43be9b/liblwjgl64.so
7f6cc6bdb000-7f6cc6bdd000 r--p 0006b000 08:06 2621818                    /tmp/libgdxabaratham/7b43be9b/liblwjgl64.so
7f6cc6bdd000-7f6cc6bde000 rw-p 0006d000 08:06 2621818                    /tmp/libgdxabaratham/7b43be9b/liblwjgl64.so
7f6cc6be0000-7f6cc6be1000 r-xp 00000000 08:06 6192760                    /usr/lib/jvm/java-7-openjdk-amd64/jre/lib/amd64/libjawt.so
7f6cc6be1000-7f6cc6de0000 ---p 00001000 08:06 6192760                    /usr/lib/jvm/java-7-openjdk-amd64/jre/lib/amd64/libjawt.so
7f6cc6de0000-7f6cc6de1000 r--p 00000000 08:06 6192760                    /usr/lib/jvm/java-7-openjdk-amd64/jre/lib/amd64/libjawt.so
7f6cc6de1000-7f6cc6de2000 rw-p 00001000 08:06 6192760                    /usr/lib/jvm/java-7-openjdk-amd64/jre/lib/amd64/libjawt.so
7f6cc6de7000-7f6cc6dea000 ---p 00000000 00:00 0 
7f6cc6dea000-7f6cc6ee8000 rw-p 00000000 00:00 0                          [stack:2484]
7f6cc6ee8000-7f6cc6eeb000 r-xp 00000000 08:06 2887529                    /lib/x86_64-linux-gnu/libgpg-error.so.0.8.0
7f6cc6eeb000-7f6cc70ea000 ---p 00003000 08:06 2887529                    /lib/x86_64-linux-gnu/libgpg-error.so.0.8.0
7f6cc70ea000-7f6cc70eb000 r--p 00002000 08:06 2887529                    /lib/x86_64-linux-gnu/libgpg-error.so.0.8.0
7f6cc70eb000-7f6cc70ec000 rw-p 00003000 08:06 2887529                    /lib/x86_64-linux-gnu/libgpg-error.so.0.8.0
7f6cc70f0000-7f6cc70f3000 r-xp 00000000 08:06 2887533                    /lib/x86_64-linux-gnu/libkeyutils.so.1.4
7f6cc70f3000-7f6cc72f2000 ---p 00003000 08:06 2887533                    /lib/x86_64-linux-gnu/libkeyutils.so.1.4
7f6cc72f2000-7f6cc72f3000 r--p 00002000 08:06 2887533                    /lib/x86_64-linux-gnu/libkeyutils.so.1.4
7f6cc72f3000-7f6cc72f4000 rw-p 00003000 08:06 2887533                    /lib/x86_64-linux-gnu/libkeyutils.so.1.4
7f6cc72f8000-7f6cc733a000 r-xp 00000000 08:06 2887514                    /lib/x86_64-linux-gnu/libdbus-1.so.3.5.8
7f6cc733a000-7f6cc753a000 ---p 00042000 08:06 2887514                    /lib/x86_64-linux-gnu/libdbus-1.so.3.5.8
7f6cc753a000-7f6cc753b000 r--p 00042000 08:06 2887514                    /lib/x86_64-linux-gnu/libdbus-1.so.3.5.8
7f6cc753b000-7f6cc753c000 rw-p 00043000 08:06 2887514                    /lib/x86_64-linux-gnu/libdbus-1.so.3.5.8
7f6cc7540000-7f6cc7551000 r-xp 00000000 08:06 4988280                    /usr/lib/x86_64-linux-gnu/libp11-kit.so.0.0.0
7f6cc7551000-7f6cc7750000 ---p 00011000 08:06 4988280                    /usr/lib/x86_64-linux-gnu/libp11-kit.so.0.0.0
7f6cc7750000-7f6cc7751000 r--p 00010000 08:06 4988280                    /usr/lib/x86_64-linux-gnu/libp11-kit.so.0.0.0
7f6cc7751000-7f6cc7752000 rw-p 00011000 08:06 4988280                    /usr/lib/x86_64-linux-gnu/libp11-kit.so.0.0.0
7f6cc7758000-7f6cc77d2000 r-xp 00000000 08:06 2887525                    /lib/x86_64-linux-gnu/libgcrypt.so.11.7.0
7f6cc77d2000-7f6cc79d2000 ---p 0007a000 08:06 2887525                    /lib/x86_64-linux-gnu/libgcrypt.so.11.7.0
7f6cc79d2000-7f6cc79d3000 r--p 0007a000 08:06 2887525                    /lib/x86_64-linux-gnu/libgcrypt.so.11.7.0
7f6cc79d3000-7f6cc79d6000 rw-p 0007b000 08:06 2887525                    /lib/x86_64-linux-gnu/libgcrypt.so.11.7.0
7f6cc79d8000-7f6cc79e8000 r-xp 00000000 08:06 4988397                    /usr/lib/x86_64-linux-gnu/libtasn1.so.3.1.12
7f6cc79e8000-7f6cc7be7000 ---p 00010000 08:06 4988397                    /usr/lib/x86_64-linux-gnu/libtasn1.so.3.1.12
7f6cc7be7000-7f6cc7be8000 r--p 0000f000 08:06 4988397                    /usr/lib/x86_64-linux-gnu/libtasn1.so.3.1.12
7f6cc7be8000-7f6cc7be9000 rw-p 00010000 08:06 4988397                    /usr/lib/x86_64-linux-gnu/libtasn1.so.3.1.12
7f6cc7bf0000-7f6cc7bf7000 r-xp 00000000 08:06 4988217                    /usr/lib/x86_64-linux-gnu/libkrb5support.so.0.1
7f6cc7bf7000-7f6cc7df6000 ---p 00007000 08:06 4988217                    /usr/lib/x86_64-linux-gnu/libkrb5support.so.0.1
7f6cc7df6000-7f6cc7df7000 r--p 00006000 08:06 4988217                    /usr/lib/x86_64-linux-gnu/libkrb5support.so.0.1
7f6cc7df7000-7f6cc7df8000 rw-p 00007000 08:06 4988217                    /usr/lib/x86_64-linux-gnu/libkrb5support.so.0.1
7f6cc7df8000-7f6cc7dfb000 r-xp 00000000 08:06 2887509                    /lib/x86_64-linux-gnu/libcom_err.so.2.1
7f6cc7dfb000-7f6cc7ffa000 ---p 00003000 08:06 2887509                    /lib/x86_64-linux-gnu/libcom_err.so.2.1
7f6cc7ffa000-7f6cc7ffb000 r--p 00002000 08:06 2887509                    /lib/x86_64-linux-gnu/libcom_err.so.2.1
7f6cc7ffb000-7f6cc7ffc000 rw-p 00003000 08:06 2887509                    /lib/x86_64-linux-gnu/libcom_err.so.2.1
7f6cc8000000-7f6cc8021000 rw-p 00000000 00:00 0 
7f6cc8021000-7f6ccc000000 ---p 00000000 00:00 0 
7f6ccc038000-7f6ccc05d000 r-xp 00000000 08:06 4988211                    /usr/lib/x86_64-linux-gnu/libk5crypto.so.3.1
7f6ccc05d000-7f6ccc25d000 ---p 00025000 08:06 4988211                    /usr/lib/x86_64-linux-gnu/libk5crypto.so.3.1
7f6ccc25d000-7f6ccc25e000 r--p 00025000 08:06 4988211                    /usr/lib/x86_64-linux-gnu/libk5crypto.so.3.1
7f6ccc25e000-7f6ccc25f000 rw-p 00026000 08:06 4988211                    /usr/lib/x86_64-linux-gnu/libk5crypto.so.3.1
7f6ccc25f000-7f6ccc260000 rw-p 00000000 00:00 0 
7f6ccc260000-7f6ccc324000 r-xp 00000000 08:06 4988215                    /usr/lib/x86_64-linux-gnu/libkrb5.so.3.3
7f6ccc324000-7f6ccc523000 ---p 000c4000 08:06 4988215                    /usr/lib/x86_64-linux-gnu/libkrb5.so.3.3
7f6ccc523000-7f6ccc52d000 r--p 000c3000 08:06 4988215                    /usr/lib/x86_64-linux-gnu/libkrb5.so.3.3
7f6ccc52d000-7f6ccc52e000 rw-p 000cd000 08:06 4988215                    /usr/lib/x86_64-linux-gnu/libkrb5.so.3.3
7f6ccc530000-7f6ccc538000 r-xp 00000000 08:06 4988454                    /usr/lib/x86_64-linux-gnu/libxcb-render.so.0.0.0
7f6ccc538000-7f6ccc738000 ---p 00008000 08:06 4988454                    /usr/lib/x86_64-linux-gnu/libxcb-render.so.0.0.0
7f6ccc738000-7f6ccc739000 r--p 00008000 08:06 4988454                    /usr/lib/x86_64-linux-gnu/libxcb-render.so.0.0.0
7f6ccc739000-7f6ccc73a000 rw-p 00009000 08:06 4988454                    /usr/lib/x86_64-linux-gnu/libxcb-render.so.0.0.0
7f6ccc740000-7f6ccc742000 r-xp 00000000 08:06 4988458                    /usr/lib/x86_64-linux-gnu/libxcb-shm.so.0.0.0
7f6ccc742000-7f6ccc941000 ---p 00002000 08:06 4988458                    /usr/lib/x86_64-linux-gnu/libxcb-shm.so.0.0.0
7f6ccc941000-7f6ccc942000 r--p 00001000 08:06 4988458                    /usr/lib/x86_64-linux-gnu/libxcb-shm.so.0.0.0
7f6ccc942000-7f6ccc943000 rw-p 00002000 08:06 4988458                    /usr/lib/x86_64-linux-gnu/libxcb-shm.so.0.0.0
7f6ccc948000-7f6ccc96e000 r-xp 00000000 08:06 2887579                    /lib/x86_64-linux-gnu/libpng12.so.0.46.0
7f6ccc96e000-7f6cccb6e000 ---p 00026000 08:06 2887579                    /lib/x86_64-linux-gnu/libpng12.so.0.46.0
7f6cccb6e000-7f6cccb6f000 r--p 00026000 08:06 2887579                    /lib/x86_64-linux-gnu/libpng12.so.0.46.0
7f6cccb6f000-7f6cccb70000 rw-p 00027000 08:06 2887579                    /lib/x86_64-linux-gnu/libpng12.so.0.46.0
7f6cccb70000-7f6cccc00000 r-xp 00000000 08:06 4988306                    /usr/lib/x86_64-linux-gnu/libpixman-1.so.0.30.2
7f6cccc00000-7f6cccdff000 ---p 00090000 08:06 4988306                    /usr/lib/x86_64-linux-gnu/libpixman-1.so.0.30.2
7f6cccdff000-7f6ccce06000 r--p 0008f000 08:06 4988306                    /usr/lib/x86_64-linux-gnu/libpixman-1.so.0.30.2
7f6ccce06000-7f6ccce07000 rw-p 00096000 08:06 4988306                    /usr/lib/x86_64-linux-gnu/libpixman-1.so.0.30.2
7f6ccce08000-7f6ccce0d000 r-xp 00000000 08:06 4987856                    /usr/lib/x86_64-linux-gnu/libXdmcp.so.6.0.0
7f6ccce0d000-7f6ccd00c000 ---p 00005000 08:06 4987856                    /usr/lib/x86_64-linux-gnu/libXdmcp.so.6.0.0
7f6ccd00c000-7f6ccd00d000 r--p 00004000 08:06 4987856                    /usr/lib/x86_64-linux-gnu/libXdmcp.so.6.0.0
7f6ccd00d000-7f6ccd00e000 rw-p 00005000 08:06 4987856                    /usr/lib/x86_64-linux-gnu/libXdmcp.so.6.0.0
7f6ccd010000-7f6ccd012000 r-xp 00000000 08:06 4987845                    /usr/lib/x86_64-linux-gnu/libXau.so.6.0.0
7f6ccd012000-7f6ccd211000 ---p 00002000 08:06 4987845                    /usr/lib/x86_64-linux-gnu/libXau.so.6.0.0
7f6ccd211000-7f6ccd212000 r--p 00001000 08:06 4987845                    /usr/lib/x86_64-linux-gnu/libXau.so.6.0.0
7f6ccd212000-7f6ccd213000 rw-p 00002000 08:06 4987845                    /usr/lib/x86_64-linux-gnu/libXau.so.6.0.0
7f6ccd218000-7f6ccd228000 r-xp 00000000 08:06 4987916                    /usr/lib/x86_64-linux-gnu/libavahi-client.so.3.2.9
7f6ccd228000-7f6ccd427000 ---p 00010000 08:06 4987916                    /usr/lib/x86_64-linux-gnu/libavahi-client.so.3.2.9
7f6ccd427000-7f6ccd428000 r--p 0000f000 08:06 4987916                    /usr/lib/x86_64-linux-gnu/libavahi-client.so.3.2.9
7f6ccd428000-7f6ccd429000 rw-p 00010000 08:06 4987916                    /usr/lib/x86_64-linux-gnu/libavahi-client.so.3.2.9
7f6ccd430000-7f6ccd43b000 r-xp 00000000 08:06 4987918                    /usr/lib/x86_64-linux-gnu/libavahi-common.so.3.5.3
7f6ccd43b000-7f6ccd63a000 ---p 0000b000 08:06 4987918                    /usr/lib/x86_64-linux-gnu/libavahi-common.so.3.5.3
7f6ccd63a000-7f6ccd63b000 r--p 0000a000 08:06 4987918                    /usr/lib/x86_64-linux-gnu/libavahi-common.so.3.5.3
7f6ccd63b000-7f6ccd63c000 rw-p 0000b000 08:06 4987918                    /usr/lib/x86_64-linux-gnu/libavahi-common.so.3.5.3
7f6ccd640000-7f6ccd6f4000 r-xp 00000000 08:06 4992055                    /usr/lib/x86_64-linux-gnu/libgnutls.so.26.21.8
7f6ccd6f4000-7f6ccd8f4000 ---p 000b4000 08:06 4992055                    /usr/lib/x86_64-linux-gnu/libgnutls.so.26.21.8
7f6ccd8f4000-7f6ccd8fa000 r--p 000b4000 08:06 4992055                    /usr/lib/x86_64-linux-gnu/libgnutls.so.26.21.8
7f6ccd8fa000-7f6ccd8fb000 rw-p 000ba000 08:06 4992055                    /usr/lib/x86_64-linux-gnu/libgnutls.so.26.21.8
7f6ccd8fb000-7f6ccd8fc000 rw-p 00000000 00:00 0 
7f6ccd900000-7f6ccd93b000 r-xp 00000000 08:06 4988122                    /usr/lib/x86_64-linux-gnu/libgssapi_krb5.so.2.2
7f6ccd93b000-7f6ccdb3b000 ---p 0003b000 08:06 4988122                    /usr/lib/x86_64-linux-gnu/libgssapi_krb5.so.2.2
7f6ccdb3b000-7f6ccdb3c000 r--p 0003b000 08:06 4988122                    /usr/lib/x86_64-linux-gnu/libgssapi_krb5.so.2.2
7f6ccdb3c000-7f6ccdb3e000 rw-p 0003c000 08:06 4988122                    /usr/lib/x86_64-linux-gnu/libgssapi_krb5.so.2.2
7f6ccdb40000-7f6ccdb7c000 r-xp 00000000 08:06 2887575                    /lib/x86_64-linux-gnu/libpcre.so.3.12.1
7f6ccdb7c000-7f6ccdd7b000 ---p 0003c000 08:06 2887575                    /lib/x86_64-linux-gnu/libpcre.so.3.12.1
7f6ccdd7b000-7f6ccdd7c000 r--p 0003b000 08:06 2887575                    /lib/x86_64-linux-gnu/libpcre.so.3.12.1
7f6ccdd7c000-7f6ccdd7d000 rw-p 0003c000 08:06 2887575                    /lib/x86_64-linux-gnu/libpcre.so.3.12.1
7f6ccdd80000-7f6ccdd87000 r-xp 00000000 08:06 4988038                    /usr/lib/x86_64-linux-gnu/libffi.so.6.0.0
7f6ccdd87000-7f6ccdf86000 ---p 00007000 08:06 4988038                    /usr/lib/x86_64-linux-gnu/libffi.so.6.0.0
7f6ccdf86000-7f6ccdf87000 r--p 00006000 08:06 4988038                    /usr/lib/x86_64-linux-gnu/libffi.so.6.0.0
7f6ccdf87000-7f6ccdf88000 rw-p 00007000 08:06 4988038                    /usr/lib/x86_64-linux-gnu/libffi.so.6.0.0
7f6ccdf88000-7f6ccdfaf000 r-xp 00000000 08:06 2887520                    /lib/x86_64-linux-gnu/libexpat.so.1.5.2
7f6ccdfaf000-7f6cce1af000 ---p 00027000 08:06 2887520                    /lib/x86_64-linux-gnu/libexpat.so.1.5.2
7f6cce1af000-7f6cce1b1000 r--p 00027000 08:06 2887520                    /lib/x86_64-linux-gnu/libexpat.so.1.5.2
7f6cce1b1000-7f6cce1b2000 rw-p 00029000 08:06 2887520                    /lib/x86_64-linux-gnu/libexpat.so.1.5.2
7f6cce1b8000-7f6cce24e000 r-xp 00000000 08:06 4988048                    /usr/lib/x86_64-linux-gnu/libfreetype.so.6.8.0
7f6cce24e000-7f6cce44d000 ---p 00096000 08:06 4988048                    /usr/lib/x86_64-linux-gnu/libfreetype.so.6.8.0
7f6cce44d000-7f6cce453000 r--p 00095000 08:06 4988048                    /usr/lib/x86_64-linux-gnu/libfreetype.so.6.8.0
7f6cce453000-7f6cce454000 rw-p 0009b000 08:06 4988048                    /usr/lib/x86_64-linux-gnu/libfreetype.so.6.8.0
7f6cce458000-7f6cce470000 r-xp 00000000 08:06 2887586                    /lib/x86_64-linux-gnu/libresolv-2.15.so
7f6cce470000-7f6cce670000 ---p 00018000 08:06 2887586                    /lib/x86_64-linux-gnu/libresolv-2.15.so
7f6cce670000-7f6cce671000 r--p 00018000 08:06 2887586                    /lib/x86_64-linux-gnu/libresolv-2.15.so
7f6cce671000-7f6cce672000 rw-p 00019000 08:06 2887586                    /lib/x86_64-linux-gnu/libresolv-2.15.so
7f6cce672000-7f6cce674000 rw-p 00000000 00:00 0 
7f6cce678000-7f6cce695000 r-xp 00000000 08:06 2887590                    /lib/x86_64-linux-gnu/libselinux.so.1
7f6cce695000-7f6cce894000 ---p 0001d000 08:06 2887590                    /lib/x86_64-linux-gnu/libselinux.so.1
7f6cce894000-7f6cce895000 r--p 0001c000 08:06 2887590                    /lib/x86_64-linux-gnu/libselinux.so.1
7f6cce895000-7f6cce896000 rw-p 0001d000 08:06 2887590                    /lib/x86_64-linux-gnu/libselinux.so.1
7f6cce896000-7f6cce897000 rw-p 00000000 00:00 0 
7f6cce898000-7f6cce89b000 r-xp 00000000 08:06 4988095                    /usr/lib/x86_64-linux-gnu/libgmodule-2.0.so.0.3200.4
7f6cce89b000-7f6ccea9a000 ---p 00003000 08:06 4988095                    /usr/lib/x86_64-linux-gnu/libgmodule-2.0.so.0.3200.4
7f6ccea9a000-7f6ccea9b000 r--p 00002000 08:06 4988095                    /usr/lib/x86_64-linux-gnu/libgmodule-2.0.so.0.3200.4
7f6ccea9b000-7f6ccea9c000 rw-p 00003000 08:06 4988095                    /usr/lib/x86_64-linux-gnu/libgmodule-2.0.so.0.3200.4
7f6cceaa0000-7f6cceaa2000 r-xp 00000000 08:06 4987854                    /usr/lib/x86_64-linux-gnu/libXdamage.so.1.1.0
7f6cceaa2000-7f6cceca1000 ---p 00002000 08:06 4987854                    /usr/lib/x86_64-linux-gnu/libXdamage.so.1.1.0
7f6cceca1000-7f6cceca2000 r--p 00001000 08:06 4987854                    /usr/lib/x86_64-linux-gnu/libXdamage.so.1.1.0
7f6cceca2000-7f6cceca3000 rw-p 00002000 08:06 4987854                    /usr/lib/x86_64-linux-gnu/libXdamage.so.1.1.0
7f6cceca8000-7f6ccecaa000 r-xp 00000000 08:06 4987850                    /usr/lib/x86_64-linux-gnu/libXcomposite.so.1.0.0
7f6ccecaa000-7f6cceea9000 ---p 00002000 08:06 4987850                    /usr/lib/x86_64-linux-gnu/libXcomposite.so.1.0.0
7f6cceea9000-7f6cceeaa000 r--p 00001000 08:06 4987850                    /usr/lib/x86_64-linux-gnu/libXcomposite.so.1.0.0
7f6cceeaa000-7f6cceeab000 rw-p 00002000 08:06 4987850                    /usr/lib/x86_64-linux-gnu/libXcomposite.so.1.0.0
7f6cceeb0000-7f6cceeb9000 r-xp 00000000 08:06 4987852                    /usr/lib/x86_64-linux-gnu/libXcursor.so.1.0.2
7f6cceeb9000-7f6ccf0b8000 ---p 00009000 08:06 4987852                    /usr/lib/x86_64-linux-gnu/libXcursor.so.1.0.2
7f6ccf0b8000-7f6ccf0b9000 r--p 00008000 08:06 4987852                    /usr/lib/x86_64-linux-gnu/libXcursor.so.1.0.2
7f6ccf0b9000-7f6ccf0ba000 rw-p 00009000 08:06 4987852                    /usr/lib/x86_64-linux-gnu/libXcursor.so.1.0.2
7f6ccf0c0000-7f6ccf0c7000 r-xp 00000000 08:06 4987876                    /usr/lib/x86_64-linux-gnu/libXrandr.so.2.2.0
7f6ccf0c7000-7f6ccf2c6000 ---p 00007000 08:06 4987876                    /usr/lib/x86_64-linux-gnu/libXrandr.so.2.2.0
7f6ccf2c6000-7f6ccf2c7000 r--p 00006000 08:06 4987876                    /usr/lib/x86_64-linux-gnu/libXrandr.so.2.2.0
7f6ccf2c7000-7f6ccf2c8000 rw-p 00007000 08:06 4987876                    /usr/lib/x86_64-linux-gnu/libXrandr.so.2.2.0
7f6ccf2c8000-7f6ccf2ca000 r-xp 00000000 08:06 4987866                    /usr/lib/x86_64-linux-gnu/libXinerama.so.1.0.0
7f6ccf2ca000-7f6ccf4c9000 ---p 00002000 08:06 4987866                    /usr/lib/x86_64-linux-gnu/libXinerama.so.1.0.0
7f6ccf4c9000-7f6ccf4ca000 r--p 00001000 08:06 4987866                    /usr/lib/x86_64-linux-gnu/libXinerama.so.1.0.0
7f6ccf4ca000-7f6ccf4cb000 rw-p 00002000 08:06 4987866                    /usr/lib/x86_64-linux-gnu/libXinerama.so.1.0.0
7f6ccf4d0000-7f6ccf4f9000 r-xp 00000000 08:06 4988290                    /usr/lib/x86_64-linux-gnu/libpangoft2-1.0.so.0.3000.0
7f6ccf4f9000-7f6ccf6f8000 ---p 00029000 08:06 4988290                    /usr/lib/x86_64-linux-gnu/libpangoft2-1.0.so.0.3000.0
7f6ccf6f8000-7f6ccf6f9000 r--p 00028000 08:06 4988290                    /usr/lib/x86_64-linux-gnu/libpangoft2-1.0.so.0.3000.0
7f6ccf6f9000-7f6ccf6fa000 rw-p 00029000 08:06 4988290                    /usr/lib/x86_64-linux-gnu/libpangoft2-1.0.so.0.3000.0
7f6ccf700000-7f6ccf7b9000 r-xp 00000000 08:06 4987946                    /usr/lib/x86_64-linux-gnu/libcairo.so.2.11000.2
7f6ccf7b9000-7f6ccf9b8000 ---p 000b9000 08:06 4987946                    /usr/lib/x86_64-linux-gnu/libcairo.so.2.11000.2
7f6ccf9b8000-7f6ccf9ba000 r--p 000b8000 08:06 4987946                    /usr/lib/x86_64-linux-gnu/libcairo.so.2.11000.2
7f6ccf9ba000-7f6ccf9bb000 rw-p 000ba000 08:06 4987946                    /usr/lib/x86_64-linux-gnu/libcairo.so.2.11000.2
7f6ccf9bb000-7f6ccf9be000 rw-p 00000000 00:00 0 
7f6ccf9c0000-7f6ccf9df000 r-xp 00000000 08:06 4987908                    /usr/lib/x86_64-linux-gnu/libatk-1.0.so.0.20409.1
7f6ccf9df000-7f6ccfbdf000 ---p 0001f000 08:06 4987908                    /usr/lib/x86_64-linux-gnu/libatk-1.0.so.0.20409.1
7f6ccfbdf000-7f6ccfbe1000 r--p 0001f000 08:06 4987908                    /usr/lib/x86_64-linux-gnu/libatk-1.0.so.0.20409.1
7f6ccfbe1000-7f6ccfbe2000 rw-p 00021000 08:06 4987908                    /usr/lib/x86_64-linux-gnu/libatk-1.0.so.0.20409.1
7f6ccfbe8000-7f6ccfbed000 r-xp 00000000 08:06 4987860                    /usr/lib/x86_64-linux-gnu/libXfixes.so.3.1.0
7f6ccfbed000-7f6ccfdec000 ---p 00005000 08:06 4987860                    /usr/lib/x86_64-linux-gnu/libXfixes.so.3.1.0
7f6ccfdec000-7f6ccfded000 r--p 00004000 08:06 4987860                    /usr/lib/x86_64-linux-gnu/libXfixes.so.3.1.0
7f6ccfded000-7f6ccfdee000 rw-p 00005000 08:06 4987860                    /usr/lib/x86_64-linux-gnu/libXfixes.so.3.1.0
7f6ccfdf0000-7f6ccfdfb000 r-xp 00000000 08:06 4988288                    /usr/lib/x86_64-linux-gnu/libpangocairo-1.0.so.0.3000.0
7f6ccfdfb000-7f6ccfffa000 ---p 0000b000 08:06 4988288                    /usr/lib/x86_64-linux-gnu/libpangocairo-1.0.so.0.3000.0
7f6ccfffa000-7f6ccfffb000 r--p 0000a000 08:06 4988288                    /usr/lib/x86_64-linux-gnu/libpangocairo-1.0.so.0.3000.0
7f6ccfffb000-7f6ccfffc000 rw-p 0000b000 08:06 4988288                    /usr/lib/x86_64-linux-gnu/libpangocairo-1.0.so.0.3000.0
7f6cd0000000-7f6cd0176000 rw-p 00000000 00:00 0 
7f6cd0176000-7f6cd4000000 ---p 00000000 00:00 0 
7f6cd4000000-7f6cd4021000 rw-p 00000000 00:00 0 
7f6cd4021000-7f6cd8000000 ---p 00000000 00:00 0 
7f6cd8000000-7f6cd8021000 rw-p 00000000 00:00 0 
7f6cd8021000-7f6cdc000000 ---p 00000000 00:00 0 
7f6cdc000000-7f6cdc175000 rw-p 00000000 00:00 0 
7f6cdc175000-7f6ce0000000 ---p 00000000 00:00 0 
7f6ce0000000-7f6ce0021000 rw-p 00000000 00:00 0 
7f6ce0021000-7f6ce4000000 ---p 00000000 00:00 0 
7f6ce4000000-7f6ce4021000 rw-p 00000000 00:00 0 
7f6ce4021000-7f6ce8000000 ---p 00000000 00:00 0 
7f6ce800c000-7f6ce804c000 rw-s 00004000 00:05 9003                       /dev/ati/card0
7f6ce804e000-7f6ce8051000 ---p 00000000 00:00 0 
7f6ce8051000-7f6ce8087000 rw-p 00000000 00:00 0                          [stack:2490]
7f6ce8087000-7f6ce808a000 ---p 00000000 00:00 0 
7f6ce808a000-7f6ce8188000 rw-p 00000000 00:00 0                          [stack:2483]
7f6ce8188000-7f6ce81a5000 r-xp 00000000 08:06 4988464                    /usr/lib/x86_64-linux-gnu/libxcb.so.1.1.0
7f6ce81a5000-7f6ce83a4000 ---p 0001d000 08:06 4988464                    /usr/lib/x86_64-linux-gnu/libxcb.so.1.1.0
7f6ce83a4000-7f6ce83a5000 r--p 0001c000 08:06 4988464                    /usr/lib/x86_64-linux-gnu/libxcb.so.1.1.0
7f6ce83a5000-7f6ce83a6000 rw-p 0001d000 08:06 4988464                    /usr/lib/x86_64-linux-gnu/libxcb.so.1.1.0
7f6ce83a8000-7f6ce83f8000 r-xp 00000000 08:06 4987970                    /usr/lib/x86_64-linux-gnu/libcups.so.2
7f6ce83f8000-7f6ce85f7000 ---p 00050000 08:06 4987970                    /usr/lib/x86_64-linux-gnu/libcups.so.2
7f6ce85f7000-7f6ce85fb000 r--p 0004f000 08:06 4987970                    /usr/lib/x86_64-linux-gnu/libcups.so.2
7f6ce85fb000-7f6ce85fc000 rw-p 00053000 08:06 4987970                    /usr/lib/x86_64-linux-gnu/libcups.so.2
7f6ce8600000-7f6ce86f2000 r-xp 00000000 08:06 2887527                    /lib/x86_64-linux-gnu/libglib-2.0.so.0.3200.4
7f6ce86f2000-7f6ce88f2000 ---p 000f2000 08:06 2887527                    /lib/x86_64-linux-gnu/libglib-2.0.so.0.3200.4
7f6ce88f2000-7f6ce88f3000 r--p 000f2000 08:06 2887527                    /lib/x86_64-linux-gnu/libglib-2.0.so.0.3200.4
7f6ce88f3000-7f6ce88f4000 rw-p 000f3000 08:06 2887527                    /lib/x86_64-linux-gnu/libglib-2.0.so.0.3200.4
7f6ce88f4000-7f6ce88f5000 rw-p 00000000 00:00 0 
7f6ce88f8000-7f6ce88f9000 r-xp 00000000 08:06 4988166                    /usr/lib/x86_64-linux-gnu/libgthread-2.0.so.0.3200.4
7f6ce88f9000-7f6ce8af8000 ---p 00001000 08:06 4988166                    /usr/lib/x86_64-linux-gnu/libgthread-2.0.so.0.3200.4
7f6ce8af8000-7f6ce8af9000 r--p 00000000 08:06 4988166                    /usr/lib/x86_64-linux-gnu/libgthread-2.0.so.0.3200.4
7f6ce8af9000-7f6ce8afa000 rw-p 00001000 08:06 4988166                    /usr/lib/x86_64-linux-gnu/libgthread-2.0.so.0.3200.4
7f6ce8b00000-7f6ce8b4d000 r-xp 00000000 08:06 4988109                    /usr/lib/x86_64-linux-gnu/libgobject-2.0.so.0.3200.4
7f6ce8b4d000-7f6ce8d4d000 ---p 0004d000 08:06 4988109                    /usr/lib/x86_64-linux-gnu/libgobject-2.0.so.0.3200.4
7f6ce8d4d000-7f6ce8d4e000 r--p 0004d000 08:06 4988109                    /usr/lib/x86_64-linux-gnu/libgobject-2.0.so.0.3200.4
7f6ce8d4e000-7f6ce8d4f000 rw-p 0004e000 08:06 4988109                    /usr/lib/x86_64-linux-gnu/libgobject-2.0.so.0.3200.4
7f6ce8d50000-7f6ce8d84000 r-xp 00000000 08:06 4988040                    /usr/lib/x86_64-linux-gnu/libfontconfig.so.1.4.4
7f6ce8d84000-7f6ce8f84000 ---p 00034000 08:06 4988040                    /usr/lib/x86_64-linux-gnu/libfontconfig.so.1.4.4
7f6ce8f84000-7f6ce8f85000 r--p 00034000 08:06 4988040                    /usr/lib/x86_64-linux-gnu/libfontconfig.so.1.4.4
7f6ce8f85000-7f6ce8f86000 rw-p 00035000 08:06 4988040                    /usr/lib/x86_64-linux-gnu/libfontconfig.so.1.4.4
7f6ce8f88000-7f6ce8fce000 r-xp 00000000 08:06 4988286                    /usr/lib/x86_64-linux-gnu/libpango-1.0.so.0.3000.0
7f6ce8fce000-7f6ce91ce000 ---p 00046000 08:06 4988286                    /usr/lib/x86_64-linux-gnu/libpango-1.0.so.0.3000.0
7f6ce91ce000-7f6ce91d0000 r--p 00046000 08:06 4988286                    /usr/lib/x86_64-linux-gnu/libpango-1.0.so.0.3000.0
7f6ce91d0000-7f6ce91d1000 rw-p 00048000 08:06 4988286                    /usr/lib/x86_64-linux-gnu/libpango-1.0.so.0.3000.0
7f6ce91d8000-7f6ce91f6000 r-xp 00000000 08:06 4988071                    /usr/lib/x86_64-linux-gnu/libgdk_pixbuf-2.0.so.0.2600.1
7f6ce91f6000-7f6ce93f6000 ---p 0001e000 08:06 4988071                    /usr/lib/x86_64-linux-gnu/libgdk_pixbuf-2.0.so.0.2600.1
7f6ce93f6000-7f6ce93f7000 r--p 0001e000 08:06 4988071                    /usr/lib/x86_64-linux-gnu/libgdk_pixbuf-2.0.so.0.2600.1
7f6ce93f7000-7f6ce93f8000 rw-p 0001f000 08:06 4988071                    /usr/lib/x86_64-linux-gnu/libgdk_pixbuf-2.0.so.0.2600.1
7f6ce93f8000-7f6ce9540000 r-xp 00000000 08:06 4988083                    /usr/lib/x86_64-linux-gnu/libgio-2.0.so.0.3200.4
7f6ce9540000-7f6ce973f000 ---p 00148000 08:06 4988083                    /usr/lib/x86_64-linux-gnu/libgio-2.0.so.0.3200.4
7f6ce973f000-7f6ce9743000 r--p 00147000 08:06 4988083                    /usr/lib/x86_64-linux-gnu/libgio-2.0.so.0.3200.4
7f6ce9743000-7f6ce9745000 rw-p 0014b000 08:06 4988083                    /usr/lib/x86_64-linux-gnu/libgio-2.0.so.0.3200.4
7f6ce9745000-7f6ce9747000 rw-p 00000000 00:00 0 
7f6ce9748000-7f6ce97f5000 r-xp 00000000 08:06 4988069                    /usr/lib/x86_64-linux-gnu/libgdk-x11-2.0.so.0.2400.10
7f6ce97f5000-7f6ce99f4000 ---p 000ad000 08:06 4988069                    /usr/lib/x86_64-linux-gnu/libgdk-x11-2.0.so.0.2400.10
7f6ce99f4000-7f6ce99f8000 r--p 000ac000 08:06 4988069                    /usr/lib/x86_64-linux-gnu/libgdk-x11-2.0.so.0.2400.10
7f6ce99f8000-7f6ce99fa000 rw-p 000b0000 08:06 4988069                    /usr/lib/x86_64-linux-gnu/libgdk-x11-2.0.so.0.2400.10
7f6ce9a00000-7f6ce9e2d000 r-xp 00000000 08:06 4988170                    /usr/lib/x86_64-linux-gnu/libgtk-x11-2.0.so.0.2400.10
7f6ce9e2d000-7f6cea02d000 ---p 0042d000 08:06 4988170                    /usr/lib/x86_64-linux-gnu/libgtk-x11-2.0.so.0.2400.10
7f6cea02d000-7f6cea034000 r--p 0042d000 08:06 4988170                    /usr/lib/x86_64-linux-gnu/libgtk-x11-2.0.so.0.2400.10
7f6cea034000-7f6cea038000 rw-p 00434000 08:06 4988170                    /usr/lib/x86_64-linux-gnu/libgtk-x11-2.0.so.0.2400.10
7f6cea038000-7f6cea03a000 rw-p 00000000 00:00 0 
7f6cea040000-7f6cea04f000 r-xp 00000000 08:06 4987864                    /usr/lib/x86_64-linux-gnu/libXi.so.6.1.0
7f6cea04f000-7f6cea24e000 ---p 0000f000 08:06 4987864                    /usr/lib/x86_64-linux-gnu/libXi.so.6.1.0
7f6cea24e000-7f6cea24f000 r--p 0000e000 08:06 4987864                    /usr/lib/x86_64-linux-gnu/libXi.so.6.1.0
7f6cea24f000-7f6cea250000 rw-p 0000f000 08:06 4987864                    /usr/lib/x86_64-linux-gnu/libXi.so.6.1.0
7f6cea250000-7f6cea255000 r-xp 00000000 08:06 4987884                    /usr/lib/x86_64-linux-gnu/libXtst.so.6.1.0
7f6cea255000-7f6cea454000 ---p 00005000 08:06 4987884                    /usr/lib/x86_64-linux-gnu/libXtst.so.6.1.0
7f6cea454000-7f6cea455000 r--p 00004000 08:06 4987884                    /usr/lib/x86_64-linux-gnu/libXtst.so.6.1.0
7f6cea455000-7f6cea456000 rw-p 00005000 08:06 4987884                    /usr/lib/x86_64-linux-gnu/libXtst.so.6.1.0
7f6cea458000-7f6cea461000 r-xp 00000000 08:06 4987880                    /usr/lib/x86_64-linux-gnu/libXrender.so.1.3.0
7f6cea461000-7f6cea660000 ---p 00009000 08:06 4987880                    /usr/lib/x86_64-linux-gnu/libXrender.so.1.3.0
7f6cea660000-7f6cea661000 r--p 00008000 08:06 4987880                    /usr/lib/x86_64-linux-gnu/libXrender.so.1.3.0
7f6cea661000-7f6cea662000 rw-p 00009000 08:06 4987880                    /usr/lib/x86_64-linux-gnu/libXrender.so.1.3.0
7f6cea668000-7f6cea798000 r-xp 00000000 08:06 4987843                    /usr/lib/x86_64-linux-gnu/libX11.so.6.3.0
7f6cea798000-7f6cea998000 ---p 00130000 08:06 4987843                    /usr/lib/x86_64-linux-gnu/libX11.so.6.3.0
7f6cea998000-7f6cea999000 r--p 00130000 08:06 4987843                    /usr/lib/x86_64-linux-gnu/libX11.so.6.3.0
7f6cea999000-7f6cea99d000 rw-p 00131000 08:06 4987843                    /usr/lib/x86_64-linux-gnu/libX11.so.6.3.0
7f6cea9a0000-7f6cea9b0000 r-xp 00000000 08:06 4987858                    /usr/lib/x86_64-linux-gnu/libXext.so.6.4.0
7f6cea9b0000-7f6ceabaf000 ---p 00010000 08:06 4987858                    /usr/lib/x86_64-linux-gnu/libXext.so.6.4.0
7f6ceabaf000-7f6ceabb0000 r--p 0000f000 08:06 4987858                    /usr/lib/x86_64-linux-gnu/libXext.so.6.4.0
7f6ceabb0000-7f6ceabb1000 rw-p 00010000 08:06 4987858                    /usr/lib/x86_64-linux-gnu/libXext.so.6.4.0
7f6ceabb8000-7f6ceac0a000 r-xp 00000000 08:06 6305354                    /usr/lib/jvm/java-7-openjdk-amd64/jre/lib/amd64/xawt/libmawt.so
7f6ceac0a000-7f6ceae0a000 ---p 00052000 08:06 6305354                    /usr/lib/jvm/java-7-openjdk-amd64/jre/lib/amd64/xawt/libmawt.so
7f6ceae0a000-7f6ceae0b000 r--p 00052000 08:06 6305354                    /usr/lib/jvm/java-7-openjdk-amd64/jre/lib/amd64/xawt/libmawt.so
7f6ceae0b000-7f6ceae0e000 rw-p 00053000 08:06 6305354                    /usr/lib/jvm/java-7-openjdk-amd64/jre/lib/amd64/xawt/libmawt.so
7f6ceae0e000-7f6ceae0f000 rw-p 00000000 00:00 0 
7f6ceae10000-7f6ceaeb2000 r-xp 00000000 08:06 6192763                    /usr/lib/jvm/java-7-openjdk-amd64/jre/lib/amd64/libawt.so
7f6ceaeb2000-7f6ceb0b1000 ---p 000a2000 08:06 6192763                    /usr/lib/jvm/java-7-openjdk-amd64/jre/lib/amd64/libawt.so
7f6ceb0b1000-7f6ceb0b2000 r--p 000a1000 08:06 6192763                    /usr/lib/jvm/java-7-openjdk-amd64/jre/lib/amd64/libawt.so
7f6ceb0b2000-7f6ceb0bd000 rw-p 000a2000 08:06 6192763                    /usr/lib/jvm/java-7-openjdk-amd64/jre/lib/amd64/libawt.so
7f6ceb0bd000-7f6ceb0e2000 rw-p 00000000 00:00 0 
7f6ceb0e8000-7f6ceb10c000 r-xp 00000000 08:06 2621472                    /tmp/libgdxabaratham/9865f060/libgdx64.so
7f6ceb10c000-7f6ceb30c000 ---p 00024000 08:06 2621472                    /tmp/libgdxabaratham/9865f060/libgdx64.so
7f6ceb30c000-7f6ceb30d000 r--p 00024000 08:06 2621472                    /tmp/libgdxabaratham/9865f060/libgdx64.so
7f6ceb30d000-7f6ceb30e000 rw-p 00025000 08:06 2621472                    /tmp/libgdxabaratham/9865f060/libgdx64.so
7f6ceb313000-7f6ceb314000 ---p 00000000 00:00 0 
7f6ceb314000-7f6ceb414000 rw-p 00000000 00:00 0                          [stack:2482]
7f6ceb414000-7f6ceb417000 ---p 00000000 00:00 0 
7f6ceb417000-7f6ceb515000 rw-p 00000000 00:00 0                          [stack:2481]
7f6ceb515000-7f6ceb518000 ---p 00000000 00:00 0 
7f6ceb518000-7f6ceb616000 rw-p 00000000 00:00 0                          [stack:2480]
7f6ceb616000-7f6ceb619000 ---p 00000000 00:00 0 
7f6ceb619000-7f6ceb717000 rw-p 00000000 00:00 0                          [stack:2479]
7f6ceb717000-7f6ceb71a000 ---p 00000000 00:00 0 
7f6ceb71a000-7f6ceb818000 rw-p 00000000 00:00 0                          [stack:2478]
7f6ceb818000-7f6cebefc000 r--p 00000000 08:06 4987195                    /usr/lib/locale/locale-archive
7f6cebeff000-7f6cebf02000 ---p 00000000 00:00 0 
7f6cebf02000-7f6cec000000 rw-p 00000000 00:00 0                          [stack:2477]
7f6cec000000-7f6cec021000 rw-p 00000000 00:00 0 
7f6cec021000-7f6cf0000000 ---p 00000000 00:00 0 
7f6cf002d000-7f6cf002e000 rw-s 00005000 00:05 9003                       /dev/ati/card0
7f6cf0032000-7f6cf0034000 rw-s 00002000 00:05 9003                       /dev/ati/card0
7f6cf0038000-7f6cf003f000 r--s 00000000 08:06 5244924                    /usr/lib/x86_64-linux-gnu/gconv/gconv-modules.cache
7f6cf0040000-7f6cf004a000 r--s 000b8000 08:06 6035327                    /usr/lib/jvm/java-7-openjdk-amd64/jre/lib/resources.jar
7f6cf004c000-7f6cf0051000 r--s 0004c000 08:06 6035329                    /usr/lib/jvm/java-7-openjdk-amd64/jre/lib/jsse.jar
7f6cf0051000-7f6cf0052000 r--s 00001000 08:06 21234600                   /home/abaratham/.m2/repository/net/java/jutils/jutils/1.0.0/jutils-1.0.0.jar
7f6cf0057000-7f6cf005b000 r--s 0002f000 08:06 21234599                   /home/abaratham/.m2/repository/net/java/jinput/jinput/2.0.5/jinput-2.0.5.jar
7f6cf005d000-7f6cf005e000 r--s 00025000 08:06 21234602                   /home/abaratham/.m2/repository/net/java/jinput/jinput-platform/2.0.5/jinput-platform-2.0.5-natives-windows.jar
7f6cf0062000-7f6cf0063000 r--s 00002000 08:06 21234603                   /home/abaratham/.m2/repository/net/java/jinput/jinput-platform/2.0.5/jinput-platform-2.0.5-natives-osx.jar
7f6cf006a000-7f6cf006b000 r--s 00002000 08:06 21234601                   /home/abaratham/.m2/repository/net/java/jinput/jinput-platform/2.0.5/jinput-platform-2.0.5-natives-linux.jar
7f6cf006f000-7f6cf0073000 r--s 00027000 08:06 2623141                    /home/abaratham/.gradle/caches/modules-2/files-2.1/org.lwjgl.lwjgl/lwjgl_util/2.9.1/290d7ba8a1bd9566f5ddf16ad06f09af5ec9b20e/lwjgl_util-2.9.1.jar
7f6cf007a000-7f6cf0088000 r--s 000ea000 08:06 2623140                    /home/abaratham/.gradle/caches/modules-2/files-2.1/org.lwjgl.lwjgl/lwjgl/2.9.1/f58c5aabcef0e41718a564be9f8e412fff8db847/lwjgl-2.9.1.jar
7f6cf008b000-7f6cf008c000 r--s 0008b000 08:06 2623137                    /home/abaratham/.gradle/caches/modules-2/files-2.1/org.lwjgl.lwjgl/lwjgl-platform/2.9.1/aa9aae879af8eb378e22cfc64db56ec2ca9a44d1/lwjgl-platform-2.9.1-natives-linux.jar
7f6cf008d000-7f6cf008e000 r--s 00095000 08:06 2623139                    /home/abaratham/.gradle/caches/modules-2/files-2.1/org.lwjgl.lwjgl/lwjgl-platform/2.9.1/4c517eca808522457dd95ee8fc1fbcdbb602efbe/lwjgl-platform-2.9.1-natives-windows.jar
7f6cf0090000-7f6cf0091000 r--s 00080000 08:06 2623138                    /home/abaratham/.gradle/caches/modules-2/files-2.1/org.lwjgl.lwjgl/lwjgl-platform/2.9.1/2d12c83fdfbc04ecabf02c7bc8cc54d034f0daac/lwjgl-platform-2.9.1-natives-osx.jar
7f6cf0097000-7f6cf0099000 r--s 00017000 08:06 2623143                    /home/abaratham/.gradle/caches/modules-2/files-2.1/org.jcraft/jorbis/0.0.17/8872d22b293e8f5d7d56ff92be966e6dc28ebdc6/jorbis-0.0.17.jar
7f6cf009d000-7f6cf009e000 r--s 00015000 08:06 2623142                    /home/abaratham/.gradle/caches/modules-2/files-2.1/com.badlogicgames.jlayer/jlayer/1.0.1-gdx/7cca83cec5c1b2f011362f4d85aabd71a73b049d/jlayer-1.0.1-gdx.jar
7f6cf00a5000-7f6cf00a6000 r--s 00085000 08:06 2623135                    /home/abaratham/.gradle/caches/modules-2/files-2.1/com.badlogicgames.gdx/gdx-platform/1.0.0/7f7c2b5bae73c9b4afe3a9fc937a6b0934022896/gdx-platform-1.0.0-natives-desktop.jar
7f6cf00a7000-7f6cf00aa000 r--s 0001f000 08:06 2623134                    /home/abaratham/.gradle/caches/modules-2/files-2.1/com.badlogicgames.gdx/gdx-backend-lwjgl/1.0.0/7db646e37cce669e5e742e4413dd2b00084baad3/gdx-backend-lwjgl-1.0.0.jar
7f6cf00ab000-7f6cf00ae000 r--s 0000b000 08:06 1836944                    /home/abaratham/Desktop/Libgdx Gradle/core/build/libs/tween-engine-api.jar
7f6cf00ae000-7f6cf00c3000 r--s 0014e000 08:06 2623020                    /home/abaratham/.gradle/caches/modules-2/files-2.1/com.badlogicgames.gdx/gdx/1.0.0/89c474852f0c0b701ebf0e11c176166eec56c0fa/gdx-1.0.0.jar
7f6cf00c7000-7f6cf00c9000 r--s 0000f000 08:06 2623021                    /home/abaratham/.gradle/caches/modules-2/files-2.1/com.badlogicgames.gdx/gdx-box2d/1.0.0/4e3e9721d888e440cfc541e011ada658ffac5d8a/gdx-box2d-1.0.0.jar
7f6cf00cb000-7f6cf00cf000 r--s 0003b000 08:06 6035324                    /usr/lib/jvm/java-7-openjdk-amd64/jre/lib/ext/sunpkcs11.jar
7f6cf00d0000-7f6cf00d3000 ---p 00000000 00:00 0 
7f6cf00d3000-7f6cf01d1000 rw-p 00000000 00:00 0                          [stack:2476]
7f6cf01d1000-7f6cf01d2000 ---p 00000000 00:00 0 
7f6cf01d2000-7f6cf4000000 rw-p 00000000 00:00 0                          [stack:2475]
7f6cf4000000-7f6cf4021000 rw-p 00000000 00:00 0 
7f6cf4021000-7f6cf8000000 ---p 00000000 00:00 0 
7f6cf8000000-7f6cf8021000 rw-p 00000000 00:00 0 
7f6cf8021000-7f6cfc000000 ---p 00000000 00:00 0 
7f6cfc000000-7f6cfc021000 rw-p 00000000 00:00 0 
7f6cfc021000-7f6d00000000 ---p 00000000 00:00 0 
7f6d00000000-7f6d00021000 rw-p 00000000 00:00 0 
7f6d00021000-7f6d04000000 ---p 00000000 00:00 0 
7f6d04007000-7f6d041d4000 rw-p 00000000 00:00 0 
7f6d041d4000-7f6d04382000 r--s 01cf4000 08:06 6035316                    /usr/lib/jvm/java-7-openjdk-amd64/jre/lib/rt.jar
7f6d04386000-7f6d04749000 rw-p 00000000 00:00 0 
7f6d04749000-7f6d0474a000 ---p 00000000 00:00 0 
7f6d0474a000-7f6d0484a000 rw-p 00000000 00:00 0                          [stack:2474]
7f6d0484a000-7f6d0484b000 ---p 00000000 00:00 0 
7f6d0484b000-7f6d0494b000 rw-p 00000000 00:00 0                          [stack:2473]
7f6d0494b000-7f6d0494c000 ---p 00000000 00:00 0 
7f6d0494c000-7f6d04a4c000 rw-p 00000000 00:00 0                          [stack:2472]
7f6d04a4c000-7f6d04a4d000 ---p 00000000 00:00 0 
7f6d04a4d000-7f6d04b69000 rw-p 00000000 00:00 0                          [stack:2471]
7f6d04b69000-7f6d04d0d000 rw-p 00000000 00:00 0 
7f6d04d0d000-7f6d04d18000 rw-p 00000000 00:00 0 
7f6d04d18000-7f6d04d60000 rw-p 00000000 00:00 0 
7f6d04d60000-7f6d04d7c000 rw-p 00000000 00:00 0 
7f6d04d7c000-7f6d04f1f000 rw-p 00000000 00:00 0 
7f6d04f1f000-7f6d04f2e000 rw-p 00000000 00:00 0 
7f6d04f2e000-7f6d04fff000 rw-p 00000000 00:00 0 
7f6d04fff000-7f6d05000000 rw-p 00000000 00:00 0 
7f6d05000000-7f6d05270000 rwxp 00000000 00:00 0 
7f6d05270000-7f6d082c8000 rw-p 00000000 00:00 0 
7f6d082c8000-7f6d0c000000 ---p 00000000 00:00 0 
7f6d0c002000-7f6d0c005000 r--s 00032000 08:06 6035322                    /usr/lib/jvm/java-7-openjdk-amd64/jre/lib/ext/sunjce_provider.jar
7f6d0c00a000-7f6d0c00c000 r--s 00012000 08:06 6035321                    /usr/lib/jvm/java-7-openjdk-amd64/jre/lib/ext/zipfs.jar
7f6d0c00d000-7f6d0c011000 r--s 00085000 08:06 6035323                    /usr/lib/jvm/java-7-openjdk-amd64/jre/lib/ext/localedata.jar
7f6d0c017000-7f6d0c019000 r--s 0000f000 08:06 6035320                    /usr/lib/jvm/java-7-openjdk-amd64/jre/lib/ext/pulse-java.jar
7f6d0c01c000-7f6d0c070000 rw-p 00000000 00:00 0 
7f6d0c070000-7f6d0c0b8000 rw-p 00000000 00:00 0 
7f6d0c0b8000-7f6d0c0c0000 r-xp 00000000 08:06 6192744                    /usr/lib/jvm/java-7-openjdk-amd64/jre/lib/amd64/libzip.so
7f6d0c0c0000-7f6d0c2bf000 ---p 00008000 08:06 6192744                    /usr/lib/jvm/java-7-openjdk-amd64/jre/lib/amd64/libzip.so
7f6d0c2bf000-7f6d0c2c0000 r--p 00007000 08:06 6192744                    /usr/lib/jvm/java-7-openjdk-amd64/jre/lib/amd64/libzip.so
7f6d0c2c0000-7f6d0c2c1000 rw-p 00008000 08:06 6192744                    /usr/lib/jvm/java-7-openjdk-amd64/jre/lib/amd64/libzip.so
7f6d0c2c8000-7f6d0c2d4000 r-xp 00000000 08:06 2887553                    /lib/x86_64-linux-gnu/libnss_files-2.15.so
7f6d0c2d4000-7f6d0c4d3000 ---p 0000c000 08:06 2887553                    /lib/x86_64-linux-gnu/libnss_files-2.15.so
7f6d0c4d3000-7f6d0c4d4000 r--p 0000b000 08:06 2887553                    /lib/x86_64-linux-gnu/libnss_files-2.15.so
7f6d0c4d4000-7f6d0c4d5000 rw-p 0000c000 08:06 2887553                    /lib/x86_64-linux-gnu/libnss_files-2.15.so
7f6d0c4d8000-7f6d0c4e2000 r-xp 00000000 08:06 2887557                    /lib/x86_64-linux-gnu/libnss_nis-2.15.so
7f6d0c4e2000-7f6d0c6e2000 ---p 0000a000 08:06 2887557                    /lib/x86_64-linux-gnu/libnss_nis-2.15.so
7f6d0c6e2000-7f6d0c6e3000 r--p 0000a000 08:06 2887557                    /lib/x86_64-linux-gnu/libnss_nis-2.15.so
7f6d0c6e3000-7f6d0c6e4000 rw-p 0000b000 08:06 2887557                    /lib/x86_64-linux-gnu/libnss_nis-2.15.so
7f6d0c6e8000-7f6d0c6ff000 r-xp 00000000 08:06 2887547                    /lib/x86_64-linux-gnu/libnsl-2.15.so
7f6d0c6ff000-7f6d0c8fe000 ---p 00017000 08:06 2887547                    /lib/x86_64-linux-gnu/libnsl-2.15.so
7f6d0c8fe000-7f6d0c8ff000 r--p 00016000 08:06 2887547                    /lib/x86_64-linux-gnu/libnsl-2.15.so
7f6d0c8ff000-7f6d0c900000 rw-p 00017000 08:06 2887547                    /lib/x86_64-linux-gnu/libnsl-2.15.so
7f6d0c900000-7f6d0c902000 rw-p 00000000 00:00 0 
7f6d0c908000-7f6d0c910000 r-xp 00000000 08:06 2887549                    /lib/x86_64-linux-gnu/libnss_compat-2.15.so
7f6d0c910000-7f6d0cb0f000 ---p 00008000 08:06 2887549                    /lib/x86_64-linux-gnu/libnss_compat-2.15.so
7f6d0cb0f000-7f6d0cb10000 r--p 00007000 08:06 2887549                    /lib/x86_64-linux-gnu/libnss_compat-2.15.so
7f6d0cb10000-7f6d0cb11000 rw-p 00008000 08:06 2887549                    /lib/x86_64-linux-gnu/libnss_compat-2.15.so
7f6d0cb18000-7f6d0cb41000 r-xp 00000000 08:06 6192737                    /usr/lib/jvm/java-7-openjdk-amd64/jre/lib/amd64/libjava.so
7f6d0cb41000-7f6d0cd40000 ---p 00029000 08:06 6192737                    /usr/lib/jvm/java-7-openjdk-amd64/jre/lib/amd64/libjava.so
7f6d0cd40000-7f6d0cd41000 r--p 00028000 08:06 6192737                    /usr/lib/jvm/java-7-openjdk-amd64/jre/lib/amd64/libjava.so
7f6d0cd41000-7f6d0cd43000 rw-p 00029000 08:06 6192737                    /usr/lib/jvm/java-7-openjdk-amd64/jre/lib/amd64/libjava.so
7f6d0cd48000-7f6d0cd56000 r-xp 00000000 08:06 6192769                    /usr/lib/jvm/java-7-openjdk-amd64/jre/lib/amd64/libverify.so
7f6d0cd56000-7f6d0cf55000 ---p 0000e000 08:06 6192769                    /usr/lib/jvm/java-7-openjdk-amd64/jre/lib/amd64/libverify.so
7f6d0cf55000-7f6d0cf57000 r--p 0000d000 08:06 6192769                    /usr/lib/jvm/java-7-openjdk-amd64/jre/lib/amd64/libverify.so
7f6d0cf57000-7f6d0cf58000 rw-p 0000f000 08:06 6192769                    /usr/lib/jvm/java-7-openjdk-amd64/jre/lib/amd64/libverify.so
7f6d0cf58000-7f6d0cf5f000 r-xp 00000000 08:06 2887588                    /lib/x86_64-linux-gnu/librt-2.15.so
7f6d0cf5f000-7f6d0d15e000 ---p 00007000 08:06 2887588                    /lib/x86_64-linux-gnu/librt-2.15.so
7f6d0d15e000-7f6d0d15f000 r--p 00006000 08:06 2887588                    /lib/x86_64-linux-gnu/librt-2.15.so
7f6d0d15f000-7f6d0d160000 rw-p 00007000 08:06 2887588                    /lib/x86_64-linux-gnu/librt-2.15.so
7f6d0d160000-7f6d0d175000 r-xp 00000000 08:06 2887523                    /lib/x86_64-linux-gnu/libgcc_s.so.1
7f6d0d175000-7f6d0d374000 ---p 00015000 08:06 2887523                    /lib/x86_64-linux-gnu/libgcc_s.so.1
7f6d0d374000-7f6d0d375000 r--p 00014000 08:06 2887523                    /lib/x86_64-linux-gnu/libgcc_s.so.1
7f6d0d375000-7f6d0d376000 rw-p 00015000 08:06 2887523                    /lib/x86_64-linux-gnu/libgcc_s.so.1
7f6d0d378000-7f6d0d473000 r-xp 00000000 08:06 2887534                    /lib/x86_64-linux-gnu/libm-2.15.so
7f6d0d473000-7f6d0d672000 ---p 000fb000 08:06 2887534                    /lib/x86_64-linux-gnu/libm-2.15.so
7f6d0d672000-7f6d0d673000 r--p 000fa000 08:06 2887534                    /lib/x86_64-linux-gnu/libm-2.15.so
7f6d0d673000-7f6d0d674000 rw-p 000fb000 08:06 2887534                    /lib/x86_64-linux-gnu/libm-2.15.so
7f6d0d678000-7f6d0d75a000 r-xp 00000000 08:06 4988391                    /usr/lib/x86_64-linux-gnu/libstdc++.so.6.0.16
7f6d0d75a000-7f6d0d959000 ---p 000e2000 08:06 4988391                    /usr/lib/x86_64-linux-gnu/libstdc++.so.6.0.16
7f6d0d959000-7f6d0d961000 r--p 000e1000 08:06 4988391                    /usr/lib/x86_64-linux-gnu/libstdc++.so.6.0.16
7f6d0d961000-7f6d0d963000 rw-p 000e9000 08:06 4988391                    /usr/lib/x86_64-linux-gnu/libstdc++.so.6.0.16
7f6d0d963000-7f6d0d978000 rw-p 00000000 00:00 0 
7f6d0d978000-7f6d0e433000 r-xp 00000000 08:06 6303865                    /usr/lib/jvm/java-7-openjdk-amd64/jre/lib/amd64/server/libjvm.so
7f6d0e433000-7f6d0e633000 ---p 00abb000 08:06 6303865                    /usr/lib/jvm/java-7-openjdk-amd64/jre/lib/amd64/server/libjvm.so
7f6d0e633000-7f6d0e6cb000 r--p 00abb000 08:06 6303865                    /usr/lib/jvm/java-7-openjdk-amd64/jre/lib/amd64/server/libjvm.so
7f6d0e6cb000-7f6d0e6ee000 rw-p 00b53000 08:06 6303865                    /usr/lib/jvm/java-7-openjdk-amd64/jre/lib/amd64/server/libjvm.so
7f6d0e6ee000-7f6d0e71b000 rw-p 00000000 00:00 0 
7f6d0e720000-7f6d0e736000 r-xp 00000000 08:06 2887613                    /lib/x86_64-linux-gnu/libz.so.1.2.3.4
7f6d0e736000-7f6d0e935000 ---p 00016000 08:06 2887613                    /lib/x86_64-linux-gnu/libz.so.1.2.3.4
7f6d0e935000-7f6d0e936000 r--p 00015000 08:06 2887613                    /lib/x86_64-linux-gnu/libz.so.1.2.3.4
7f6d0e936000-7f6d0e937000 rw-p 00016000 08:06 2887613                    /lib/x86_64-linux-gnu/libz.so.1.2.3.4
7f6d0e938000-7f6d0e950000 r-xp 00000000 08:06 2887582                    /lib/x86_64-linux-gnu/libpthread-2.15.so
7f6d0e950000-7f6d0eb4f000 ---p 00018000 08:06 2887582                    /lib/x86_64-linux-gnu/libpthread-2.15.so
7f6d0eb4f000-7f6d0eb50000 r--p 00017000 08:06 2887582                    /lib/x86_64-linux-gnu/libpthread-2.15.so
7f6d0eb50000-7f6d0eb51000 rw-p 00018000 08:06 2887582                    /lib/x86_64-linux-gnu/libpthread-2.15.so
7f6d0eb51000-7f6d0eb55000 rw-p 00000000 00:00 0 
7f6d0eb58000-7f6d0eb5a000 r-xp 00000000 08:06 2887515                    /lib/x86_64-linux-gnu/libdl-2.15.so
7f6d0eb5a000-7f6d0ed5a000 ---p 00002000 08:06 2887515                    /lib/x86_64-linux-gnu/libdl-2.15.so
7f6d0ed5a000-7f6d0ed5b000 r--p 00002000 08:06 2887515                    /lib/x86_64-linux-gnu/libdl-2.15.so
7f6d0ed5b000-7f6d0ed5c000 rw-p 00003000 08:06 2887515                    /lib/x86_64-linux-gnu/libdl-2.15.so
7f6d0ed60000-7f6d0ef15000 r-xp 00000000 08:06 2887502                    /lib/x86_64-linux-gnu/libc-2.15.so
7f6d0ef15000-7f6d0f115000 ---p 001b5000 08:06 2887502                    /lib/x86_64-linux-gnu/libc-2.15.so
7f6d0f115000-7f6d0f119000 r--p 001b5000 08:06 2887502                    /lib/x86_64-linux-gnu/libc-2.15.so
7f6d0f119000-7f6d0f11b000 rw-p 001b9000 08:06 2887502                    /lib/x86_64-linux-gnu/libc-2.15.so
7f6d0f11b000-7f6d0f120000 rw-p 00000000 00:00 0 
7f6d0f120000-7f6d0f12d000 r-xp 00000000 08:06 6303971                    /usr/lib/jvm/java-7-openjdk-amd64/jre/lib/amd64/jli/libjli.so
7f6d0f12d000-7f6d0f32c000 ---p 0000d000 08:06 6303971                    /usr/lib/jvm/java-7-openjdk-amd64/jre/lib/amd64/jli/libjli.so
7f6d0f32c000-7f6d0f32d000 r--p 0000c000 08:06 6303971                    /usr/lib/jvm/java-7-openjdk-amd64/jre/lib/amd64/jli/libjli.so
7f6d0f32d000-7f6d0f32e000 rw-p 0000d000 08:06 6303971                    /usr/lib/jvm/java-7-openjdk-amd64/jre/lib/amd64/jli/libjli.so
7f6d0f330000-7f6d0f352000 r-xp 00000000 08:06 2887482                    /lib/x86_64-linux-gnu/ld-2.15.so
7f6d0f355000-7f6d0f356000 r--s 000dd000 08:06 2623136                    /home/abaratham/.gradle/caches/modules-2/files-2.1/com.badlogicgames.gdx/gdx-box2d-platform/1.0.0/350a00f887adc5505517003be2a0c111303c574b/gdx-box2d-platform-1.0.0-natives-desktop.jar
7f6d0f35a000-7f6d0f35b000 r--s 00002000 08:06 6035325                    /usr/lib/jvm/java-7-openjdk-amd64/jre/lib/ext/dnsns.jar
7f6d0f35f000-7f6d0f360000 r--s 00007000 08:06 5250426                    /usr/share/java/java-atk-wrapper.jar
7f6d0f362000-7f6d0f38a000 rw-p 00000000 00:00 0 
7f6d0f38a000-7f6d0f440000 rw-p 00000000 00:00 0 
7f6d0f440000-7f6d0f448000 rw-s 00000000 08:06 2621467                    /tmp/hsperfdata_abaratham/2465
7f6d0f44c000-7f6d0f44e000 rw-p 00000000 00:00 0 
7f6d0f44e000-7f6d0f44f000 r--p 00000000 00:00 0 
7f6d0f44f000-7f6d0f452000 ---p 00000000 00:00 0 
7f6d0f452000-7f6d0f552000 rw-p 00000000 00:00 0                          [stack:2470]
7f6d0f552000-7f6d0f553000 r--p 00022000 08:06 2887482                    /lib/x86_64-linux-gnu/ld-2.15.so
7f6d0f553000-7f6d0f555000 rw-p 00023000 08:06 2887482                    /lib/x86_64-linux-gnu/ld-2.15.so
7f6d0f555000-7f6d0f55a000 rw-p 00000000 00:00 0 
7fff2a48d000-7fff2a4af000 rw-p 00000000 00:00 0                          [stack]
7fff2a5a8000-7fff2a5aa000 r-xp 00000000 00:00 0                          [vdso]
ffffffffff600000-ffffffffff601000 r-xp 00000000 00:00 0                  [vsyscall]

VM Arguments:
jvm_args: -Dfile.encoding=UTF-8 
java_command: anandgames.gravity.desktop.DesktopLauncher
Launcher Type: SUN_STANDARD

Environment Variables:
PATH=/opt/OpenPrinting-Gutenprint/sbin:/opt/OpenPrinting-Gutenprint/bin:/usr/lib/lightdm/lightdm:/usr/local/sbin:/usr/local/bin:/usr/sbin:/usr/bin:/sbin:/bin:/usr/games
SHELL=/bin/bash
DISPLAY=:0.0

Signal Handlers:
SIGSEGV: [libjvm.so+0x8f6d70], sa_mask[0]=0x7ffbfeff, sa_flags=0x10000004
SIGBUS: [libjvm.so+0x8f6d70], sa_mask[0]=0x7ffbfeff, sa_flags=0x10000004
SIGFPE: [libjvm.so+0x77aeb0], sa_mask[0]=0x7ffbfeff, sa_flags=0x10000004
SIGPIPE: [libjvm.so+0x77aeb0], sa_mask[0]=0x7ffbfeff, sa_flags=0x10000004
SIGXFSZ: [libjvm.so+0x77aeb0], sa_mask[0]=0x7ffbfeff, sa_flags=0x10000004
SIGILL: [libjvm.so+0x77aeb0], sa_mask[0]=0x7ffbfeff, sa_flags=0x10000004
SIGUSR1: SIG_DFL, sa_mask[0]=0x00000000, sa_flags=0x00000000
SIGUSR2: [libjvm.so+0x77b130], sa_mask[0]=0x00000004, sa_flags=0x10000004
SIGHUP: [libjvm.so+0x77b2a0], sa_mask[0]=0x7ffbfeff, sa_flags=0x10000004
SIGINT: [libjvm.so+0x77b2a0], sa_mask[0]=0x7ffbfeff, sa_flags=0x10000004
SIGTERM: [libjvm.so+0x77b2a0], sa_mask[0]=0x7ffbfeff, sa_flags=0x10000004
SIGQUIT: [libjvm.so+0x77b2a0], sa_mask[0]=0x7ffbfeff, sa_flags=0x10000004


---------------  S Y S T E M  ---------------

OS:Ubuntu 12.04 (precise)
uname:Linux 3.11.0-17-generic #31~precise1-Ubuntu SMP Tue Feb 4 21:25:43 UTC 2014 x86_64
libc:glibc 2.15 NPTL 2.15 
rlimit: STACK 8192k, CORE 0k, NPROC 42396, NOFILE 4096, AS infinity
load average:1.10 1.15 0.52

/proc/meminfo:
MemTotal:        5493904 kB
MemFree:         3465284 kB
Buffers:           54424 kB
Cached:           604844 kB
SwapCached:            0 kB
Active:          1239060 kB
Inactive:         488440 kB
Active(anon):    1069012 kB
Inactive(anon):     1460 kB
Active(file):     170048 kB
Inactive(file):   486980 kB
Unevictable:          16 kB
Mlocked:              16 kB
SwapTotal:       5731324 kB
SwapFree:        5731324 kB
Dirty:              1144 kB
Writeback:             0 kB
AnonPages:       1068168 kB
Mapped:           233140 kB
Shmem:              2244 kB
Slab:              70592 kB
SReclaimable:      44396 kB
SUnreclaim:        26196 kB
KernelStack:        3448 kB
PageTables:        28352 kB
NFS_Unstable:          0 kB
Bounce:                0 kB
WritebackTmp:          0 kB
CommitLimit:     8478276 kB
Committed_AS:    3075524 kB
VmallocTotal:   34359738367 kB
VmallocUsed:      182664 kB
VmallocChunk:   34359553276 kB
HardwareCorrupted:     0 kB
AnonHugePages:         0 kB
HugePages_Total:       0
HugePages_Free:        0
HugePages_Rsvd:        0
HugePages_Surp:        0
Hugepagesize:       2048 kB
DirectMap4k:      160508 kB
DirectMap2M:     4528128 kB
DirectMap1G:     1048576 kB


CPU:total 4 (4 cores per cpu, 1 threads per core) family 21 model 16 stepping 1, cmov, cx8, fxsr, mmx, sse, sse2, sse3, ssse3, sse4.1, sse4.2, popcnt, avx, aes, mmxext, 3dnowpref, lzcnt, sse4a, tsc, tscinvbit, tscinv

/proc/cpuinfo:
processor	: 0
vendor_id	: AuthenticAMD
cpu family	: 21
model		: 16
model name	: AMD A10-4600M APU with Radeon(tm) HD Graphics
stepping	: 1
microcode	: 0x6001116
cpu MHz		: 1400.000
cache size	: 2048 KB
physical id	: 0
siblings	: 4
core id		: 0
cpu cores	: 2
apicid		: 16
initial apicid	: 0
fpu		: yes
fpu_exception	: yes
cpuid level	: 13
wp		: yes
flags		: fpu vme de pse tsc msr pae mce cx8 apic sep mtrr pge mca cmov pat pse36 clflush mmx fxsr sse sse2 ht syscall nx mmxext fxsr_opt pdpe1gb rdtscp lm constant_tsc rep_good nopl nonstop_tsc extd_apicid aperfmperf pni pclmulqdq monitor ssse3 fma cx16 sse4_1 sse4_2 popcnt aes xsave avx f16c lahf_lm cmp_legacy svm extapic cr8_legacy abm sse4a misalignsse 3dnowprefetch osvw ibs xop skinit wdt lwp fma4 tce nodeid_msr tbm topoext perfctr_core perfctr_nb arat cpb hw_pstate npt lbrv svm_lock nrip_save tsc_scale vmcb_clean flushbyasid decodeassists pausefilter pfthreshold bmi1
bogomips	: 4591.12
TLB size	: 1536 4K pages
clflush size	: 64
cache_alignment	: 64
address sizes	: 48 bits physical, 48 bits virtual
power management: ts ttp tm 100mhzsteps hwpstate cpb eff_freq_ro

processor	: 1
vendor_id	: AuthenticAMD
cpu family	: 21
model		: 16
model name	: AMD A10-4600M APU with Radeon(tm) HD Graphics  
stepping	: 1
microcode	: 0x6001116
cpu MHz		: 1400.000
cache size	: 2048 KB
physical id	: 0
siblings	: 4
core id		: 1
cpu cores	: 2
apicid		: 17
initial apicid	: 1
fpu		: yes
fpu_exception	: yes
cpuid level	: 13
wp		: yes
flags		: fpu vme de pse tsc msr pae mce cx8 apic sep mtrr pge mca cmov pat pse36 clflush mmx fxsr sse sse2 ht syscall nx mmxext fxsr_opt pdpe1gb rdtscp lm constant_tsc rep_good nopl nonstop_tsc extd_apicid aperfmperf pni pclmulqdq monitor ssse3 fma cx16 sse4_1 sse4_2 popcnt aes xsave avx f16c lahf_lm cmp_legacy svm extapic cr8_legacy abm sse4a misalignsse 3dnowprefetch osvw ibs xop skinit wdt lwp fma4 tce nodeid_msr tbm topoext perfctr_core perfctr_nb arat cpb hw_pstate npt lbrv svm_lock nrip_save tsc_scale vmcb_clean flushbyasid decodeassists pausefilter pfthreshold bmi1
bogomips	: 4591.12
TLB size	: 1536 4K pages
clflush size	: 64
cache_alignment	: 64
address sizes	: 48 bits physical, 48 bits virtual
power management: ts ttp tm 100mhzsteps hwpstate cpb eff_freq_ro

processor	: 2
vendor_id	: AuthenticAMD
cpu family	: 21
model		: 16
model name	: AMD A10-4600M APU with Radeon(tm) HD Graphics  
stepping	: 1
microcode	: 0x6001116
cpu MHz		: 1400.000
cache size	: 2048 KB
physical id	: 0
siblings	: 4
core id		: 2
cpu cores	: 2
apicid		: 18
initial apicid	: 2
fpu		: yes
fpu_exception	: yes
cpuid level	: 13
wp		: yes
flags		: fpu vme de pse tsc msr pae mce cx8 apic sep mtrr pge mca cmov pat pse36 clflush mmx fxsr sse sse2 ht syscall nx mmxext fxsr_opt pdpe1gb rdtscp lm constant_tsc rep_good nopl nonstop_tsc extd_apicid aperfmperf pni pclmulqdq monitor ssse3 fma cx16 sse4_1 sse4_2 popcnt aes xsave avx f16c lahf_lm cmp_legacy svm extapic cr8_legacy abm sse4a misalignsse 3dnowprefetch osvw ibs xop skinit wdt lwp fma4 tce nodeid_msr tbm topoext perfctr_core perfctr_nb arat cpb hw_pstate npt lbrv svm_lock nrip_save tsc_scale vmcb_clean flushbyasid decodeassists pausefilter pfthreshold bmi1
bogomips	: 4591.12
TLB size	: 1536 4K pages
clflush size	: 64
cache_alignment	: 64
address sizes	: 48 bits physical, 48 bits virtual
power management: ts ttp tm 100mhzsteps hwpstate cpb eff_freq_ro

processor	: 3
vendor_id	: AuthenticAMD
cpu family	: 21
model		: 16
model name	: AMD A10-4600M APU with Radeon(tm) HD Graphics  
stepping	: 1
microcode	: 0x6001116
cpu MHz		: 2300.000
cache size	: 2048 KB
physical id	: 0
siblings	: 4
core id		: 3
cpu cores	: 2
apicid		: 19
initial apicid	: 3
fpu		: yes
fpu_exception	: yes
cpuid level	: 13
wp		: yes
flags		: fpu vme de pse tsc msr pae mce cx8 apic sep mtrr pge mca cmov pat pse36 clflush mmx fxsr sse sse2 ht syscall nx mmxext fxsr_opt pdpe1gb rdtscp lm constant_tsc rep_good nopl nonstop_tsc extd_apicid aperfmperf pni pclmulqdq monitor ssse3 fma cx16 sse4_1 sse4_2 popcnt aes xsave avx f16c lahf_lm cmp_legacy svm extapic cr8_legacy abm sse4a misalignsse 3dnowprefetch osvw ibs xop skinit wdt lwp fma4 tce nodeid_msr tbm topoext perfctr_core perfctr_nb arat cpb hw_pstate npt lbrv svm_lock nrip_save tsc_scale vmcb_clean flushbyasid decodeassists pausefilter pfthreshold bmi1
bogomips	: 4591.12
TLB size	: 1536 4K pages
clflush size	: 64
cache_alignment	: 64
address sizes	: 48 bits physical, 48 bits virtual
power management: ts ttp tm 100mhzsteps hwpstate cpb eff_freq_ro



Memory: 4k page, physical 5493904k(3465284k free), swap 5731324k(5731324k free)

vm_info: OpenJDK 64-Bit Server VM (24.45-b08) for linux-amd64 JRE (1.7.0_51-b00), built on Jan 16 2014 18:37:59 by "buildd" with gcc 4.6.3

time: Fri May 16 23:33:17 2014
elapsed time: 1 seconds

