#
# A fatal error has been detected by the Java Runtime Environment:
#
#  SIGSEGV (0xb) at pc=0x00007ff5edc8e800, pid=6823, tid=140694253623040
#
# JRE version: OpenJDK Runtime Environment (7.0_51) (build 1.7.0_51-b00)
# Java VM: OpenJDK 64-Bit Server VM (24.45-b08 mixed mode linux-amd64 compressed oops)
# Problematic frame:
# C  [fglrx_dri.so+0x11ce800]  ukiCreateContext+0x11ce800
#
# Failed to write core dump. Core dumps have been disabled. To enable core dumping, try "ulimit -c unlimited" before starting Java again
#
# If you would like to submit a bug report, please include
# instructions on how to reproduce the bug and visit:
#   http://icedtea.classpath.org/bugzilla
# The crash happened outside the Java Virtual Machine in native code.
# See problematic frame for where to report the bug.
#

---------------  T H R E A D  ---------------

Current thread (0x00007ff6342b5800):  JavaThread "LWJGL Application" [_thread_in_native, id=6846, stack(0x00007ff5eef25000,0x00007ff5ef026000)]

siginfo:si_signo=SIGSEGV: si_errno=0, si_code=1 (SEGV_MAPERR), si_addr=0x0000000000000000

Registers:
RAX=0x00007ff5ee990e50, RBX=0x00007ff5ee4ccdf8, RCX=0x0000000000000000, RDX=0x0000000000000000
RSP=0x00007ff5ef024228, RBP=0x00007ff5d8544100, RSI=0x00007ff5d8131130, RDI=0x00007ff5d897d110
R8 =0x00007ff5d8127f90, R9 =0x0000000000001abe, R10=0x0000000000000000, R11=0x0000000000000000
R12=0x00007ff5eeb594c0, R13=0xffffffffffffff68, R14=0xffffffffffffff68, R15=0x0000000000000001
RIP=0x00007ff5edc8e800, EFLAGS=0x0000000000010206, CSGSFS=0x0000000000000033, ERR=0x0000000000000004
  TRAPNO=0x000000000000000e

Top of Stack: (sp=0x00007ff5ef024228)
0x00007ff5ef024228:   00007ff5edc29624 00007ff5d8028580
0x00007ff5ef024238:   00007ff5d8135b20 0000000000000088
0x00007ff5ef024248:   0000000000000000 00007ff5d812b200
0x00007ff5ef024258:   00007ff5ee4ccdf8 00007ff5eeb594c0
0x00007ff5ef024268:   00007ff5eda167c9 0000000000000000
0x00007ff5ef024278:   0000000000000000 0000000000000000
0x00007ff5ef024288:   000002e800000525 0000000001000000
0x00007ff5ef024298:   00007ff500000000 0000000000000000
0x00007ff5ef0242a8:   000002d000000500 0000000000000003
0x00007ff5ef0242b8:   0000000000000000 0000000000000000
0x00007ff5ef0242c8:   00007ff5d8544100 0000000000000088
0x00007ff5ef0242d8:   00007ff5d812b200 00007ff5eeb594c0
0x00007ff5ef0242e8:   00007ff5eda363e6 00007ff6342b5800
0x00007ff5ef0242f8:   0000000000000000 0000000000000000
0x00007ff5ef024308:   00007ff5d81f44f0 0000000000000007
0x00007ff5ef024318:   0000000100000000 0000000000000000
0x00007ff5ef024328:   0000000000000000 0000000000000000
0x00007ff5ef024338:   00007ff500000000 0000000000000003
0x00007ff5ef024348:   0000000000000000 0000000000000000
0x00007ff5ef024358:   0000000000000000 00007ff600000000
0x00007ff5ef024368:   00007ff63405a2a8 00007ff6342b59d8
0x00007ff5ef024378:   00007ff5d8544100 00007ff5d8544100
0x00007ff5ef024388:   00007ff5d805dea0 000000000000022b
0x00007ff5ef024398:   00007ff5eeb4ebe8 ffffffffffffff68
0x00007ff5ef0243a8:   00007ff5eda10223 00007ff5ef024290
0x00007ff5ef0243b8:   0000003000000018 00007ff5ef024520
0x00007ff5ef0243c8:   00007ff5ef024440 00007ff5eeb052d8
0x00007ff5ef0243d8:   00007ff5d8544100 00007ff5d805dea0
0x00007ff5ef0243e8:   00007ff5eda15893 00007ff5d891c210
0x00007ff5ef0243f8:   00007ff5eeb052d8 00007ff5eeb052d8
0x00007ff5ef024408:   00007ff5d805dfc0 00007ff5d805dea0
0x00007ff5ef024418:   000000000000022b 00007ff5eeb4ebe8 

Instructions: (pc=0x00007ff5edc8e800)
0x00007ff5edc8e7e0:   48 89 c7 48 8b 00 89 de 4c 8b 98 d0 00 00 00 48
0x00007ff5edc8e7f0:   83 c4 30 5b 41 ff e3 90 90 90 90 90 90 90 90 90
0x00007ff5edc8e800:   48 8b 02 48 89 87 00 02 00 00 48 8b 42 08 48 89
0x00007ff5edc8e810:   87 08 02 00 00 b8 01 00 00 00 c3 90 90 90 90 90 

Register to memory mapping:

RAX=0x00007ff5ee990e50: <offset 0x1ed0e50> in /usr/lib/fglrx/dri/fglrx_dri.so at 0x00007ff5ecac0000
RBX=0x00007ff5ee4ccdf8: <offset 0x1a0cdf8> in /usr/lib/fglrx/dri/fglrx_dri.so at 0x00007ff5ecac0000
RCX=0x0000000000000000 is an unknown value
RDX=0x0000000000000000 is an unknown value
RSP=0x00007ff5ef024228 is pointing into the stack for thread: 0x00007ff6342b5800
RBP=0x00007ff5d8544100 is an unknown value
RSI=0x00007ff5d8131130 is an unknown value
RDI=0x00007ff5d897d110 is an unknown value
R8 =0x00007ff5d8127f90 is an unknown value
R9 =0x0000000000001abe is an unknown value
R10=0x0000000000000000 is an unknown value
R11=0x0000000000000000 is an unknown value
R12=0x00007ff5eeb594c0: <offset 0x20994c0> in /usr/lib/fglrx/dri/fglrx_dri.so at 0x00007ff5ecac0000
R13=0xffffffffffffff68 is an unknown value
R14=0xffffffffffffff68 is an unknown value
R15=0x0000000000000001 is an unknown value


Stack: [0x00007ff5eef25000,0x00007ff5ef026000],  sp=0x00007ff5ef024228,  free space=1020k
Native frames: (J=compiled Java code, j=interpreted, Vv=VM code, C=native code)
C  [fglrx_dri.so+0x11ce800]  ukiCreateContext+0x11ce800

Java frames: (J=compiled Java code, j=interpreted, Vv=VM code)
j  org.lwjgl.opengl.LinuxContextImplementation.nSwapBuffers(Ljava/nio/ByteBuffer;)V+0
j  org.lwjgl.opengl.LinuxContextImplementation.swapBuffers()V+38
j  org.lwjgl.opengl.ContextGL.swapBuffers()V+3
j  org.lwjgl.opengl.DrawableGL.swapBuffers()V+0
j  org.lwjgl.opengl.Display.swapBuffers()V+39
j  org.lwjgl.opengl.Display.update(Z)V+44
j  com.badlogic.gdx.backends.lwjgl.LwjglApplication.mainLoop()V+625
j  com.badlogic.gdx.backends.lwjgl.LwjglApplication$1.run()V+27
v  ~StubRoutines::call_stub

---------------  P R O C E S S  ---------------

Java Threads: ( => current thread )
  0x00007ff5d801d800 JavaThread "process reaper" daemon [_thread_blocked, id=6848, stack(0x00007ff63000e000,0x00007ff630047000)]
  0x00007ff63400b000 JavaThread "DestroyJavaVM" [_thread_blocked, id=6828, stack(0x00007ff63e203000,0x00007ff63e304000)]
=>0x00007ff6342b5800 JavaThread "LWJGL Application" [_thread_in_native, id=6846, stack(0x00007ff5eef25000,0x00007ff5ef026000)]
  0x00007ff634212000 JavaThread "AWT-XAWT" daemon [_thread_blocked, id=6842, stack(0x00007ff5fc0bf000,0x00007ff5fc1c0000)]
  0x00007ff6341f0000 JavaThread "Java2D Disposer" daemon [_thread_blocked, id=6841, stack(0x00007ff630047000,0x00007ff630148000)]
  0x00007ff6340a7800 JavaThread "Service Thread" daemon [_thread_blocked, id=6839, stack(0x00007ff6381e4000,0x00007ff6382e5000)]
  0x00007ff6340a5000 JavaThread "C2 CompilerThread1" daemon [_thread_blocked, id=6838, stack(0x00007ff6382e5000,0x00007ff6383e6000)]
  0x00007ff6340a2000 JavaThread "C2 CompilerThread0" daemon [_thread_blocked, id=6837, stack(0x00007ff6383e6000,0x00007ff6384e7000)]
  0x00007ff6340a0000 JavaThread "Signal Dispatcher" daemon [_thread_blocked, id=6836, stack(0x00007ff6384e7000,0x00007ff6385e8000)]
  0x00007ff63407d000 JavaThread "Finalizer" daemon [_thread_blocked, id=6835, stack(0x00007ff638ccd000,0x00007ff638dce000)]
  0x00007ff63407b000 JavaThread "Reference Handler" daemon [_thread_blocked, id=6834, stack(0x00007ff638dce000,0x00007ff638ecf000)]

Other Threads:
  0x00007ff634076800 VMThread [stack: 0x00007ff638ecf000,0x00007ff638fd0000] [id=6833]
  0x00007ff6340b2000 WatcherThread [stack: 0x00007ff6380e3000,0x00007ff6381e4000] [id=6840]

VM state:not at safepoint (normal execution)

VM Mutex/Monitor currently owned by a thread: None

Heap
 PSYoungGen      total 25088K, used 15689K [0x00000000e4080000, 0x00000000e5c80000, 0x0000000100000000)
  eden space 21504K, 72% used [0x00000000e4080000,0x00000000e4fd2470,0x00000000e5580000)
  from space 3584K, 0% used [0x00000000e5900000,0x00000000e5900000,0x00000000e5c80000)
  to   space 3584K, 0% used [0x00000000e5580000,0x00000000e5580000,0x00000000e5900000)
 ParOldGen       total 56832K, used 0K [0x00000000ac200000, 0x00000000af980000, 0x00000000e4080000)
  object space 56832K, 0% used [0x00000000ac200000,0x00000000ac200000,0x00000000af980000)
 PSPermGen       total 21504K, used 9025K [0x00000000a1c00000, 0x00000000a3100000, 0x00000000ac200000)
  object space 21504K, 41% used [0x00000000a1c00000,0x00000000a24d0488,0x00000000a3100000)

Card table byte_map: [0x00007ff63ab7d000,0x00007ff63ae70000] byte_map_base: 0x00007ff63a66f000

Polling page: 0x00007ff63e202000

Code Cache  [0x00007ff631000000, 0x00007ff631270000, 0x00007ff634000000)
 total_blobs=532 nmethods=38 adapters=449 free_code_cache=48534Kb largest_free_block=49677952

Compilation events (10 events):
Event: 1.528 Thread 0x00007ff6340a5000 nmethod 30 0x00007ff63109d890 code [0x00007ff63109da80, 0x00007ff63109efe0]
Event: 1.528 Thread 0x00007ff6340a5000   35             java.lang.String::<init> (67 bytes)
Event: 1.530 Thread 0x00007ff6340a2000 nmethod 34 0x00007ff63109b1d0 code [0x00007ff63109b3a0, 0x00007ff63109b850]
Event: 1.530 Thread 0x00007ff6340a2000   36             java.util.StringTokenizer::skipDelimiters (116 bytes)
Event: 1.531 Thread 0x00007ff6340a5000 nmethod 35 0x00007ff63109ac10 code [0x00007ff63109ad60, 0x00007ff63109afb8]
Event: 1.536 Thread 0x00007ff6340a2000 nmethod 36 0x00007ff631098990 code [0x00007ff631098b20, 0x00007ff631098e88]
Event: 1.542 Thread 0x00007ff6340a5000   37             java.lang.AbstractStringBuilder::ensureCapacityInternal (16 bytes)
Event: 1.545 Thread 0x00007ff6340a5000 nmethod 37 0x00007ff631098290 code [0x00007ff6310983e0, 0x00007ff631098638]
Event: 1.943 Thread 0x00007ff6340a2000   38             org.lwjgl.opengl.Sync$RunningAvg::avg (37 bytes)
Event: 1.947 Thread 0x00007ff6340a2000 nmethod 38 0x00007ff631097b10 code [0x00007ff631097c60, 0x00007ff631097d98]

GC Heap History (0 events):
No events

Deoptimization events (1 events):
Event: 0.284 Thread 0x00007ff63400b000 Uncommon trap: reason=class_check action=maybe_recompile pc=0x00007ff631065fc0 method=java.util.Properties$LineReader.readLine()I @ 62

Internal exceptions (10 events):
Event: 1.555 Thread 0x00007ff6342b5800 Threw 0x00000000e4f23a08 at /build/buildd/openjdk-7-7u51-2.4.4/build/openjdk/hotspot/src/share/vm/prims/jvm.cpp:1244
Event: 1.556 Thread 0x00007ff6342b5800 Threw 0x00000000e4f29ba0 at /build/buildd/openjdk-7-7u51-2.4.4/build/openjdk/hotspot/src/share/vm/prims/jvm.cpp:1244
Event: 1.557 Thread 0x00007ff6342b5800 Threw 0x00000000e4f2ed40 at /build/buildd/openjdk-7-7u51-2.4.4/build/openjdk/hotspot/src/share/vm/prims/jvm.cpp:1244
Event: 1.558 Thread 0x00007ff6342b5800 Threw 0x00000000e4f38588 at /build/buildd/openjdk-7-7u51-2.4.4/build/openjdk/hotspot/src/share/vm/prims/jvm.cpp:1244
Event: 1.560 Thread 0x00007ff6342b5800 Threw 0x00000000e4f3e8a8 at /build/buildd/openjdk-7-7u51-2.4.4/build/openjdk/hotspot/src/share/vm/prims/jvm.cpp:1244
Event: 1.569 Thread 0x00007ff6342b5800 Threw 0x00000000e4f459f8 at /build/buildd/openjdk-7-7u51-2.4.4/build/openjdk/hotspot/src/share/vm/prims/jvm.cpp:1244
Event: 1.570 Thread 0x00007ff6342b5800 Threw 0x00000000e4f4b6c8 at /build/buildd/openjdk-7-7u51-2.4.4/build/openjdk/hotspot/src/share/vm/prims/jvm.cpp:1244
Event: 1.571 Thread 0x00007ff6342b5800 Threw 0x00000000e4f50840 at /build/buildd/openjdk-7-7u51-2.4.4/build/openjdk/hotspot/src/share/vm/prims/jvm.cpp:1244
Event: 1.590 Thread 0x00007ff6342b5800 Threw 0x00000000e4f58918 at /build/buildd/openjdk-7-7u51-2.4.4/build/openjdk/hotspot/src/share/vm/prims/jvm.cpp:1244
Event: 1.592 Thread 0x00007ff6342b5800 Threw 0x00000000e4f5e288 at /build/buildd/openjdk-7-7u51-2.4.4/build/openjdk/hotspot/src/share/vm/prims/jvm.cpp:1244

Events (10 events):
Event: 1.568 loading class 0x00007ff6341021e0
Event: 1.568 loading class 0x00007ff6341021e0 done
Event: 1.570 loading class 0x00007ff5d8956460
Event: 1.570 loading class 0x00007ff5d8956460 done
Event: 1.571 loading class 0x00007ff5d85ca450
Event: 1.571 loading class 0x00007ff5d85ca450 done
Event: 1.589 loading class 0x00007ff5d8007120
Event: 1.589 loading class 0x00007ff5d8007120 done
Event: 1.592 loading class 0x00007ff5d897c840
Event: 1.592 loading class 0x00007ff5d897c840 done


Dynamic libraries:
00400000-00401000 r-xp 00000000 08:06 6035309                            /usr/lib/jvm/java-7-openjdk-amd64/jre/bin/java
00600000-00601000 r--p 00000000 08:06 6035309                            /usr/lib/jvm/java-7-openjdk-amd64/jre/bin/java
00601000-00602000 rw-p 00001000 08:06 6035309                            /usr/lib/jvm/java-7-openjdk-amd64/jre/bin/java
0133f000-01360000 rw-p 00000000 00:00 0                                  [heap]
a1c00000-a3100000 rw-p 00000000 00:00 0 
a3100000-ac200000 rw-p 00000000 00:00 0 
ac200000-af980000 rw-p 00000000 00:00 0 
af980000-e4080000 rw-p 00000000 00:00 0 
e4080000-e5c80000 rw-p 00000000 00:00 0 
e5c80000-100000000 rw-p 00000000 00:00 0 
7ff5cc000000-7ff5cc021000 rw-p 00000000 00:00 0 
7ff5cc021000-7ff5d0000000 ---p 00000000 00:00 0 
7ff5d4000000-7ff5d4021000 rw-p 00000000 00:00 0 
7ff5d4021000-7ff5d8000000 ---p 00000000 00:00 0 
7ff5d8000000-7ff5d8ab3000 rw-p 00000000 00:00 0 
7ff5d8ab3000-7ff5dc000000 ---p 00000000 00:00 0 
7ff5dc000000-7ff5dc021000 rw-p 00000000 00:00 0 
7ff5dc021000-7ff5e0000000 ---p 00000000 00:00 0 
7ff5e3cf1000-7ff5e3ef1000 rw-s 10509000 00:05 11729                      /dev/ati/card0
7ff5e3ef7000-7ff5e3ff7000 rw-s 10507000 00:05 11729                      /dev/ati/card0
7ff5e3ff8000-7ff5e7ff9000 rw-s 00000000 00:13 56719                      /run/shm/pulse-shm-3232880122
7ff5e8000000-7ff5e8021000 rw-p 00000000 00:00 0 
7ff5e8021000-7ff5ec000000 ---p 00000000 00:00 0 
7ff5ec00d000-7ff5ec04d000 rw-s 00025000 00:05 11729                      /dev/ati/card0
7ff5ec04e000-7ff5ec74e000 rw-s 00006000 00:05 11729                      /dev/ati/card0
7ff5ec750000-7ff5ec950000 rw-p 00000000 00:00 0 
7ff5ec950000-7ff5ec9a3000 r-xp 00000000 08:06 5904372                    /usr/lib/fglrx/libatiadlxx.so
7ff5ec9a3000-7ff5ecaa2000 ---p 00053000 08:06 5904372                    /usr/lib/fglrx/libatiadlxx.so
7ff5ecaa2000-7ff5ecaaf000 rw-p 00052000 08:06 5904372                    /usr/lib/fglrx/libatiadlxx.so
7ff5ecaaf000-7ff5ecabf000 rw-p 00000000 00:00 0 
7ff5ecac0000-7ff5ee85a000 r-xp 00000000 08:06 5904155                    /usr/lib/fglrx/dri/fglrx_dri.so
7ff5ee85a000-7ff5ee95a000 ---p 01d9a000 08:06 5904155                    /usr/lib/fglrx/dri/fglrx_dri.so
7ff5ee95a000-7ff5eeacd000 rwxp 01d9a000 08:06 5904155                    /usr/lib/fglrx/dri/fglrx_dri.so
7ff5eeacd000-7ff5eebf1000 rwxp 00000000 00:00 0 
7ff5eebf8000-7ff5eec07000 r-xp 00000000 08:06 5904170                    /usr/lib/fglrx/libatiuki.so.1.0
7ff5eec07000-7ff5eed07000 ---p 0000f000 08:06 5904170                    /usr/lib/fglrx/libatiuki.so.1.0
7ff5eed07000-7ff5eed13000 rw-p 0000f000 08:06 5904170                    /usr/lib/fglrx/libatiuki.so.1.0
7ff5eed18000-7ff5eeddb000 r-xp 00000000 08:06 5904397                    /usr/lib/fglrx/libGL.so.1.2
7ff5eeddb000-7ff5eeeda000 ---p 000c3000 08:06 5904397                    /usr/lib/fglrx/libGL.so.1.2
7ff5eeeda000-7ff5eef02000 rwxp 000c2000 08:06 5904397                    /usr/lib/fglrx/libGL.so.1.2
7ff5eef02000-7ff5eef24000 rwxp 00000000 00:00 0 
7ff5eef25000-7ff5eef28000 ---p 00000000 00:00 0 
7ff5eef28000-7ff5ef026000 rw-p 00000000 00:00 0                          [stack:6846]
7ff5ef026000-7ff5ef027000 ---p 00000000 00:00 0 
7ff5ef027000-7ff5ef127000 rw-p 00000000 00:00 0                          [stack:6845]
7ff5ef127000-7ff5ef128000 ---p 00000000 00:00 0 
7ff5ef128000-7ff5ef928000 rw-p 00000000 00:00 0                          [stack:6844]
7ff5ef928000-7ff5ef92e000 r-xp 00000000 08:06 4988274                    /usr/lib/x86_64-linux-gnu/libogg.so.0.7.1
7ff5ef92e000-7ff5efb2d000 ---p 00006000 08:06 4988274                    /usr/lib/x86_64-linux-gnu/libogg.so.0.7.1
7ff5efb2d000-7ff5efb2e000 r--p 00005000 08:06 4988274                    /usr/lib/x86_64-linux-gnu/libogg.so.0.7.1
7ff5efb2e000-7ff5efb2f000 rw-p 00006000 08:06 4988274                    /usr/lib/x86_64-linux-gnu/libogg.so.0.7.1
7ff5efb30000-7ff5efde3000 r-xp 00000000 08:06 4988429                    /usr/lib/x86_64-linux-gnu/libvorbisenc.so.2.0.8
7ff5efde3000-7ff5effe2000 ---p 002b3000 08:06 4988429                    /usr/lib/x86_64-linux-gnu/libvorbisenc.so.2.0.8
7ff5effe2000-7ff5efffe000 r--p 002b2000 08:06 4988429                    /usr/lib/x86_64-linux-gnu/libvorbisenc.so.2.0.8
7ff5efffe000-7ff5effff000 rw-p 002ce000 08:06 4988429                    /usr/lib/x86_64-linux-gnu/libvorbisenc.so.2.0.8
7ff5f0000000-7ff5f0021000 rw-p 00000000 00:00 0 
7ff5f0021000-7ff5f4000000 ---p 00000000 00:00 0 
7ff5f4013000-7ff5f4060000 rw-p 00000000 00:00 0 
7ff5f4060000-7ff5f408b000 r-xp 00000000 08:06 4988427                    /usr/lib/x86_64-linux-gnu/libvorbis.so.0.4.5
7ff5f408b000-7ff5f428a000 ---p 0002b000 08:06 4988427                    /usr/lib/x86_64-linux-gnu/libvorbis.so.0.4.5
7ff5f428a000-7ff5f428b000 r--p 0002a000 08:06 4988427                    /usr/lib/x86_64-linux-gnu/libvorbis.so.0.4.5
7ff5f428b000-7ff5f428c000 rw-p 0002b000 08:06 4988427                    /usr/lib/x86_64-linux-gnu/libvorbis.so.0.4.5
7ff5f4290000-7ff5f42d8000 r-xp 00000000 08:06 4987790                    /usr/lib/x86_64-linux-gnu/libFLAC.so.8.2.0
7ff5f42d8000-7ff5f44d8000 ---p 00048000 08:06 4987790                    /usr/lib/x86_64-linux-gnu/libFLAC.so.8.2.0
7ff5f44d8000-7ff5f44d9000 r--p 00048000 08:06 4987790                    /usr/lib/x86_64-linux-gnu/libFLAC.so.8.2.0
7ff5f44d9000-7ff5f44da000 rw-p 00049000 08:06 4987790                    /usr/lib/x86_64-linux-gnu/libFLAC.so.8.2.0
7ff5f44e0000-7ff5f44e5000 r-xp 00000000 08:06 4987906                    /usr/lib/x86_64-linux-gnu/libasyncns.so.0.3.1
7ff5f44e5000-7ff5f46e4000 ---p 00005000 08:06 4987906                    /usr/lib/x86_64-linux-gnu/libasyncns.so.0.3.1
7ff5f46e4000-7ff5f46e5000 r--p 00004000 08:06 4987906                    /usr/lib/x86_64-linux-gnu/libasyncns.so.0.3.1
7ff5f46e5000-7ff5f46e6000 rw-p 00005000 08:06 4987906                    /usr/lib/x86_64-linux-gnu/libasyncns.so.0.3.1
7ff5f46e8000-7ff5f4748000 r-xp 00000000 08:06 4988369                    /usr/lib/x86_64-linux-gnu/libsndfile.so.1.0.25
7ff5f4748000-7ff5f4948000 ---p 00060000 08:06 4988369                    /usr/lib/x86_64-linux-gnu/libsndfile.so.1.0.25
7ff5f4948000-7ff5f494a000 r--p 00060000 08:06 4988369                    /usr/lib/x86_64-linux-gnu/libsndfile.so.1.0.25
7ff5f494a000-7ff5f494b000 rw-p 00062000 08:06 4988369                    /usr/lib/x86_64-linux-gnu/libsndfile.so.1.0.25
7ff5f494b000-7ff5f494f000 rw-p 00000000 00:00 0 
7ff5f4950000-7ff5f4958000 r-xp 00000000 08:06 2887611                    /lib/x86_64-linux-gnu/libwrap.so.0.7.6
7ff5f4958000-7ff5f4b57000 ---p 00008000 08:06 2887611                    /lib/x86_64-linux-gnu/libwrap.so.0.7.6
7ff5f4b57000-7ff5f4b58000 r--p 00007000 08:06 2887611                    /lib/x86_64-linux-gnu/libwrap.so.0.7.6
7ff5f4b58000-7ff5f4b59000 rw-p 00008000 08:06 2887611                    /lib/x86_64-linux-gnu/libwrap.so.0.7.6
7ff5f4b60000-7ff5f4bbc000 r-xp 00000000 08:06 4988332                    /usr/lib/x86_64-linux-gnu/libpulsecommon-1.1.so
7ff5f4bbc000-7ff5f4dbc000 ---p 0005c000 08:06 4988332                    /usr/lib/x86_64-linux-gnu/libpulsecommon-1.1.so
7ff5f4dbc000-7ff5f4dbd000 r--p 0005c000 08:06 4988332                    /usr/lib/x86_64-linux-gnu/libpulsecommon-1.1.so
7ff5f4dbd000-7ff5f4dbe000 rw-p 0005d000 08:06 4988332                    /usr/lib/x86_64-linux-gnu/libpulsecommon-1.1.so
7ff5f4dc0000-7ff5f4dc7000 r-xp 00000000 08:06 4988209                    /usr/lib/x86_64-linux-gnu/libjson.so.0.0.1
7ff5f4dc7000-7ff5f4fc6000 ---p 00007000 08:06 4988209                    /usr/lib/x86_64-linux-gnu/libjson.so.0.0.1
7ff5f4fc6000-7ff5f4fc7000 r--p 00006000 08:06 4988209                    /usr/lib/x86_64-linux-gnu/libjson.so.0.0.1
7ff5f4fc7000-7ff5f4fc8000 rw-p 00007000 08:06 4988209                    /usr/lib/x86_64-linux-gnu/libjson.so.0.0.1
7ff5f4fc8000-7ff5f500e000 r-xp 00000000 08:06 4988331                    /usr/lib/x86_64-linux-gnu/libpulse.so.0.13.5
7ff5f500e000-7ff5f520e000 ---p 00046000 08:06 4988331                    /usr/lib/x86_64-linux-gnu/libpulse.so.0.13.5
7ff5f520e000-7ff5f520f000 r--p 00046000 08:06 4988331                    /usr/lib/x86_64-linux-gnu/libpulse.so.0.13.5
7ff5f520f000-7ff5f5210000 rw-p 00047000 08:06 4988331                    /usr/lib/x86_64-linux-gnu/libpulse.so.0.13.5
7ff5f5210000-7ff5f5265000 r-xp 00000000 08:06 2623086                    /tmp/libgdxabaratham/7b43be9b/libopenal64.so
7ff5f5265000-7ff5f5464000 ---p 00055000 08:06 2623086                    /tmp/libgdxabaratham/7b43be9b/libopenal64.so
7ff5f5464000-7ff5f5467000 r--p 00054000 08:06 2623086                    /tmp/libgdxabaratham/7b43be9b/libopenal64.so
7ff5f5467000-7ff5f5468000 rw-p 00057000 08:06 2623086                    /tmp/libgdxabaratham/7b43be9b/libopenal64.so
7ff5f5468000-7ff5f5469000 rw-p 00000000 00:00 0 
7ff5f5470000-7ff5f5474000 r-xp 00000000 08:06 4987888                    /usr/lib/x86_64-linux-gnu/libXxf86vm.so.1.0.0
7ff5f5474000-7ff5f5673000 ---p 00004000 08:06 4987888                    /usr/lib/x86_64-linux-gnu/libXxf86vm.so.1.0.0
7ff5f5673000-7ff5f5674000 r--p 00003000 08:06 4987888                    /usr/lib/x86_64-linux-gnu/libXxf86vm.so.1.0.0
7ff5f5674000-7ff5f5675000 rw-p 00004000 08:06 4987888                    /usr/lib/x86_64-linux-gnu/libXxf86vm.so.1.0.0
7ff5f5678000-7ff5f56e4000 r-xp 00000000 08:06 2623084                    /tmp/libgdxabaratham/7b43be9b/liblwjgl64.so
7ff5f56e4000-7ff5f58e3000 ---p 0006c000 08:06 2623084                    /tmp/libgdxabaratham/7b43be9b/liblwjgl64.so
7ff5f58e3000-7ff5f58e5000 r--p 0006b000 08:06 2623084                    /tmp/libgdxabaratham/7b43be9b/liblwjgl64.so
7ff5f58e5000-7ff5f58e6000 rw-p 0006d000 08:06 2623084                    /tmp/libgdxabaratham/7b43be9b/liblwjgl64.so
7ff5f58e8000-7ff5f58e9000 r-xp 00000000 08:06 6192760                    /usr/lib/jvm/java-7-openjdk-amd64/jre/lib/amd64/libjawt.so
7ff5f58e9000-7ff5f5ae8000 ---p 00001000 08:06 6192760                    /usr/lib/jvm/java-7-openjdk-amd64/jre/lib/amd64/libjawt.so
7ff5f5ae8000-7ff5f5ae9000 r--p 00000000 08:06 6192760                    /usr/lib/jvm/java-7-openjdk-amd64/jre/lib/amd64/libjawt.so
7ff5f5ae9000-7ff5f5aea000 rw-p 00001000 08:06 6192760                    /usr/lib/jvm/java-7-openjdk-amd64/jre/lib/amd64/libjawt.so
7ff5f5af0000-7ff5f5af3000 r-xp 00000000 08:06 2887529                    /lib/x86_64-linux-gnu/libgpg-error.so.0.8.0
7ff5f5af3000-7ff5f5cf2000 ---p 00003000 08:06 2887529                    /lib/x86_64-linux-gnu/libgpg-error.so.0.8.0
7ff5f5cf2000-7ff5f5cf3000 r--p 00002000 08:06 2887529                    /lib/x86_64-linux-gnu/libgpg-error.so.0.8.0
7ff5f5cf3000-7ff5f5cf4000 rw-p 00003000 08:06 2887529                    /lib/x86_64-linux-gnu/libgpg-error.so.0.8.0
7ff5f5cf8000-7ff5f5cfb000 r-xp 00000000 08:06 2887533                    /lib/x86_64-linux-gnu/libkeyutils.so.1.4
7ff5f5cfb000-7ff5f5efa000 ---p 00003000 08:06 2887533                    /lib/x86_64-linux-gnu/libkeyutils.so.1.4
7ff5f5efa000-7ff5f5efb000 r--p 00002000 08:06 2887533                    /lib/x86_64-linux-gnu/libkeyutils.so.1.4
7ff5f5efb000-7ff5f5efc000 rw-p 00003000 08:06 2887533                    /lib/x86_64-linux-gnu/libkeyutils.so.1.4
7ff5f5f00000-7ff5f5f42000 r-xp 00000000 08:06 2887514                    /lib/x86_64-linux-gnu/libdbus-1.so.3.5.8
7ff5f5f42000-7ff5f6142000 ---p 00042000 08:06 2887514                    /lib/x86_64-linux-gnu/libdbus-1.so.3.5.8
7ff5f6142000-7ff5f6143000 r--p 00042000 08:06 2887514                    /lib/x86_64-linux-gnu/libdbus-1.so.3.5.8
7ff5f6143000-7ff5f6144000 rw-p 00043000 08:06 2887514                    /lib/x86_64-linux-gnu/libdbus-1.so.3.5.8
7ff5f6148000-7ff5f6159000 r-xp 00000000 08:06 4988280                    /usr/lib/x86_64-linux-gnu/libp11-kit.so.0.0.0
7ff5f6159000-7ff5f6358000 ---p 00011000 08:06 4988280                    /usr/lib/x86_64-linux-gnu/libp11-kit.so.0.0.0
7ff5f6358000-7ff5f6359000 r--p 00010000 08:06 4988280                    /usr/lib/x86_64-linux-gnu/libp11-kit.so.0.0.0
7ff5f6359000-7ff5f635a000 rw-p 00011000 08:06 4988280                    /usr/lib/x86_64-linux-gnu/libp11-kit.so.0.0.0
7ff5f6360000-7ff5f63da000 r-xp 00000000 08:06 2887525                    /lib/x86_64-linux-gnu/libgcrypt.so.11.7.0
7ff5f63da000-7ff5f65da000 ---p 0007a000 08:06 2887525                    /lib/x86_64-linux-gnu/libgcrypt.so.11.7.0
7ff5f65da000-7ff5f65db000 r--p 0007a000 08:06 2887525                    /lib/x86_64-linux-gnu/libgcrypt.so.11.7.0
7ff5f65db000-7ff5f65de000 rw-p 0007b000 08:06 2887525                    /lib/x86_64-linux-gnu/libgcrypt.so.11.7.0
7ff5f65e0000-7ff5f65f0000 r-xp 00000000 08:06 4988397                    /usr/lib/x86_64-linux-gnu/libtasn1.so.3.1.12
7ff5f65f0000-7ff5f67ef000 ---p 00010000 08:06 4988397                    /usr/lib/x86_64-linux-gnu/libtasn1.so.3.1.12
7ff5f67ef000-7ff5f67f0000 r--p 0000f000 08:06 4988397                    /usr/lib/x86_64-linux-gnu/libtasn1.so.3.1.12
7ff5f67f0000-7ff5f67f1000 rw-p 00010000 08:06 4988397                    /usr/lib/x86_64-linux-gnu/libtasn1.so.3.1.12
7ff5f67f8000-7ff5f67ff000 r-xp 00000000 08:06 4988217                    /usr/lib/x86_64-linux-gnu/libkrb5support.so.0.1
7ff5f67ff000-7ff5f69fe000 ---p 00007000 08:06 4988217                    /usr/lib/x86_64-linux-gnu/libkrb5support.so.0.1
7ff5f69fe000-7ff5f69ff000 r--p 00006000 08:06 4988217                    /usr/lib/x86_64-linux-gnu/libkrb5support.so.0.1
7ff5f69ff000-7ff5f6a00000 rw-p 00007000 08:06 4988217                    /usr/lib/x86_64-linux-gnu/libkrb5support.so.0.1
7ff5f6a00000-7ff5f6a03000 r-xp 00000000 08:06 2887509                    /lib/x86_64-linux-gnu/libcom_err.so.2.1
7ff5f6a03000-7ff5f6c02000 ---p 00003000 08:06 2887509                    /lib/x86_64-linux-gnu/libcom_err.so.2.1
7ff5f6c02000-7ff5f6c03000 r--p 00002000 08:06 2887509                    /lib/x86_64-linux-gnu/libcom_err.so.2.1
7ff5f6c03000-7ff5f6c04000 rw-p 00003000 08:06 2887509                    /lib/x86_64-linux-gnu/libcom_err.so.2.1
7ff5f6c08000-7ff5f6c2d000 r-xp 00000000 08:06 4988211                    /usr/lib/x86_64-linux-gnu/libk5crypto.so.3.1
7ff5f6c2d000-7ff5f6e2d000 ---p 00025000 08:06 4988211                    /usr/lib/x86_64-linux-gnu/libk5crypto.so.3.1
7ff5f6e2d000-7ff5f6e2e000 r--p 00025000 08:06 4988211                    /usr/lib/x86_64-linux-gnu/libk5crypto.so.3.1
7ff5f6e2e000-7ff5f6e2f000 rw-p 00026000 08:06 4988211                    /usr/lib/x86_64-linux-gnu/libk5crypto.so.3.1
7ff5f6e2f000-7ff5f6e30000 rw-p 00000000 00:00 0 
7ff5f6e30000-7ff5f6ef4000 r-xp 00000000 08:06 4988215                    /usr/lib/x86_64-linux-gnu/libkrb5.so.3.3
7ff5f6ef4000-7ff5f70f3000 ---p 000c4000 08:06 4988215                    /usr/lib/x86_64-linux-gnu/libkrb5.so.3.3
7ff5f70f3000-7ff5f70fd000 r--p 000c3000 08:06 4988215                    /usr/lib/x86_64-linux-gnu/libkrb5.so.3.3
7ff5f70fd000-7ff5f70fe000 rw-p 000cd000 08:06 4988215                    /usr/lib/x86_64-linux-gnu/libkrb5.so.3.3
7ff5f7100000-7ff5f7108000 r-xp 00000000 08:06 4988454                    /usr/lib/x86_64-linux-gnu/libxcb-render.so.0.0.0
7ff5f7108000-7ff5f7308000 ---p 00008000 08:06 4988454                    /usr/lib/x86_64-linux-gnu/libxcb-render.so.0.0.0
7ff5f7308000-7ff5f7309000 r--p 00008000 08:06 4988454                    /usr/lib/x86_64-linux-gnu/libxcb-render.so.0.0.0
7ff5f7309000-7ff5f730a000 rw-p 00009000 08:06 4988454                    /usr/lib/x86_64-linux-gnu/libxcb-render.so.0.0.0
7ff5f7310000-7ff5f7312000 r-xp 00000000 08:06 4988458                    /usr/lib/x86_64-linux-gnu/libxcb-shm.so.0.0.0
7ff5f7312000-7ff5f7511000 ---p 00002000 08:06 4988458                    /usr/lib/x86_64-linux-gnu/libxcb-shm.so.0.0.0
7ff5f7511000-7ff5f7512000 r--p 00001000 08:06 4988458                    /usr/lib/x86_64-linux-gnu/libxcb-shm.so.0.0.0
7ff5f7512000-7ff5f7513000 rw-p 00002000 08:06 4988458                    /usr/lib/x86_64-linux-gnu/libxcb-shm.so.0.0.0
7ff5f7518000-7ff5f753e000 r-xp 00000000 08:06 2887579                    /lib/x86_64-linux-gnu/libpng12.so.0.46.0
7ff5f753e000-7ff5f773e000 ---p 00026000 08:06 2887579                    /lib/x86_64-linux-gnu/libpng12.so.0.46.0
7ff5f773e000-7ff5f773f000 r--p 00026000 08:06 2887579                    /lib/x86_64-linux-gnu/libpng12.so.0.46.0
7ff5f773f000-7ff5f7740000 rw-p 00027000 08:06 2887579                    /lib/x86_64-linux-gnu/libpng12.so.0.46.0
7ff5f7740000-7ff5f77d0000 r-xp 00000000 08:06 4988306                    /usr/lib/x86_64-linux-gnu/libpixman-1.so.0.30.2
7ff5f77d0000-7ff5f79cf000 ---p 00090000 08:06 4988306                    /usr/lib/x86_64-linux-gnu/libpixman-1.so.0.30.2
7ff5f79cf000-7ff5f79d6000 r--p 0008f000 08:06 4988306                    /usr/lib/x86_64-linux-gnu/libpixman-1.so.0.30.2
7ff5f79d6000-7ff5f79d7000 rw-p 00096000 08:06 4988306                    /usr/lib/x86_64-linux-gnu/libpixman-1.so.0.30.2
7ff5f79d8000-7ff5f79dd000 r-xp 00000000 08:06 4987856                    /usr/lib/x86_64-linux-gnu/libXdmcp.so.6.0.0
7ff5f79dd000-7ff5f7bdc000 ---p 00005000 08:06 4987856                    /usr/lib/x86_64-linux-gnu/libXdmcp.so.6.0.0
7ff5f7bdc000-7ff5f7bdd000 r--p 00004000 08:06 4987856                    /usr/lib/x86_64-linux-gnu/libXdmcp.so.6.0.0
7ff5f7bdd000-7ff5f7bde000 rw-p 00005000 08:06 4987856                    /usr/lib/x86_64-linux-gnu/libXdmcp.so.6.0.0
7ff5f7be0000-7ff5f7be2000 r-xp 00000000 08:06 4987845                    /usr/lib/x86_64-linux-gnu/libXau.so.6.0.0
7ff5f7be2000-7ff5f7de1000 ---p 00002000 08:06 4987845                    /usr/lib/x86_64-linux-gnu/libXau.so.6.0.0
7ff5f7de1000-7ff5f7de2000 r--p 00001000 08:06 4987845                    /usr/lib/x86_64-linux-gnu/libXau.so.6.0.0
7ff5f7de2000-7ff5f7de3000 rw-p 00002000 08:06 4987845                    /usr/lib/x86_64-linux-gnu/libXau.so.6.0.0
7ff5f7de8000-7ff5f7df8000 r-xp 00000000 08:06 4987916                    /usr/lib/x86_64-linux-gnu/libavahi-client.so.3.2.9
7ff5f7df8000-7ff5f7ff7000 ---p 00010000 08:06 4987916                    /usr/lib/x86_64-linux-gnu/libavahi-client.so.3.2.9
7ff5f7ff7000-7ff5f7ff8000 r--p 0000f000 08:06 4987916                    /usr/lib/x86_64-linux-gnu/libavahi-client.so.3.2.9
7ff5f7ff8000-7ff5f7ff9000 rw-p 00010000 08:06 4987916                    /usr/lib/x86_64-linux-gnu/libavahi-client.so.3.2.9
7ff5f8000000-7ff5f8021000 rw-p 00000000 00:00 0 
7ff5f8021000-7ff5fc000000 ---p 00000000 00:00 0 
7ff5fc03f000-7ff5fc0bf000 rw-p 00000000 00:00 0 
7ff5fc0bf000-7ff5fc0c2000 ---p 00000000 00:00 0 
7ff5fc0c2000-7ff5fc1c0000 rw-p 00000000 00:00 0                          [stack:6842]
7ff5fc1c0000-7ff5fc1cb000 r-xp 00000000 08:06 4987918                    /usr/lib/x86_64-linux-gnu/libavahi-common.so.3.5.3
7ff5fc1cb000-7ff5fc3ca000 ---p 0000b000 08:06 4987918                    /usr/lib/x86_64-linux-gnu/libavahi-common.so.3.5.3
7ff5fc3ca000-7ff5fc3cb000 r--p 0000a000 08:06 4987918                    /usr/lib/x86_64-linux-gnu/libavahi-common.so.3.5.3
7ff5fc3cb000-7ff5fc3cc000 rw-p 0000b000 08:06 4987918                    /usr/lib/x86_64-linux-gnu/libavahi-common.so.3.5.3
7ff5fc3d0000-7ff5fc484000 r-xp 00000000 08:06 4992055                    /usr/lib/x86_64-linux-gnu/libgnutls.so.26.21.8
7ff5fc484000-7ff5fc684000 ---p 000b4000 08:06 4992055                    /usr/lib/x86_64-linux-gnu/libgnutls.so.26.21.8
7ff5fc684000-7ff5fc68a000 r--p 000b4000 08:06 4992055                    /usr/lib/x86_64-linux-gnu/libgnutls.so.26.21.8
7ff5fc68a000-7ff5fc68b000 rw-p 000ba000 08:06 4992055                    /usr/lib/x86_64-linux-gnu/libgnutls.so.26.21.8
7ff5fc68b000-7ff5fc68c000 rw-p 00000000 00:00 0 
7ff5fc690000-7ff5fc6cb000 r-xp 00000000 08:06 4988122                    /usr/lib/x86_64-linux-gnu/libgssapi_krb5.so.2.2
7ff5fc6cb000-7ff5fc8cb000 ---p 0003b000 08:06 4988122                    /usr/lib/x86_64-linux-gnu/libgssapi_krb5.so.2.2
7ff5fc8cb000-7ff5fc8cc000 r--p 0003b000 08:06 4988122                    /usr/lib/x86_64-linux-gnu/libgssapi_krb5.so.2.2
7ff5fc8cc000-7ff5fc8ce000 rw-p 0003c000 08:06 4988122                    /usr/lib/x86_64-linux-gnu/libgssapi_krb5.so.2.2
7ff5fc8d0000-7ff5fc90c000 r-xp 00000000 08:06 2887575                    /lib/x86_64-linux-gnu/libpcre.so.3.12.1
7ff5fc90c000-7ff5fcb0b000 ---p 0003c000 08:06 2887575                    /lib/x86_64-linux-gnu/libpcre.so.3.12.1
7ff5fcb0b000-7ff5fcb0c000 r--p 0003b000 08:06 2887575                    /lib/x86_64-linux-gnu/libpcre.so.3.12.1
7ff5fcb0c000-7ff5fcb0d000 rw-p 0003c000 08:06 2887575                    /lib/x86_64-linux-gnu/libpcre.so.3.12.1
7ff5fcb10000-7ff5fcb17000 r-xp 00000000 08:06 4988038                    /usr/lib/x86_64-linux-gnu/libffi.so.6.0.0
7ff5fcb17000-7ff5fcd16000 ---p 00007000 08:06 4988038                    /usr/lib/x86_64-linux-gnu/libffi.so.6.0.0
7ff5fcd16000-7ff5fcd17000 r--p 00006000 08:06 4988038                    /usr/lib/x86_64-linux-gnu/libffi.so.6.0.0
7ff5fcd17000-7ff5fcd18000 rw-p 00007000 08:06 4988038                    /usr/lib/x86_64-linux-gnu/libffi.so.6.0.0
7ff5fcd18000-7ff5fcd3f000 r-xp 00000000 08:06 2887520                    /lib/x86_64-linux-gnu/libexpat.so.1.5.2
7ff5fcd3f000-7ff5fcf3f000 ---p 00027000 08:06 2887520                    /lib/x86_64-linux-gnu/libexpat.so.1.5.2
7ff5fcf3f000-7ff5fcf41000 r--p 00027000 08:06 2887520                    /lib/x86_64-linux-gnu/libexpat.so.1.5.2
7ff5fcf41000-7ff5fcf42000 rw-p 00029000 08:06 2887520                    /lib/x86_64-linux-gnu/libexpat.so.1.5.2
7ff5fcf48000-7ff5fcfde000 r-xp 00000000 08:06 4988048                    /usr/lib/x86_64-linux-gnu/libfreetype.so.6.8.0
7ff5fcfde000-7ff5fd1dd000 ---p 00096000 08:06 4988048                    /usr/lib/x86_64-linux-gnu/libfreetype.so.6.8.0
7ff5fd1dd000-7ff5fd1e3000 r--p 00095000 08:06 4988048                    /usr/lib/x86_64-linux-gnu/libfreetype.so.6.8.0
7ff5fd1e3000-7ff5fd1e4000 rw-p 0009b000 08:06 4988048                    /usr/lib/x86_64-linux-gnu/libfreetype.so.6.8.0
7ff5fd1e8000-7ff5fd200000 r-xp 00000000 08:06 2887586                    /lib/x86_64-linux-gnu/libresolv-2.15.so
7ff5fd200000-7ff5fd400000 ---p 00018000 08:06 2887586                    /lib/x86_64-linux-gnu/libresolv-2.15.so
7ff5fd400000-7ff5fd401000 r--p 00018000 08:06 2887586                    /lib/x86_64-linux-gnu/libresolv-2.15.so
7ff5fd401000-7ff5fd402000 rw-p 00019000 08:06 2887586                    /lib/x86_64-linux-gnu/libresolv-2.15.so
7ff5fd402000-7ff5fd404000 rw-p 00000000 00:00 0 
7ff5fd408000-7ff5fd425000 r-xp 00000000 08:06 2887590                    /lib/x86_64-linux-gnu/libselinux.so.1
7ff5fd425000-7ff5fd624000 ---p 0001d000 08:06 2887590                    /lib/x86_64-linux-gnu/libselinux.so.1
7ff5fd624000-7ff5fd625000 r--p 0001c000 08:06 2887590                    /lib/x86_64-linux-gnu/libselinux.so.1
7ff5fd625000-7ff5fd626000 rw-p 0001d000 08:06 2887590                    /lib/x86_64-linux-gnu/libselinux.so.1
7ff5fd626000-7ff5fd627000 rw-p 00000000 00:00 0 
7ff5fd628000-7ff5fd62b000 r-xp 00000000 08:06 4988095                    /usr/lib/x86_64-linux-gnu/libgmodule-2.0.so.0.3200.4
7ff5fd62b000-7ff5fd82a000 ---p 00003000 08:06 4988095                    /usr/lib/x86_64-linux-gnu/libgmodule-2.0.so.0.3200.4
7ff5fd82a000-7ff5fd82b000 r--p 00002000 08:06 4988095                    /usr/lib/x86_64-linux-gnu/libgmodule-2.0.so.0.3200.4
7ff5fd82b000-7ff5fd82c000 rw-p 00003000 08:06 4988095                    /usr/lib/x86_64-linux-gnu/libgmodule-2.0.so.0.3200.4
7ff5fd830000-7ff5fd832000 r-xp 00000000 08:06 4987854                    /usr/lib/x86_64-linux-gnu/libXdamage.so.1.1.0
7ff5fd832000-7ff5fda31000 ---p 00002000 08:06 4987854                    /usr/lib/x86_64-linux-gnu/libXdamage.so.1.1.0
7ff5fda31000-7ff5fda32000 r--p 00001000 08:06 4987854                    /usr/lib/x86_64-linux-gnu/libXdamage.so.1.1.0
7ff5fda32000-7ff5fda33000 rw-p 00002000 08:06 4987854                    /usr/lib/x86_64-linux-gnu/libXdamage.so.1.1.0
7ff5fda38000-7ff5fda3a000 r-xp 00000000 08:06 4987850                    /usr/lib/x86_64-linux-gnu/libXcomposite.so.1.0.0
7ff5fda3a000-7ff5fdc39000 ---p 00002000 08:06 4987850                    /usr/lib/x86_64-linux-gnu/libXcomposite.so.1.0.0
7ff5fdc39000-7ff5fdc3a000 r--p 00001000 08:06 4987850                    /usr/lib/x86_64-linux-gnu/libXcomposite.so.1.0.0
7ff5fdc3a000-7ff5fdc3b000 rw-p 00002000 08:06 4987850                    /usr/lib/x86_64-linux-gnu/libXcomposite.so.1.0.0
7ff5fdc40000-7ff5fdc49000 r-xp 00000000 08:06 4987852                    /usr/lib/x86_64-linux-gnu/libXcursor.so.1.0.2
7ff5fdc49000-7ff5fde48000 ---p 00009000 08:06 4987852                    /usr/lib/x86_64-linux-gnu/libXcursor.so.1.0.2
7ff5fde48000-7ff5fde49000 r--p 00008000 08:06 4987852                    /usr/lib/x86_64-linux-gnu/libXcursor.so.1.0.2
7ff5fde49000-7ff5fde4a000 rw-p 00009000 08:06 4987852                    /usr/lib/x86_64-linux-gnu/libXcursor.so.1.0.2
7ff5fde50000-7ff5fde57000 r-xp 00000000 08:06 4987876                    /usr/lib/x86_64-linux-gnu/libXrandr.so.2.2.0
7ff5fde57000-7ff5fe056000 ---p 00007000 08:06 4987876                    /usr/lib/x86_64-linux-gnu/libXrandr.so.2.2.0
7ff5fe056000-7ff5fe057000 r--p 00006000 08:06 4987876                    /usr/lib/x86_64-linux-gnu/libXrandr.so.2.2.0
7ff5fe057000-7ff5fe058000 rw-p 00007000 08:06 4987876                    /usr/lib/x86_64-linux-gnu/libXrandr.so.2.2.0
7ff5fe058000-7ff5fe05a000 r-xp 00000000 08:06 4987866                    /usr/lib/x86_64-linux-gnu/libXinerama.so.1.0.0
7ff5fe05a000-7ff5fe259000 ---p 00002000 08:06 4987866                    /usr/lib/x86_64-linux-gnu/libXinerama.so.1.0.0
7ff5fe259000-7ff5fe25a000 r--p 00001000 08:06 4987866                    /usr/lib/x86_64-linux-gnu/libXinerama.so.1.0.0
7ff5fe25a000-7ff5fe25b000 rw-p 00002000 08:06 4987866                    /usr/lib/x86_64-linux-gnu/libXinerama.so.1.0.0
7ff5fe260000-7ff5fe289000 r-xp 00000000 08:06 4988290                    /usr/lib/x86_64-linux-gnu/libpangoft2-1.0.so.0.3000.0
7ff5fe289000-7ff5fe488000 ---p 00029000 08:06 4988290                    /usr/lib/x86_64-linux-gnu/libpangoft2-1.0.so.0.3000.0
7ff5fe488000-7ff5fe489000 r--p 00028000 08:06 4988290                    /usr/lib/x86_64-linux-gnu/libpangoft2-1.0.so.0.3000.0
7ff5fe489000-7ff5fe48a000 rw-p 00029000 08:06 4988290                    /usr/lib/x86_64-linux-gnu/libpangoft2-1.0.so.0.3000.0
7ff5fe490000-7ff5fe549000 r-xp 00000000 08:06 4987946                    /usr/lib/x86_64-linux-gnu/libcairo.so.2.11000.2
7ff5fe549000-7ff5fe748000 ---p 000b9000 08:06 4987946                    /usr/lib/x86_64-linux-gnu/libcairo.so.2.11000.2
7ff5fe748000-7ff5fe74a000 r--p 000b8000 08:06 4987946                    /usr/lib/x86_64-linux-gnu/libcairo.so.2.11000.2
7ff5fe74a000-7ff5fe74b000 rw-p 000ba000 08:06 4987946                    /usr/lib/x86_64-linux-gnu/libcairo.so.2.11000.2
7ff5fe74b000-7ff5fe74e000 rw-p 00000000 00:00 0 
7ff5fe750000-7ff5fe76f000 r-xp 00000000 08:06 4987908                    /usr/lib/x86_64-linux-gnu/libatk-1.0.so.0.20409.1
7ff5fe76f000-7ff5fe96f000 ---p 0001f000 08:06 4987908                    /usr/lib/x86_64-linux-gnu/libatk-1.0.so.0.20409.1
7ff5fe96f000-7ff5fe971000 r--p 0001f000 08:06 4987908                    /usr/lib/x86_64-linux-gnu/libatk-1.0.so.0.20409.1
7ff5fe971000-7ff5fe972000 rw-p 00021000 08:06 4987908                    /usr/lib/x86_64-linux-gnu/libatk-1.0.so.0.20409.1
7ff5fe978000-7ff5fe97d000 r-xp 00000000 08:06 4987860                    /usr/lib/x86_64-linux-gnu/libXfixes.so.3.1.0
7ff5fe97d000-7ff5feb7c000 ---p 00005000 08:06 4987860                    /usr/lib/x86_64-linux-gnu/libXfixes.so.3.1.0
7ff5feb7c000-7ff5feb7d000 r--p 00004000 08:06 4987860                    /usr/lib/x86_64-linux-gnu/libXfixes.so.3.1.0
7ff5feb7d000-7ff5feb7e000 rw-p 00005000 08:06 4987860                    /usr/lib/x86_64-linux-gnu/libXfixes.so.3.1.0
7ff5feb80000-7ff5feb8b000 r-xp 00000000 08:06 4988288                    /usr/lib/x86_64-linux-gnu/libpangocairo-1.0.so.0.3000.0
7ff5feb8b000-7ff5fed8a000 ---p 0000b000 08:06 4988288                    /usr/lib/x86_64-linux-gnu/libpangocairo-1.0.so.0.3000.0
7ff5fed8a000-7ff5fed8b000 r--p 0000a000 08:06 4988288                    /usr/lib/x86_64-linux-gnu/libpangocairo-1.0.so.0.3000.0
7ff5fed8b000-7ff5fed8c000 rw-p 0000b000 08:06 4988288                    /usr/lib/x86_64-linux-gnu/libpangocairo-1.0.so.0.3000.0
7ff5fed90000-7ff5fedad000 r-xp 00000000 08:06 4988464                    /usr/lib/x86_64-linux-gnu/libxcb.so.1.1.0
7ff5fedad000-7ff5fefac000 ---p 0001d000 08:06 4988464                    /usr/lib/x86_64-linux-gnu/libxcb.so.1.1.0
7ff5fefac000-7ff5fefad000 r--p 0001c000 08:06 4988464                    /usr/lib/x86_64-linux-gnu/libxcb.so.1.1.0
7ff5fefad000-7ff5fefae000 rw-p 0001d000 08:06 4988464                    /usr/lib/x86_64-linux-gnu/libxcb.so.1.1.0
7ff5fefb0000-7ff5ff000000 r-xp 00000000 08:06 4987970                    /usr/lib/x86_64-linux-gnu/libcups.so.2
7ff5ff000000-7ff5ff1ff000 ---p 00050000 08:06 4987970                    /usr/lib/x86_64-linux-gnu/libcups.so.2
7ff5ff1ff000-7ff5ff203000 r--p 0004f000 08:06 4987970                    /usr/lib/x86_64-linux-gnu/libcups.so.2
7ff5ff203000-7ff5ff204000 rw-p 00053000 08:06 4987970                    /usr/lib/x86_64-linux-gnu/libcups.so.2
7ff5ff208000-7ff5ff2fa000 r-xp 00000000 08:06 2887527                    /lib/x86_64-linux-gnu/libglib-2.0.so.0.3200.4
7ff5ff2fa000-7ff5ff4fa000 ---p 000f2000 08:06 2887527                    /lib/x86_64-linux-gnu/libglib-2.0.so.0.3200.4
7ff5ff4fa000-7ff5ff4fb000 r--p 000f2000 08:06 2887527                    /lib/x86_64-linux-gnu/libglib-2.0.so.0.3200.4
7ff5ff4fb000-7ff5ff4fc000 rw-p 000f3000 08:06 2887527                    /lib/x86_64-linux-gnu/libglib-2.0.so.0.3200.4
7ff5ff4fc000-7ff5ff4fd000 rw-p 00000000 00:00 0 
7ff5ff500000-7ff5ff501000 r-xp 00000000 08:06 4988166                    /usr/lib/x86_64-linux-gnu/libgthread-2.0.so.0.3200.4
7ff5ff501000-7ff5ff700000 ---p 00001000 08:06 4988166                    /usr/lib/x86_64-linux-gnu/libgthread-2.0.so.0.3200.4
7ff5ff700000-7ff5ff701000 r--p 00000000 08:06 4988166                    /usr/lib/x86_64-linux-gnu/libgthread-2.0.so.0.3200.4
7ff5ff701000-7ff5ff702000 rw-p 00001000 08:06 4988166                    /usr/lib/x86_64-linux-gnu/libgthread-2.0.so.0.3200.4
7ff5ff708000-7ff5ff755000 r-xp 00000000 08:06 4988109                    /usr/lib/x86_64-linux-gnu/libgobject-2.0.so.0.3200.4
7ff5ff755000-7ff5ff955000 ---p 0004d000 08:06 4988109                    /usr/lib/x86_64-linux-gnu/libgobject-2.0.so.0.3200.4
7ff5ff955000-7ff5ff956000 r--p 0004d000 08:06 4988109                    /usr/lib/x86_64-linux-gnu/libgobject-2.0.so.0.3200.4
7ff5ff956000-7ff5ff957000 rw-p 0004e000 08:06 4988109                    /usr/lib/x86_64-linux-gnu/libgobject-2.0.so.0.3200.4
7ff5ff958000-7ff5ff98c000 r-xp 00000000 08:06 4988040                    /usr/lib/x86_64-linux-gnu/libfontconfig.so.1.4.4
7ff5ff98c000-7ff5ffb8c000 ---p 00034000 08:06 4988040                    /usr/lib/x86_64-linux-gnu/libfontconfig.so.1.4.4
7ff5ffb8c000-7ff5ffb8d000 r--p 00034000 08:06 4988040                    /usr/lib/x86_64-linux-gnu/libfontconfig.so.1.4.4
7ff5ffb8d000-7ff5ffb8e000 rw-p 00035000 08:06 4988040                    /usr/lib/x86_64-linux-gnu/libfontconfig.so.1.4.4
7ff5ffb90000-7ff5ffbd6000 r-xp 00000000 08:06 4988286                    /usr/lib/x86_64-linux-gnu/libpango-1.0.so.0.3000.0
7ff5ffbd6000-7ff5ffdd6000 ---p 00046000 08:06 4988286                    /usr/lib/x86_64-linux-gnu/libpango-1.0.so.0.3000.0
7ff5ffdd6000-7ff5ffdd8000 r--p 00046000 08:06 4988286                    /usr/lib/x86_64-linux-gnu/libpango-1.0.so.0.3000.0
7ff5ffdd8000-7ff5ffdd9000 rw-p 00048000 08:06 4988286                    /usr/lib/x86_64-linux-gnu/libpango-1.0.so.0.3000.0
7ff5ffde0000-7ff5ffdfe000 r-xp 00000000 08:06 4988071                    /usr/lib/x86_64-linux-gnu/libgdk_pixbuf-2.0.so.0.2600.1
7ff5ffdfe000-7ff5ffffe000 ---p 0001e000 08:06 4988071                    /usr/lib/x86_64-linux-gnu/libgdk_pixbuf-2.0.so.0.2600.1
7ff5ffffe000-7ff5fffff000 r--p 0001e000 08:06 4988071                    /usr/lib/x86_64-linux-gnu/libgdk_pixbuf-2.0.so.0.2600.1
7ff5fffff000-7ff600000000 rw-p 0001f000 08:06 4988071                    /usr/lib/x86_64-linux-gnu/libgdk_pixbuf-2.0.so.0.2600.1
7ff600000000-7ff60026f000 rw-p 00000000 00:00 0 
7ff60026f000-7ff604000000 ---p 00000000 00:00 0 
7ff604000000-7ff604021000 rw-p 00000000 00:00 0 
7ff604021000-7ff608000000 ---p 00000000 00:00 0 
7ff608000000-7ff608021000 rw-p 00000000 00:00 0 
7ff608021000-7ff60c000000 ---p 00000000 00:00 0 
7ff60c000000-7ff60c1dd000 rw-p 00000000 00:00 0 
7ff60c1dd000-7ff610000000 ---p 00000000 00:00 0 
7ff610000000-7ff610021000 rw-p 00000000 00:00 0 
7ff610021000-7ff614000000 ---p 00000000 00:00 0 
7ff614000000-7ff614021000 rw-p 00000000 00:00 0 
7ff614021000-7ff618000000 ---p 00000000 00:00 0 
7ff618000000-7ff618021000 rw-p 00000000 00:00 0 
7ff618021000-7ff61c000000 ---p 00000000 00:00 0 
7ff61c000000-7ff61c021000 rw-p 00000000 00:00 0 
7ff61c021000-7ff620000000 ---p 00000000 00:00 0 
7ff620000000-7ff620021000 rw-p 00000000 00:00 0 
7ff620021000-7ff624000000 ---p 00000000 00:00 0 
7ff624000000-7ff624021000 rw-p 00000000 00:00 0 
7ff624021000-7ff628000000 ---p 00000000 00:00 0 
7ff62803c000-7ff62807c000 rw-s 00004000 00:05 11729                      /dev/ati/card0
7ff628080000-7ff6281c8000 r-xp 00000000 08:06 4988083                    /usr/lib/x86_64-linux-gnu/libgio-2.0.so.0.3200.4
7ff6281c8000-7ff6283c7000 ---p 00148000 08:06 4988083                    /usr/lib/x86_64-linux-gnu/libgio-2.0.so.0.3200.4
7ff6283c7000-7ff6283cb000 r--p 00147000 08:06 4988083                    /usr/lib/x86_64-linux-gnu/libgio-2.0.so.0.3200.4
7ff6283cb000-7ff6283cd000 rw-p 0014b000 08:06 4988083                    /usr/lib/x86_64-linux-gnu/libgio-2.0.so.0.3200.4
7ff6283cd000-7ff6283cf000 rw-p 00000000 00:00 0 
7ff6283d0000-7ff62847d000 r-xp 00000000 08:06 4988069                    /usr/lib/x86_64-linux-gnu/libgdk-x11-2.0.so.0.2400.10
7ff62847d000-7ff62867c000 ---p 000ad000 08:06 4988069                    /usr/lib/x86_64-linux-gnu/libgdk-x11-2.0.so.0.2400.10
7ff62867c000-7ff628680000 r--p 000ac000 08:06 4988069                    /usr/lib/x86_64-linux-gnu/libgdk-x11-2.0.so.0.2400.10
7ff628680000-7ff628682000 rw-p 000b0000 08:06 4988069                    /usr/lib/x86_64-linux-gnu/libgdk-x11-2.0.so.0.2400.10
7ff628688000-7ff628ab5000 r-xp 00000000 08:06 4988170                    /usr/lib/x86_64-linux-gnu/libgtk-x11-2.0.so.0.2400.10
7ff628ab5000-7ff628cb5000 ---p 0042d000 08:06 4988170                    /usr/lib/x86_64-linux-gnu/libgtk-x11-2.0.so.0.2400.10
7ff628cb5000-7ff628cbc000 r--p 0042d000 08:06 4988170                    /usr/lib/x86_64-linux-gnu/libgtk-x11-2.0.so.0.2400.10
7ff628cbc000-7ff628cc0000 rw-p 00434000 08:06 4988170                    /usr/lib/x86_64-linux-gnu/libgtk-x11-2.0.so.0.2400.10
7ff628cc0000-7ff628cc2000 rw-p 00000000 00:00 0 
7ff628cc8000-7ff628cd7000 r-xp 00000000 08:06 4987864                    /usr/lib/x86_64-linux-gnu/libXi.so.6.1.0
7ff628cd7000-7ff628ed6000 ---p 0000f000 08:06 4987864                    /usr/lib/x86_64-linux-gnu/libXi.so.6.1.0
7ff628ed6000-7ff628ed7000 r--p 0000e000 08:06 4987864                    /usr/lib/x86_64-linux-gnu/libXi.so.6.1.0
7ff628ed7000-7ff628ed8000 rw-p 0000f000 08:06 4987864                    /usr/lib/x86_64-linux-gnu/libXi.so.6.1.0
7ff628ed8000-7ff628edd000 r-xp 00000000 08:06 4987884                    /usr/lib/x86_64-linux-gnu/libXtst.so.6.1.0
7ff628edd000-7ff6290dc000 ---p 00005000 08:06 4987884                    /usr/lib/x86_64-linux-gnu/libXtst.so.6.1.0
7ff6290dc000-7ff6290dd000 r--p 00004000 08:06 4987884                    /usr/lib/x86_64-linux-gnu/libXtst.so.6.1.0
7ff6290dd000-7ff6290de000 rw-p 00005000 08:06 4987884                    /usr/lib/x86_64-linux-gnu/libXtst.so.6.1.0
7ff6290e0000-7ff62c000000 rw-p 00000000 00:00 0 
7ff62c000000-7ff62c021000 rw-p 00000000 00:00 0 
7ff62c021000-7ff630000000 ---p 00000000 00:00 0 
7ff63000e000-7ff630011000 ---p 00000000 00:00 0 
7ff630011000-7ff630047000 rw-p 00000000 00:00 0                          [stack:6848]
7ff630047000-7ff63004a000 ---p 00000000 00:00 0 
7ff63004a000-7ff630148000 rw-p 00000000 00:00 0                          [stack:6841]
7ff630148000-7ff630151000 r-xp 00000000 08:06 4987880                    /usr/lib/x86_64-linux-gnu/libXrender.so.1.3.0
7ff630151000-7ff630350000 ---p 00009000 08:06 4987880                    /usr/lib/x86_64-linux-gnu/libXrender.so.1.3.0
7ff630350000-7ff630351000 r--p 00008000 08:06 4987880                    /usr/lib/x86_64-linux-gnu/libXrender.so.1.3.0
7ff630351000-7ff630352000 rw-p 00009000 08:06 4987880                    /usr/lib/x86_64-linux-gnu/libXrender.so.1.3.0
7ff630358000-7ff630488000 r-xp 00000000 08:06 4987843                    /usr/lib/x86_64-linux-gnu/libX11.so.6.3.0
7ff630488000-7ff630688000 ---p 00130000 08:06 4987843                    /usr/lib/x86_64-linux-gnu/libX11.so.6.3.0
7ff630688000-7ff630689000 r--p 00130000 08:06 4987843                    /usr/lib/x86_64-linux-gnu/libX11.so.6.3.0
7ff630689000-7ff63068d000 rw-p 00131000 08:06 4987843                    /usr/lib/x86_64-linux-gnu/libX11.so.6.3.0
7ff630690000-7ff6306a0000 r-xp 00000000 08:06 4987858                    /usr/lib/x86_64-linux-gnu/libXext.so.6.4.0
7ff6306a0000-7ff63089f000 ---p 00010000 08:06 4987858                    /usr/lib/x86_64-linux-gnu/libXext.so.6.4.0
7ff63089f000-7ff6308a0000 r--p 0000f000 08:06 4987858                    /usr/lib/x86_64-linux-gnu/libXext.so.6.4.0
7ff6308a0000-7ff6308a1000 rw-p 00010000 08:06 4987858                    /usr/lib/x86_64-linux-gnu/libXext.so.6.4.0
7ff6308a8000-7ff6308fa000 r-xp 00000000 08:06 6305354                    /usr/lib/jvm/java-7-openjdk-amd64/jre/lib/amd64/xawt/libmawt.so
7ff6308fa000-7ff630afa000 ---p 00052000 08:06 6305354                    /usr/lib/jvm/java-7-openjdk-amd64/jre/lib/amd64/xawt/libmawt.so
7ff630afa000-7ff630afb000 r--p 00052000 08:06 6305354                    /usr/lib/jvm/java-7-openjdk-amd64/jre/lib/amd64/xawt/libmawt.so
7ff630afb000-7ff630afe000 rw-p 00053000 08:06 6305354                    /usr/lib/jvm/java-7-openjdk-amd64/jre/lib/amd64/xawt/libmawt.so
7ff630afe000-7ff630aff000 rw-p 00000000 00:00 0 
7ff630b00000-7ff630ba2000 r-xp 00000000 08:06 6192763                    /usr/lib/jvm/java-7-openjdk-amd64/jre/lib/amd64/libawt.so
7ff630ba2000-7ff630da1000 ---p 000a2000 08:06 6192763                    /usr/lib/jvm/java-7-openjdk-amd64/jre/lib/amd64/libawt.so
7ff630da1000-7ff630da2000 r--p 000a1000 08:06 6192763                    /usr/lib/jvm/java-7-openjdk-amd64/jre/lib/amd64/libawt.so
7ff630da2000-7ff630dad000 rw-p 000a2000 08:06 6192763                    /usr/lib/jvm/java-7-openjdk-amd64/jre/lib/amd64/libawt.so
7ff630dad000-7ff630dd2000 rw-p 00000000 00:00 0 
7ff630dd8000-7ff630dfc000 r-xp 00000000 08:06 2623080                    /tmp/libgdxabaratham/9865f060/libgdx64.so
7ff630dfc000-7ff630ffc000 ---p 00024000 08:06 2623080                    /tmp/libgdxabaratham/9865f060/libgdx64.so
7ff630ffc000-7ff630ffd000 r--p 00024000 08:06 2623080                    /tmp/libgdxabaratham/9865f060/libgdx64.so
7ff630ffd000-7ff630ffe000 rw-p 00025000 08:06 2623080                    /tmp/libgdxabaratham/9865f060/libgdx64.so
7ff631000000-7ff631270000 rwxp 00000000 00:00 0 
7ff631270000-7ff6342c7000 rw-p 00000000 00:00 0 
7ff6342c7000-7ff638000000 ---p 00000000 00:00 0 
7ff638025000-7ff638026000 rw-s 00005000 00:05 11729                      /dev/ati/card0
7ff63802a000-7ff63802c000 rw-s 00002000 00:05 11729                      /dev/ati/card0
7ff638030000-7ff638037000 r--s 00000000 08:06 5244924                    /usr/lib/x86_64-linux-gnu/gconv/gconv-modules.cache
7ff638038000-7ff638042000 r--s 000b8000 08:06 6035327                    /usr/lib/jvm/java-7-openjdk-amd64/jre/lib/resources.jar
7ff638044000-7ff638049000 r--s 0004c000 08:06 6035329                    /usr/lib/jvm/java-7-openjdk-amd64/jre/lib/jsse.jar
7ff638049000-7ff63804a000 r--s 00001000 08:06 21234600                   /home/abaratham/.m2/repository/net/java/jutils/jutils/1.0.0/jutils-1.0.0.jar
7ff63804f000-7ff638053000 r--s 0002f000 08:06 21234599                   /home/abaratham/.m2/repository/net/java/jinput/jinput/2.0.5/jinput-2.0.5.jar
7ff638055000-7ff638056000 r--s 00025000 08:06 21234602                   /home/abaratham/.m2/repository/net/java/jinput/jinput-platform/2.0.5/jinput-platform-2.0.5-natives-windows.jar
7ff63805a000-7ff63805b000 r--s 00002000 08:06 21234603                   /home/abaratham/.m2/repository/net/java/jinput/jinput-platform/2.0.5/jinput-platform-2.0.5-natives-osx.jar
7ff638062000-7ff638063000 r--s 00002000 08:06 21234601                   /home/abaratham/.m2/repository/net/java/jinput/jinput-platform/2.0.5/jinput-platform-2.0.5-natives-linux.jar
7ff638067000-7ff63806b000 r--s 00027000 08:06 2623141                    /home/abaratham/.gradle/caches/modules-2/files-2.1/org.lwjgl.lwjgl/lwjgl_util/2.9.1/290d7ba8a1bd9566f5ddf16ad06f09af5ec9b20e/lwjgl_util-2.9.1.jar
7ff638072000-7ff638080000 r--s 000ea000 08:06 2623140                    /home/abaratham/.gradle/caches/modules-2/files-2.1/org.lwjgl.lwjgl/lwjgl/2.9.1/f58c5aabcef0e41718a564be9f8e412fff8db847/lwjgl-2.9.1.jar
7ff638083000-7ff638084000 r--s 0008b000 08:06 2623137                    /home/abaratham/.gradle/caches/modules-2/files-2.1/org.lwjgl.lwjgl/lwjgl-platform/2.9.1/aa9aae879af8eb378e22cfc64db56ec2ca9a44d1/lwjgl-platform-2.9.1-natives-linux.jar
7ff638085000-7ff638086000 r--s 00095000 08:06 2623139                    /home/abaratham/.gradle/caches/modules-2/files-2.1/org.lwjgl.lwjgl/lwjgl-platform/2.9.1/4c517eca808522457dd95ee8fc1fbcdbb602efbe/lwjgl-platform-2.9.1-natives-windows.jar
7ff638088000-7ff638089000 r--s 00080000 08:06 2623138                    /home/abaratham/.gradle/caches/modules-2/files-2.1/org.lwjgl.lwjgl/lwjgl-platform/2.9.1/2d12c83fdfbc04ecabf02c7bc8cc54d034f0daac/lwjgl-platform-2.9.1-natives-osx.jar
7ff63808f000-7ff638091000 r--s 00017000 08:06 2623143                    /home/abaratham/.gradle/caches/modules-2/files-2.1/org.jcraft/jorbis/0.0.17/8872d22b293e8f5d7d56ff92be966e6dc28ebdc6/jorbis-0.0.17.jar
7ff638095000-7ff638096000 r--s 00015000 08:06 2623142                    /home/abaratham/.gradle/caches/modules-2/files-2.1/com.badlogicgames.jlayer/jlayer/1.0.1-gdx/7cca83cec5c1b2f011362f4d85aabd71a73b049d/jlayer-1.0.1-gdx.jar
7ff63809d000-7ff63809e000 r--s 00085000 08:06 2623135                    /home/abaratham/.gradle/caches/modules-2/files-2.1/com.badlogicgames.gdx/gdx-platform/1.0.0/7f7c2b5bae73c9b4afe3a9fc937a6b0934022896/gdx-platform-1.0.0-natives-desktop.jar
7ff63809f000-7ff6380a2000 r--s 0001f000 08:06 2623134                    /home/abaratham/.gradle/caches/modules-2/files-2.1/com.badlogicgames.gdx/gdx-backend-lwjgl/1.0.0/7db646e37cce669e5e742e4413dd2b00084baad3/gdx-backend-lwjgl-1.0.0.jar
7ff6380a3000-7ff6380a6000 r--s 0000b000 08:06 1836944                    /home/abaratham/Desktop/Libgdx Gradle/core/build/libs/tween-engine-api.jar
7ff6380a6000-7ff6380bb000 r--s 0014e000 08:06 2623020                    /home/abaratham/.gradle/caches/modules-2/files-2.1/com.badlogicgames.gdx/gdx/1.0.0/89c474852f0c0b701ebf0e11c176166eec56c0fa/gdx-1.0.0.jar
7ff6380bf000-7ff6380c1000 r--s 0000f000 08:06 2623021                    /home/abaratham/.gradle/caches/modules-2/files-2.1/com.badlogicgames.gdx/gdx-box2d/1.0.0/4e3e9721d888e440cfc541e011ada658ffac5d8a/gdx-box2d-1.0.0.jar
7ff6380c3000-7ff6380c7000 r--s 0003b000 08:06 6035324                    /usr/lib/jvm/java-7-openjdk-amd64/jre/lib/ext/sunpkcs11.jar
7ff6380ca000-7ff6380cd000 r--s 00032000 08:06 6035322                    /usr/lib/jvm/java-7-openjdk-amd64/jre/lib/ext/sunjce_provider.jar
7ff6380d2000-7ff6380d4000 r--s 00012000 08:06 6035321                    /usr/lib/jvm/java-7-openjdk-amd64/jre/lib/ext/zipfs.jar
7ff6380d5000-7ff6380d9000 r--s 00085000 08:06 6035323                    /usr/lib/jvm/java-7-openjdk-amd64/jre/lib/ext/localedata.jar
7ff6380df000-7ff6380e1000 r--s 0000f000 08:06 6035320                    /usr/lib/jvm/java-7-openjdk-amd64/jre/lib/ext/pulse-java.jar
7ff6380e3000-7ff6380e4000 ---p 00000000 00:00 0 
7ff6380e4000-7ff6381e4000 rw-p 00000000 00:00 0                          [stack:6840]
7ff6381e4000-7ff6381e7000 ---p 00000000 00:00 0 
7ff6381e7000-7ff6382e5000 rw-p 00000000 00:00 0                          [stack:6839]
7ff6382e5000-7ff6382e8000 ---p 00000000 00:00 0 
7ff6382e8000-7ff6383e6000 rw-p 00000000 00:00 0                          [stack:6838]
7ff6383e6000-7ff6383e9000 ---p 00000000 00:00 0 
7ff6383e9000-7ff6384e7000 rw-p 00000000 00:00 0                          [stack:6837]
7ff6384e7000-7ff6384ea000 ---p 00000000 00:00 0 
7ff6384ea000-7ff6385e8000 rw-p 00000000 00:00 0                          [stack:6836]
7ff6385e8000-7ff638ccc000 r--p 00000000 08:06 4987195                    /usr/lib/locale/locale-archive
7ff638ccd000-7ff638cd0000 ---p 00000000 00:00 0 
7ff638cd0000-7ff638dce000 rw-p 00000000 00:00 0                          [stack:6835]
7ff638dce000-7ff638dd1000 ---p 00000000 00:00 0 
7ff638dd1000-7ff638ecf000 rw-p 00000000 00:00 0                          [stack:6834]
7ff638ecf000-7ff638ed0000 ---p 00000000 00:00 0 
7ff638ed0000-7ff639fcc000 rw-p 00000000 00:00 0                          [stack:6833]
7ff639fcc000-7ff63a17a000 r--s 01cf4000 08:06 6035316                    /usr/lib/jvm/java-7-openjdk-amd64/jre/lib/rt.jar
7ff63a17b000-7ff63a566000 rw-p 00000000 00:00 0 
7ff63a566000-7ff63a567000 ---p 00000000 00:00 0 
7ff63a567000-7ff63a667000 rw-p 00000000 00:00 0                          [stack:6832]
7ff63a667000-7ff63a668000 ---p 00000000 00:00 0 
7ff63a668000-7ff63a768000 rw-p 00000000 00:00 0                          [stack:6831]
7ff63a768000-7ff63a769000 ---p 00000000 00:00 0 
7ff63a769000-7ff63a869000 rw-p 00000000 00:00 0                          [stack:6830]
7ff63a869000-7ff63a86a000 ---p 00000000 00:00 0 
7ff63a86a000-7ff63a975000 rw-p 00000000 00:00 0                          [stack:6829]
7ff63a975000-7ff63a9bd000 rw-p 00000000 00:00 0 
7ff63a9bd000-7ff63a9d9000 rw-p 00000000 00:00 0 
7ff63a9d9000-7ff63ab7d000 rw-p 00000000 00:00 0 
7ff63ab7d000-7ff63ab88000 rw-p 00000000 00:00 0 
7ff63ab88000-7ff63abd0000 rw-p 00000000 00:00 0 
7ff63abd0000-7ff63abec000 rw-p 00000000 00:00 0 
7ff63abec000-7ff63ad8f000 rw-p 00000000 00:00 0 
7ff63ad8f000-7ff63ad9e000 rw-p 00000000 00:00 0 
7ff63ad9e000-7ff63ae6f000 rw-p 00000000 00:00 0 
7ff63ae6f000-7ff63ae70000 rw-p 00000000 00:00 0 
7ff63ae70000-7ff63ae78000 r-xp 00000000 08:06 6192744                    /usr/lib/jvm/java-7-openjdk-amd64/jre/lib/amd64/libzip.so
7ff63ae78000-7ff63b077000 ---p 00008000 08:06 6192744                    /usr/lib/jvm/java-7-openjdk-amd64/jre/lib/amd64/libzip.so
7ff63b077000-7ff63b078000 r--p 00007000 08:06 6192744                    /usr/lib/jvm/java-7-openjdk-amd64/jre/lib/amd64/libzip.so
7ff63b078000-7ff63b079000 rw-p 00008000 08:06 6192744                    /usr/lib/jvm/java-7-openjdk-amd64/jre/lib/amd64/libzip.so
7ff63b080000-7ff63b08c000 r-xp 00000000 08:06 2887553                    /lib/x86_64-linux-gnu/libnss_files-2.15.so
7ff63b08c000-7ff63b28b000 ---p 0000c000 08:06 2887553                    /lib/x86_64-linux-gnu/libnss_files-2.15.so
7ff63b28b000-7ff63b28c000 r--p 0000b000 08:06 2887553                    /lib/x86_64-linux-gnu/libnss_files-2.15.so
7ff63b28c000-7ff63b28d000 rw-p 0000c000 08:06 2887553                    /lib/x86_64-linux-gnu/libnss_files-2.15.so
7ff63b290000-7ff63b29a000 r-xp 00000000 08:06 2887557                    /lib/x86_64-linux-gnu/libnss_nis-2.15.so
7ff63b29a000-7ff63b49a000 ---p 0000a000 08:06 2887557                    /lib/x86_64-linux-gnu/libnss_nis-2.15.so
7ff63b49a000-7ff63b49b000 r--p 0000a000 08:06 2887557                    /lib/x86_64-linux-gnu/libnss_nis-2.15.so
7ff63b49b000-7ff63b49c000 rw-p 0000b000 08:06 2887557                    /lib/x86_64-linux-gnu/libnss_nis-2.15.so
7ff63b4a0000-7ff63b4b7000 r-xp 00000000 08:06 2887547                    /lib/x86_64-linux-gnu/libnsl-2.15.so
7ff63b4b7000-7ff63b6b6000 ---p 00017000 08:06 2887547                    /lib/x86_64-linux-gnu/libnsl-2.15.so
7ff63b6b6000-7ff63b6b7000 r--p 00016000 08:06 2887547                    /lib/x86_64-linux-gnu/libnsl-2.15.so
7ff63b6b7000-7ff63b6b8000 rw-p 00017000 08:06 2887547                    /lib/x86_64-linux-gnu/libnsl-2.15.so
7ff63b6b8000-7ff63b6ba000 rw-p 00000000 00:00 0 
7ff63b6c0000-7ff63b6c8000 r-xp 00000000 08:06 2887549                    /lib/x86_64-linux-gnu/libnss_compat-2.15.so
7ff63b6c8000-7ff63b8c7000 ---p 00008000 08:06 2887549                    /lib/x86_64-linux-gnu/libnss_compat-2.15.so
7ff63b8c7000-7ff63b8c8000 r--p 00007000 08:06 2887549                    /lib/x86_64-linux-gnu/libnss_compat-2.15.so
7ff63b8c8000-7ff63b8c9000 rw-p 00008000 08:06 2887549                    /lib/x86_64-linux-gnu/libnss_compat-2.15.so
7ff63b8d0000-7ff63b8f9000 r-xp 00000000 08:06 6192737                    /usr/lib/jvm/java-7-openjdk-amd64/jre/lib/amd64/libjava.so
7ff63b8f9000-7ff63baf8000 ---p 00029000 08:06 6192737                    /usr/lib/jvm/java-7-openjdk-amd64/jre/lib/amd64/libjava.so
7ff63baf8000-7ff63baf9000 r--p 00028000 08:06 6192737                    /usr/lib/jvm/java-7-openjdk-amd64/jre/lib/amd64/libjava.so
7ff63baf9000-7ff63bafb000 rw-p 00029000 08:06 6192737                    /usr/lib/jvm/java-7-openjdk-amd64/jre/lib/amd64/libjava.so
7ff63bb00000-7ff63bb0e000 r-xp 00000000 08:06 6192769                    /usr/lib/jvm/java-7-openjdk-amd64/jre/lib/amd64/libverify.so
7ff63bb0e000-7ff63bd0d000 ---p 0000e000 08:06 6192769                    /usr/lib/jvm/java-7-openjdk-amd64/jre/lib/amd64/libverify.so
7ff63bd0d000-7ff63bd0f000 r--p 0000d000 08:06 6192769                    /usr/lib/jvm/java-7-openjdk-amd64/jre/lib/amd64/libverify.so
7ff63bd0f000-7ff63bd10000 rw-p 0000f000 08:06 6192769                    /usr/lib/jvm/java-7-openjdk-amd64/jre/lib/amd64/libverify.so
7ff63bd10000-7ff63bd17000 r-xp 00000000 08:06 2887588                    /lib/x86_64-linux-gnu/librt-2.15.so
7ff63bd17000-7ff63bf16000 ---p 00007000 08:06 2887588                    /lib/x86_64-linux-gnu/librt-2.15.so
7ff63bf16000-7ff63bf17000 r--p 00006000 08:06 2887588                    /lib/x86_64-linux-gnu/librt-2.15.so
7ff63bf17000-7ff63bf18000 rw-p 00007000 08:06 2887588                    /lib/x86_64-linux-gnu/librt-2.15.so
7ff63bf18000-7ff63bf2d000 r-xp 00000000 08:06 2887523                    /lib/x86_64-linux-gnu/libgcc_s.so.1
7ff63bf2d000-7ff63c12c000 ---p 00015000 08:06 2887523                    /lib/x86_64-linux-gnu/libgcc_s.so.1
7ff63c12c000-7ff63c12d000 r--p 00014000 08:06 2887523                    /lib/x86_64-linux-gnu/libgcc_s.so.1
7ff63c12d000-7ff63c12e000 rw-p 00015000 08:06 2887523                    /lib/x86_64-linux-gnu/libgcc_s.so.1
7ff63c130000-7ff63c22b000 r-xp 00000000 08:06 2887534                    /lib/x86_64-linux-gnu/libm-2.15.so
7ff63c22b000-7ff63c42a000 ---p 000fb000 08:06 2887534                    /lib/x86_64-linux-gnu/libm-2.15.so
7ff63c42a000-7ff63c42b000 r--p 000fa000 08:06 2887534                    /lib/x86_64-linux-gnu/libm-2.15.so
7ff63c42b000-7ff63c42c000 rw-p 000fb000 08:06 2887534                    /lib/x86_64-linux-gnu/libm-2.15.so
7ff63c430000-7ff63c512000 r-xp 00000000 08:06 4988391                    /usr/lib/x86_64-linux-gnu/libstdc++.so.6.0.16
7ff63c512000-7ff63c711000 ---p 000e2000 08:06 4988391                    /usr/lib/x86_64-linux-gnu/libstdc++.so.6.0.16
7ff63c711000-7ff63c719000 r--p 000e1000 08:06 4988391                    /usr/lib/x86_64-linux-gnu/libstdc++.so.6.0.16
7ff63c719000-7ff63c71b000 rw-p 000e9000 08:06 4988391                    /usr/lib/x86_64-linux-gnu/libstdc++.so.6.0.16
7ff63c71b000-7ff63c730000 rw-p 00000000 00:00 0 
7ff63c730000-7ff63d1eb000 r-xp 00000000 08:06 6303865                    /usr/lib/jvm/java-7-openjdk-amd64/jre/lib/amd64/server/libjvm.so
7ff63d1eb000-7ff63d3eb000 ---p 00abb000 08:06 6303865                    /usr/lib/jvm/java-7-openjdk-amd64/jre/lib/amd64/server/libjvm.so
7ff63d3eb000-7ff63d483000 r--p 00abb000 08:06 6303865                    /usr/lib/jvm/java-7-openjdk-amd64/jre/lib/amd64/server/libjvm.so
7ff63d483000-7ff63d4a6000 rw-p 00b53000 08:06 6303865                    /usr/lib/jvm/java-7-openjdk-amd64/jre/lib/amd64/server/libjvm.so
7ff63d4a6000-7ff63d4d3000 rw-p 00000000 00:00 0 
7ff63d4d8000-7ff63d4ee000 r-xp 00000000 08:06 2887613                    /lib/x86_64-linux-gnu/libz.so.1.2.3.4
7ff63d4ee000-7ff63d6ed000 ---p 00016000 08:06 2887613                    /lib/x86_64-linux-gnu/libz.so.1.2.3.4
7ff63d6ed000-7ff63d6ee000 r--p 00015000 08:06 2887613                    /lib/x86_64-linux-gnu/libz.so.1.2.3.4
7ff63d6ee000-7ff63d6ef000 rw-p 00016000 08:06 2887613                    /lib/x86_64-linux-gnu/libz.so.1.2.3.4
7ff63d6f0000-7ff63d708000 r-xp 00000000 08:06 2887582                    /lib/x86_64-linux-gnu/libpthread-2.15.so
7ff63d708000-7ff63d907000 ---p 00018000 08:06 2887582                    /lib/x86_64-linux-gnu/libpthread-2.15.so
7ff63d907000-7ff63d908000 r--p 00017000 08:06 2887582                    /lib/x86_64-linux-gnu/libpthread-2.15.so
7ff63d908000-7ff63d909000 rw-p 00018000 08:06 2887582                    /lib/x86_64-linux-gnu/libpthread-2.15.so
7ff63d909000-7ff63d90d000 rw-p 00000000 00:00 0 
7ff63d910000-7ff63d912000 r-xp 00000000 08:06 2887515                    /lib/x86_64-linux-gnu/libdl-2.15.so
7ff63d912000-7ff63db12000 ---p 00002000 08:06 2887515                    /lib/x86_64-linux-gnu/libdl-2.15.so
7ff63db12000-7ff63db13000 r--p 00002000 08:06 2887515                    /lib/x86_64-linux-gnu/libdl-2.15.so
7ff63db13000-7ff63db14000 rw-p 00003000 08:06 2887515                    /lib/x86_64-linux-gnu/libdl-2.15.so
7ff63db18000-7ff63dccd000 r-xp 00000000 08:06 2887502                    /lib/x86_64-linux-gnu/libc-2.15.so
7ff63dccd000-7ff63decd000 ---p 001b5000 08:06 2887502                    /lib/x86_64-linux-gnu/libc-2.15.so
7ff63decd000-7ff63ded1000 r--p 001b5000 08:06 2887502                    /lib/x86_64-linux-gnu/libc-2.15.so
7ff63ded1000-7ff63ded3000 rw-p 001b9000 08:06 2887502                    /lib/x86_64-linux-gnu/libc-2.15.so
7ff63ded3000-7ff63ded8000 rw-p 00000000 00:00 0 
7ff63ded8000-7ff63dee5000 r-xp 00000000 08:06 6303971                    /usr/lib/jvm/java-7-openjdk-amd64/jre/lib/amd64/jli/libjli.so
7ff63dee5000-7ff63e0e4000 ---p 0000d000 08:06 6303971                    /usr/lib/jvm/java-7-openjdk-amd64/jre/lib/amd64/jli/libjli.so
7ff63e0e4000-7ff63e0e5000 r--p 0000c000 08:06 6303971                    /usr/lib/jvm/java-7-openjdk-amd64/jre/lib/amd64/jli/libjli.so
7ff63e0e5000-7ff63e0e6000 rw-p 0000d000 08:06 6303971                    /usr/lib/jvm/java-7-openjdk-amd64/jre/lib/amd64/jli/libjli.so
7ff63e0e8000-7ff63e10a000 r-xp 00000000 08:06 2887482                    /lib/x86_64-linux-gnu/ld-2.15.so
7ff63e10d000-7ff63e10e000 r--s 000dd000 08:06 2623136                    /home/abaratham/.gradle/caches/modules-2/files-2.1/com.badlogicgames.gdx/gdx-box2d-platform/1.0.0/350a00f887adc5505517003be2a0c111303c574b/gdx-box2d-platform-1.0.0-natives-desktop.jar
7ff63e112000-7ff63e113000 r--s 00002000 08:06 6035325                    /usr/lib/jvm/java-7-openjdk-amd64/jre/lib/ext/dnsns.jar
7ff63e117000-7ff63e118000 r--s 00007000 08:06 5250426                    /usr/share/java/java-atk-wrapper.jar
7ff63e11a000-7ff63e142000 rw-p 00000000 00:00 0 
7ff63e142000-7ff63e1f8000 rw-p 00000000 00:00 0 
7ff63e1f8000-7ff63e200000 rw-s 00000000 08:06 2623170                    /tmp/hsperfdata_abaratham/6823
7ff63e200000-7ff63e202000 rw-p 00000000 00:00 0 
7ff63e202000-7ff63e203000 r--p 00000000 00:00 0 
7ff63e203000-7ff63e206000 ---p 00000000 00:00 0 
7ff63e206000-7ff63e30a000 rw-p 00000000 00:00 0                          [stack:6828]
7ff63e30a000-7ff63e30b000 r--p 00022000 08:06 2887482                    /lib/x86_64-linux-gnu/ld-2.15.so
7ff63e30b000-7ff63e30d000 rw-p 00023000 08:06 2887482                    /lib/x86_64-linux-gnu/ld-2.15.so
7ff63e30d000-7ff63e30e000 rw-p 00000000 00:00 0 
7fffd79fe000-7fffd7a20000 rw-p 00000000 00:00 0                          [stack]
7fffd7a80000-7fffd7a82000 r-xp 00000000 00:00 0                          [vdso]
ffffffffff600000-ffffffffff601000 r-xp 00000000 00:00 0                  [vsyscall]

VM Arguments:
jvm_args: -Dfile.encoding=UTF-8 
java_command: anandgames.gravity.desktop.DesktopLauncher
Launcher Type: SUN_STANDARD

Environment Variables:
PATH=/opt/OpenPrinting-Gutenprint/sbin:/opt/OpenPrinting-Gutenprint/bin:/usr/lib/lightdm/lightdm:/usr/local/sbin:/usr/local/bin:/usr/sbin:/usr/bin:/sbin:/bin:/usr/games
SHELL=/bin/bash
DISPLAY=:0.0

Signal Handlers:
SIGSEGV: [libjvm.so+0x8f6d70], sa_mask[0]=0x7ffbfeff, sa_flags=0x10000004
SIGBUS: [libjvm.so+0x8f6d70], sa_mask[0]=0x7ffbfeff, sa_flags=0x10000004
SIGFPE: [libjvm.so+0x77aeb0], sa_mask[0]=0x7ffbfeff, sa_flags=0x10000004
SIGPIPE: [libjvm.so+0x77aeb0], sa_mask[0]=0x7ffbfeff, sa_flags=0x10000004
SIGXFSZ: [libjvm.so+0x77aeb0], sa_mask[0]=0x7ffbfeff, sa_flags=0x10000004
SIGILL: [libjvm.so+0x77aeb0], sa_mask[0]=0x7ffbfeff, sa_flags=0x10000004
SIGUSR1: SIG_DFL, sa_mask[0]=0x00000000, sa_flags=0x00000000
SIGUSR2: [libjvm.so+0x77b130], sa_mask[0]=0x00000004, sa_flags=0x10000004
SIGHUP: [libjvm.so+0x77b2a0], sa_mask[0]=0x7ffbfeff, sa_flags=0x10000004
SIGINT: [libjvm.so+0x77b2a0], sa_mask[0]=0x7ffbfeff, sa_flags=0x10000004
SIGTERM: [libjvm.so+0x77b2a0], sa_mask[0]=0x7ffbfeff, sa_flags=0x10000004
SIGQUIT: [libjvm.so+0x77b2a0], sa_mask[0]=0x7ffbfeff, sa_flags=0x10000004


---------------  S Y S T E M  ---------------

OS:Ubuntu 12.04 (precise)
uname:Linux 3.11.0-17-generic #31~precise1-Ubuntu SMP Tue Feb 4 21:25:43 UTC 2014 x86_64
libc:glibc 2.15 NPTL 2.15 
rlimit: STACK 8192k, CORE 0k, NPROC 42396, NOFILE 4096, AS infinity
load average:4.87 2.28 1.32

/proc/meminfo:
MemTotal:        5493904 kB
MemFree:          207700 kB
Buffers:          213584 kB
Cached:          1866984 kB
SwapCached:         1632 kB
Active:          2906924 kB
Inactive:        1892280 kB
Active(anon):    2453368 kB
Inactive(anon):  1075836 kB
Active(file):     453556 kB
Inactive(file):   816444 kB
Unevictable:          16 kB
Mlocked:              16 kB
SwapTotal:       5731324 kB
SwapFree:        5715196 kB
Dirty:             13524 kB
Writeback:             0 kB
AnonPages:       2717872 kB
Mapped:          1193404 kB
Shmem:            810044 kB
Slab:             162208 kB
SReclaimable:     127048 kB
SUnreclaim:        35160 kB
KernelStack:        5784 kB
PageTables:        52108 kB
NFS_Unstable:          0 kB
Bounce:                0 kB
WritebackTmp:          0 kB
CommitLimit:     8478276 kB
Committed_AS:    7343248 kB
VmallocTotal:   34359738367 kB
VmallocUsed:      183184 kB
VmallocChunk:   34359551732 kB
HardwareCorrupted:     0 kB
AnonHugePages:         0 kB
HugePages_Total:       0
HugePages_Free:        0
HugePages_Rsvd:        0
HugePages_Surp:        0
Hugepagesize:       2048 kB
DirectMap4k:      344828 kB
DirectMap2M:     5392384 kB
DirectMap1G:           0 kB


CPU:total 4 (4 cores per cpu, 1 threads per core) family 21 model 16 stepping 1, cmov, cx8, fxsr, mmx, sse, sse2, sse3, ssse3, sse4.1, sse4.2, popcnt, avx, aes, mmxext, 3dnowpref, lzcnt, sse4a, tsc, tscinvbit, tscinv

/proc/cpuinfo:
processor	: 0
vendor_id	: AuthenticAMD
cpu family	: 21
model		: 16
model name	: AMD A10-4600M APU with Radeon(tm) HD Graphics
stepping	: 1
microcode	: 0x6001116
cpu MHz		: 2300.000
cache size	: 2048 KB
physical id	: 0
siblings	: 4
core id		: 0
cpu cores	: 2
apicid		: 16
initial apicid	: 0
fpu		: yes
fpu_exception	: yes
cpuid level	: 13
wp		: yes
flags		: fpu vme de pse tsc msr pae mce cx8 apic sep mtrr pge mca cmov pat pse36 clflush mmx fxsr sse sse2 ht syscall nx mmxext fxsr_opt pdpe1gb rdtscp lm constant_tsc rep_good nopl nonstop_tsc extd_apicid aperfmperf pni pclmulqdq monitor ssse3 fma cx16 sse4_1 sse4_2 popcnt aes xsave avx f16c lahf_lm cmp_legacy svm extapic cr8_legacy abm sse4a misalignsse 3dnowprefetch osvw ibs xop skinit wdt lwp fma4 tce nodeid_msr tbm topoext perfctr_core perfctr_nb arat cpb hw_pstate npt lbrv svm_lock nrip_save tsc_scale vmcb_clean flushbyasid decodeassists pausefilter pfthreshold bmi1
bogomips	: 4590.93
TLB size	: 1536 4K pages
clflush size	: 64
cache_alignment	: 64
address sizes	: 48 bits physical, 48 bits virtual
power management: ts ttp tm 100mhzsteps hwpstate cpb eff_freq_ro

processor	: 1
vendor_id	: AuthenticAMD
cpu family	: 21
model		: 16
model name	: AMD A10-4600M APU with Radeon(tm) HD Graphics  
stepping	: 1
microcode	: 0x6001116
cpu MHz		: 1400.000
cache size	: 2048 KB
physical id	: 0
siblings	: 4
core id		: 1
cpu cores	: 2
apicid		: 17
initial apicid	: 1
fpu		: yes
fpu_exception	: yes
cpuid level	: 13
wp		: yes
flags		: fpu vme de pse tsc msr pae mce cx8 apic sep mtrr pge mca cmov pat pse36 clflush mmx fxsr sse sse2 ht syscall nx mmxext fxsr_opt pdpe1gb rdtscp lm constant_tsc rep_good nopl nonstop_tsc extd_apicid aperfmperf pni pclmulqdq monitor ssse3 fma cx16 sse4_1 sse4_2 popcnt aes xsave avx f16c lahf_lm cmp_legacy svm extapic cr8_legacy abm sse4a misalignsse 3dnowprefetch osvw ibs xop skinit wdt lwp fma4 tce nodeid_msr tbm topoext perfctr_core perfctr_nb arat cpb hw_pstate npt lbrv svm_lock nrip_save tsc_scale vmcb_clean flushbyasid decodeassists pausefilter pfthreshold bmi1
bogomips	: 4590.93
TLB size	: 1536 4K pages
clflush size	: 64
cache_alignment	: 64
address sizes	: 48 bits physical, 48 bits virtual
power management: ts ttp tm 100mhzsteps hwpstate cpb eff_freq_ro

processor	: 2
vendor_id	: AuthenticAMD
cpu family	: 21
model		: 16
model name	: AMD A10-4600M APU with Radeon(tm) HD Graphics  
stepping	: 1
microcode	: 0x6001116
cpu MHz		: 1400.000
cache size	: 2048 KB
physical id	: 0
siblings	: 4
core id		: 2
cpu cores	: 2
apicid		: 18
initial apicid	: 2
fpu		: yes
fpu_exception	: yes
cpuid level	: 13
wp		: yes
flags		: fpu vme de pse tsc msr pae mce cx8 apic sep mtrr pge mca cmov pat pse36 clflush mmx fxsr sse sse2 ht syscall nx mmxext fxsr_opt pdpe1gb rdtscp lm constant_tsc rep_good nopl nonstop_tsc extd_apicid aperfmperf pni pclmulqdq monitor ssse3 fma cx16 sse4_1 sse4_2 popcnt aes xsave avx f16c lahf_lm cmp_legacy svm extapic cr8_legacy abm sse4a misalignsse 3dnowprefetch osvw ibs xop skinit wdt lwp fma4 tce nodeid_msr tbm topoext perfctr_core perfctr_nb arat cpb hw_pstate npt lbrv svm_lock nrip_save tsc_scale vmcb_clean flushbyasid decodeassists pausefilter pfthreshold bmi1
bogomips	: 4590.93
TLB size	: 1536 4K pages
clflush size	: 64
cache_alignment	: 64
address sizes	: 48 bits physical, 48 bits virtual
power management: ts ttp tm 100mhzsteps hwpstate cpb eff_freq_ro

processor	: 3
vendor_id	: AuthenticAMD
cpu family	: 21
model		: 16
model name	: AMD A10-4600M APU with Radeon(tm) HD Graphics  
stepping	: 1
microcode	: 0x6001116
cpu MHz		: 1400.000
cache size	: 2048 KB
physical id	: 0
siblings	: 4
core id		: 3
cpu cores	: 2
apicid		: 19
initial apicid	: 3
fpu		: yes
fpu_exception	: yes
cpuid level	: 13
wp		: yes
flags		: fpu vme de pse tsc msr pae mce cx8 apic sep mtrr pge mca cmov pat pse36 clflush mmx fxsr sse sse2 ht syscall nx mmxext fxsr_opt pdpe1gb rdtscp lm constant_tsc rep_good nopl nonstop_tsc extd_apicid aperfmperf pni pclmulqdq monitor ssse3 fma cx16 sse4_1 sse4_2 popcnt aes xsave avx f16c lahf_lm cmp_legacy svm extapic cr8_legacy abm sse4a misalignsse 3dnowprefetch osvw ibs xop skinit wdt lwp fma4 tce nodeid_msr tbm topoext perfctr_core perfctr_nb arat cpb hw_pstate npt lbrv svm_lock nrip_save tsc_scale vmcb_clean flushbyasid decodeassists pausefilter pfthreshold bmi1
bogomips	: 4590.93
TLB size	: 1536 4K pages
clflush size	: 64
cache_alignment	: 64
address sizes	: 48 bits physical, 48 bits virtual
power management: ts ttp tm 100mhzsteps hwpstate cpb eff_freq_ro



Memory: 4k page, physical 5493904k(207700k free), swap 5731324k(5715196k free)

vm_info: OpenJDK 64-Bit Server VM (24.45-b08) for linux-amd64 JRE (1.7.0_51-b00), built on Jan 16 2014 18:37:59 by "buildd" with gcc 4.6.3

time: Fri May  2 16:28:16 2014
elapsed time: 2 seconds

