#
# A fatal error has been detected by the Java Runtime Environment:
#
#  SIGSEGV (0xb) at pc=0x00007f193f08e800, pid=2432, tid=139746596382464
#
# JRE version: OpenJDK Runtime Environment (7.0_51) (build 1.7.0_51-b00)
# Java VM: OpenJDK 64-Bit Server VM (24.45-b08 mixed mode linux-amd64 compressed oops)
# Problematic frame:
# C  [fglrx_dri.so+0x11ce800]  ukiCreateContext+0x11ce800
#
# Failed to write core dump. Core dumps have been disabled. To enable core dumping, try "ulimit -c unlimited" before starting Java again
#
# If you would like to submit a bug report, please include
# instructions on how to reproduce the bug and visit:
#   http://icedtea.classpath.org/bugzilla
# The crash happened outside the Java Virtual Machine in native code.
# See problematic frame for where to report the bug.
#

---------------  T H R E A D  ---------------

Current thread (0x00007f19902c9000):  JavaThread "LWJGL Application" [_thread_in_native, id=2455, stack(0x00007f194a2c6000,0x00007f194a3c7000)]

siginfo:si_signo=SIGSEGV: si_errno=0, si_code=1 (SEGV_MAPERR), si_addr=0x0000000000000000

Registers:
RAX=0x00007f193fd90e50, RBX=0x00007f193f8ccdf8, RCX=0x0000000000000000, RDX=0x0000000000000000
RSP=0x00007f194a3c4fa8, RBP=0x00007f1934544120, RSI=0x00007f1934137d70, RDI=0x00007f193492e1c0
R8 =0x00007f19341298f0, R9 =0x0000000000000997, R10=0x0000000000000000, R11=0x0000000000000000
R12=0x00007f193ff594c0, R13=0xffffffffffffff68, R14=0xffffffffffffff68, R15=0x0000000000000001
RIP=0x00007f193f08e800, EFLAGS=0x0000000000010202, CSGSFS=0x0000000000000033, ERR=0x0000000000000004
  TRAPNO=0x000000000000000e

Top of Stack: (sp=0x00007f194a3c4fa8)
0x00007f194a3c4fa8:   00007f193f029624 00007f1934027ec0
0x00007f194a3c4fb8:   00007f1934142730 0000000000000088
0x00007f194a3c4fc8:   0000000000000000 00007f1934135f10
0x00007f194a3c4fd8:   00007f193f8ccdf8 00007f193ff594c0
0x00007f194a3c4fe8:   00007f193ee167c9 0000000000000000
0x00007f194a3c4ff8:   0000000000000000 0000000000000000
0x00007f194a3c5008:   000002e800000525 0000000001000000
0x00007f194a3c5018:   00007f1900000000 0000000000000000
0x00007f194a3c5028:   000002d000000500 0000000000000003
0x00007f194a3c5038:   0000000000000000 0000000000000000
0x00007f194a3c5048:   00007f1934544120 0000000000000088
0x00007f194a3c5058:   00007f1934135f10 00007f193ff594c0
0x00007f194a3c5068:   00007f193ee363e6 00007f19902c9000
0x00007f194a3c5078:   0000000000000000 0000000000000000
0x00007f194a3c5088:   00007f194a3c5100 0000000000000007
0x00007f194a3c5098:   0000000100000000 0000000000000000
0x00007f194a3c50a8:   0000000000000000 0000000000000000
0x00007f194a3c50b8:   00007f1900000000 0000000000000003
0x00007f194a3c50c8:   0000000000000000 0000000000000000
0x00007f194a3c50d8:   0000000000000000 00007f1900000000
0x00007f194a3c50e8:   00007f199005a2a8 00007f19902c91d8
0x00007f194a3c50f8:   00007f1934544120 00007f1934544120
0x00007f194a3c5108:   00007f193402a7f0 000000000000022b
0x00007f194a3c5118:   00007f193ff4ebe8 ffffffffffffff68
0x00007f194a3c5128:   00007f193ee10223 00007f194a3c5010
0x00007f194a3c5138:   0000003000000018 00007f194a3c52a0
0x00007f194a3c5148:   00007f194a3c51c0 00007f193ff052d8
0x00007f194a3c5158:   00007f1934544120 00007f193402a7f0
0x00007f194a3c5168:   00007f193ee15893 00007f194a3c51c8
0x00007f194a3c5178:   00007f193ff052d8 00007f193ff052d8
0x00007f194a3c5188:   00007f193402a910 00007f193402a7f0
0x00007f194a3c5198:   000000000000022b 00007f193ff4ebe8 

Instructions: (pc=0x00007f193f08e800)
0x00007f193f08e7e0:   48 89 c7 48 8b 00 89 de 4c 8b 98 d0 00 00 00 48
0x00007f193f08e7f0:   83 c4 30 5b 41 ff e3 90 90 90 90 90 90 90 90 90
0x00007f193f08e800:   48 8b 02 48 89 87 00 02 00 00 48 8b 42 08 48 89
0x00007f193f08e810:   87 08 02 00 00 b8 01 00 00 00 c3 90 90 90 90 90 

Register to memory mapping:

RAX=0x00007f193fd90e50: <offset 0x1ed0e50> in /usr/lib/fglrx/dri/fglrx_dri.so at 0x00007f193dec0000
RBX=0x00007f193f8ccdf8: <offset 0x1a0cdf8> in /usr/lib/fglrx/dri/fglrx_dri.so at 0x00007f193dec0000
RCX=0x0000000000000000 is an unknown value
RDX=0x0000000000000000 is an unknown value
RSP=0x00007f194a3c4fa8 is pointing into the stack for thread: 0x00007f19902c9000
RBP=0x00007f1934544120 is an unknown value
RSI=0x00007f1934137d70 is an unknown value
RDI=0x00007f193492e1c0 is an unknown value
R8 =0x00007f19341298f0 is an unknown value
R9 =0x0000000000000997 is an unknown value
R10=0x0000000000000000 is an unknown value
R11=0x0000000000000000 is an unknown value
R12=0x00007f193ff594c0: <offset 0x20994c0> in /usr/lib/fglrx/dri/fglrx_dri.so at 0x00007f193dec0000
R13=0xffffffffffffff68 is an unknown value
R14=0xffffffffffffff68 is an unknown value
R15=0x0000000000000001 is an unknown value


Stack: [0x00007f194a2c6000,0x00007f194a3c7000],  sp=0x00007f194a3c4fa8,  free space=1019k
Native frames: (J=compiled Java code, j=interpreted, Vv=VM code, C=native code)
C  [fglrx_dri.so+0x11ce800]  ukiCreateContext+0x11ce800

Java frames: (J=compiled Java code, j=interpreted, Vv=VM code)
j  org.lwjgl.opengl.LinuxContextImplementation.nSwapBuffers(Ljava/nio/ByteBuffer;)V+0
j  org.lwjgl.opengl.LinuxContextImplementation.swapBuffers()V+38
j  org.lwjgl.opengl.ContextGL.swapBuffers()V+3
j  org.lwjgl.opengl.DrawableGL.swapBuffers()V+0
j  org.lwjgl.opengl.Display.swapBuffers()V+39
j  org.lwjgl.opengl.Display.update(Z)V+44
j  com.badlogic.gdx.backends.lwjgl.LwjglApplication.mainLoop()V+625
j  com.badlogic.gdx.backends.lwjgl.LwjglApplication$1.run()V+27
v  ~StubRoutines::call_stub

---------------  P R O C E S S  ---------------

Java Threads: ( => current thread )
  0x00007f193401d000 JavaThread "process reaper" daemon [_thread_blocked, id=2459, stack(0x00007f197c097000,0x00007f197c0d0000)]
  0x00007f1934004800 JavaThread "process reaper" daemon [_thread_blocked, id=2457, stack(0x00007f198c02f000,0x00007f198c068000)]
  0x00007f199000b000 JavaThread "DestroyJavaVM" [_thread_blocked, id=2433, stack(0x00007f1999578000,0x00007f1999679000)]
=>0x00007f19902c9000 JavaThread "LWJGL Application" [_thread_in_native, id=2455, stack(0x00007f194a2c6000,0x00007f194a3c7000)]
  0x00007f1990226000 JavaThread "AWT-XAWT" daemon [_thread_in_native, id=2451, stack(0x00007f1954e97000,0x00007f1954f98000)]
  0x00007f1990203800 JavaThread "Java2D Disposer" daemon [_thread_blocked, id=2450, stack(0x00007f198c06f000,0x00007f198c170000)]
  0x00007f19900a7800 JavaThread "Service Thread" daemon [_thread_blocked, id=2448, stack(0x00007f198c514000,0x00007f198c615000)]
  0x00007f19900a5000 JavaThread "C2 CompilerThread1" daemon [_thread_blocked, id=2447, stack(0x00007f198c615000,0x00007f198c716000)]
  0x00007f19900a2000 JavaThread "C2 CompilerThread0" daemon [_thread_blocked, id=2446, stack(0x00007f198c716000,0x00007f198c817000)]
  0x00007f19900a0000 JavaThread "Signal Dispatcher" daemon [_thread_blocked, id=2445, stack(0x00007f198c817000,0x00007f198c918000)]
  0x00007f199007d000 JavaThread "Finalizer" daemon [_thread_blocked, id=2444, stack(0x00007f199403d000,0x00007f199413e000)]
  0x00007f199007b000 JavaThread "Reference Handler" daemon [_thread_blocked, id=2443, stack(0x00007f199413e000,0x00007f199423f000)]

Other Threads:
  0x00007f1990076800 VMThread [stack: 0x00007f199423f000,0x00007f1994340000] [id=2442]
  0x00007f19900ba000 WatcherThread [stack: 0x00007f198c413000,0x00007f198c514000] [id=2449]

VM state:not at safepoint (normal execution)

VM Mutex/Monitor currently owned by a thread: None

Heap
 PSYoungGen      total 25088K, used 12603K [0x00000000e4080000, 0x00000000e5c80000, 0x0000000100000000)
  eden space 21504K, 58% used [0x00000000e4080000,0x00000000e4cced58,0x00000000e5580000)
  from space 3584K, 0% used [0x00000000e5900000,0x00000000e5900000,0x00000000e5c80000)
  to   space 3584K, 0% used [0x00000000e5580000,0x00000000e5580000,0x00000000e5900000)
 ParOldGen       total 56832K, used 0K [0x00000000ac200000, 0x00000000af980000, 0x00000000e4080000)
  object space 56832K, 0% used [0x00000000ac200000,0x00000000ac200000,0x00000000af980000)
 PSPermGen       total 21504K, used 8266K [0x00000000a1c00000, 0x00000000a3100000, 0x00000000ac200000)
  object space 21504K, 38% used [0x00000000a1c00000,0x00000000a2412af0,0x00000000a3100000)

Card table byte_map: [0x00007f1995eed000,0x00007f19961e0000] byte_map_base: 0x00007f19959df000

Polling page: 0x00007f1999577000

Code Cache  [0x00007f198d000000, 0x00007f198d270000, 0x00007f1990000000)
 total_blobs=507 nmethods=28 adapters=434 free_code_cache=48567Kb largest_free_block=49719872

Compilation events (10 events):
Event: 1.815 Thread 0x00007f19900a2000   24   !         sun.nio.cs.ISO_8859_1$Encoder::encodeBufferLoop (135 bytes)
Event: 1.818 Thread 0x00007f19900a5000   25             java.nio.StringCharBuffer::get (19 bytes)
Event: 1.822 Thread 0x00007f19900a5000 nmethod 25 0x00007f198d088010 code [0x00007f198d088180, 0x00007f198d0882d8]
Event: 1.822 Thread 0x00007f19900a5000   26             java.nio.Buffer::nextGetIndex (31 bytes)
Event: 1.823 Thread 0x00007f19900a5000 nmethod 26 0x00007f198d08dad0 code [0x00007f198d08dc00, 0x00007f198d08dc78]
Event: 1.823 Thread 0x00007f19900a5000   27             org.lwjgl.MemoryUtil$CharSequenceNT::charAt (28 bytes)
Event: 1.826 Thread 0x00007f19900a5000 nmethod 27 0x00007f198d089c90 code [0x00007f198d089de0, 0x00007f198d089ed8]
Event: 1.835 Thread 0x00007f19900a2000 nmethod 24 0x00007f198d089090 code [0x00007f198d089260, 0x00007f198d089760]
Event: 2.463 Thread 0x00007f19900a5000   28             org.lwjgl.opengl.Sync$RunningAvg::avg (37 bytes)
Event: 2.468 Thread 0x00007f19900a5000 nmethod 28 0x00007f198d095250 code [0x00007f198d0953a0, 0x00007f198d0954d8]

GC Heap History (0 events):
No events

Deoptimization events (1 events):
Event: 0.577 Thread 0x00007f199000b000 Uncommon trap: reason=class_check action=maybe_recompile pc=0x00007f198d0659ac method=java.util.Properties$LineReader.readLine()I @ 62

Internal exceptions (10 events):
Event: 2.122 Thread 0x00007f19902c9000 Threw 0x00000000e4c53d48 at /build/buildd/openjdk-7-7u51-2.4.4/build/openjdk/hotspot/src/share/vm/prims/jvm.cpp:1244
Event: 2.123 Thread 0x00007f19902c9000 Threw 0x00000000e4c57fa8 at /build/buildd/openjdk-7-7u51-2.4.4/build/openjdk/hotspot/src/share/vm/prims/jvm.cpp:1244
Event: 2.124 Thread 0x00007f19902c9000 Threw 0x00000000e4c5c7d8 at /build/buildd/openjdk-7-7u51-2.4.4/build/openjdk/hotspot/src/share/vm/prims/jvm.cpp:1244
Event: 2.125 Thread 0x00007f19902c9000 Threw 0x00000000e4c617a0 at /build/buildd/openjdk-7-7u51-2.4.4/build/openjdk/hotspot/src/share/vm/prims/jvm.cpp:1244
Event: 2.127 Thread 0x00007f19902c9000 Threw 0x00000000e4c653b8 at /build/buildd/openjdk-7-7u51-2.4.4/build/openjdk/hotspot/src/share/vm/prims/jvm.cpp:1244
Event: 2.128 Thread 0x00007f19902c9000 Threw 0x00000000e4c6ad20 at /build/buildd/openjdk-7-7u51-2.4.4/build/openjdk/hotspot/src/share/vm/prims/jvm.cpp:1244
Event: 2.145 Thread 0x00007f19902c9000 Threw 0x00000000e4c6f610 at /build/buildd/openjdk-7-7u51-2.4.4/build/openjdk/hotspot/src/share/vm/prims/jvm.cpp:1244
Event: 2.147 Thread 0x00007f19902c9000 Threw 0x00000000e4c74f80 at /build/buildd/openjdk-7-7u51-2.4.4/build/openjdk/hotspot/src/share/vm/prims/jvm.cpp:1244
Event: 3.098 Thread 0x00007f19902c9000 Threw 0x00000000e4c7c450 at /build/buildd/openjdk-7-7u51-2.4.4/build/openjdk/hotspot/src/share/vm/prims/jvm.cpp:1244
Event: 3.100 Thread 0x00007f19902c9000 Threw 0x00000000e4c81b50 at /build/buildd/openjdk-7-7u51-2.4.4/build/openjdk/hotspot/src/share/vm/prims/jvm.cpp:1244

Events (10 events):
Event: 2.145 loading class 0x00007f1934007120
Event: 2.145 loading class 0x00007f1934007120 done
Event: 2.146 loading class 0x00007f193492c7f0
Event: 2.146 loading class 0x00007f193492c7f0 done
Event: 3.098 loading class 0x00007f199010cfa0
Event: 3.098 loading class 0x00007f199010cfa0 done
Event: 3.099 loading class 0x00007f199010d070
Event: 3.099 loading class 0x00007f199010d070 done
Event: 3.101 loading class 0x00007f199558c570
Event: 3.101 loading class 0x00007f199558c570 done


Dynamic libraries:
00400000-00401000 r-xp 00000000 08:06 6035309                            /usr/lib/jvm/java-7-openjdk-amd64/jre/bin/java
00600000-00601000 r--p 00000000 08:06 6035309                            /usr/lib/jvm/java-7-openjdk-amd64/jre/bin/java
00601000-00602000 rw-p 00001000 08:06 6035309                            /usr/lib/jvm/java-7-openjdk-amd64/jre/bin/java
01551000-01572000 rw-p 00000000 00:00 0                                  [heap]
a1c00000-a3100000 rw-p 00000000 00:00 0 
a3100000-ac200000 rw-p 00000000 00:00 0 
ac200000-af980000 rw-p 00000000 00:00 0 
af980000-e4080000 rw-p 00000000 00:00 0 
e4080000-e5c80000 rw-p 00000000 00:00 0 
e5c80000-100000000 rw-p 00000000 00:00 0 
7f1928000000-7f1928021000 rw-p 00000000 00:00 0 
7f1928021000-7f192c000000 ---p 00000000 00:00 0 
7f192c000000-7f192c021000 rw-p 00000000 00:00 0 
7f192c021000-7f1930000000 ---p 00000000 00:00 0 
7f1930000000-7f1930021000 rw-p 00000000 00:00 0 
7f1930021000-7f1934000000 ---p 00000000 00:00 0 
7f1934000000-7f1934cc9000 rw-p 00000000 00:00 0 
7f1934cc9000-7f1938000000 ---p 00000000 00:00 0 
7f1938000000-7f1938021000 rw-p 00000000 00:00 0 
7f1938021000-7f193c000000 ---p 00000000 00:00 0 
7f193dec0000-7f193fc5a000 r-xp 00000000 08:06 5904155                    /usr/lib/fglrx/dri/fglrx_dri.so
7f193fc5a000-7f193fd5a000 ---p 01d9a000 08:06 5904155                    /usr/lib/fglrx/dri/fglrx_dri.so
7f193fd5a000-7f193fecd000 rwxp 01d9a000 08:06 5904155                    /usr/lib/fglrx/dri/fglrx_dri.so
7f193fecd000-7f193fff1000 rwxp 00000000 00:00 0 
7f193fff8000-7f1943ff9000 rw-s 00000000 00:13 17676                      /run/shm/pulse-shm-295567855
7f1944000000-7f1944021000 rw-p 00000000 00:00 0 
7f1944021000-7f1948000000 ---p 00000000 00:00 0 
7f194914e000-7f194934e000 rw-s 00346000 00:05 9003                       /dev/ati/card0
7f1949354000-7f1949454000 rw-s 00344000 00:05 9003                       /dev/ati/card0
7f1949456000-7f1949b56000 rw-s 00006000 00:05 9003                       /dev/ati/card0
7f1949b5d000-7f1949baa000 rw-p 00000000 00:00 0 
7f1949be5000-7f1949c25000 rw-s 00025000 00:05 9003                       /dev/ati/card0
7f1949c28000-7f1949e28000 rw-p 00000000 00:00 0 
7f1949e28000-7f1949e7b000 r-xp 00000000 08:06 5904372                    /usr/lib/fglrx/libatiadlxx.so
7f1949e7b000-7f1949f7a000 ---p 00053000 08:06 5904372                    /usr/lib/fglrx/libatiadlxx.so
7f1949f7a000-7f1949f87000 rw-p 00052000 08:06 5904372                    /usr/lib/fglrx/libatiadlxx.so
7f1949f87000-7f1949f97000 rw-p 00000000 00:00 0 
7f1949f98000-7f1949fa7000 r-xp 00000000 08:06 5904170                    /usr/lib/fglrx/libatiuki.so.1.0
7f1949fa7000-7f194a0a7000 ---p 0000f000 08:06 5904170                    /usr/lib/fglrx/libatiuki.so.1.0
7f194a0a7000-7f194a0b3000 rw-p 0000f000 08:06 5904170                    /usr/lib/fglrx/libatiuki.so.1.0
7f194a0b8000-7f194a17b000 r-xp 00000000 08:06 5904397                    /usr/lib/fglrx/libGL.so.1.2
7f194a17b000-7f194a27a000 ---p 000c3000 08:06 5904397                    /usr/lib/fglrx/libGL.so.1.2
7f194a27a000-7f194a2a2000 rwxp 000c2000 08:06 5904397                    /usr/lib/fglrx/libGL.so.1.2
7f194a2a2000-7f194a2c4000 rwxp 00000000 00:00 0 
7f194a2c6000-7f194a2c9000 ---p 00000000 00:00 0 
7f194a2c9000-7f194a3c7000 rw-p 00000000 00:00 0                          [stack:2455]
7f194a3c7000-7f194a3c8000 ---p 00000000 00:00 0 
7f194a3c8000-7f194abc8000 rw-p 00000000 00:00 0                          [stack:2453]
7f194abc8000-7f194abce000 r-xp 00000000 08:06 4988274                    /usr/lib/x86_64-linux-gnu/libogg.so.0.7.1
7f194abce000-7f194adcd000 ---p 00006000 08:06 4988274                    /usr/lib/x86_64-linux-gnu/libogg.so.0.7.1
7f194adcd000-7f194adce000 r--p 00005000 08:06 4988274                    /usr/lib/x86_64-linux-gnu/libogg.so.0.7.1
7f194adce000-7f194adcf000 rw-p 00006000 08:06 4988274                    /usr/lib/x86_64-linux-gnu/libogg.so.0.7.1
7f194add0000-7f194adfb000 r-xp 00000000 08:06 4988427                    /usr/lib/x86_64-linux-gnu/libvorbis.so.0.4.5
7f194adfb000-7f194affa000 ---p 0002b000 08:06 4988427                    /usr/lib/x86_64-linux-gnu/libvorbis.so.0.4.5
7f194affa000-7f194affb000 r--p 0002a000 08:06 4988427                    /usr/lib/x86_64-linux-gnu/libvorbis.so.0.4.5
7f194affb000-7f194affc000 rw-p 0002b000 08:06 4988427                    /usr/lib/x86_64-linux-gnu/libvorbis.so.0.4.5
7f194b000000-7f194b2b3000 r-xp 00000000 08:06 4988429                    /usr/lib/x86_64-linux-gnu/libvorbisenc.so.2.0.8
7f194b2b3000-7f194b4b2000 ---p 002b3000 08:06 4988429                    /usr/lib/x86_64-linux-gnu/libvorbisenc.so.2.0.8
7f194b4b2000-7f194b4ce000 r--p 002b2000 08:06 4988429                    /usr/lib/x86_64-linux-gnu/libvorbisenc.so.2.0.8
7f194b4ce000-7f194b4cf000 rw-p 002ce000 08:06 4988429                    /usr/lib/x86_64-linux-gnu/libvorbisenc.so.2.0.8
7f194b4d0000-7f194b518000 r-xp 00000000 08:06 4987790                    /usr/lib/x86_64-linux-gnu/libFLAC.so.8.2.0
7f194b518000-7f194b718000 ---p 00048000 08:06 4987790                    /usr/lib/x86_64-linux-gnu/libFLAC.so.8.2.0
7f194b718000-7f194b719000 r--p 00048000 08:06 4987790                    /usr/lib/x86_64-linux-gnu/libFLAC.so.8.2.0
7f194b719000-7f194b71a000 rw-p 00049000 08:06 4987790                    /usr/lib/x86_64-linux-gnu/libFLAC.so.8.2.0
7f194b720000-7f194b725000 r-xp 00000000 08:06 4987906                    /usr/lib/x86_64-linux-gnu/libasyncns.so.0.3.1
7f194b725000-7f194b924000 ---p 00005000 08:06 4987906                    /usr/lib/x86_64-linux-gnu/libasyncns.so.0.3.1
7f194b924000-7f194b925000 r--p 00004000 08:06 4987906                    /usr/lib/x86_64-linux-gnu/libasyncns.so.0.3.1
7f194b925000-7f194b926000 rw-p 00005000 08:06 4987906                    /usr/lib/x86_64-linux-gnu/libasyncns.so.0.3.1
7f194b928000-7f194b988000 r-xp 00000000 08:06 4988369                    /usr/lib/x86_64-linux-gnu/libsndfile.so.1.0.25
7f194b988000-7f194bb88000 ---p 00060000 08:06 4988369                    /usr/lib/x86_64-linux-gnu/libsndfile.so.1.0.25
7f194bb88000-7f194bb8a000 r--p 00060000 08:06 4988369                    /usr/lib/x86_64-linux-gnu/libsndfile.so.1.0.25
7f194bb8a000-7f194bb8b000 rw-p 00062000 08:06 4988369                    /usr/lib/x86_64-linux-gnu/libsndfile.so.1.0.25
7f194bb8b000-7f194bb8f000 rw-p 00000000 00:00 0 
7f194bb90000-7f194bb98000 r-xp 00000000 08:06 2887611                    /lib/x86_64-linux-gnu/libwrap.so.0.7.6
7f194bb98000-7f194bd97000 ---p 00008000 08:06 2887611                    /lib/x86_64-linux-gnu/libwrap.so.0.7.6
7f194bd97000-7f194bd98000 r--p 00007000 08:06 2887611                    /lib/x86_64-linux-gnu/libwrap.so.0.7.6
7f194bd98000-7f194bd99000 rw-p 00008000 08:06 2887611                    /lib/x86_64-linux-gnu/libwrap.so.0.7.6
7f194bda0000-7f194bdfc000 r-xp 00000000 08:06 4988332                    /usr/lib/x86_64-linux-gnu/libpulsecommon-1.1.so
7f194bdfc000-7f194bffc000 ---p 0005c000 08:06 4988332                    /usr/lib/x86_64-linux-gnu/libpulsecommon-1.1.so
7f194bffc000-7f194bffd000 r--p 0005c000 08:06 4988332                    /usr/lib/x86_64-linux-gnu/libpulsecommon-1.1.so
7f194bffd000-7f194bffe000 rw-p 0005d000 08:06 4988332                    /usr/lib/x86_64-linux-gnu/libpulsecommon-1.1.so
7f194c000000-7f194c021000 rw-p 00000000 00:00 0 
7f194c021000-7f1950000000 ---p 00000000 00:00 0 
7f1950000000-7f1950021000 rw-p 00000000 00:00 0 
7f1950021000-7f1954000000 ---p 00000000 00:00 0 
7f1954027000-7f1954067000 rw-p 00000000 00:00 0 
7f1954067000-7f1954068000 ---p 00000000 00:00 0 
7f1954068000-7f1954168000 rw-p 00000000 00:00 0                          [stack:2454]
7f1954168000-7f195416f000 r-xp 00000000 08:06 4988209                    /usr/lib/x86_64-linux-gnu/libjson.so.0.0.1
7f195416f000-7f195436e000 ---p 00007000 08:06 4988209                    /usr/lib/x86_64-linux-gnu/libjson.so.0.0.1
7f195436e000-7f195436f000 r--p 00006000 08:06 4988209                    /usr/lib/x86_64-linux-gnu/libjson.so.0.0.1
7f195436f000-7f1954370000 rw-p 00007000 08:06 4988209                    /usr/lib/x86_64-linux-gnu/libjson.so.0.0.1
7f1954370000-7f19543b6000 r-xp 00000000 08:06 4988331                    /usr/lib/x86_64-linux-gnu/libpulse.so.0.13.5
7f19543b6000-7f19545b6000 ---p 00046000 08:06 4988331                    /usr/lib/x86_64-linux-gnu/libpulse.so.0.13.5
7f19545b6000-7f19545b7000 r--p 00046000 08:06 4988331                    /usr/lib/x86_64-linux-gnu/libpulse.so.0.13.5
7f19545b7000-7f19545b8000 rw-p 00047000 08:06 4988331                    /usr/lib/x86_64-linux-gnu/libpulse.so.0.13.5
7f19545b8000-7f195460d000 r-xp 00000000 08:06 2621820                    /tmp/libgdxabaratham/7b43be9b/libopenal64.so
7f195460d000-7f195480c000 ---p 00055000 08:06 2621820                    /tmp/libgdxabaratham/7b43be9b/libopenal64.so
7f195480c000-7f195480f000 r--p 00054000 08:06 2621820                    /tmp/libgdxabaratham/7b43be9b/libopenal64.so
7f195480f000-7f1954810000 rw-p 00057000 08:06 2621820                    /tmp/libgdxabaratham/7b43be9b/libopenal64.so
7f1954810000-7f1954811000 rw-p 00000000 00:00 0 
7f1954818000-7f195481c000 r-xp 00000000 08:06 4987888                    /usr/lib/x86_64-linux-gnu/libXxf86vm.so.1.0.0
7f195481c000-7f1954a1b000 ---p 00004000 08:06 4987888                    /usr/lib/x86_64-linux-gnu/libXxf86vm.so.1.0.0
7f1954a1b000-7f1954a1c000 r--p 00003000 08:06 4987888                    /usr/lib/x86_64-linux-gnu/libXxf86vm.so.1.0.0
7f1954a1c000-7f1954a1d000 rw-p 00004000 08:06 4987888                    /usr/lib/x86_64-linux-gnu/libXxf86vm.so.1.0.0
7f1954a20000-7f1954a8c000 r-xp 00000000 08:06 2621818                    /tmp/libgdxabaratham/7b43be9b/liblwjgl64.so
7f1954a8c000-7f1954c8b000 ---p 0006c000 08:06 2621818                    /tmp/libgdxabaratham/7b43be9b/liblwjgl64.so
7f1954c8b000-7f1954c8d000 r--p 0006b000 08:06 2621818                    /tmp/libgdxabaratham/7b43be9b/liblwjgl64.so
7f1954c8d000-7f1954c8e000 rw-p 0006d000 08:06 2621818                    /tmp/libgdxabaratham/7b43be9b/liblwjgl64.so
7f1954c90000-7f1954c91000 r-xp 00000000 08:06 6192760                    /usr/lib/jvm/java-7-openjdk-amd64/jre/lib/amd64/libjawt.so
7f1954c91000-7f1954e90000 ---p 00001000 08:06 6192760                    /usr/lib/jvm/java-7-openjdk-amd64/jre/lib/amd64/libjawt.so
7f1954e90000-7f1954e91000 r--p 00000000 08:06 6192760                    /usr/lib/jvm/java-7-openjdk-amd64/jre/lib/amd64/libjawt.so
7f1954e91000-7f1954e92000 rw-p 00001000 08:06 6192760                    /usr/lib/jvm/java-7-openjdk-amd64/jre/lib/amd64/libjawt.so
7f1954e97000-7f1954e9a000 ---p 00000000 00:00 0 
7f1954e9a000-7f1954f98000 rw-p 00000000 00:00 0                          [stack:2451]
7f1954f98000-7f1954f9b000 r-xp 00000000 08:06 2887529                    /lib/x86_64-linux-gnu/libgpg-error.so.0.8.0
7f1954f9b000-7f195519a000 ---p 00003000 08:06 2887529                    /lib/x86_64-linux-gnu/libgpg-error.so.0.8.0
7f195519a000-7f195519b000 r--p 00002000 08:06 2887529                    /lib/x86_64-linux-gnu/libgpg-error.so.0.8.0
7f195519b000-7f195519c000 rw-p 00003000 08:06 2887529                    /lib/x86_64-linux-gnu/libgpg-error.so.0.8.0
7f19551a0000-7f19551a3000 r-xp 00000000 08:06 2887533                    /lib/x86_64-linux-gnu/libkeyutils.so.1.4
7f19551a3000-7f19553a2000 ---p 00003000 08:06 2887533                    /lib/x86_64-linux-gnu/libkeyutils.so.1.4
7f19553a2000-7f19553a3000 r--p 00002000 08:06 2887533                    /lib/x86_64-linux-gnu/libkeyutils.so.1.4
7f19553a3000-7f19553a4000 rw-p 00003000 08:06 2887533                    /lib/x86_64-linux-gnu/libkeyutils.so.1.4
7f19553a8000-7f19553ea000 r-xp 00000000 08:06 2887514                    /lib/x86_64-linux-gnu/libdbus-1.so.3.5.8
7f19553ea000-7f19555ea000 ---p 00042000 08:06 2887514                    /lib/x86_64-linux-gnu/libdbus-1.so.3.5.8
7f19555ea000-7f19555eb000 r--p 00042000 08:06 2887514                    /lib/x86_64-linux-gnu/libdbus-1.so.3.5.8
7f19555eb000-7f19555ec000 rw-p 00043000 08:06 2887514                    /lib/x86_64-linux-gnu/libdbus-1.so.3.5.8
7f19555f0000-7f1955601000 r-xp 00000000 08:06 4988280                    /usr/lib/x86_64-linux-gnu/libp11-kit.so.0.0.0
7f1955601000-7f1955800000 ---p 00011000 08:06 4988280                    /usr/lib/x86_64-linux-gnu/libp11-kit.so.0.0.0
7f1955800000-7f1955801000 r--p 00010000 08:06 4988280                    /usr/lib/x86_64-linux-gnu/libp11-kit.so.0.0.0
7f1955801000-7f1955802000 rw-p 00011000 08:06 4988280                    /usr/lib/x86_64-linux-gnu/libp11-kit.so.0.0.0
7f1955808000-7f1955882000 r-xp 00000000 08:06 2887525                    /lib/x86_64-linux-gnu/libgcrypt.so.11.7.0
7f1955882000-7f1955a82000 ---p 0007a000 08:06 2887525                    /lib/x86_64-linux-gnu/libgcrypt.so.11.7.0
7f1955a82000-7f1955a83000 r--p 0007a000 08:06 2887525                    /lib/x86_64-linux-gnu/libgcrypt.so.11.7.0
7f1955a83000-7f1955a86000 rw-p 0007b000 08:06 2887525                    /lib/x86_64-linux-gnu/libgcrypt.so.11.7.0
7f1955a88000-7f1955a98000 r-xp 00000000 08:06 4988397                    /usr/lib/x86_64-linux-gnu/libtasn1.so.3.1.12
7f1955a98000-7f1955c97000 ---p 00010000 08:06 4988397                    /usr/lib/x86_64-linux-gnu/libtasn1.so.3.1.12
7f1955c97000-7f1955c98000 r--p 0000f000 08:06 4988397                    /usr/lib/x86_64-linux-gnu/libtasn1.so.3.1.12
7f1955c98000-7f1955c99000 rw-p 00010000 08:06 4988397                    /usr/lib/x86_64-linux-gnu/libtasn1.so.3.1.12
7f1955ca0000-7f1955ca7000 r-xp 00000000 08:06 4988217                    /usr/lib/x86_64-linux-gnu/libkrb5support.so.0.1
7f1955ca7000-7f1955ea6000 ---p 00007000 08:06 4988217                    /usr/lib/x86_64-linux-gnu/libkrb5support.so.0.1
7f1955ea6000-7f1955ea7000 r--p 00006000 08:06 4988217                    /usr/lib/x86_64-linux-gnu/libkrb5support.so.0.1
7f1955ea7000-7f1955ea8000 rw-p 00007000 08:06 4988217                    /usr/lib/x86_64-linux-gnu/libkrb5support.so.0.1
7f1955ea8000-7f1955eab000 r-xp 00000000 08:06 2887509                    /lib/x86_64-linux-gnu/libcom_err.so.2.1
7f1955eab000-7f19560aa000 ---p 00003000 08:06 2887509                    /lib/x86_64-linux-gnu/libcom_err.so.2.1
7f19560aa000-7f19560ab000 r--p 00002000 08:06 2887509                    /lib/x86_64-linux-gnu/libcom_err.so.2.1
7f19560ab000-7f19560ac000 rw-p 00003000 08:06 2887509                    /lib/x86_64-linux-gnu/libcom_err.so.2.1
7f19560b0000-7f19560d5000 r-xp 00000000 08:06 4988211                    /usr/lib/x86_64-linux-gnu/libk5crypto.so.3.1
7f19560d5000-7f19562d5000 ---p 00025000 08:06 4988211                    /usr/lib/x86_64-linux-gnu/libk5crypto.so.3.1
7f19562d5000-7f19562d6000 r--p 00025000 08:06 4988211                    /usr/lib/x86_64-linux-gnu/libk5crypto.so.3.1
7f19562d6000-7f19562d7000 rw-p 00026000 08:06 4988211                    /usr/lib/x86_64-linux-gnu/libk5crypto.so.3.1
7f19562d7000-7f19562d8000 rw-p 00000000 00:00 0 
7f19562d8000-7f195639c000 r-xp 00000000 08:06 4988215                    /usr/lib/x86_64-linux-gnu/libkrb5.so.3.3
7f195639c000-7f195659b000 ---p 000c4000 08:06 4988215                    /usr/lib/x86_64-linux-gnu/libkrb5.so.3.3
7f195659b000-7f19565a5000 r--p 000c3000 08:06 4988215                    /usr/lib/x86_64-linux-gnu/libkrb5.so.3.3
7f19565a5000-7f19565a6000 rw-p 000cd000 08:06 4988215                    /usr/lib/x86_64-linux-gnu/libkrb5.so.3.3
7f19565a8000-7f19565b0000 r-xp 00000000 08:06 4988454                    /usr/lib/x86_64-linux-gnu/libxcb-render.so.0.0.0
7f19565b0000-7f19567b0000 ---p 00008000 08:06 4988454                    /usr/lib/x86_64-linux-gnu/libxcb-render.so.0.0.0
7f19567b0000-7f19567b1000 r--p 00008000 08:06 4988454                    /usr/lib/x86_64-linux-gnu/libxcb-render.so.0.0.0
7f19567b1000-7f19567b2000 rw-p 00009000 08:06 4988454                    /usr/lib/x86_64-linux-gnu/libxcb-render.so.0.0.0
7f19567b8000-7f19567ba000 r-xp 00000000 08:06 4988458                    /usr/lib/x86_64-linux-gnu/libxcb-shm.so.0.0.0
7f19567ba000-7f19569b9000 ---p 00002000 08:06 4988458                    /usr/lib/x86_64-linux-gnu/libxcb-shm.so.0.0.0
7f19569b9000-7f19569ba000 r--p 00001000 08:06 4988458                    /usr/lib/x86_64-linux-gnu/libxcb-shm.so.0.0.0
7f19569ba000-7f19569bb000 rw-p 00002000 08:06 4988458                    /usr/lib/x86_64-linux-gnu/libxcb-shm.so.0.0.0
7f19569c0000-7f19569e6000 r-xp 00000000 08:06 2887579                    /lib/x86_64-linux-gnu/libpng12.so.0.46.0
7f19569e6000-7f1956be6000 ---p 00026000 08:06 2887579                    /lib/x86_64-linux-gnu/libpng12.so.0.46.0
7f1956be6000-7f1956be7000 r--p 00026000 08:06 2887579                    /lib/x86_64-linux-gnu/libpng12.so.0.46.0
7f1956be7000-7f1956be8000 rw-p 00027000 08:06 2887579                    /lib/x86_64-linux-gnu/libpng12.so.0.46.0
7f1956be8000-7f1956c78000 r-xp 00000000 08:06 4988306                    /usr/lib/x86_64-linux-gnu/libpixman-1.so.0.30.2
7f1956c78000-7f1956e77000 ---p 00090000 08:06 4988306                    /usr/lib/x86_64-linux-gnu/libpixman-1.so.0.30.2
7f1956e77000-7f1956e7e000 r--p 0008f000 08:06 4988306                    /usr/lib/x86_64-linux-gnu/libpixman-1.so.0.30.2
7f1956e7e000-7f1956e7f000 rw-p 00096000 08:06 4988306                    /usr/lib/x86_64-linux-gnu/libpixman-1.so.0.30.2
7f1956e80000-7f1956e85000 r-xp 00000000 08:06 4987856                    /usr/lib/x86_64-linux-gnu/libXdmcp.so.6.0.0
7f1956e85000-7f1957084000 ---p 00005000 08:06 4987856                    /usr/lib/x86_64-linux-gnu/libXdmcp.so.6.0.0
7f1957084000-7f1957085000 r--p 00004000 08:06 4987856                    /usr/lib/x86_64-linux-gnu/libXdmcp.so.6.0.0
7f1957085000-7f1957086000 rw-p 00005000 08:06 4987856                    /usr/lib/x86_64-linux-gnu/libXdmcp.so.6.0.0
7f1957088000-7f195708a000 r-xp 00000000 08:06 4987845                    /usr/lib/x86_64-linux-gnu/libXau.so.6.0.0
7f195708a000-7f1957289000 ---p 00002000 08:06 4987845                    /usr/lib/x86_64-linux-gnu/libXau.so.6.0.0
7f1957289000-7f195728a000 r--p 00001000 08:06 4987845                    /usr/lib/x86_64-linux-gnu/libXau.so.6.0.0
7f195728a000-7f195728b000 rw-p 00002000 08:06 4987845                    /usr/lib/x86_64-linux-gnu/libXau.so.6.0.0
7f1957290000-7f19572a0000 r-xp 00000000 08:06 4987916                    /usr/lib/x86_64-linux-gnu/libavahi-client.so.3.2.9
7f19572a0000-7f195749f000 ---p 00010000 08:06 4987916                    /usr/lib/x86_64-linux-gnu/libavahi-client.so.3.2.9
7f195749f000-7f19574a0000 r--p 0000f000 08:06 4987916                    /usr/lib/x86_64-linux-gnu/libavahi-client.so.3.2.9
7f19574a0000-7f19574a1000 rw-p 00010000 08:06 4987916                    /usr/lib/x86_64-linux-gnu/libavahi-client.so.3.2.9
7f19574a8000-7f19574b3000 r-xp 00000000 08:06 4987918                    /usr/lib/x86_64-linux-gnu/libavahi-common.so.3.5.3
7f19574b3000-7f19576b2000 ---p 0000b000 08:06 4987918                    /usr/lib/x86_64-linux-gnu/libavahi-common.so.3.5.3
7f19576b2000-7f19576b3000 r--p 0000a000 08:06 4987918                    /usr/lib/x86_64-linux-gnu/libavahi-common.so.3.5.3
7f19576b3000-7f19576b4000 rw-p 0000b000 08:06 4987918                    /usr/lib/x86_64-linux-gnu/libavahi-common.so.3.5.3
7f19576b8000-7f195776c000 r-xp 00000000 08:06 4992055                    /usr/lib/x86_64-linux-gnu/libgnutls.so.26.21.8
7f195776c000-7f195796c000 ---p 000b4000 08:06 4992055                    /usr/lib/x86_64-linux-gnu/libgnutls.so.26.21.8
7f195796c000-7f1957972000 r--p 000b4000 08:06 4992055                    /usr/lib/x86_64-linux-gnu/libgnutls.so.26.21.8
7f1957972000-7f1957973000 rw-p 000ba000 08:06 4992055                    /usr/lib/x86_64-linux-gnu/libgnutls.so.26.21.8
7f1957973000-7f1957974000 rw-p 00000000 00:00 0 
7f1957978000-7f19579b3000 r-xp 00000000 08:06 4988122                    /usr/lib/x86_64-linux-gnu/libgssapi_krb5.so.2.2
7f19579b3000-7f1957bb3000 ---p 0003b000 08:06 4988122                    /usr/lib/x86_64-linux-gnu/libgssapi_krb5.so.2.2
7f1957bb3000-7f1957bb4000 r--p 0003b000 08:06 4988122                    /usr/lib/x86_64-linux-gnu/libgssapi_krb5.so.2.2
7f1957bb4000-7f1957bb6000 rw-p 0003c000 08:06 4988122                    /usr/lib/x86_64-linux-gnu/libgssapi_krb5.so.2.2
7f1957bb8000-7f1957bf4000 r-xp 00000000 08:06 2887575                    /lib/x86_64-linux-gnu/libpcre.so.3.12.1
7f1957bf4000-7f1957df3000 ---p 0003c000 08:06 2887575                    /lib/x86_64-linux-gnu/libpcre.so.3.12.1
7f1957df3000-7f1957df4000 r--p 0003b000 08:06 2887575                    /lib/x86_64-linux-gnu/libpcre.so.3.12.1
7f1957df4000-7f1957df5000 rw-p 0003c000 08:06 2887575                    /lib/x86_64-linux-gnu/libpcre.so.3.12.1
7f1957df8000-7f1957dff000 r-xp 00000000 08:06 4988038                    /usr/lib/x86_64-linux-gnu/libffi.so.6.0.0
7f1957dff000-7f1957ffe000 ---p 00007000 08:06 4988038                    /usr/lib/x86_64-linux-gnu/libffi.so.6.0.0
7f1957ffe000-7f1957fff000 r--p 00006000 08:06 4988038                    /usr/lib/x86_64-linux-gnu/libffi.so.6.0.0
7f1957fff000-7f1958000000 rw-p 00007000 08:06 4988038                    /usr/lib/x86_64-linux-gnu/libffi.so.6.0.0
7f1958000000-7f1958126000 rw-p 00000000 00:00 0 
7f1958126000-7f195c000000 ---p 00000000 00:00 0 
7f195c000000-7f195c021000 rw-p 00000000 00:00 0 
7f195c021000-7f1960000000 ---p 00000000 00:00 0 
7f1960000000-7f1960021000 rw-p 00000000 00:00 0 
7f1960021000-7f1964000000 ---p 00000000 00:00 0 
7f1964000000-7f19641c4000 rw-p 00000000 00:00 0 
7f19641c4000-7f1968000000 ---p 00000000 00:00 0 
7f1968000000-7f1968021000 rw-p 00000000 00:00 0 
7f1968021000-7f196c000000 ---p 00000000 00:00 0 
7f196c000000-7f196c021000 rw-p 00000000 00:00 0 
7f196c021000-7f1970000000 ---p 00000000 00:00 0 
7f1970000000-7f1970021000 rw-p 00000000 00:00 0 
7f1970021000-7f1974000000 ---p 00000000 00:00 0 
7f1974000000-7f1974021000 rw-p 00000000 00:00 0 
7f1974021000-7f1978000000 ---p 00000000 00:00 0 
7f1978000000-7f1978021000 rw-p 00000000 00:00 0 
7f1978021000-7f197c000000 ---p 00000000 00:00 0 
7f197c014000-7f197c054000 rw-p 00000000 00:00 0 
7f197c054000-7f197c094000 rw-s 00004000 00:05 9003                       /dev/ati/card0
7f197c097000-7f197c09a000 ---p 00000000 00:00 0 
7f197c09a000-7f197c0d0000 rw-p 00000000 00:00 0                          [stack:2459]
7f197c0d0000-7f197c0f7000 r-xp 00000000 08:06 2887520                    /lib/x86_64-linux-gnu/libexpat.so.1.5.2
7f197c0f7000-7f197c2f7000 ---p 00027000 08:06 2887520                    /lib/x86_64-linux-gnu/libexpat.so.1.5.2
7f197c2f7000-7f197c2f9000 r--p 00027000 08:06 2887520                    /lib/x86_64-linux-gnu/libexpat.so.1.5.2
7f197c2f9000-7f197c2fa000 rw-p 00029000 08:06 2887520                    /lib/x86_64-linux-gnu/libexpat.so.1.5.2
7f197c300000-7f197c396000 r-xp 00000000 08:06 4988048                    /usr/lib/x86_64-linux-gnu/libfreetype.so.6.8.0
7f197c396000-7f197c595000 ---p 00096000 08:06 4988048                    /usr/lib/x86_64-linux-gnu/libfreetype.so.6.8.0
7f197c595000-7f197c59b000 r--p 00095000 08:06 4988048                    /usr/lib/x86_64-linux-gnu/libfreetype.so.6.8.0
7f197c59b000-7f197c59c000 rw-p 0009b000 08:06 4988048                    /usr/lib/x86_64-linux-gnu/libfreetype.so.6.8.0
7f197c5a0000-7f197c5b8000 r-xp 00000000 08:06 2887586                    /lib/x86_64-linux-gnu/libresolv-2.15.so
7f197c5b8000-7f197c7b8000 ---p 00018000 08:06 2887586                    /lib/x86_64-linux-gnu/libresolv-2.15.so
7f197c7b8000-7f197c7b9000 r--p 00018000 08:06 2887586                    /lib/x86_64-linux-gnu/libresolv-2.15.so
7f197c7b9000-7f197c7ba000 rw-p 00019000 08:06 2887586                    /lib/x86_64-linux-gnu/libresolv-2.15.so
7f197c7ba000-7f197c7bc000 rw-p 00000000 00:00 0 
7f197c7c0000-7f197c7dd000 r-xp 00000000 08:06 2887590                    /lib/x86_64-linux-gnu/libselinux.so.1
7f197c7dd000-7f197c9dc000 ---p 0001d000 08:06 2887590                    /lib/x86_64-linux-gnu/libselinux.so.1
7f197c9dc000-7f197c9dd000 r--p 0001c000 08:06 2887590                    /lib/x86_64-linux-gnu/libselinux.so.1
7f197c9dd000-7f197c9de000 rw-p 0001d000 08:06 2887590                    /lib/x86_64-linux-gnu/libselinux.so.1
7f197c9de000-7f197c9df000 rw-p 00000000 00:00 0 
7f197c9e0000-7f197c9e3000 r-xp 00000000 08:06 4988095                    /usr/lib/x86_64-linux-gnu/libgmodule-2.0.so.0.3200.4
7f197c9e3000-7f197cbe2000 ---p 00003000 08:06 4988095                    /usr/lib/x86_64-linux-gnu/libgmodule-2.0.so.0.3200.4
7f197cbe2000-7f197cbe3000 r--p 00002000 08:06 4988095                    /usr/lib/x86_64-linux-gnu/libgmodule-2.0.so.0.3200.4
7f197cbe3000-7f197cbe4000 rw-p 00003000 08:06 4988095                    /usr/lib/x86_64-linux-gnu/libgmodule-2.0.so.0.3200.4
7f197cbe8000-7f197cbea000 r-xp 00000000 08:06 4987854                    /usr/lib/x86_64-linux-gnu/libXdamage.so.1.1.0
7f197cbea000-7f197cde9000 ---p 00002000 08:06 4987854                    /usr/lib/x86_64-linux-gnu/libXdamage.so.1.1.0
7f197cde9000-7f197cdea000 r--p 00001000 08:06 4987854                    /usr/lib/x86_64-linux-gnu/libXdamage.so.1.1.0
7f197cdea000-7f197cdeb000 rw-p 00002000 08:06 4987854                    /usr/lib/x86_64-linux-gnu/libXdamage.so.1.1.0
7f197cdf0000-7f197cdf2000 r-xp 00000000 08:06 4987850                    /usr/lib/x86_64-linux-gnu/libXcomposite.so.1.0.0
7f197cdf2000-7f197cff1000 ---p 00002000 08:06 4987850                    /usr/lib/x86_64-linux-gnu/libXcomposite.so.1.0.0
7f197cff1000-7f197cff2000 r--p 00001000 08:06 4987850                    /usr/lib/x86_64-linux-gnu/libXcomposite.so.1.0.0
7f197cff2000-7f197cff3000 rw-p 00002000 08:06 4987850                    /usr/lib/x86_64-linux-gnu/libXcomposite.so.1.0.0
7f197cff8000-7f197d001000 r-xp 00000000 08:06 4987852                    /usr/lib/x86_64-linux-gnu/libXcursor.so.1.0.2
7f197d001000-7f197d200000 ---p 00009000 08:06 4987852                    /usr/lib/x86_64-linux-gnu/libXcursor.so.1.0.2
7f197d200000-7f197d201000 r--p 00008000 08:06 4987852                    /usr/lib/x86_64-linux-gnu/libXcursor.so.1.0.2
7f197d201000-7f197d202000 rw-p 00009000 08:06 4987852                    /usr/lib/x86_64-linux-gnu/libXcursor.so.1.0.2
7f197d208000-7f197d20f000 r-xp 00000000 08:06 4987876                    /usr/lib/x86_64-linux-gnu/libXrandr.so.2.2.0
7f197d20f000-7f197d40e000 ---p 00007000 08:06 4987876                    /usr/lib/x86_64-linux-gnu/libXrandr.so.2.2.0
7f197d40e000-7f197d40f000 r--p 00006000 08:06 4987876                    /usr/lib/x86_64-linux-gnu/libXrandr.so.2.2.0
7f197d40f000-7f197d410000 rw-p 00007000 08:06 4987876                    /usr/lib/x86_64-linux-gnu/libXrandr.so.2.2.0
7f197d410000-7f197d412000 r-xp 00000000 08:06 4987866                    /usr/lib/x86_64-linux-gnu/libXinerama.so.1.0.0
7f197d412000-7f197d611000 ---p 00002000 08:06 4987866                    /usr/lib/x86_64-linux-gnu/libXinerama.so.1.0.0
7f197d611000-7f197d612000 r--p 00001000 08:06 4987866                    /usr/lib/x86_64-linux-gnu/libXinerama.so.1.0.0
7f197d612000-7f197d613000 rw-p 00002000 08:06 4987866                    /usr/lib/x86_64-linux-gnu/libXinerama.so.1.0.0
7f197d618000-7f197d641000 r-xp 00000000 08:06 4988290                    /usr/lib/x86_64-linux-gnu/libpangoft2-1.0.so.0.3000.0
7f197d641000-7f197d840000 ---p 00029000 08:06 4988290                    /usr/lib/x86_64-linux-gnu/libpangoft2-1.0.so.0.3000.0
7f197d840000-7f197d841000 r--p 00028000 08:06 4988290                    /usr/lib/x86_64-linux-gnu/libpangoft2-1.0.so.0.3000.0
7f197d841000-7f197d842000 rw-p 00029000 08:06 4988290                    /usr/lib/x86_64-linux-gnu/libpangoft2-1.0.so.0.3000.0
7f197d848000-7f197d901000 r-xp 00000000 08:06 4987946                    /usr/lib/x86_64-linux-gnu/libcairo.so.2.11000.2
7f197d901000-7f197db00000 ---p 000b9000 08:06 4987946                    /usr/lib/x86_64-linux-gnu/libcairo.so.2.11000.2
7f197db00000-7f197db02000 r--p 000b8000 08:06 4987946                    /usr/lib/x86_64-linux-gnu/libcairo.so.2.11000.2
7f197db02000-7f197db03000 rw-p 000ba000 08:06 4987946                    /usr/lib/x86_64-linux-gnu/libcairo.so.2.11000.2
7f197db03000-7f197db06000 rw-p 00000000 00:00 0 
7f197db08000-7f197db27000 r-xp 00000000 08:06 4987908                    /usr/lib/x86_64-linux-gnu/libatk-1.0.so.0.20409.1
7f197db27000-7f197dd27000 ---p 0001f000 08:06 4987908                    /usr/lib/x86_64-linux-gnu/libatk-1.0.so.0.20409.1
7f197dd27000-7f197dd29000 r--p 0001f000 08:06 4987908                    /usr/lib/x86_64-linux-gnu/libatk-1.0.so.0.20409.1
7f197dd29000-7f197dd2a000 rw-p 00021000 08:06 4987908                    /usr/lib/x86_64-linux-gnu/libatk-1.0.so.0.20409.1
7f197dd30000-7f197dd35000 r-xp 00000000 08:06 4987860                    /usr/lib/x86_64-linux-gnu/libXfixes.so.3.1.0
7f197dd35000-7f197df34000 ---p 00005000 08:06 4987860                    /usr/lib/x86_64-linux-gnu/libXfixes.so.3.1.0
7f197df34000-7f197df35000 r--p 00004000 08:06 4987860                    /usr/lib/x86_64-linux-gnu/libXfixes.so.3.1.0
7f197df35000-7f197df36000 rw-p 00005000 08:06 4987860                    /usr/lib/x86_64-linux-gnu/libXfixes.so.3.1.0
7f197df38000-7f197df43000 r-xp 00000000 08:06 4988288                    /usr/lib/x86_64-linux-gnu/libpangocairo-1.0.so.0.3000.0
7f197df43000-7f197e142000 ---p 0000b000 08:06 4988288                    /usr/lib/x86_64-linux-gnu/libpangocairo-1.0.so.0.3000.0
7f197e142000-7f197e143000 r--p 0000a000 08:06 4988288                    /usr/lib/x86_64-linux-gnu/libpangocairo-1.0.so.0.3000.0
7f197e143000-7f197e144000 rw-p 0000b000 08:06 4988288                    /usr/lib/x86_64-linux-gnu/libpangocairo-1.0.so.0.3000.0
7f197e148000-7f197e165000 r-xp 00000000 08:06 4988464                    /usr/lib/x86_64-linux-gnu/libxcb.so.1.1.0
7f197e165000-7f197e364000 ---p 0001d000 08:06 4988464                    /usr/lib/x86_64-linux-gnu/libxcb.so.1.1.0
7f197e364000-7f197e365000 r--p 0001c000 08:06 4988464                    /usr/lib/x86_64-linux-gnu/libxcb.so.1.1.0
7f197e365000-7f197e366000 rw-p 0001d000 08:06 4988464                    /usr/lib/x86_64-linux-gnu/libxcb.so.1.1.0
7f197e368000-7f197e3b8000 r-xp 00000000 08:06 4987970                    /usr/lib/x86_64-linux-gnu/libcups.so.2
7f197e3b8000-7f197e5b7000 ---p 00050000 08:06 4987970                    /usr/lib/x86_64-linux-gnu/libcups.so.2
7f197e5b7000-7f197e5bb000 r--p 0004f000 08:06 4987970                    /usr/lib/x86_64-linux-gnu/libcups.so.2
7f197e5bb000-7f197e5bc000 rw-p 00053000 08:06 4987970                    /usr/lib/x86_64-linux-gnu/libcups.so.2
7f197e5c0000-7f197e6b2000 r-xp 00000000 08:06 2887527                    /lib/x86_64-linux-gnu/libglib-2.0.so.0.3200.4
7f197e6b2000-7f197e8b2000 ---p 000f2000 08:06 2887527                    /lib/x86_64-linux-gnu/libglib-2.0.so.0.3200.4
7f197e8b2000-7f197e8b3000 r--p 000f2000 08:06 2887527                    /lib/x86_64-linux-gnu/libglib-2.0.so.0.3200.4
7f197e8b3000-7f197e8b4000 rw-p 000f3000 08:06 2887527                    /lib/x86_64-linux-gnu/libglib-2.0.so.0.3200.4
7f197e8b4000-7f197e8b5000 rw-p 00000000 00:00 0 
7f197e8b8000-7f197e8b9000 r-xp 00000000 08:06 4988166                    /usr/lib/x86_64-linux-gnu/libgthread-2.0.so.0.3200.4
7f197e8b9000-7f197eab8000 ---p 00001000 08:06 4988166                    /usr/lib/x86_64-linux-gnu/libgthread-2.0.so.0.3200.4
7f197eab8000-7f197eab9000 r--p 00000000 08:06 4988166                    /usr/lib/x86_64-linux-gnu/libgthread-2.0.so.0.3200.4
7f197eab9000-7f197eaba000 rw-p 00001000 08:06 4988166                    /usr/lib/x86_64-linux-gnu/libgthread-2.0.so.0.3200.4
7f197eac0000-7f197eb0d000 r-xp 00000000 08:06 4988109                    /usr/lib/x86_64-linux-gnu/libgobject-2.0.so.0.3200.4
7f197eb0d000-7f197ed0d000 ---p 0004d000 08:06 4988109                    /usr/lib/x86_64-linux-gnu/libgobject-2.0.so.0.3200.4
7f197ed0d000-7f197ed0e000 r--p 0004d000 08:06 4988109                    /usr/lib/x86_64-linux-gnu/libgobject-2.0.so.0.3200.4
7f197ed0e000-7f197ed0f000 rw-p 0004e000 08:06 4988109                    /usr/lib/x86_64-linux-gnu/libgobject-2.0.so.0.3200.4
7f197ed10000-7f197ed44000 r-xp 00000000 08:06 4988040                    /usr/lib/x86_64-linux-gnu/libfontconfig.so.1.4.4
7f197ed44000-7f197ef44000 ---p 00034000 08:06 4988040                    /usr/lib/x86_64-linux-gnu/libfontconfig.so.1.4.4
7f197ef44000-7f197ef45000 r--p 00034000 08:06 4988040                    /usr/lib/x86_64-linux-gnu/libfontconfig.so.1.4.4
7f197ef45000-7f197ef46000 rw-p 00035000 08:06 4988040                    /usr/lib/x86_64-linux-gnu/libfontconfig.so.1.4.4
7f197ef48000-7f197ef8e000 r-xp 00000000 08:06 4988286                    /usr/lib/x86_64-linux-gnu/libpango-1.0.so.0.3000.0
7f197ef8e000-7f197f18e000 ---p 00046000 08:06 4988286                    /usr/lib/x86_64-linux-gnu/libpango-1.0.so.0.3000.0
7f197f18e000-7f197f190000 r--p 00046000 08:06 4988286                    /usr/lib/x86_64-linux-gnu/libpango-1.0.so.0.3000.0
7f197f190000-7f197f191000 rw-p 00048000 08:06 4988286                    /usr/lib/x86_64-linux-gnu/libpango-1.0.so.0.3000.0
7f197f198000-7f197f1b6000 r-xp 00000000 08:06 4988071                    /usr/lib/x86_64-linux-gnu/libgdk_pixbuf-2.0.so.0.2600.1
7f197f1b6000-7f197f3b6000 ---p 0001e000 08:06 4988071                    /usr/lib/x86_64-linux-gnu/libgdk_pixbuf-2.0.so.0.2600.1
7f197f3b6000-7f197f3b7000 r--p 0001e000 08:06 4988071                    /usr/lib/x86_64-linux-gnu/libgdk_pixbuf-2.0.so.0.2600.1
7f197f3b7000-7f197f3b8000 rw-p 0001f000 08:06 4988071                    /usr/lib/x86_64-linux-gnu/libgdk_pixbuf-2.0.so.0.2600.1
7f197f3b8000-7f197f500000 r-xp 00000000 08:06 4988083                    /usr/lib/x86_64-linux-gnu/libgio-2.0.so.0.3200.4
7f197f500000-7f197f6ff000 ---p 00148000 08:06 4988083                    /usr/lib/x86_64-linux-gnu/libgio-2.0.so.0.3200.4
7f197f6ff000-7f197f703000 r--p 00147000 08:06 4988083                    /usr/lib/x86_64-linux-gnu/libgio-2.0.so.0.3200.4
7f197f703000-7f197f705000 rw-p 0014b000 08:06 4988083                    /usr/lib/x86_64-linux-gnu/libgio-2.0.so.0.3200.4
7f197f705000-7f197f707000 rw-p 00000000 00:00 0 
7f197f708000-7f197f7b5000 r-xp 00000000 08:06 4988069                    /usr/lib/x86_64-linux-gnu/libgdk-x11-2.0.so.0.2400.10
7f197f7b5000-7f197f9b4000 ---p 000ad000 08:06 4988069                    /usr/lib/x86_64-linux-gnu/libgdk-x11-2.0.so.0.2400.10
7f197f9b4000-7f197f9b8000 r--p 000ac000 08:06 4988069                    /usr/lib/x86_64-linux-gnu/libgdk-x11-2.0.so.0.2400.10
7f197f9b8000-7f197f9ba000 rw-p 000b0000 08:06 4988069                    /usr/lib/x86_64-linux-gnu/libgdk-x11-2.0.so.0.2400.10
7f197f9c0000-7f197fded000 r-xp 00000000 08:06 4988170                    /usr/lib/x86_64-linux-gnu/libgtk-x11-2.0.so.0.2400.10
7f197fded000-7f197ffed000 ---p 0042d000 08:06 4988170                    /usr/lib/x86_64-linux-gnu/libgtk-x11-2.0.so.0.2400.10
7f197ffed000-7f197fff4000 r--p 0042d000 08:06 4988170                    /usr/lib/x86_64-linux-gnu/libgtk-x11-2.0.so.0.2400.10
7f197fff4000-7f197fff8000 rw-p 00434000 08:06 4988170                    /usr/lib/x86_64-linux-gnu/libgtk-x11-2.0.so.0.2400.10
7f197fff8000-7f197fffa000 rw-p 00000000 00:00 0 
7f1980000000-7f1980021000 rw-p 00000000 00:00 0 
7f1980021000-7f1984000000 ---p 00000000 00:00 0 
7f1984038000-7f1984047000 r-xp 00000000 08:06 4987864                    /usr/lib/x86_64-linux-gnu/libXi.so.6.1.0
7f1984047000-7f1984246000 ---p 0000f000 08:06 4987864                    /usr/lib/x86_64-linux-gnu/libXi.so.6.1.0
7f1984246000-7f1984247000 r--p 0000e000 08:06 4987864                    /usr/lib/x86_64-linux-gnu/libXi.so.6.1.0
7f1984247000-7f1984248000 rw-p 0000f000 08:06 4987864                    /usr/lib/x86_64-linux-gnu/libXi.so.6.1.0
7f1984248000-7f198424d000 r-xp 00000000 08:06 4987884                    /usr/lib/x86_64-linux-gnu/libXtst.so.6.1.0
7f198424d000-7f198444c000 ---p 00005000 08:06 4987884                    /usr/lib/x86_64-linux-gnu/libXtst.so.6.1.0
7f198444c000-7f198444d000 r--p 00004000 08:06 4987884                    /usr/lib/x86_64-linux-gnu/libXtst.so.6.1.0
7f198444d000-7f198444e000 rw-p 00005000 08:06 4987884                    /usr/lib/x86_64-linux-gnu/libXtst.so.6.1.0
7f1984450000-7f1984459000 r-xp 00000000 08:06 4987880                    /usr/lib/x86_64-linux-gnu/libXrender.so.1.3.0
7f1984459000-7f1984658000 ---p 00009000 08:06 4987880                    /usr/lib/x86_64-linux-gnu/libXrender.so.1.3.0
7f1984658000-7f1984659000 r--p 00008000 08:06 4987880                    /usr/lib/x86_64-linux-gnu/libXrender.so.1.3.0
7f1984659000-7f198465a000 rw-p 00009000 08:06 4987880                    /usr/lib/x86_64-linux-gnu/libXrender.so.1.3.0
7f1984660000-7f1984790000 r-xp 00000000 08:06 4987843                    /usr/lib/x86_64-linux-gnu/libX11.so.6.3.0
7f1984790000-7f1984990000 ---p 00130000 08:06 4987843                    /usr/lib/x86_64-linux-gnu/libX11.so.6.3.0
7f1984990000-7f1984991000 r--p 00130000 08:06 4987843                    /usr/lib/x86_64-linux-gnu/libX11.so.6.3.0
7f1984991000-7f1984995000 rw-p 00131000 08:06 4987843                    /usr/lib/x86_64-linux-gnu/libX11.so.6.3.0
7f1984998000-7f19849a8000 r-xp 00000000 08:06 4987858                    /usr/lib/x86_64-linux-gnu/libXext.so.6.4.0
7f19849a8000-7f1984ba7000 ---p 00010000 08:06 4987858                    /usr/lib/x86_64-linux-gnu/libXext.so.6.4.0
7f1984ba7000-7f1984ba8000 r--p 0000f000 08:06 4987858                    /usr/lib/x86_64-linux-gnu/libXext.so.6.4.0
7f1984ba8000-7f1984ba9000 rw-p 00010000 08:06 4987858                    /usr/lib/x86_64-linux-gnu/libXext.so.6.4.0
7f1984bb0000-7f1984c02000 r-xp 00000000 08:06 6305354                    /usr/lib/jvm/java-7-openjdk-amd64/jre/lib/amd64/xawt/libmawt.so
7f1984c02000-7f1984e02000 ---p 00052000 08:06 6305354                    /usr/lib/jvm/java-7-openjdk-amd64/jre/lib/amd64/xawt/libmawt.so
7f1984e02000-7f1984e03000 r--p 00052000 08:06 6305354                    /usr/lib/jvm/java-7-openjdk-amd64/jre/lib/amd64/xawt/libmawt.so
7f1984e03000-7f1984e06000 rw-p 00053000 08:06 6305354                    /usr/lib/jvm/java-7-openjdk-amd64/jre/lib/amd64/xawt/libmawt.so
7f1984e06000-7f1984e07000 rw-p 00000000 00:00 0 
7f1984e08000-7f1984eaa000 r-xp 00000000 08:06 6192763                    /usr/lib/jvm/java-7-openjdk-amd64/jre/lib/amd64/libawt.so
7f1984eaa000-7f19850a9000 ---p 000a2000 08:06 6192763                    /usr/lib/jvm/java-7-openjdk-amd64/jre/lib/amd64/libawt.so
7f19850a9000-7f19850aa000 r--p 000a1000 08:06 6192763                    /usr/lib/jvm/java-7-openjdk-amd64/jre/lib/amd64/libawt.so
7f19850aa000-7f19850b5000 rw-p 000a2000 08:06 6192763                    /usr/lib/jvm/java-7-openjdk-amd64/jre/lib/amd64/libawt.so
7f19850b5000-7f19850da000 rw-p 00000000 00:00 0 
7f19850e0000-7f1988000000 rw-p 00000000 00:00 0 
7f1988000000-7f1988021000 rw-p 00000000 00:00 0 
7f1988021000-7f198c000000 ---p 00000000 00:00 0 
7f198c025000-7f198c026000 rw-s 00005000 00:05 9003                       /dev/ati/card0
7f198c02a000-7f198c02c000 rw-s 00002000 00:05 9003                       /dev/ati/card0
7f198c02f000-7f198c032000 ---p 00000000 00:00 0 
7f198c032000-7f198c068000 rw-p 00000000 00:00 0                          [stack:2457]
7f198c068000-7f198c06f000 r--s 00000000 08:06 5244924                    /usr/lib/x86_64-linux-gnu/gconv/gconv-modules.cache
7f198c06f000-7f198c072000 ---p 00000000 00:00 0 
7f198c072000-7f198c170000 rw-p 00000000 00:00 0                          [stack:2450]
7f198c170000-7f198c17a000 r--s 000b8000 08:06 6035327                    /usr/lib/jvm/java-7-openjdk-amd64/jre/lib/resources.jar
7f198c17c000-7f198c181000 r--s 0004c000 08:06 6035329                    /usr/lib/jvm/java-7-openjdk-amd64/jre/lib/jsse.jar
7f198c188000-7f198c1ac000 r-xp 00000000 08:06 2621472                    /tmp/libgdxabaratham/9865f060/libgdx64.so
7f198c1ac000-7f198c3ac000 ---p 00024000 08:06 2621472                    /tmp/libgdxabaratham/9865f060/libgdx64.so
7f198c3ac000-7f198c3ad000 r--p 00024000 08:06 2621472                    /tmp/libgdxabaratham/9865f060/libgdx64.so
7f198c3ad000-7f198c3ae000 rw-p 00025000 08:06 2621472                    /tmp/libgdxabaratham/9865f060/libgdx64.so
7f198c3b1000-7f198c3b2000 r--s 00001000 08:06 21234600                   /home/abaratham/.m2/repository/net/java/jutils/jutils/1.0.0/jutils-1.0.0.jar
7f198c3b7000-7f198c3bb000 r--s 0002f000 08:06 21234599                   /home/abaratham/.m2/repository/net/java/jinput/jinput/2.0.5/jinput-2.0.5.jar
7f198c3bd000-7f198c3be000 r--s 00025000 08:06 21234602                   /home/abaratham/.m2/repository/net/java/jinput/jinput-platform/2.0.5/jinput-platform-2.0.5-natives-windows.jar
7f198c3c2000-7f198c3c3000 r--s 00002000 08:06 21234603                   /home/abaratham/.m2/repository/net/java/jinput/jinput-platform/2.0.5/jinput-platform-2.0.5-natives-osx.jar
7f198c3ca000-7f198c3cb000 r--s 00002000 08:06 21234601                   /home/abaratham/.m2/repository/net/java/jinput/jinput-platform/2.0.5/jinput-platform-2.0.5-natives-linux.jar
7f198c3cf000-7f198c3d3000 r--s 00027000 08:06 2623141                    /home/abaratham/.gradle/caches/modules-2/files-2.1/org.lwjgl.lwjgl/lwjgl_util/2.9.1/290d7ba8a1bd9566f5ddf16ad06f09af5ec9b20e/lwjgl_util-2.9.1.jar
7f198c3da000-7f198c3e8000 r--s 000ea000 08:06 2623140                    /home/abaratham/.gradle/caches/modules-2/files-2.1/org.lwjgl.lwjgl/lwjgl/2.9.1/f58c5aabcef0e41718a564be9f8e412fff8db847/lwjgl-2.9.1.jar
7f198c3eb000-7f198c3ec000 r--s 0008b000 08:06 2623137                    /home/abaratham/.gradle/caches/modules-2/files-2.1/org.lwjgl.lwjgl/lwjgl-platform/2.9.1/aa9aae879af8eb378e22cfc64db56ec2ca9a44d1/lwjgl-platform-2.9.1-natives-linux.jar
7f198c3ed000-7f198c3ee000 r--s 00095000 08:06 2623139                    /home/abaratham/.gradle/caches/modules-2/files-2.1/org.lwjgl.lwjgl/lwjgl-platform/2.9.1/4c517eca808522457dd95ee8fc1fbcdbb602efbe/lwjgl-platform-2.9.1-natives-windows.jar
7f198c3f0000-7f198c3f1000 r--s 00080000 08:06 2623138                    /home/abaratham/.gradle/caches/modules-2/files-2.1/org.lwjgl.lwjgl/lwjgl-platform/2.9.1/2d12c83fdfbc04ecabf02c7bc8cc54d034f0daac/lwjgl-platform-2.9.1-natives-osx.jar
7f198c3f7000-7f198c3f9000 r--s 00017000 08:06 2623143                    /home/abaratham/.gradle/caches/modules-2/files-2.1/org.jcraft/jorbis/0.0.17/8872d22b293e8f5d7d56ff92be966e6dc28ebdc6/jorbis-0.0.17.jar
7f198c3fe000-7f198c413000 r--s 0014e000 08:06 2623020                    /home/abaratham/.gradle/caches/modules-2/files-2.1/com.badlogicgames.gdx/gdx/1.0.0/89c474852f0c0b701ebf0e11c176166eec56c0fa/gdx-1.0.0.jar
7f198c413000-7f198c414000 ---p 00000000 00:00 0 
7f198c414000-7f198c514000 rw-p 00000000 00:00 0                          [stack:2449]
7f198c514000-7f198c517000 ---p 00000000 00:00 0 
7f198c517000-7f198c615000 rw-p 00000000 00:00 0                          [stack:2448]
7f198c615000-7f198c618000 ---p 00000000 00:00 0 
7f198c618000-7f198c716000 rw-p 00000000 00:00 0                          [stack:2447]
7f198c716000-7f198c719000 ---p 00000000 00:00 0 
7f198c719000-7f198c817000 rw-p 00000000 00:00 0                          [stack:2446]
7f198c817000-7f198c81a000 ---p 00000000 00:00 0 
7f198c81a000-7f198c918000 rw-p 00000000 00:00 0                          [stack:2445]
7f198c918000-7f198cffc000 r--p 00000000 08:06 4987195                    /usr/lib/locale/locale-archive
7f198d000000-7f198d270000 rwxp 00000000 00:00 0 
7f198d270000-7f19902db000 rw-p 00000000 00:00 0 
7f19902db000-7f1994000000 ---p 00000000 00:00 0 
7f1994005000-7f1994006000 r--s 00015000 08:06 2623142                    /home/abaratham/.gradle/caches/modules-2/files-2.1/com.badlogicgames.jlayer/jlayer/1.0.1-gdx/7cca83cec5c1b2f011362f4d85aabd71a73b049d/jlayer-1.0.1-gdx.jar
7f199400d000-7f199400e000 r--s 00085000 08:06 2623135                    /home/abaratham/.gradle/caches/modules-2/files-2.1/com.badlogicgames.gdx/gdx-platform/1.0.0/7f7c2b5bae73c9b4afe3a9fc937a6b0934022896/gdx-platform-1.0.0-natives-desktop.jar
7f199400f000-7f1994012000 r--s 0001f000 08:06 2623134                    /home/abaratham/.gradle/caches/modules-2/files-2.1/com.badlogicgames.gdx/gdx-backend-lwjgl/1.0.0/7db646e37cce669e5e742e4413dd2b00084baad3/gdx-backend-lwjgl-1.0.0.jar
7f1994013000-7f1994016000 r--s 0000b000 08:06 1836944                    /home/abaratham/Desktop/Libgdx Gradle/core/build/libs/tween-engine-api.jar
7f1994017000-7f1994019000 r--s 0000f000 08:06 2623021                    /home/abaratham/.gradle/caches/modules-2/files-2.1/com.badlogicgames.gdx/gdx-box2d/1.0.0/4e3e9721d888e440cfc541e011ada658ffac5d8a/gdx-box2d-1.0.0.jar
7f199401b000-7f199401f000 r--s 0003b000 08:06 6035324                    /usr/lib/jvm/java-7-openjdk-amd64/jre/lib/ext/sunpkcs11.jar
7f1994022000-7f1994025000 r--s 00032000 08:06 6035322                    /usr/lib/jvm/java-7-openjdk-amd64/jre/lib/ext/sunjce_provider.jar
7f199402a000-7f199402c000 r--s 00012000 08:06 6035321                    /usr/lib/jvm/java-7-openjdk-amd64/jre/lib/ext/zipfs.jar
7f199402d000-7f1994031000 r--s 00085000 08:06 6035323                    /usr/lib/jvm/java-7-openjdk-amd64/jre/lib/ext/localedata.jar
7f1994037000-7f1994039000 r--s 0000f000 08:06 6035320                    /usr/lib/jvm/java-7-openjdk-amd64/jre/lib/ext/pulse-java.jar
7f199403d000-7f1994040000 ---p 00000000 00:00 0 
7f1994040000-7f199413e000 rw-p 00000000 00:00 0                          [stack:2444]
7f199413e000-7f1994141000 ---p 00000000 00:00 0 
7f1994141000-7f199423f000 rw-p 00000000 00:00 0                          [stack:2443]
7f199423f000-7f1994240000 ---p 00000000 00:00 0 
7f1994240000-7f199533c000 rw-p 00000000 00:00 0                          [stack:2442]
7f199533c000-7f19954ea000 r--s 01cf4000 08:06 6035316                    /usr/lib/jvm/java-7-openjdk-amd64/jre/lib/rt.jar
7f19954eb000-7f19958d6000 rw-p 00000000 00:00 0 
7f19958d6000-7f19958d7000 ---p 00000000 00:00 0 
7f19958d7000-7f19959d7000 rw-p 00000000 00:00 0                          [stack:2441]
7f19959d7000-7f19959d8000 ---p 00000000 00:00 0 
7f19959d8000-7f1995ad8000 rw-p 00000000 00:00 0                          [stack:2440]
7f1995ad8000-7f1995ad9000 ---p 00000000 00:00 0 
7f1995ad9000-7f1995bd9000 rw-p 00000000 00:00 0                          [stack:2439]
7f1995bd9000-7f1995bda000 ---p 00000000 00:00 0 
7f1995bda000-7f1995ce5000 rw-p 00000000 00:00 0                          [stack:2438]
7f1995ce5000-7f1995d2d000 rw-p 00000000 00:00 0 
7f1995d2d000-7f1995d49000 rw-p 00000000 00:00 0 
7f1995d49000-7f1995eed000 rw-p 00000000 00:00 0 
7f1995eed000-7f1995ef8000 rw-p 00000000 00:00 0 
7f1995ef8000-7f1995f40000 rw-p 00000000 00:00 0 
7f1995f40000-7f1995f5c000 rw-p 00000000 00:00 0 
7f1995f5c000-7f19960ff000 rw-p 00000000 00:00 0 
7f19960ff000-7f199610e000 rw-p 00000000 00:00 0 
7f199610e000-7f19961df000 rw-p 00000000 00:00 0 
7f19961df000-7f19961e0000 rw-p 00000000 00:00 0 
7f19961e0000-7f19961e8000 r-xp 00000000 08:06 6192744                    /usr/lib/jvm/java-7-openjdk-amd64/jre/lib/amd64/libzip.so
7f19961e8000-7f19963e7000 ---p 00008000 08:06 6192744                    /usr/lib/jvm/java-7-openjdk-amd64/jre/lib/amd64/libzip.so
7f19963e7000-7f19963e8000 r--p 00007000 08:06 6192744                    /usr/lib/jvm/java-7-openjdk-amd64/jre/lib/amd64/libzip.so
7f19963e8000-7f19963e9000 rw-p 00008000 08:06 6192744                    /usr/lib/jvm/java-7-openjdk-amd64/jre/lib/amd64/libzip.so
7f19963f0000-7f19963fc000 r-xp 00000000 08:06 2887553                    /lib/x86_64-linux-gnu/libnss_files-2.15.so
7f19963fc000-7f19965fb000 ---p 0000c000 08:06 2887553                    /lib/x86_64-linux-gnu/libnss_files-2.15.so
7f19965fb000-7f19965fc000 r--p 0000b000 08:06 2887553                    /lib/x86_64-linux-gnu/libnss_files-2.15.so
7f19965fc000-7f19965fd000 rw-p 0000c000 08:06 2887553                    /lib/x86_64-linux-gnu/libnss_files-2.15.so
7f1996600000-7f199660a000 r-xp 00000000 08:06 2887557                    /lib/x86_64-linux-gnu/libnss_nis-2.15.so
7f199660a000-7f199680a000 ---p 0000a000 08:06 2887557                    /lib/x86_64-linux-gnu/libnss_nis-2.15.so
7f199680a000-7f199680b000 r--p 0000a000 08:06 2887557                    /lib/x86_64-linux-gnu/libnss_nis-2.15.so
7f199680b000-7f199680c000 rw-p 0000b000 08:06 2887557                    /lib/x86_64-linux-gnu/libnss_nis-2.15.so
7f1996810000-7f1996827000 r-xp 00000000 08:06 2887547                    /lib/x86_64-linux-gnu/libnsl-2.15.so
7f1996827000-7f1996a26000 ---p 00017000 08:06 2887547                    /lib/x86_64-linux-gnu/libnsl-2.15.so
7f1996a26000-7f1996a27000 r--p 00016000 08:06 2887547                    /lib/x86_64-linux-gnu/libnsl-2.15.so
7f1996a27000-7f1996a28000 rw-p 00017000 08:06 2887547                    /lib/x86_64-linux-gnu/libnsl-2.15.so
7f1996a28000-7f1996a2a000 rw-p 00000000 00:00 0 
7f1996a30000-7f1996a38000 r-xp 00000000 08:06 2887549                    /lib/x86_64-linux-gnu/libnss_compat-2.15.so
7f1996a38000-7f1996c37000 ---p 00008000 08:06 2887549                    /lib/x86_64-linux-gnu/libnss_compat-2.15.so
7f1996c37000-7f1996c38000 r--p 00007000 08:06 2887549                    /lib/x86_64-linux-gnu/libnss_compat-2.15.so
7f1996c38000-7f1996c39000 rw-p 00008000 08:06 2887549                    /lib/x86_64-linux-gnu/libnss_compat-2.15.so
7f1996c40000-7f1996c69000 r-xp 00000000 08:06 6192737                    /usr/lib/jvm/java-7-openjdk-amd64/jre/lib/amd64/libjava.so
7f1996c69000-7f1996e68000 ---p 00029000 08:06 6192737                    /usr/lib/jvm/java-7-openjdk-amd64/jre/lib/amd64/libjava.so
7f1996e68000-7f1996e69000 r--p 00028000 08:06 6192737                    /usr/lib/jvm/java-7-openjdk-amd64/jre/lib/amd64/libjava.so
7f1996e69000-7f1996e6b000 rw-p 00029000 08:06 6192737                    /usr/lib/jvm/java-7-openjdk-amd64/jre/lib/amd64/libjava.so
7f1996e70000-7f1996e7e000 r-xp 00000000 08:06 6192769                    /usr/lib/jvm/java-7-openjdk-amd64/jre/lib/amd64/libverify.so
7f1996e7e000-7f199707d000 ---p 0000e000 08:06 6192769                    /usr/lib/jvm/java-7-openjdk-amd64/jre/lib/amd64/libverify.so
7f199707d000-7f199707f000 r--p 0000d000 08:06 6192769                    /usr/lib/jvm/java-7-openjdk-amd64/jre/lib/amd64/libverify.so
7f199707f000-7f1997080000 rw-p 0000f000 08:06 6192769                    /usr/lib/jvm/java-7-openjdk-amd64/jre/lib/amd64/libverify.so
7f1997080000-7f1997087000 r-xp 00000000 08:06 2887588                    /lib/x86_64-linux-gnu/librt-2.15.so
7f1997087000-7f1997286000 ---p 00007000 08:06 2887588                    /lib/x86_64-linux-gnu/librt-2.15.so
7f1997286000-7f1997287000 r--p 00006000 08:06 2887588                    /lib/x86_64-linux-gnu/librt-2.15.so
7f1997287000-7f1997288000 rw-p 00007000 08:06 2887588                    /lib/x86_64-linux-gnu/librt-2.15.so
7f1997288000-7f199729d000 r-xp 00000000 08:06 2887523                    /lib/x86_64-linux-gnu/libgcc_s.so.1
7f199729d000-7f199749c000 ---p 00015000 08:06 2887523                    /lib/x86_64-linux-gnu/libgcc_s.so.1
7f199749c000-7f199749d000 r--p 00014000 08:06 2887523                    /lib/x86_64-linux-gnu/libgcc_s.so.1
7f199749d000-7f199749e000 rw-p 00015000 08:06 2887523                    /lib/x86_64-linux-gnu/libgcc_s.so.1
7f19974a0000-7f199759b000 r-xp 00000000 08:06 2887534                    /lib/x86_64-linux-gnu/libm-2.15.so
7f199759b000-7f199779a000 ---p 000fb000 08:06 2887534                    /lib/x86_64-linux-gnu/libm-2.15.so
7f199779a000-7f199779b000 r--p 000fa000 08:06 2887534                    /lib/x86_64-linux-gnu/libm-2.15.so
7f199779b000-7f199779c000 rw-p 000fb000 08:06 2887534                    /lib/x86_64-linux-gnu/libm-2.15.so
7f19977a0000-7f1997882000 r-xp 00000000 08:06 4988391                    /usr/lib/x86_64-linux-gnu/libstdc++.so.6.0.16
7f1997882000-7f1997a81000 ---p 000e2000 08:06 4988391                    /usr/lib/x86_64-linux-gnu/libstdc++.so.6.0.16
7f1997a81000-7f1997a89000 r--p 000e1000 08:06 4988391                    /usr/lib/x86_64-linux-gnu/libstdc++.so.6.0.16
7f1997a89000-7f1997a8b000 rw-p 000e9000 08:06 4988391                    /usr/lib/x86_64-linux-gnu/libstdc++.so.6.0.16
7f1997a8b000-7f1997aa0000 rw-p 00000000 00:00 0 
7f1997aa0000-7f199855b000 r-xp 00000000 08:06 6303865                    /usr/lib/jvm/java-7-openjdk-amd64/jre/lib/amd64/server/libjvm.so
7f199855b000-7f199875b000 ---p 00abb000 08:06 6303865                    /usr/lib/jvm/java-7-openjdk-amd64/jre/lib/amd64/server/libjvm.so
7f199875b000-7f19987f3000 r--p 00abb000 08:06 6303865                    /usr/lib/jvm/java-7-openjdk-amd64/jre/lib/amd64/server/libjvm.so
7f19987f3000-7f1998816000 rw-p 00b53000 08:06 6303865                    /usr/lib/jvm/java-7-openjdk-amd64/jre/lib/amd64/server/libjvm.so
7f1998816000-7f1998843000 rw-p 00000000 00:00 0 
7f1998848000-7f199885e000 r-xp 00000000 08:06 2887613                    /lib/x86_64-linux-gnu/libz.so.1.2.3.4
7f199885e000-7f1998a5d000 ---p 00016000 08:06 2887613                    /lib/x86_64-linux-gnu/libz.so.1.2.3.4
7f1998a5d000-7f1998a5e000 r--p 00015000 08:06 2887613                    /lib/x86_64-linux-gnu/libz.so.1.2.3.4
7f1998a5e000-7f1998a5f000 rw-p 00016000 08:06 2887613                    /lib/x86_64-linux-gnu/libz.so.1.2.3.4
7f1998a60000-7f1998a78000 r-xp 00000000 08:06 2887582                    /lib/x86_64-linux-gnu/libpthread-2.15.so
7f1998a78000-7f1998c77000 ---p 00018000 08:06 2887582                    /lib/x86_64-linux-gnu/libpthread-2.15.so
7f1998c77000-7f1998c78000 r--p 00017000 08:06 2887582                    /lib/x86_64-linux-gnu/libpthread-2.15.so
7f1998c78000-7f1998c79000 rw-p 00018000 08:06 2887582                    /lib/x86_64-linux-gnu/libpthread-2.15.so
7f1998c79000-7f1998c7d000 rw-p 00000000 00:00 0 
7f1998c80000-7f1998c82000 r-xp 00000000 08:06 2887515                    /lib/x86_64-linux-gnu/libdl-2.15.so
7f1998c82000-7f1998e82000 ---p 00002000 08:06 2887515                    /lib/x86_64-linux-gnu/libdl-2.15.so
7f1998e82000-7f1998e83000 r--p 00002000 08:06 2887515                    /lib/x86_64-linux-gnu/libdl-2.15.so
7f1998e83000-7f1998e84000 rw-p 00003000 08:06 2887515                    /lib/x86_64-linux-gnu/libdl-2.15.so
7f1998e88000-7f199903d000 r-xp 00000000 08:06 2887502                    /lib/x86_64-linux-gnu/libc-2.15.so
7f199903d000-7f199923d000 ---p 001b5000 08:06 2887502                    /lib/x86_64-linux-gnu/libc-2.15.so
7f199923d000-7f1999241000 r--p 001b5000 08:06 2887502                    /lib/x86_64-linux-gnu/libc-2.15.so
7f1999241000-7f1999243000 rw-p 001b9000 08:06 2887502                    /lib/x86_64-linux-gnu/libc-2.15.so
7f1999243000-7f1999248000 rw-p 00000000 00:00 0 
7f1999248000-7f1999255000 r-xp 00000000 08:06 6303971                    /usr/lib/jvm/java-7-openjdk-amd64/jre/lib/amd64/jli/libjli.so
7f1999255000-7f1999454000 ---p 0000d000 08:06 6303971                    /usr/lib/jvm/java-7-openjdk-amd64/jre/lib/amd64/jli/libjli.so
7f1999454000-7f1999455000 r--p 0000c000 08:06 6303971                    /usr/lib/jvm/java-7-openjdk-amd64/jre/lib/amd64/jli/libjli.so
7f1999455000-7f1999456000 rw-p 0000d000 08:06 6303971                    /usr/lib/jvm/java-7-openjdk-amd64/jre/lib/amd64/jli/libjli.so
7f1999458000-7f199947a000 r-xp 00000000 08:06 2887482                    /lib/x86_64-linux-gnu/ld-2.15.so
7f199947d000-7f199947e000 r--s 000dd000 08:06 2623136                    /home/abaratham/.gradle/caches/modules-2/files-2.1/com.badlogicgames.gdx/gdx-box2d-platform/1.0.0/350a00f887adc5505517003be2a0c111303c574b/gdx-box2d-platform-1.0.0-natives-desktop.jar
7f1999482000-7f1999483000 r--s 00002000 08:06 6035325                    /usr/lib/jvm/java-7-openjdk-amd64/jre/lib/ext/dnsns.jar
7f1999487000-7f1999488000 r--s 00007000 08:06 5250426                    /usr/share/java/java-atk-wrapper.jar
7f199948a000-7f19994b2000 rw-p 00000000 00:00 0 
7f19994b2000-7f1999568000 rw-p 00000000 00:00 0 
7f1999568000-7f1999570000 rw-s 00000000 08:06 2621467                    /tmp/hsperfdata_abaratham/2432
7f1999575000-7f1999577000 rw-p 00000000 00:00 0 
7f1999577000-7f1999578000 r--p 00000000 00:00 0 
7f1999578000-7f199957b000 ---p 00000000 00:00 0 
7f199957b000-7f199967a000 rw-p 00000000 00:00 0                          [stack:2433]
7f199967a000-7f199967b000 r--p 00022000 08:06 2887482                    /lib/x86_64-linux-gnu/ld-2.15.so
7f199967b000-7f199967d000 rw-p 00023000 08:06 2887482                    /lib/x86_64-linux-gnu/ld-2.15.so
7f199967d000-7f1999683000 rw-p 00000000 00:00 0 
7fffafa26000-7fffafa48000 rw-p 00000000 00:00 0                          [stack]
7fffafc00000-7fffafc02000 r-xp 00000000 00:00 0                          [vdso]
ffffffffff600000-ffffffffff601000 r-xp 00000000 00:00 0                  [vsyscall]

VM Arguments:
jvm_args: -Dfile.encoding=UTF-8 
java_command: anandgames.gravity.desktop.DesktopLauncher
Launcher Type: SUN_STANDARD

Environment Variables:
PATH=/opt/OpenPrinting-Gutenprint/sbin:/opt/OpenPrinting-Gutenprint/bin:/usr/lib/lightdm/lightdm:/usr/local/sbin:/usr/local/bin:/usr/sbin:/usr/bin:/sbin:/bin:/usr/games
SHELL=/bin/bash
DISPLAY=:0.0

Signal Handlers:
SIGSEGV: [libjvm.so+0x8f6d70], sa_mask[0]=0x7ffbfeff, sa_flags=0x10000004
SIGBUS: [libjvm.so+0x8f6d70], sa_mask[0]=0x7ffbfeff, sa_flags=0x10000004
SIGFPE: [libjvm.so+0x77aeb0], sa_mask[0]=0x7ffbfeff, sa_flags=0x10000004
SIGPIPE: [libjvm.so+0x77aeb0], sa_mask[0]=0x7ffbfeff, sa_flags=0x10000004
SIGXFSZ: [libjvm.so+0x77aeb0], sa_mask[0]=0x7ffbfeff, sa_flags=0x10000004
SIGILL: [libjvm.so+0x77aeb0], sa_mask[0]=0x7ffbfeff, sa_flags=0x10000004
SIGUSR1: SIG_DFL, sa_mask[0]=0x00000000, sa_flags=0x00000000
SIGUSR2: [libjvm.so+0x77b130], sa_mask[0]=0x00000004, sa_flags=0x10000004
SIGHUP: [libjvm.so+0x77b2a0], sa_mask[0]=0x7ffbfeff, sa_flags=0x10000004
SIGINT: [libjvm.so+0x77b2a0], sa_mask[0]=0x7ffbfeff, sa_flags=0x10000004
SIGTERM: [libjvm.so+0x77b2a0], sa_mask[0]=0x7ffbfeff, sa_flags=0x10000004
SIGQUIT: [libjvm.so+0x77b2a0], sa_mask[0]=0x7ffbfeff, sa_flags=0x10000004


---------------  S Y S T E M  ---------------

OS:Ubuntu 12.04 (precise)
uname:Linux 3.11.0-17-generic #31~precise1-Ubuntu SMP Tue Feb 4 21:25:43 UTC 2014 x86_64
libc:glibc 2.15 NPTL 2.15 
rlimit: STACK 8192k, CORE 0k, NPROC 42396, NOFILE 4096, AS infinity
load average:1.10 1.16 0.52

/proc/meminfo:
MemTotal:        5493904 kB
MemFree:         3451596 kB
Buffers:           54412 kB
Cached:           594492 kB
SwapCached:            0 kB
Active:          1237308 kB
Inactive:         479620 kB
Active(anon):    1068820 kB
Inactive(anon):     1480 kB
Active(file):     168488 kB
Inactive(file):   478140 kB
Unevictable:          16 kB
Mlocked:              16 kB
SwapTotal:       5731324 kB
SwapFree:        5731324 kB
Dirty:              1144 kB
Writeback:             0 kB
AnonPages:       1068132 kB
Mapped:           233048 kB
Shmem:              2280 kB
Slab:              70360 kB
SReclaimable:      44248 kB
SUnreclaim:        26112 kB
KernelStack:        3456 kB
PageTables:        28396 kB
NFS_Unstable:          0 kB
Bounce:                0 kB
WritebackTmp:          0 kB
CommitLimit:     8478276 kB
Committed_AS:    3080804 kB
VmallocTotal:   34359738367 kB
VmallocUsed:      182664 kB
VmallocChunk:   34359553276 kB
HardwareCorrupted:     0 kB
AnonHugePages:         0 kB
HugePages_Total:       0
HugePages_Free:        0
HugePages_Rsvd:        0
HugePages_Surp:        0
Hugepagesize:       2048 kB
DirectMap4k:      148220 kB
DirectMap2M:     3491840 kB
DirectMap1G:     2097152 kB


CPU:total 4 (4 cores per cpu, 1 threads per core) family 21 model 16 stepping 1, cmov, cx8, fxsr, mmx, sse, sse2, sse3, ssse3, sse4.1, sse4.2, popcnt, avx, aes, mmxext, 3dnowpref, lzcnt, sse4a, tsc, tscinvbit, tscinv

/proc/cpuinfo:
processor	: 0
vendor_id	: AuthenticAMD
cpu family	: 21
model		: 16
model name	: AMD A10-4600M APU with Radeon(tm) HD Graphics
stepping	: 1
microcode	: 0x6001116
cpu MHz		: 1400.000
cache size	: 2048 KB
physical id	: 0
siblings	: 4
core id		: 0
cpu cores	: 2
apicid		: 16
initial apicid	: 0
fpu		: yes
fpu_exception	: yes
cpuid level	: 13
wp		: yes
flags		: fpu vme de pse tsc msr pae mce cx8 apic sep mtrr pge mca cmov pat pse36 clflush mmx fxsr sse sse2 ht syscall nx mmxext fxsr_opt pdpe1gb rdtscp lm constant_tsc rep_good nopl nonstop_tsc extd_apicid aperfmperf pni pclmulqdq monitor ssse3 fma cx16 sse4_1 sse4_2 popcnt aes xsave avx f16c lahf_lm cmp_legacy svm extapic cr8_legacy abm sse4a misalignsse 3dnowprefetch osvw ibs xop skinit wdt lwp fma4 tce nodeid_msr tbm topoext perfctr_core perfctr_nb arat cpb hw_pstate npt lbrv svm_lock nrip_save tsc_scale vmcb_clean flushbyasid decodeassists pausefilter pfthreshold bmi1
bogomips	: 4591.12
TLB size	: 1536 4K pages
clflush size	: 64
cache_alignment	: 64
address sizes	: 48 bits physical, 48 bits virtual
power management: ts ttp tm 100mhzsteps hwpstate cpb eff_freq_ro

processor	: 1
vendor_id	: AuthenticAMD
cpu family	: 21
model		: 16
model name	: AMD A10-4600M APU with Radeon(tm) HD Graphics  
stepping	: 1
microcode	: 0x6001116
cpu MHz		: 1400.000
cache size	: 2048 KB
physical id	: 0
siblings	: 4
core id		: 1
cpu cores	: 2
apicid		: 17
initial apicid	: 1
fpu		: yes
fpu_exception	: yes
cpuid level	: 13
wp		: yes
flags		: fpu vme de pse tsc msr pae mce cx8 apic sep mtrr pge mca cmov pat pse36 clflush mmx fxsr sse sse2 ht syscall nx mmxext fxsr_opt pdpe1gb rdtscp lm constant_tsc rep_good nopl nonstop_tsc extd_apicid aperfmperf pni pclmulqdq monitor ssse3 fma cx16 sse4_1 sse4_2 popcnt aes xsave avx f16c lahf_lm cmp_legacy svm extapic cr8_legacy abm sse4a misalignsse 3dnowprefetch osvw ibs xop skinit wdt lwp fma4 tce nodeid_msr tbm topoext perfctr_core perfctr_nb arat cpb hw_pstate npt lbrv svm_lock nrip_save tsc_scale vmcb_clean flushbyasid decodeassists pausefilter pfthreshold bmi1
bogomips	: 4591.12
TLB size	: 1536 4K pages
clflush size	: 64
cache_alignment	: 64
address sizes	: 48 bits physical, 48 bits virtual
power management: ts ttp tm 100mhzsteps hwpstate cpb eff_freq_ro

processor	: 2
vendor_id	: AuthenticAMD
cpu family	: 21
model		: 16
model name	: AMD A10-4600M APU with Radeon(tm) HD Graphics  
stepping	: 1
microcode	: 0x6001116
cpu MHz		: 2300.000
cache size	: 2048 KB
physical id	: 0
siblings	: 4
core id		: 2
cpu cores	: 2
apicid		: 18
initial apicid	: 2
fpu		: yes
fpu_exception	: yes
cpuid level	: 13
wp		: yes
flags		: fpu vme de pse tsc msr pae mce cx8 apic sep mtrr pge mca cmov pat pse36 clflush mmx fxsr sse sse2 ht syscall nx mmxext fxsr_opt pdpe1gb rdtscp lm constant_tsc rep_good nopl nonstop_tsc extd_apicid aperfmperf pni pclmulqdq monitor ssse3 fma cx16 sse4_1 sse4_2 popcnt aes xsave avx f16c lahf_lm cmp_legacy svm extapic cr8_legacy abm sse4a misalignsse 3dnowprefetch osvw ibs xop skinit wdt lwp fma4 tce nodeid_msr tbm topoext perfctr_core perfctr_nb arat cpb hw_pstate npt lbrv svm_lock nrip_save tsc_scale vmcb_clean flushbyasid decodeassists pausefilter pfthreshold bmi1
bogomips	: 4591.12
TLB size	: 1536 4K pages
clflush size	: 64
cache_alignment	: 64
address sizes	: 48 bits physical, 48 bits virtual
power management: ts ttp tm 100mhzsteps hwpstate cpb eff_freq_ro

processor	: 3
vendor_id	: AuthenticAMD
cpu family	: 21
model		: 16
model name	: AMD A10-4600M APU with Radeon(tm) HD Graphics  
stepping	: 1
microcode	: 0x6001116
cpu MHz		: 2300.000
cache size	: 2048 KB
physical id	: 0
siblings	: 4
core id		: 3
cpu cores	: 2
apicid		: 19
initial apicid	: 3
fpu		: yes
fpu_exception	: yes
cpuid level	: 13
wp		: yes
flags		: fpu vme de pse tsc msr pae mce cx8 apic sep mtrr pge mca cmov pat pse36 clflush mmx fxsr sse sse2 ht syscall nx mmxext fxsr_opt pdpe1gb rdtscp lm constant_tsc rep_good nopl nonstop_tsc extd_apicid aperfmperf pni pclmulqdq monitor ssse3 fma cx16 sse4_1 sse4_2 popcnt aes xsave avx f16c lahf_lm cmp_legacy svm extapic cr8_legacy abm sse4a misalignsse 3dnowprefetch osvw ibs xop skinit wdt lwp fma4 tce nodeid_msr tbm topoext perfctr_core perfctr_nb arat cpb hw_pstate npt lbrv svm_lock nrip_save tsc_scale vmcb_clean flushbyasid decodeassists pausefilter pfthreshold bmi1
bogomips	: 4591.12
TLB size	: 1536 4K pages
clflush size	: 64
cache_alignment	: 64
address sizes	: 48 bits physical, 48 bits virtual
power management: ts ttp tm 100mhzsteps hwpstate cpb eff_freq_ro



Memory: 4k page, physical 5493904k(3451596k free), swap 5731324k(5731324k free)

vm_info: OpenJDK 64-Bit Server VM (24.45-b08) for linux-amd64 JRE (1.7.0_51-b00), built on Jan 16 2014 18:37:59 by "buildd" with gcc 4.6.3

time: Fri May 16 23:33:13 2014
elapsed time: 3 seconds

