#
# A fatal error has been detected by the Java Runtime Environment:
#
#  SIGSEGV (0xb) at pc=0x00007f04c128e800, pid=19652, tid=139658417825536
#
# JRE version: OpenJDK Runtime Environment (7.0_51) (build 1.7.0_51-b00)
# Java VM: OpenJDK 64-Bit Server VM (24.45-b08 mixed mode linux-amd64 compressed oops)
# Problematic frame:
# C  [fglrx_dri.so+0x11ce800]  ukiCreateContext+0x11ce800
#
# Failed to write core dump. Core dumps have been disabled. To enable core dumping, try "ulimit -c unlimited" before starting Java again
#
# If you would like to submit a bug report, please include
# instructions on how to reproduce the bug and visit:
#   http://icedtea.classpath.org/bugzilla
# The crash happened outside the Java Virtual Machine in native code.
# See problematic frame for where to report the bug.
#

---------------  T H R E A D  ---------------

Current thread (0x00007f05082cd800):  JavaThread "LWJGL Application" [_thread_in_native, id=19675, stack(0x00007f04c2526000,0x00007f04c2627000)]

siginfo:si_signo=SIGSEGV: si_errno=0, si_code=1 (SEGV_MAPERR), si_addr=0x0000000000000000

Registers:
RAX=0x00007f04c1f90e50, RBX=0x00007f04c1accdf8, RCX=0x0000000000000000, RDX=0x0000000000000000
RSP=0x00007f04c26251a8, RBP=0x00007f04ac542900, RSI=0x00007f04ac1317c0, RDI=0x00007f04ac928d00
R8 =0x00007f04ac127f50, R9 =0x0000000000004cdb, R10=0x0000000000000000, R11=0x0000000000000000
R12=0x00007f04c21594c0, R13=0xffffffffffffff68, R14=0xffffffffffffff68, R15=0x0000000000000001
RIP=0x00007f04c128e800, EFLAGS=0x0000000000010202, CSGSFS=0x0000000000000033, ERR=0x0000000000000004
  TRAPNO=0x000000000000000e

Top of Stack: (sp=0x00007f04c26251a8)
0x00007f04c26251a8:   00007f04c1229624 00007f04ac02d250
0x00007f04c26251b8:   00007f04ac12d390 0000000000000088
0x00007f04c26251c8:   0000000000000000 00007f04ac12f960
0x00007f04c26251d8:   00007f04c1accdf8 00007f04c21594c0
0x00007f04c26251e8:   00007f04c10167c9 0000000000000000
0x00007f04c26251f8:   0000000000000000 0000000000000000
0x00007f04c2625208:   000002e800000525 0000000001000000
0x00007f04c2625218:   00007f0400000000 0000000000000000
0x00007f04c2625228:   000002d000000500 0000000000000003
0x00007f04c2625238:   0000000000000000 0000000000000000
0x00007f04c2625248:   00007f04ac542900 0000000000000088
0x00007f04c2625258:   00007f04ac12f960 00007f04c21594c0
0x00007f04c2625268:   00007f04c10363e6 00007f05082cd800
0x00007f04c2625278:   0000000000000000 0000000000000000
0x00007f04c2625288:   00007f04c2625300 0000000000000007
0x00007f04c2625298:   0000000100000000 0000000000000000
0x00007f04c26252a8:   0000000000000000 0000000000000000
0x00007f04c26252b8:   00007f0500000000 0000000000000003
0x00007f04c26252c8:   0000000000000000 0000000000000000
0x00007f04c26252d8:   0000000000000000 00007f0500000000
0x00007f04c26252e8:   00007f050805a2a8 00007f05082cd9d8
0x00007f04c26252f8:   00007f04ac542900 00007f04ac542900
0x00007f04c2625308:   00007f04ac028610 000000000000022b
0x00007f04c2625318:   00007f04c214ebe8 ffffffffffffff68
0x00007f04c2625328:   00007f04c1010223 00007f04c2625210
0x00007f04c2625338:   0000003000000018 00007f04c26254a0
0x00007f04c2625348:   00007f04c26253c0 00007f04c21052d8
0x00007f04c2625358:   00007f04ac542900 00007f04ac028610
0x00007f04c2625368:   00007f04c1015893 00007f04c26253c8
0x00007f04c2625378:   00007f04c21052d8 00007f04c21052d8
0x00007f04c2625388:   00007f04ac028730 00007f04ac028610
0x00007f04c2625398:   000000000000022b 00007f04c214ebe8 

Instructions: (pc=0x00007f04c128e800)
0x00007f04c128e7e0:   48 89 c7 48 8b 00 89 de 4c 8b 98 d0 00 00 00 48
0x00007f04c128e7f0:   83 c4 30 5b 41 ff e3 90 90 90 90 90 90 90 90 90
0x00007f04c128e800:   48 8b 02 48 89 87 00 02 00 00 48 8b 42 08 48 89
0x00007f04c128e810:   87 08 02 00 00 b8 01 00 00 00 c3 90 90 90 90 90 

Register to memory mapping:

RAX=0x00007f04c1f90e50: <offset 0x1ed0e50> in /usr/lib/fglrx/dri/fglrx_dri.so at 0x00007f04c00c0000
RBX=0x00007f04c1accdf8: <offset 0x1a0cdf8> in /usr/lib/fglrx/dri/fglrx_dri.so at 0x00007f04c00c0000
RCX=0x0000000000000000 is an unknown value
RDX=0x0000000000000000 is an unknown value
RSP=0x00007f04c26251a8 is pointing into the stack for thread: 0x00007f05082cd800
RBP=0x00007f04ac542900 is an unknown value
RSI=0x00007f04ac1317c0 is an unknown value
RDI=0x00007f04ac928d00 is an unknown value
R8 =0x00007f04ac127f50 is an unknown value
R9 =0x0000000000004cdb is an unknown value
R10=0x0000000000000000 is an unknown value
R11=0x0000000000000000 is an unknown value
R12=0x00007f04c21594c0: <offset 0x20994c0> in /usr/lib/fglrx/dri/fglrx_dri.so at 0x00007f04c00c0000
R13=0xffffffffffffff68 is an unknown value
R14=0xffffffffffffff68 is an unknown value
R15=0x0000000000000001 is an unknown value


Stack: [0x00007f04c2526000,0x00007f04c2627000],  sp=0x00007f04c26251a8,  free space=1020k
Native frames: (J=compiled Java code, j=interpreted, Vv=VM code, C=native code)
C  [fglrx_dri.so+0x11ce800]  ukiCreateContext+0x11ce800

Java frames: (J=compiled Java code, j=interpreted, Vv=VM code)
j  org.lwjgl.opengl.LinuxContextImplementation.nSwapBuffers(Ljava/nio/ByteBuffer;)V+0
j  org.lwjgl.opengl.LinuxContextImplementation.swapBuffers()V+38
j  org.lwjgl.opengl.ContextGL.swapBuffers()V+3
j  org.lwjgl.opengl.DrawableGL.swapBuffers()V+0
j  org.lwjgl.opengl.Display.swapBuffers()V+39
j  org.lwjgl.opengl.Display.update(Z)V+44
j  com.badlogic.gdx.backends.lwjgl.LwjglApplication.mainLoop()V+625
j  com.badlogic.gdx.backends.lwjgl.LwjglApplication$1.run()V+27
v  ~StubRoutines::call_stub

---------------  P R O C E S S  ---------------

Java Threads: ( => current thread )
  0x00007f04ac00d000 JavaThread "process reaper" daemon [_thread_blocked, id=19677, stack(0x00007f050408f000,0x00007f05040c8000)]
  0x00007f050800b000 JavaThread "DestroyJavaVM" [_thread_blocked, id=19657, stack(0x00007f05117be000,0x00007f05118bf000)]
=>0x00007f05082cd800 JavaThread "LWJGL Application" [_thread_in_native, id=19675, stack(0x00007f04c2526000,0x00007f04c2627000)]
  0x00007f050822a000 JavaThread "AWT-XAWT" daemon [_thread_blocked, id=19671, stack(0x00007f04cd09f000,0x00007f04cd1a0000)]
  0x00007f0508208000 JavaThread "Java2D Disposer" daemon [_thread_blocked, id=19670, stack(0x00007f04f407f000,0x00007f04f4180000)]
  0x00007f05080a7800 JavaThread "Service Thread" daemon [_thread_blocked, id=19668, stack(0x00007f0504716000,0x00007f0504817000)]
  0x00007f05080a5000 JavaThread "C2 CompilerThread1" daemon [_thread_blocked, id=19667, stack(0x00007f0504817000,0x00007f0504918000)]
  0x00007f05080a2000 JavaThread "C2 CompilerThread0" daemon [_thread_blocked, id=19666, stack(0x00007f050c083000,0x00007f050c184000)]
  0x00007f05080a0000 JavaThread "Signal Dispatcher" daemon [_thread_blocked, id=19665, stack(0x00007f050c184000,0x00007f050c285000)]
  0x00007f050807d000 JavaThread "Finalizer" daemon [_thread_blocked, id=19664, stack(0x00007f050c285000,0x00007f050c386000)]
  0x00007f050807b000 JavaThread "Reference Handler" daemon [_thread_blocked, id=19663, stack(0x00007f050c386000,0x00007f050c487000)]

Other Threads:
  0x00007f0508076800 VMThread [stack: 0x00007f050c487000,0x00007f050c588000] [id=19662]
  0x00007f05080b2000 WatcherThread [stack: 0x00007f0504615000,0x00007f0504716000] [id=19669]

VM state:not at safepoint (normal execution)

VM Mutex/Monitor currently owned by a thread: None

Heap
 PSYoungGen      total 25088K, used 12167K [0x00000000e4080000, 0x00000000e5c80000, 0x0000000100000000)
  eden space 21504K, 56% used [0x00000000e4080000,0x00000000e4c61d88,0x00000000e5580000)
  from space 3584K, 0% used [0x00000000e5900000,0x00000000e5900000,0x00000000e5c80000)
  to   space 3584K, 0% used [0x00000000e5580000,0x00000000e5580000,0x00000000e5900000)
 ParOldGen       total 56832K, used 0K [0x00000000ac200000, 0x00000000af980000, 0x00000000e4080000)
  object space 56832K, 0% used [0x00000000ac200000,0x00000000ac200000,0x00000000af980000)
 PSPermGen       total 21504K, used 8264K [0x00000000a1c00000, 0x00000000a3100000, 0x00000000ac200000)
  object space 21504K, 38% used [0x00000000a1c00000,0x00000000a2412120,0x00000000a3100000)

Card table byte_map: [0x00007f050e135000,0x00007f050e428000] byte_map_base: 0x00007f050dc27000

Polling page: 0x00007f05117bd000

Code Cache  [0x00007f0505000000, 0x00007f0505270000, 0x00007f0508000000)
 total_blobs=506 nmethods=27 adapters=434 free_code_cache=48568Kb largest_free_block=49732864

Compilation events (10 events):
Event: 1.143 Thread 0x00007f05080a5000 nmethod 22 0x00007f0505088950 code [0x00007f0505088a80, 0x00007f0505088af8]
Event: 1.143 Thread 0x00007f05080a2000 nmethod 23 0x00007f05050884d0 code [0x00007f0505088600, 0x00007f0505088698]
Event: 1.170 Thread 0x00007f05080a5000   24   !         sun.nio.cs.ISO_8859_1$Encoder::encodeBufferLoop (135 bytes)
Event: 1.173 Thread 0x00007f05080a2000   25             java.nio.StringCharBuffer::get (19 bytes)
Event: 1.176 Thread 0x00007f05080a2000 nmethod 25 0x00007f0505088010 code [0x00007f0505088180, 0x00007f05050882d8]
Event: 1.176 Thread 0x00007f05080a2000   26             java.nio.Buffer::nextGetIndex (31 bytes)
Event: 1.176 Thread 0x00007f05080a2000 nmethod 26 0x00007f0505087dd0 code [0x00007f0505087f00, 0x00007f0505087f78]
Event: 1.176 Thread 0x00007f05080a2000   27             org.lwjgl.MemoryUtil$CharSequenceNT::charAt (28 bytes)
Event: 1.177 Thread 0x00007f05080a2000 nmethod 27 0x00007f0505089d50 code [0x00007f0505089ea0, 0x00007f0505089f98]
Event: 1.189 Thread 0x00007f05080a5000 nmethod 24 0x00007f0505089150 code [0x00007f0505089320, 0x00007f0505089820]

GC Heap History (0 events):
No events

Deoptimization events (1 events):
Event: 0.297 Thread 0x00007f050800b000 Uncommon trap: reason=class_check action=maybe_recompile pc=0x00007f05050652a8 method=java.util.Properties$LineReader.readLine()I @ 62

Internal exceptions (10 events):
Event: 1.466 Thread 0x00007f05082cd800 Threw 0x00000000e4be6d78 at /build/buildd/openjdk-7-7u51-2.4.4/build/openjdk/hotspot/src/share/vm/prims/jvm.cpp:1244
Event: 1.467 Thread 0x00007f05082cd800 Threw 0x00000000e4beafd8 at /build/buildd/openjdk-7-7u51-2.4.4/build/openjdk/hotspot/src/share/vm/prims/jvm.cpp:1244
Event: 1.468 Thread 0x00007f05082cd800 Threw 0x00000000e4bef808 at /build/buildd/openjdk-7-7u51-2.4.4/build/openjdk/hotspot/src/share/vm/prims/jvm.cpp:1244
Event: 1.469 Thread 0x00007f05082cd800 Threw 0x00000000e4bf47d0 at /build/buildd/openjdk-7-7u51-2.4.4/build/openjdk/hotspot/src/share/vm/prims/jvm.cpp:1244
Event: 1.471 Thread 0x00007f05082cd800 Threw 0x00000000e4bf83c8 at /build/buildd/openjdk-7-7u51-2.4.4/build/openjdk/hotspot/src/share/vm/prims/jvm.cpp:1244
Event: 1.472 Thread 0x00007f05082cd800 Threw 0x00000000e4bfdc80 at /build/buildd/openjdk-7-7u51-2.4.4/build/openjdk/hotspot/src/share/vm/prims/jvm.cpp:1244
Event: 1.497 Thread 0x00007f05082cd800 Threw 0x00000000e4c02570 at /build/buildd/openjdk-7-7u51-2.4.4/build/openjdk/hotspot/src/share/vm/prims/jvm.cpp:1244
Event: 1.499 Thread 0x00007f05082cd800 Threw 0x00000000e4c07ee0 at /build/buildd/openjdk-7-7u51-2.4.4/build/openjdk/hotspot/src/share/vm/prims/jvm.cpp:1244
Event: 2.602 Thread 0x00007f05082cd800 Threw 0x00000000e4c0f988 at /build/buildd/openjdk-7-7u51-2.4.4/build/openjdk/hotspot/src/share/vm/prims/jvm.cpp:1244
Event: 2.604 Thread 0x00007f05082cd800 Threw 0x00000000e4c15088 at /build/buildd/openjdk-7-7u51-2.4.4/build/openjdk/hotspot/src/share/vm/prims/jvm.cpp:1244

Events (10 events):
Event: 1.496 loading class 0x00007f04ac007120
Event: 1.496 loading class 0x00007f04ac007120 done
Event: 1.499 loading class 0x00007f04ac927020
Event: 1.499 loading class 0x00007f04ac927020 done
Event: 2.601 loading class 0x00007f050811ce80
Event: 2.601 loading class 0x00007f050811ce80 done
Event: 2.604 loading class 0x00007f050811cf50
Event: 2.604 loading class 0x00007f050811cf50 done
Event: 2.606 loading class 0x00007f050d7d4570
Event: 2.606 loading class 0x00007f050d7d4570 done


Dynamic libraries:
00400000-00401000 r-xp 00000000 08:06 6035309                            /usr/lib/jvm/java-7-openjdk-amd64/jre/bin/java
00600000-00601000 r--p 00000000 08:06 6035309                            /usr/lib/jvm/java-7-openjdk-amd64/jre/bin/java
00601000-00602000 rw-p 00001000 08:06 6035309                            /usr/lib/jvm/java-7-openjdk-amd64/jre/bin/java
01412000-01433000 rw-p 00000000 00:00 0                                  [heap]
a1c00000-a3100000 rw-p 00000000 00:00 0 
a3100000-ac200000 rw-p 00000000 00:00 0 
ac200000-af980000 rw-p 00000000 00:00 0 
af980000-e4080000 rw-p 00000000 00:00 0 
e4080000-e5c80000 rw-p 00000000 00:00 0 
e5c80000-100000000 rw-p 00000000 00:00 0 
7f04a0000000-7f04a0021000 rw-p 00000000 00:00 0 
7f04a0021000-7f04a4000000 ---p 00000000 00:00 0 
7f04a8000000-7f04a8021000 rw-p 00000000 00:00 0 
7f04a8021000-7f04ac000000 ---p 00000000 00:00 0 
7f04ac000000-7f04accc7000 rw-p 00000000 00:00 0 
7f04accc7000-7f04b0000000 ---p 00000000 00:00 0 
7f04b0000000-7f04b0021000 rw-p 00000000 00:00 0 
7f04b0021000-7f04b4000000 ---p 00000000 00:00 0 
7f04b72ae000-7f04b74ae000 rw-s 13b76000 00:05 12513                      /dev/ati/card0
7f04b74b4000-7f04b75b4000 rw-s 13b74000 00:05 12513                      /dev/ati/card0
7f04b75b6000-7f04b7cb6000 rw-s 00006000 00:05 12513                      /dev/ati/card0
7f04b7cbb000-7f04b7d08000 rw-p 00000000 00:00 0 
7f04b7d08000-7f04b7e88000 rw-p 00000000 00:00 0 
7f04b7e88000-7f04b7edb000 r-xp 00000000 08:06 5904372                    /usr/lib/fglrx/libatiadlxx.so
7f04b7edb000-7f04b7fda000 ---p 00053000 08:06 5904372                    /usr/lib/fglrx/libatiadlxx.so
7f04b7fda000-7f04b7fe7000 rw-p 00052000 08:06 5904372                    /usr/lib/fglrx/libatiadlxx.so
7f04b7fe7000-7f04b7ff7000 rw-p 00000000 00:00 0 
7f04b7ff8000-7f04bbff9000 rw-s 00000000 00:13 419002                     /run/shm/pulse-shm-3819962486
7f04bc000000-7f04bc021000 rw-p 00000000 00:00 0 
7f04bc021000-7f04c0000000 ---p 00000000 00:00 0 
7f04c0040000-7f04c00c0000 rw-p 00000000 00:00 0 
7f04c00c0000-7f04c1e5a000 r-xp 00000000 08:06 5904155                    /usr/lib/fglrx/dri/fglrx_dri.so
7f04c1e5a000-7f04c1f5a000 ---p 01d9a000 08:06 5904155                    /usr/lib/fglrx/dri/fglrx_dri.so
7f04c1f5a000-7f04c20cd000 rwxp 01d9a000 08:06 5904155                    /usr/lib/fglrx/dri/fglrx_dri.so
7f04c20cd000-7f04c21f1000 rwxp 00000000 00:00 0 
7f04c21f8000-7f04c2207000 r-xp 00000000 08:06 5904170                    /usr/lib/fglrx/libatiuki.so.1.0
7f04c2207000-7f04c2307000 ---p 0000f000 08:06 5904170                    /usr/lib/fglrx/libatiuki.so.1.0
7f04c2307000-7f04c2313000 rw-p 0000f000 08:06 5904170                    /usr/lib/fglrx/libatiuki.so.1.0
7f04c2318000-7f04c23db000 r-xp 00000000 08:06 5904397                    /usr/lib/fglrx/libGL.so.1.2
7f04c23db000-7f04c24da000 ---p 000c3000 08:06 5904397                    /usr/lib/fglrx/libGL.so.1.2
7f04c24da000-7f04c2502000 rwxp 000c2000 08:06 5904397                    /usr/lib/fglrx/libGL.so.1.2
7f04c2502000-7f04c2524000 rwxp 00000000 00:00 0 
7f04c2526000-7f04c2529000 ---p 00000000 00:00 0 
7f04c2529000-7f04c2627000 rw-p 00000000 00:00 0                          [stack:19675]
7f04c2627000-7f04c2628000 ---p 00000000 00:00 0 
7f04c2628000-7f04c2e28000 rw-p 00000000 00:00 0                          [stack:19673]
7f04c2e28000-7f04c2e2e000 r-xp 00000000 08:06 4988274                    /usr/lib/x86_64-linux-gnu/libogg.so.0.7.1
7f04c2e2e000-7f04c302d000 ---p 00006000 08:06 4988274                    /usr/lib/x86_64-linux-gnu/libogg.so.0.7.1
7f04c302d000-7f04c302e000 r--p 00005000 08:06 4988274                    /usr/lib/x86_64-linux-gnu/libogg.so.0.7.1
7f04c302e000-7f04c302f000 rw-p 00006000 08:06 4988274                    /usr/lib/x86_64-linux-gnu/libogg.so.0.7.1
7f04c3030000-7f04c305b000 r-xp 00000000 08:06 4988427                    /usr/lib/x86_64-linux-gnu/libvorbis.so.0.4.5
7f04c305b000-7f04c325a000 ---p 0002b000 08:06 4988427                    /usr/lib/x86_64-linux-gnu/libvorbis.so.0.4.5
7f04c325a000-7f04c325b000 r--p 0002a000 08:06 4988427                    /usr/lib/x86_64-linux-gnu/libvorbis.so.0.4.5
7f04c325b000-7f04c325c000 rw-p 0002b000 08:06 4988427                    /usr/lib/x86_64-linux-gnu/libvorbis.so.0.4.5
7f04c3260000-7f04c3513000 r-xp 00000000 08:06 4988429                    /usr/lib/x86_64-linux-gnu/libvorbisenc.so.2.0.8
7f04c3513000-7f04c3712000 ---p 002b3000 08:06 4988429                    /usr/lib/x86_64-linux-gnu/libvorbisenc.so.2.0.8
7f04c3712000-7f04c372e000 r--p 002b2000 08:06 4988429                    /usr/lib/x86_64-linux-gnu/libvorbisenc.so.2.0.8
7f04c372e000-7f04c372f000 rw-p 002ce000 08:06 4988429                    /usr/lib/x86_64-linux-gnu/libvorbisenc.so.2.0.8
7f04c3730000-7f04c3778000 r-xp 00000000 08:06 4987790                    /usr/lib/x86_64-linux-gnu/libFLAC.so.8.2.0
7f04c3778000-7f04c3978000 ---p 00048000 08:06 4987790                    /usr/lib/x86_64-linux-gnu/libFLAC.so.8.2.0
7f04c3978000-7f04c3979000 r--p 00048000 08:06 4987790                    /usr/lib/x86_64-linux-gnu/libFLAC.so.8.2.0
7f04c3979000-7f04c397a000 rw-p 00049000 08:06 4987790                    /usr/lib/x86_64-linux-gnu/libFLAC.so.8.2.0
7f04c3980000-7f04c3985000 r-xp 00000000 08:06 4987906                    /usr/lib/x86_64-linux-gnu/libasyncns.so.0.3.1
7f04c3985000-7f04c3b84000 ---p 00005000 08:06 4987906                    /usr/lib/x86_64-linux-gnu/libasyncns.so.0.3.1
7f04c3b84000-7f04c3b85000 r--p 00004000 08:06 4987906                    /usr/lib/x86_64-linux-gnu/libasyncns.so.0.3.1
7f04c3b85000-7f04c3b86000 rw-p 00005000 08:06 4987906                    /usr/lib/x86_64-linux-gnu/libasyncns.so.0.3.1
7f04c3b88000-7f04c3be8000 r-xp 00000000 08:06 4988369                    /usr/lib/x86_64-linux-gnu/libsndfile.so.1.0.25
7f04c3be8000-7f04c3de8000 ---p 00060000 08:06 4988369                    /usr/lib/x86_64-linux-gnu/libsndfile.so.1.0.25
7f04c3de8000-7f04c3dea000 r--p 00060000 08:06 4988369                    /usr/lib/x86_64-linux-gnu/libsndfile.so.1.0.25
7f04c3dea000-7f04c3deb000 rw-p 00062000 08:06 4988369                    /usr/lib/x86_64-linux-gnu/libsndfile.so.1.0.25
7f04c3deb000-7f04c3def000 rw-p 00000000 00:00 0 
7f04c3df0000-7f04c3df8000 r-xp 00000000 08:06 2887611                    /lib/x86_64-linux-gnu/libwrap.so.0.7.6
7f04c3df8000-7f04c3ff7000 ---p 00008000 08:06 2887611                    /lib/x86_64-linux-gnu/libwrap.so.0.7.6
7f04c3ff7000-7f04c3ff8000 r--p 00007000 08:06 2887611                    /lib/x86_64-linux-gnu/libwrap.so.0.7.6
7f04c3ff8000-7f04c3ff9000 rw-p 00008000 08:06 2887611                    /lib/x86_64-linux-gnu/libwrap.so.0.7.6
7f04c4000000-7f04c4021000 rw-p 00000000 00:00 0 
7f04c4021000-7f04c8000000 ---p 00000000 00:00 0 
7f04c8000000-7f04c8021000 rw-p 00000000 00:00 0 
7f04c8021000-7f04cc000000 ---p 00000000 00:00 0 
7f04cc00f000-7f04cc010000 ---p 00000000 00:00 0 
7f04cc010000-7f04cc110000 rw-p 00000000 00:00 0                          [stack:19674]
7f04cc110000-7f04cc16c000 r-xp 00000000 08:06 4988332                    /usr/lib/x86_64-linux-gnu/libpulsecommon-1.1.so
7f04cc16c000-7f04cc36c000 ---p 0005c000 08:06 4988332                    /usr/lib/x86_64-linux-gnu/libpulsecommon-1.1.so
7f04cc36c000-7f04cc36d000 r--p 0005c000 08:06 4988332                    /usr/lib/x86_64-linux-gnu/libpulsecommon-1.1.so
7f04cc36d000-7f04cc36e000 rw-p 0005d000 08:06 4988332                    /usr/lib/x86_64-linux-gnu/libpulsecommon-1.1.so
7f04cc370000-7f04cc377000 r-xp 00000000 08:06 4988209                    /usr/lib/x86_64-linux-gnu/libjson.so.0.0.1
7f04cc377000-7f04cc576000 ---p 00007000 08:06 4988209                    /usr/lib/x86_64-linux-gnu/libjson.so.0.0.1
7f04cc576000-7f04cc577000 r--p 00006000 08:06 4988209                    /usr/lib/x86_64-linux-gnu/libjson.so.0.0.1
7f04cc577000-7f04cc578000 rw-p 00007000 08:06 4988209                    /usr/lib/x86_64-linux-gnu/libjson.so.0.0.1
7f04cc578000-7f04cc5be000 r-xp 00000000 08:06 4988331                    /usr/lib/x86_64-linux-gnu/libpulse.so.0.13.5
7f04cc5be000-7f04cc7be000 ---p 00046000 08:06 4988331                    /usr/lib/x86_64-linux-gnu/libpulse.so.0.13.5
7f04cc7be000-7f04cc7bf000 r--p 00046000 08:06 4988331                    /usr/lib/x86_64-linux-gnu/libpulse.so.0.13.5
7f04cc7bf000-7f04cc7c0000 rw-p 00047000 08:06 4988331                    /usr/lib/x86_64-linux-gnu/libpulse.so.0.13.5
7f04cc7c0000-7f04cc815000 r-xp 00000000 08:06 2621948                    /tmp/libgdxabaratham/7b43be9b/libopenal64.so
7f04cc815000-7f04cca14000 ---p 00055000 08:06 2621948                    /tmp/libgdxabaratham/7b43be9b/libopenal64.so
7f04cca14000-7f04cca17000 r--p 00054000 08:06 2621948                    /tmp/libgdxabaratham/7b43be9b/libopenal64.so
7f04cca17000-7f04cca18000 rw-p 00057000 08:06 2621948                    /tmp/libgdxabaratham/7b43be9b/libopenal64.so
7f04cca18000-7f04cca19000 rw-p 00000000 00:00 0 
7f04cca20000-7f04cca24000 r-xp 00000000 08:06 4987888                    /usr/lib/x86_64-linux-gnu/libXxf86vm.so.1.0.0
7f04cca24000-7f04ccc23000 ---p 00004000 08:06 4987888                    /usr/lib/x86_64-linux-gnu/libXxf86vm.so.1.0.0
7f04ccc23000-7f04ccc24000 r--p 00003000 08:06 4987888                    /usr/lib/x86_64-linux-gnu/libXxf86vm.so.1.0.0
7f04ccc24000-7f04ccc25000 rw-p 00004000 08:06 4987888                    /usr/lib/x86_64-linux-gnu/libXxf86vm.so.1.0.0
7f04ccc28000-7f04ccc94000 r-xp 00000000 08:06 2621946                    /tmp/libgdxabaratham/7b43be9b/liblwjgl64.so
7f04ccc94000-7f04cce93000 ---p 0006c000 08:06 2621946                    /tmp/libgdxabaratham/7b43be9b/liblwjgl64.so
7f04cce93000-7f04cce95000 r--p 0006b000 08:06 2621946                    /tmp/libgdxabaratham/7b43be9b/liblwjgl64.so
7f04cce95000-7f04cce96000 rw-p 0006d000 08:06 2621946                    /tmp/libgdxabaratham/7b43be9b/liblwjgl64.so
7f04cce98000-7f04cce99000 r-xp 00000000 08:06 6192760                    /usr/lib/jvm/java-7-openjdk-amd64/jre/lib/amd64/libjawt.so
7f04cce99000-7f04cd098000 ---p 00001000 08:06 6192760                    /usr/lib/jvm/java-7-openjdk-amd64/jre/lib/amd64/libjawt.so
7f04cd098000-7f04cd099000 r--p 00000000 08:06 6192760                    /usr/lib/jvm/java-7-openjdk-amd64/jre/lib/amd64/libjawt.so
7f04cd099000-7f04cd09a000 rw-p 00001000 08:06 6192760                    /usr/lib/jvm/java-7-openjdk-amd64/jre/lib/amd64/libjawt.so
7f04cd09f000-7f04cd0a2000 ---p 00000000 00:00 0 
7f04cd0a2000-7f04cd1a0000 rw-p 00000000 00:00 0                          [stack:19671]
7f04cd1a0000-7f04cd1a3000 r-xp 00000000 08:06 2887529                    /lib/x86_64-linux-gnu/libgpg-error.so.0.8.0
7f04cd1a3000-7f04cd3a2000 ---p 00003000 08:06 2887529                    /lib/x86_64-linux-gnu/libgpg-error.so.0.8.0
7f04cd3a2000-7f04cd3a3000 r--p 00002000 08:06 2887529                    /lib/x86_64-linux-gnu/libgpg-error.so.0.8.0
7f04cd3a3000-7f04cd3a4000 rw-p 00003000 08:06 2887529                    /lib/x86_64-linux-gnu/libgpg-error.so.0.8.0
7f04cd3a8000-7f04cd3ab000 r-xp 00000000 08:06 2887533                    /lib/x86_64-linux-gnu/libkeyutils.so.1.4
7f04cd3ab000-7f04cd5aa000 ---p 00003000 08:06 2887533                    /lib/x86_64-linux-gnu/libkeyutils.so.1.4
7f04cd5aa000-7f04cd5ab000 r--p 00002000 08:06 2887533                    /lib/x86_64-linux-gnu/libkeyutils.so.1.4
7f04cd5ab000-7f04cd5ac000 rw-p 00003000 08:06 2887533                    /lib/x86_64-linux-gnu/libkeyutils.so.1.4
7f04cd5b0000-7f04cd5f2000 r-xp 00000000 08:06 2887514                    /lib/x86_64-linux-gnu/libdbus-1.so.3.5.8
7f04cd5f2000-7f04cd7f2000 ---p 00042000 08:06 2887514                    /lib/x86_64-linux-gnu/libdbus-1.so.3.5.8
7f04cd7f2000-7f04cd7f3000 r--p 00042000 08:06 2887514                    /lib/x86_64-linux-gnu/libdbus-1.so.3.5.8
7f04cd7f3000-7f04cd7f4000 rw-p 00043000 08:06 2887514                    /lib/x86_64-linux-gnu/libdbus-1.so.3.5.8
7f04cd7f8000-7f04cd809000 r-xp 00000000 08:06 4988280                    /usr/lib/x86_64-linux-gnu/libp11-kit.so.0.0.0
7f04cd809000-7f04cda08000 ---p 00011000 08:06 4988280                    /usr/lib/x86_64-linux-gnu/libp11-kit.so.0.0.0
7f04cda08000-7f04cda09000 r--p 00010000 08:06 4988280                    /usr/lib/x86_64-linux-gnu/libp11-kit.so.0.0.0
7f04cda09000-7f04cda0a000 rw-p 00011000 08:06 4988280                    /usr/lib/x86_64-linux-gnu/libp11-kit.so.0.0.0
7f04cda10000-7f04cda8a000 r-xp 00000000 08:06 2887525                    /lib/x86_64-linux-gnu/libgcrypt.so.11.7.0
7f04cda8a000-7f04cdc8a000 ---p 0007a000 08:06 2887525                    /lib/x86_64-linux-gnu/libgcrypt.so.11.7.0
7f04cdc8a000-7f04cdc8b000 r--p 0007a000 08:06 2887525                    /lib/x86_64-linux-gnu/libgcrypt.so.11.7.0
7f04cdc8b000-7f04cdc8e000 rw-p 0007b000 08:06 2887525                    /lib/x86_64-linux-gnu/libgcrypt.so.11.7.0
7f04cdc90000-7f04cdca0000 r-xp 00000000 08:06 4988397                    /usr/lib/x86_64-linux-gnu/libtasn1.so.3.1.12
7f04cdca0000-7f04cde9f000 ---p 00010000 08:06 4988397                    /usr/lib/x86_64-linux-gnu/libtasn1.so.3.1.12
7f04cde9f000-7f04cdea0000 r--p 0000f000 08:06 4988397                    /usr/lib/x86_64-linux-gnu/libtasn1.so.3.1.12
7f04cdea0000-7f04cdea1000 rw-p 00010000 08:06 4988397                    /usr/lib/x86_64-linux-gnu/libtasn1.so.3.1.12
7f04cdea8000-7f04cdeaf000 r-xp 00000000 08:06 4988217                    /usr/lib/x86_64-linux-gnu/libkrb5support.so.0.1
7f04cdeaf000-7f04ce0ae000 ---p 00007000 08:06 4988217                    /usr/lib/x86_64-linux-gnu/libkrb5support.so.0.1
7f04ce0ae000-7f04ce0af000 r--p 00006000 08:06 4988217                    /usr/lib/x86_64-linux-gnu/libkrb5support.so.0.1
7f04ce0af000-7f04ce0b0000 rw-p 00007000 08:06 4988217                    /usr/lib/x86_64-linux-gnu/libkrb5support.so.0.1
7f04ce0b0000-7f04ce0b3000 r-xp 00000000 08:06 2887509                    /lib/x86_64-linux-gnu/libcom_err.so.2.1
7f04ce0b3000-7f04ce2b2000 ---p 00003000 08:06 2887509                    /lib/x86_64-linux-gnu/libcom_err.so.2.1
7f04ce2b2000-7f04ce2b3000 r--p 00002000 08:06 2887509                    /lib/x86_64-linux-gnu/libcom_err.so.2.1
7f04ce2b3000-7f04ce2b4000 rw-p 00003000 08:06 2887509                    /lib/x86_64-linux-gnu/libcom_err.so.2.1
7f04ce2b8000-7f04ce2dd000 r-xp 00000000 08:06 4988211                    /usr/lib/x86_64-linux-gnu/libk5crypto.so.3.1
7f04ce2dd000-7f04ce4dd000 ---p 00025000 08:06 4988211                    /usr/lib/x86_64-linux-gnu/libk5crypto.so.3.1
7f04ce4dd000-7f04ce4de000 r--p 00025000 08:06 4988211                    /usr/lib/x86_64-linux-gnu/libk5crypto.so.3.1
7f04ce4de000-7f04ce4df000 rw-p 00026000 08:06 4988211                    /usr/lib/x86_64-linux-gnu/libk5crypto.so.3.1
7f04ce4df000-7f04ce4e0000 rw-p 00000000 00:00 0 
7f04ce4e0000-7f04ce5a4000 r-xp 00000000 08:06 4988215                    /usr/lib/x86_64-linux-gnu/libkrb5.so.3.3
7f04ce5a4000-7f04ce7a3000 ---p 000c4000 08:06 4988215                    /usr/lib/x86_64-linux-gnu/libkrb5.so.3.3
7f04ce7a3000-7f04ce7ad000 r--p 000c3000 08:06 4988215                    /usr/lib/x86_64-linux-gnu/libkrb5.so.3.3
7f04ce7ad000-7f04ce7ae000 rw-p 000cd000 08:06 4988215                    /usr/lib/x86_64-linux-gnu/libkrb5.so.3.3
7f04ce7b0000-7f04ce7b8000 r-xp 00000000 08:06 4988454                    /usr/lib/x86_64-linux-gnu/libxcb-render.so.0.0.0
7f04ce7b8000-7f04ce9b8000 ---p 00008000 08:06 4988454                    /usr/lib/x86_64-linux-gnu/libxcb-render.so.0.0.0
7f04ce9b8000-7f04ce9b9000 r--p 00008000 08:06 4988454                    /usr/lib/x86_64-linux-gnu/libxcb-render.so.0.0.0
7f04ce9b9000-7f04ce9ba000 rw-p 00009000 08:06 4988454                    /usr/lib/x86_64-linux-gnu/libxcb-render.so.0.0.0
7f04ce9c0000-7f04ce9c2000 r-xp 00000000 08:06 4988458                    /usr/lib/x86_64-linux-gnu/libxcb-shm.so.0.0.0
7f04ce9c2000-7f04cebc1000 ---p 00002000 08:06 4988458                    /usr/lib/x86_64-linux-gnu/libxcb-shm.so.0.0.0
7f04cebc1000-7f04cebc2000 r--p 00001000 08:06 4988458                    /usr/lib/x86_64-linux-gnu/libxcb-shm.so.0.0.0
7f04cebc2000-7f04cebc3000 rw-p 00002000 08:06 4988458                    /usr/lib/x86_64-linux-gnu/libxcb-shm.so.0.0.0
7f04cebc8000-7f04cebee000 r-xp 00000000 08:06 2887579                    /lib/x86_64-linux-gnu/libpng12.so.0.46.0
7f04cebee000-7f04cedee000 ---p 00026000 08:06 2887579                    /lib/x86_64-linux-gnu/libpng12.so.0.46.0
7f04cedee000-7f04cedef000 r--p 00026000 08:06 2887579                    /lib/x86_64-linux-gnu/libpng12.so.0.46.0
7f04cedef000-7f04cedf0000 rw-p 00027000 08:06 2887579                    /lib/x86_64-linux-gnu/libpng12.so.0.46.0
7f04cedf0000-7f04cee80000 r-xp 00000000 08:06 4988306                    /usr/lib/x86_64-linux-gnu/libpixman-1.so.0.30.2
7f04cee80000-7f04cf07f000 ---p 00090000 08:06 4988306                    /usr/lib/x86_64-linux-gnu/libpixman-1.so.0.30.2
7f04cf07f000-7f04cf086000 r--p 0008f000 08:06 4988306                    /usr/lib/x86_64-linux-gnu/libpixman-1.so.0.30.2
7f04cf086000-7f04cf087000 rw-p 00096000 08:06 4988306                    /usr/lib/x86_64-linux-gnu/libpixman-1.so.0.30.2
7f04cf088000-7f04cf08d000 r-xp 00000000 08:06 4987856                    /usr/lib/x86_64-linux-gnu/libXdmcp.so.6.0.0
7f04cf08d000-7f04cf28c000 ---p 00005000 08:06 4987856                    /usr/lib/x86_64-linux-gnu/libXdmcp.so.6.0.0
7f04cf28c000-7f04cf28d000 r--p 00004000 08:06 4987856                    /usr/lib/x86_64-linux-gnu/libXdmcp.so.6.0.0
7f04cf28d000-7f04cf28e000 rw-p 00005000 08:06 4987856                    /usr/lib/x86_64-linux-gnu/libXdmcp.so.6.0.0
7f04cf290000-7f04cf292000 r-xp 00000000 08:06 4987845                    /usr/lib/x86_64-linux-gnu/libXau.so.6.0.0
7f04cf292000-7f04cf491000 ---p 00002000 08:06 4987845                    /usr/lib/x86_64-linux-gnu/libXau.so.6.0.0
7f04cf491000-7f04cf492000 r--p 00001000 08:06 4987845                    /usr/lib/x86_64-linux-gnu/libXau.so.6.0.0
7f04cf492000-7f04cf493000 rw-p 00002000 08:06 4987845                    /usr/lib/x86_64-linux-gnu/libXau.so.6.0.0
7f04cf498000-7f04cf4a8000 r-xp 00000000 08:06 4987916                    /usr/lib/x86_64-linux-gnu/libavahi-client.so.3.2.9
7f04cf4a8000-7f04cf6a7000 ---p 00010000 08:06 4987916                    /usr/lib/x86_64-linux-gnu/libavahi-client.so.3.2.9
7f04cf6a7000-7f04cf6a8000 r--p 0000f000 08:06 4987916                    /usr/lib/x86_64-linux-gnu/libavahi-client.so.3.2.9
7f04cf6a8000-7f04cf6a9000 rw-p 00010000 08:06 4987916                    /usr/lib/x86_64-linux-gnu/libavahi-client.so.3.2.9
7f04cf6b0000-7f04cf6bb000 r-xp 00000000 08:06 4987918                    /usr/lib/x86_64-linux-gnu/libavahi-common.so.3.5.3
7f04cf6bb000-7f04cf8ba000 ---p 0000b000 08:06 4987918                    /usr/lib/x86_64-linux-gnu/libavahi-common.so.3.5.3
7f04cf8ba000-7f04cf8bb000 r--p 0000a000 08:06 4987918                    /usr/lib/x86_64-linux-gnu/libavahi-common.so.3.5.3
7f04cf8bb000-7f04cf8bc000 rw-p 0000b000 08:06 4987918                    /usr/lib/x86_64-linux-gnu/libavahi-common.so.3.5.3
7f04cf8c0000-7f04cf974000 r-xp 00000000 08:06 4992055                    /usr/lib/x86_64-linux-gnu/libgnutls.so.26.21.8
7f04cf974000-7f04cfb74000 ---p 000b4000 08:06 4992055                    /usr/lib/x86_64-linux-gnu/libgnutls.so.26.21.8
7f04cfb74000-7f04cfb7a000 r--p 000b4000 08:06 4992055                    /usr/lib/x86_64-linux-gnu/libgnutls.so.26.21.8
7f04cfb7a000-7f04cfb7b000 rw-p 000ba000 08:06 4992055                    /usr/lib/x86_64-linux-gnu/libgnutls.so.26.21.8
7f04cfb7b000-7f04cfb7c000 rw-p 00000000 00:00 0 
7f04cfb80000-7f04cfbbb000 r-xp 00000000 08:06 4988122                    /usr/lib/x86_64-linux-gnu/libgssapi_krb5.so.2.2
7f04cfbbb000-7f04cfdbb000 ---p 0003b000 08:06 4988122                    /usr/lib/x86_64-linux-gnu/libgssapi_krb5.so.2.2
7f04cfdbb000-7f04cfdbc000 r--p 0003b000 08:06 4988122                    /usr/lib/x86_64-linux-gnu/libgssapi_krb5.so.2.2
7f04cfdbc000-7f04cfdbe000 rw-p 0003c000 08:06 4988122                    /usr/lib/x86_64-linux-gnu/libgssapi_krb5.so.2.2
7f04cfdc0000-7f04cfdfc000 r-xp 00000000 08:06 2887575                    /lib/x86_64-linux-gnu/libpcre.so.3.12.1
7f04cfdfc000-7f04cfffb000 ---p 0003c000 08:06 2887575                    /lib/x86_64-linux-gnu/libpcre.so.3.12.1
7f04cfffb000-7f04cfffc000 r--p 0003b000 08:06 2887575                    /lib/x86_64-linux-gnu/libpcre.so.3.12.1
7f04cfffc000-7f04cfffd000 rw-p 0003c000 08:06 2887575                    /lib/x86_64-linux-gnu/libpcre.so.3.12.1
7f04d0000000-7f04d013c000 rw-p 00000000 00:00 0 
7f04d013c000-7f04d4000000 ---p 00000000 00:00 0 
7f04d4000000-7f04d4021000 rw-p 00000000 00:00 0 
7f04d4021000-7f04d8000000 ---p 00000000 00:00 0 
7f04d8000000-7f04d8021000 rw-p 00000000 00:00 0 
7f04d8021000-7f04dc000000 ---p 00000000 00:00 0 
7f04dc000000-7f04dc1ad000 rw-p 00000000 00:00 0 
7f04dc1ad000-7f04e0000000 ---p 00000000 00:00 0 
7f04e0000000-7f04e0021000 rw-p 00000000 00:00 0 
7f04e0021000-7f04e4000000 ---p 00000000 00:00 0 
7f04e4000000-7f04e4021000 rw-p 00000000 00:00 0 
7f04e4021000-7f04e8000000 ---p 00000000 00:00 0 
7f04e8000000-7f04e8021000 rw-p 00000000 00:00 0 
7f04e8021000-7f04ec000000 ---p 00000000 00:00 0 
7f04ec000000-7f04ec021000 rw-p 00000000 00:00 0 
7f04ec021000-7f04f0000000 ---p 00000000 00:00 0 
7f04f0000000-7f04f0021000 rw-p 00000000 00:00 0 
7f04f0021000-7f04f4000000 ---p 00000000 00:00 0 
7f04f403d000-7f04f407d000 rw-s 00025000 00:05 12513                      /dev/ati/card0
7f04f407f000-7f04f4082000 ---p 00000000 00:00 0 
7f04f4082000-7f04f4180000 rw-p 00000000 00:00 0                          [stack:19670]
7f04f4180000-7f04f4187000 r-xp 00000000 08:06 4988038                    /usr/lib/x86_64-linux-gnu/libffi.so.6.0.0
7f04f4187000-7f04f4386000 ---p 00007000 08:06 4988038                    /usr/lib/x86_64-linux-gnu/libffi.so.6.0.0
7f04f4386000-7f04f4387000 r--p 00006000 08:06 4988038                    /usr/lib/x86_64-linux-gnu/libffi.so.6.0.0
7f04f4387000-7f04f4388000 rw-p 00007000 08:06 4988038                    /usr/lib/x86_64-linux-gnu/libffi.so.6.0.0
7f04f4388000-7f04f43af000 r-xp 00000000 08:06 2887520                    /lib/x86_64-linux-gnu/libexpat.so.1.5.2
7f04f43af000-7f04f45af000 ---p 00027000 08:06 2887520                    /lib/x86_64-linux-gnu/libexpat.so.1.5.2
7f04f45af000-7f04f45b1000 r--p 00027000 08:06 2887520                    /lib/x86_64-linux-gnu/libexpat.so.1.5.2
7f04f45b1000-7f04f45b2000 rw-p 00029000 08:06 2887520                    /lib/x86_64-linux-gnu/libexpat.so.1.5.2
7f04f45b8000-7f04f464e000 r-xp 00000000 08:06 4988048                    /usr/lib/x86_64-linux-gnu/libfreetype.so.6.8.0
7f04f464e000-7f04f484d000 ---p 00096000 08:06 4988048                    /usr/lib/x86_64-linux-gnu/libfreetype.so.6.8.0
7f04f484d000-7f04f4853000 r--p 00095000 08:06 4988048                    /usr/lib/x86_64-linux-gnu/libfreetype.so.6.8.0
7f04f4853000-7f04f4854000 rw-p 0009b000 08:06 4988048                    /usr/lib/x86_64-linux-gnu/libfreetype.so.6.8.0
7f04f4858000-7f04f4870000 r-xp 00000000 08:06 2887586                    /lib/x86_64-linux-gnu/libresolv-2.15.so
7f04f4870000-7f04f4a70000 ---p 00018000 08:06 2887586                    /lib/x86_64-linux-gnu/libresolv-2.15.so
7f04f4a70000-7f04f4a71000 r--p 00018000 08:06 2887586                    /lib/x86_64-linux-gnu/libresolv-2.15.so
7f04f4a71000-7f04f4a72000 rw-p 00019000 08:06 2887586                    /lib/x86_64-linux-gnu/libresolv-2.15.so
7f04f4a72000-7f04f4a74000 rw-p 00000000 00:00 0 
7f04f4a78000-7f04f4a95000 r-xp 00000000 08:06 2887590                    /lib/x86_64-linux-gnu/libselinux.so.1
7f04f4a95000-7f04f4c94000 ---p 0001d000 08:06 2887590                    /lib/x86_64-linux-gnu/libselinux.so.1
7f04f4c94000-7f04f4c95000 r--p 0001c000 08:06 2887590                    /lib/x86_64-linux-gnu/libselinux.so.1
7f04f4c95000-7f04f4c96000 rw-p 0001d000 08:06 2887590                    /lib/x86_64-linux-gnu/libselinux.so.1
7f04f4c96000-7f04f4c97000 rw-p 00000000 00:00 0 
7f04f4c98000-7f04f4c9b000 r-xp 00000000 08:06 4988095                    /usr/lib/x86_64-linux-gnu/libgmodule-2.0.so.0.3200.4
7f04f4c9b000-7f04f4e9a000 ---p 00003000 08:06 4988095                    /usr/lib/x86_64-linux-gnu/libgmodule-2.0.so.0.3200.4
7f04f4e9a000-7f04f4e9b000 r--p 00002000 08:06 4988095                    /usr/lib/x86_64-linux-gnu/libgmodule-2.0.so.0.3200.4
7f04f4e9b000-7f04f4e9c000 rw-p 00003000 08:06 4988095                    /usr/lib/x86_64-linux-gnu/libgmodule-2.0.so.0.3200.4
7f04f4ea0000-7f04f4ea2000 r-xp 00000000 08:06 4987854                    /usr/lib/x86_64-linux-gnu/libXdamage.so.1.1.0
7f04f4ea2000-7f04f50a1000 ---p 00002000 08:06 4987854                    /usr/lib/x86_64-linux-gnu/libXdamage.so.1.1.0
7f04f50a1000-7f04f50a2000 r--p 00001000 08:06 4987854                    /usr/lib/x86_64-linux-gnu/libXdamage.so.1.1.0
7f04f50a2000-7f04f50a3000 rw-p 00002000 08:06 4987854                    /usr/lib/x86_64-linux-gnu/libXdamage.so.1.1.0
7f04f50a8000-7f04f50aa000 r-xp 00000000 08:06 4987850                    /usr/lib/x86_64-linux-gnu/libXcomposite.so.1.0.0
7f04f50aa000-7f04f52a9000 ---p 00002000 08:06 4987850                    /usr/lib/x86_64-linux-gnu/libXcomposite.so.1.0.0
7f04f52a9000-7f04f52aa000 r--p 00001000 08:06 4987850                    /usr/lib/x86_64-linux-gnu/libXcomposite.so.1.0.0
7f04f52aa000-7f04f52ab000 rw-p 00002000 08:06 4987850                    /usr/lib/x86_64-linux-gnu/libXcomposite.so.1.0.0
7f04f52b0000-7f04f52b9000 r-xp 00000000 08:06 4987852                    /usr/lib/x86_64-linux-gnu/libXcursor.so.1.0.2
7f04f52b9000-7f04f54b8000 ---p 00009000 08:06 4987852                    /usr/lib/x86_64-linux-gnu/libXcursor.so.1.0.2
7f04f54b8000-7f04f54b9000 r--p 00008000 08:06 4987852                    /usr/lib/x86_64-linux-gnu/libXcursor.so.1.0.2
7f04f54b9000-7f04f54ba000 rw-p 00009000 08:06 4987852                    /usr/lib/x86_64-linux-gnu/libXcursor.so.1.0.2
7f04f54c0000-7f04f54c7000 r-xp 00000000 08:06 4987876                    /usr/lib/x86_64-linux-gnu/libXrandr.so.2.2.0
7f04f54c7000-7f04f56c6000 ---p 00007000 08:06 4987876                    /usr/lib/x86_64-linux-gnu/libXrandr.so.2.2.0
7f04f56c6000-7f04f56c7000 r--p 00006000 08:06 4987876                    /usr/lib/x86_64-linux-gnu/libXrandr.so.2.2.0
7f04f56c7000-7f04f56c8000 rw-p 00007000 08:06 4987876                    /usr/lib/x86_64-linux-gnu/libXrandr.so.2.2.0
7f04f56c8000-7f04f56ca000 r-xp 00000000 08:06 4987866                    /usr/lib/x86_64-linux-gnu/libXinerama.so.1.0.0
7f04f56ca000-7f04f58c9000 ---p 00002000 08:06 4987866                    /usr/lib/x86_64-linux-gnu/libXinerama.so.1.0.0
7f04f58c9000-7f04f58ca000 r--p 00001000 08:06 4987866                    /usr/lib/x86_64-linux-gnu/libXinerama.so.1.0.0
7f04f58ca000-7f04f58cb000 rw-p 00002000 08:06 4987866                    /usr/lib/x86_64-linux-gnu/libXinerama.so.1.0.0
7f04f58d0000-7f04f58f9000 r-xp 00000000 08:06 4988290                    /usr/lib/x86_64-linux-gnu/libpangoft2-1.0.so.0.3000.0
7f04f58f9000-7f04f5af8000 ---p 00029000 08:06 4988290                    /usr/lib/x86_64-linux-gnu/libpangoft2-1.0.so.0.3000.0
7f04f5af8000-7f04f5af9000 r--p 00028000 08:06 4988290                    /usr/lib/x86_64-linux-gnu/libpangoft2-1.0.so.0.3000.0
7f04f5af9000-7f04f5afa000 rw-p 00029000 08:06 4988290                    /usr/lib/x86_64-linux-gnu/libpangoft2-1.0.so.0.3000.0
7f04f5b00000-7f04f5bb9000 r-xp 00000000 08:06 4987946                    /usr/lib/x86_64-linux-gnu/libcairo.so.2.11000.2
7f04f5bb9000-7f04f5db8000 ---p 000b9000 08:06 4987946                    /usr/lib/x86_64-linux-gnu/libcairo.so.2.11000.2
7f04f5db8000-7f04f5dba000 r--p 000b8000 08:06 4987946                    /usr/lib/x86_64-linux-gnu/libcairo.so.2.11000.2
7f04f5dba000-7f04f5dbb000 rw-p 000ba000 08:06 4987946                    /usr/lib/x86_64-linux-gnu/libcairo.so.2.11000.2
7f04f5dbb000-7f04f5dbe000 rw-p 00000000 00:00 0 
7f04f5dc0000-7f04f5ddf000 r-xp 00000000 08:06 4987908                    /usr/lib/x86_64-linux-gnu/libatk-1.0.so.0.20409.1
7f04f5ddf000-7f04f5fdf000 ---p 0001f000 08:06 4987908                    /usr/lib/x86_64-linux-gnu/libatk-1.0.so.0.20409.1
7f04f5fdf000-7f04f5fe1000 r--p 0001f000 08:06 4987908                    /usr/lib/x86_64-linux-gnu/libatk-1.0.so.0.20409.1
7f04f5fe1000-7f04f5fe2000 rw-p 00021000 08:06 4987908                    /usr/lib/x86_64-linux-gnu/libatk-1.0.so.0.20409.1
7f04f5fe8000-7f04f5fed000 r-xp 00000000 08:06 4987860                    /usr/lib/x86_64-linux-gnu/libXfixes.so.3.1.0
7f04f5fed000-7f04f61ec000 ---p 00005000 08:06 4987860                    /usr/lib/x86_64-linux-gnu/libXfixes.so.3.1.0
7f04f61ec000-7f04f61ed000 r--p 00004000 08:06 4987860                    /usr/lib/x86_64-linux-gnu/libXfixes.so.3.1.0
7f04f61ed000-7f04f61ee000 rw-p 00005000 08:06 4987860                    /usr/lib/x86_64-linux-gnu/libXfixes.so.3.1.0
7f04f61f0000-7f04f61fb000 r-xp 00000000 08:06 4988288                    /usr/lib/x86_64-linux-gnu/libpangocairo-1.0.so.0.3000.0
7f04f61fb000-7f04f63fa000 ---p 0000b000 08:06 4988288                    /usr/lib/x86_64-linux-gnu/libpangocairo-1.0.so.0.3000.0
7f04f63fa000-7f04f63fb000 r--p 0000a000 08:06 4988288                    /usr/lib/x86_64-linux-gnu/libpangocairo-1.0.so.0.3000.0
7f04f63fb000-7f04f63fc000 rw-p 0000b000 08:06 4988288                    /usr/lib/x86_64-linux-gnu/libpangocairo-1.0.so.0.3000.0
7f04f6400000-7f04f641d000 r-xp 00000000 08:06 4988464                    /usr/lib/x86_64-linux-gnu/libxcb.so.1.1.0
7f04f641d000-7f04f661c000 ---p 0001d000 08:06 4988464                    /usr/lib/x86_64-linux-gnu/libxcb.so.1.1.0
7f04f661c000-7f04f661d000 r--p 0001c000 08:06 4988464                    /usr/lib/x86_64-linux-gnu/libxcb.so.1.1.0
7f04f661d000-7f04f661e000 rw-p 0001d000 08:06 4988464                    /usr/lib/x86_64-linux-gnu/libxcb.so.1.1.0
7f04f6620000-7f04f6670000 r-xp 00000000 08:06 4987970                    /usr/lib/x86_64-linux-gnu/libcups.so.2
7f04f6670000-7f04f686f000 ---p 00050000 08:06 4987970                    /usr/lib/x86_64-linux-gnu/libcups.so.2
7f04f686f000-7f04f6873000 r--p 0004f000 08:06 4987970                    /usr/lib/x86_64-linux-gnu/libcups.so.2
7f04f6873000-7f04f6874000 rw-p 00053000 08:06 4987970                    /usr/lib/x86_64-linux-gnu/libcups.so.2
7f04f6878000-7f04f696a000 r-xp 00000000 08:06 2887527                    /lib/x86_64-linux-gnu/libglib-2.0.so.0.3200.4
7f04f696a000-7f04f6b6a000 ---p 000f2000 08:06 2887527                    /lib/x86_64-linux-gnu/libglib-2.0.so.0.3200.4
7f04f6b6a000-7f04f6b6b000 r--p 000f2000 08:06 2887527                    /lib/x86_64-linux-gnu/libglib-2.0.so.0.3200.4
7f04f6b6b000-7f04f6b6c000 rw-p 000f3000 08:06 2887527                    /lib/x86_64-linux-gnu/libglib-2.0.so.0.3200.4
7f04f6b6c000-7f04f6b6d000 rw-p 00000000 00:00 0 
7f04f6b70000-7f04f6b71000 r-xp 00000000 08:06 4988166                    /usr/lib/x86_64-linux-gnu/libgthread-2.0.so.0.3200.4
7f04f6b71000-7f04f6d70000 ---p 00001000 08:06 4988166                    /usr/lib/x86_64-linux-gnu/libgthread-2.0.so.0.3200.4
7f04f6d70000-7f04f6d71000 r--p 00000000 08:06 4988166                    /usr/lib/x86_64-linux-gnu/libgthread-2.0.so.0.3200.4
7f04f6d71000-7f04f6d72000 rw-p 00001000 08:06 4988166                    /usr/lib/x86_64-linux-gnu/libgthread-2.0.so.0.3200.4
7f04f6d78000-7f04f6dc5000 r-xp 00000000 08:06 4988109                    /usr/lib/x86_64-linux-gnu/libgobject-2.0.so.0.3200.4
7f04f6dc5000-7f04f6fc5000 ---p 0004d000 08:06 4988109                    /usr/lib/x86_64-linux-gnu/libgobject-2.0.so.0.3200.4
7f04f6fc5000-7f04f6fc6000 r--p 0004d000 08:06 4988109                    /usr/lib/x86_64-linux-gnu/libgobject-2.0.so.0.3200.4
7f04f6fc6000-7f04f6fc7000 rw-p 0004e000 08:06 4988109                    /usr/lib/x86_64-linux-gnu/libgobject-2.0.so.0.3200.4
7f04f6fc8000-7f04f6ffc000 r-xp 00000000 08:06 4988040                    /usr/lib/x86_64-linux-gnu/libfontconfig.so.1.4.4
7f04f6ffc000-7f04f71fc000 ---p 00034000 08:06 4988040                    /usr/lib/x86_64-linux-gnu/libfontconfig.so.1.4.4
7f04f71fc000-7f04f71fd000 r--p 00034000 08:06 4988040                    /usr/lib/x86_64-linux-gnu/libfontconfig.so.1.4.4
7f04f71fd000-7f04f71fe000 rw-p 00035000 08:06 4988040                    /usr/lib/x86_64-linux-gnu/libfontconfig.so.1.4.4
7f04f7200000-7f04f7246000 r-xp 00000000 08:06 4988286                    /usr/lib/x86_64-linux-gnu/libpango-1.0.so.0.3000.0
7f04f7246000-7f04f7446000 ---p 00046000 08:06 4988286                    /usr/lib/x86_64-linux-gnu/libpango-1.0.so.0.3000.0
7f04f7446000-7f04f7448000 r--p 00046000 08:06 4988286                    /usr/lib/x86_64-linux-gnu/libpango-1.0.so.0.3000.0
7f04f7448000-7f04f7449000 rw-p 00048000 08:06 4988286                    /usr/lib/x86_64-linux-gnu/libpango-1.0.so.0.3000.0
7f04f7450000-7f04f746e000 r-xp 00000000 08:06 4988071                    /usr/lib/x86_64-linux-gnu/libgdk_pixbuf-2.0.so.0.2600.1
7f04f746e000-7f04f766e000 ---p 0001e000 08:06 4988071                    /usr/lib/x86_64-linux-gnu/libgdk_pixbuf-2.0.so.0.2600.1
7f04f766e000-7f04f766f000 r--p 0001e000 08:06 4988071                    /usr/lib/x86_64-linux-gnu/libgdk_pixbuf-2.0.so.0.2600.1
7f04f766f000-7f04f7670000 rw-p 0001f000 08:06 4988071                    /usr/lib/x86_64-linux-gnu/libgdk_pixbuf-2.0.so.0.2600.1
7f04f7670000-7f04f77b8000 r-xp 00000000 08:06 4988083                    /usr/lib/x86_64-linux-gnu/libgio-2.0.so.0.3200.4
7f04f77b8000-7f04f79b7000 ---p 00148000 08:06 4988083                    /usr/lib/x86_64-linux-gnu/libgio-2.0.so.0.3200.4
7f04f79b7000-7f04f79bb000 r--p 00147000 08:06 4988083                    /usr/lib/x86_64-linux-gnu/libgio-2.0.so.0.3200.4
7f04f79bb000-7f04f79bd000 rw-p 0014b000 08:06 4988083                    /usr/lib/x86_64-linux-gnu/libgio-2.0.so.0.3200.4
7f04f79bd000-7f04f79bf000 rw-p 00000000 00:00 0 
7f04f79c0000-7f04f7ded000 r-xp 00000000 08:06 4988170                    /usr/lib/x86_64-linux-gnu/libgtk-x11-2.0.so.0.2400.10
7f04f7ded000-7f04f7fed000 ---p 0042d000 08:06 4988170                    /usr/lib/x86_64-linux-gnu/libgtk-x11-2.0.so.0.2400.10
7f04f7fed000-7f04f7ff4000 r--p 0042d000 08:06 4988170                    /usr/lib/x86_64-linux-gnu/libgtk-x11-2.0.so.0.2400.10
7f04f7ff4000-7f04f7ff8000 rw-p 00434000 08:06 4988170                    /usr/lib/x86_64-linux-gnu/libgtk-x11-2.0.so.0.2400.10
7f04f7ff8000-7f04f7ffa000 rw-p 00000000 00:00 0 
7f04f8000000-7f04f8021000 rw-p 00000000 00:00 0 
7f04f8021000-7f04fc000000 ---p 00000000 00:00 0 
7f04fc018000-7f04fc058000 rw-p 00000000 00:00 0 
7f04fc058000-7f04fc105000 r-xp 00000000 08:06 4988069                    /usr/lib/x86_64-linux-gnu/libgdk-x11-2.0.so.0.2400.10
7f04fc105000-7f04fc304000 ---p 000ad000 08:06 4988069                    /usr/lib/x86_64-linux-gnu/libgdk-x11-2.0.so.0.2400.10
7f04fc304000-7f04fc308000 r--p 000ac000 08:06 4988069                    /usr/lib/x86_64-linux-gnu/libgdk-x11-2.0.so.0.2400.10
7f04fc308000-7f04fc30a000 rw-p 000b0000 08:06 4988069                    /usr/lib/x86_64-linux-gnu/libgdk-x11-2.0.so.0.2400.10
7f04fc310000-7f04fc31f000 r-xp 00000000 08:06 4987864                    /usr/lib/x86_64-linux-gnu/libXi.so.6.1.0
7f04fc31f000-7f04fc51e000 ---p 0000f000 08:06 4987864                    /usr/lib/x86_64-linux-gnu/libXi.so.6.1.0
7f04fc51e000-7f04fc51f000 r--p 0000e000 08:06 4987864                    /usr/lib/x86_64-linux-gnu/libXi.so.6.1.0
7f04fc51f000-7f04fc520000 rw-p 0000f000 08:06 4987864                    /usr/lib/x86_64-linux-gnu/libXi.so.6.1.0
7f04fc520000-7f04fc525000 r-xp 00000000 08:06 4987884                    /usr/lib/x86_64-linux-gnu/libXtst.so.6.1.0
7f04fc525000-7f04fc724000 ---p 00005000 08:06 4987884                    /usr/lib/x86_64-linux-gnu/libXtst.so.6.1.0
7f04fc724000-7f04fc725000 r--p 00004000 08:06 4987884                    /usr/lib/x86_64-linux-gnu/libXtst.so.6.1.0
7f04fc725000-7f04fc726000 rw-p 00005000 08:06 4987884                    /usr/lib/x86_64-linux-gnu/libXtst.so.6.1.0
7f04fc728000-7f04fc731000 r-xp 00000000 08:06 4987880                    /usr/lib/x86_64-linux-gnu/libXrender.so.1.3.0
7f04fc731000-7f04fc930000 ---p 00009000 08:06 4987880                    /usr/lib/x86_64-linux-gnu/libXrender.so.1.3.0
7f04fc930000-7f04fc931000 r--p 00008000 08:06 4987880                    /usr/lib/x86_64-linux-gnu/libXrender.so.1.3.0
7f04fc931000-7f04fc932000 rw-p 00009000 08:06 4987880                    /usr/lib/x86_64-linux-gnu/libXrender.so.1.3.0
7f04fc938000-7f04fca68000 r-xp 00000000 08:06 4987843                    /usr/lib/x86_64-linux-gnu/libX11.so.6.3.0
7f04fca68000-7f04fcc68000 ---p 00130000 08:06 4987843                    /usr/lib/x86_64-linux-gnu/libX11.so.6.3.0
7f04fcc68000-7f04fcc69000 r--p 00130000 08:06 4987843                    /usr/lib/x86_64-linux-gnu/libX11.so.6.3.0
7f04fcc69000-7f04fcc6d000 rw-p 00131000 08:06 4987843                    /usr/lib/x86_64-linux-gnu/libX11.so.6.3.0
7f04fcc70000-7f04fcc80000 r-xp 00000000 08:06 4987858                    /usr/lib/x86_64-linux-gnu/libXext.so.6.4.0
7f04fcc80000-7f04fce7f000 ---p 00010000 08:06 4987858                    /usr/lib/x86_64-linux-gnu/libXext.so.6.4.0
7f04fce7f000-7f04fce80000 r--p 0000f000 08:06 4987858                    /usr/lib/x86_64-linux-gnu/libXext.so.6.4.0
7f04fce80000-7f04fce81000 rw-p 00010000 08:06 4987858                    /usr/lib/x86_64-linux-gnu/libXext.so.6.4.0
7f04fce88000-7f04fceda000 r-xp 00000000 08:06 6305354                    /usr/lib/jvm/java-7-openjdk-amd64/jre/lib/amd64/xawt/libmawt.so
7f04fceda000-7f04fd0da000 ---p 00052000 08:06 6305354                    /usr/lib/jvm/java-7-openjdk-amd64/jre/lib/amd64/xawt/libmawt.so
7f04fd0da000-7f04fd0db000 r--p 00052000 08:06 6305354                    /usr/lib/jvm/java-7-openjdk-amd64/jre/lib/amd64/xawt/libmawt.so
7f04fd0db000-7f04fd0de000 rw-p 00053000 08:06 6305354                    /usr/lib/jvm/java-7-openjdk-amd64/jre/lib/amd64/xawt/libmawt.so
7f04fd0de000-7f04fd0df000 rw-p 00000000 00:00 0 
7f04fd0e0000-7f0500000000 rw-p 00000000 00:00 0 
7f0500000000-7f0500021000 rw-p 00000000 00:00 0 
7f0500021000-7f0504000000 ---p 00000000 00:00 0 
7f050400c000-7f050404c000 rw-p 00000000 00:00 0 
7f050404c000-7f050408c000 rw-s 00004000 00:05 12513                      /dev/ati/card0
7f050408f000-7f0504092000 ---p 00000000 00:00 0 
7f0504092000-7f05040c8000 rw-p 00000000 00:00 0                          [stack:19677]
7f05040c8000-7f050416a000 r-xp 00000000 08:06 6192763                    /usr/lib/jvm/java-7-openjdk-amd64/jre/lib/amd64/libawt.so
7f050416a000-7f0504369000 ---p 000a2000 08:06 6192763                    /usr/lib/jvm/java-7-openjdk-amd64/jre/lib/amd64/libawt.so
7f0504369000-7f050436a000 r--p 000a1000 08:06 6192763                    /usr/lib/jvm/java-7-openjdk-amd64/jre/lib/amd64/libawt.so
7f050436a000-7f0504375000 rw-p 000a2000 08:06 6192763                    /usr/lib/jvm/java-7-openjdk-amd64/jre/lib/amd64/libawt.so
7f0504375000-7f050439a000 rw-p 00000000 00:00 0 
7f05043a5000-7f05043a6000 rw-s 00005000 00:05 12513                      /dev/ati/card0
7f05043aa000-7f05043ac000 rw-s 00002000 00:05 12513                      /dev/ati/card0
7f05043b0000-7f05043b7000 r--s 00000000 08:06 5244924                    /usr/lib/x86_64-linux-gnu/gconv/gconv-modules.cache
7f05043b8000-7f05043c2000 r--s 000b8000 08:06 6035327                    /usr/lib/jvm/java-7-openjdk-amd64/jre/lib/resources.jar
7f05043c4000-7f05043c9000 r--s 0004c000 08:06 6035329                    /usr/lib/jvm/java-7-openjdk-amd64/jre/lib/jsse.jar
7f05043d0000-7f05043f4000 r-xp 00000000 08:06 2621943                    /tmp/libgdxabaratham/9865f060/libgdx64.so
7f05043f4000-7f05045f4000 ---p 00024000 08:06 2621943                    /tmp/libgdxabaratham/9865f060/libgdx64.so
7f05045f4000-7f05045f5000 r--p 00024000 08:06 2621943                    /tmp/libgdxabaratham/9865f060/libgdx64.so
7f05045f5000-7f05045f6000 rw-p 00025000 08:06 2621943                    /tmp/libgdxabaratham/9865f060/libgdx64.so
7f05045f9000-7f05045fa000 r--s 00001000 08:06 21234600                   /home/abaratham/.m2/repository/net/java/jutils/jutils/1.0.0/jutils-1.0.0.jar
7f05045ff000-7f0504603000 r--s 0002f000 08:06 21234599                   /home/abaratham/.m2/repository/net/java/jinput/jinput/2.0.5/jinput-2.0.5.jar
7f0504605000-7f0504606000 r--s 00025000 08:06 21234602                   /home/abaratham/.m2/repository/net/java/jinput/jinput-platform/2.0.5/jinput-platform-2.0.5-natives-windows.jar
7f050460a000-7f050460b000 r--s 00002000 08:06 21234603                   /home/abaratham/.m2/repository/net/java/jinput/jinput-platform/2.0.5/jinput-platform-2.0.5-natives-osx.jar
7f0504612000-7f0504613000 r--s 00002000 08:06 21234601                   /home/abaratham/.m2/repository/net/java/jinput/jinput-platform/2.0.5/jinput-platform-2.0.5-natives-linux.jar
7f0504615000-7f0504616000 ---p 00000000 00:00 0 
7f0504616000-7f0504716000 rw-p 00000000 00:00 0                          [stack:19669]
7f0504716000-7f0504719000 ---p 00000000 00:00 0 
7f0504719000-7f0504817000 rw-p 00000000 00:00 0                          [stack:19668]
7f0504817000-7f050481a000 ---p 00000000 00:00 0 
7f050481a000-7f0504918000 rw-p 00000000 00:00 0                          [stack:19667]
7f0504918000-7f0504ffc000 r--p 00000000 08:06 4987195                    /usr/lib/locale/locale-archive
7f0505000000-7f0505270000 rwxp 00000000 00:00 0 
7f0505270000-7f05082df000 rw-p 00000000 00:00 0 
7f05082df000-7f050c000000 ---p 00000000 00:00 0 
7f050c007000-7f050c00b000 r--s 00027000 08:06 2623141                    /home/abaratham/.gradle/caches/modules-2/files-2.1/org.lwjgl.lwjgl/lwjgl_util/2.9.1/290d7ba8a1bd9566f5ddf16ad06f09af5ec9b20e/lwjgl_util-2.9.1.jar
7f050c012000-7f050c020000 r--s 000ea000 08:06 2623140                    /home/abaratham/.gradle/caches/modules-2/files-2.1/org.lwjgl.lwjgl/lwjgl/2.9.1/f58c5aabcef0e41718a564be9f8e412fff8db847/lwjgl-2.9.1.jar
7f050c023000-7f050c024000 r--s 0008b000 08:06 2623137                    /home/abaratham/.gradle/caches/modules-2/files-2.1/org.lwjgl.lwjgl/lwjgl-platform/2.9.1/aa9aae879af8eb378e22cfc64db56ec2ca9a44d1/lwjgl-platform-2.9.1-natives-linux.jar
7f050c025000-7f050c026000 r--s 00095000 08:06 2623139                    /home/abaratham/.gradle/caches/modules-2/files-2.1/org.lwjgl.lwjgl/lwjgl-platform/2.9.1/4c517eca808522457dd95ee8fc1fbcdbb602efbe/lwjgl-platform-2.9.1-natives-windows.jar
7f050c028000-7f050c029000 r--s 00080000 08:06 2623138                    /home/abaratham/.gradle/caches/modules-2/files-2.1/org.lwjgl.lwjgl/lwjgl-platform/2.9.1/2d12c83fdfbc04ecabf02c7bc8cc54d034f0daac/lwjgl-platform-2.9.1-natives-osx.jar
7f050c02f000-7f050c031000 r--s 00017000 08:06 2623143                    /home/abaratham/.gradle/caches/modules-2/files-2.1/org.jcraft/jorbis/0.0.17/8872d22b293e8f5d7d56ff92be966e6dc28ebdc6/jorbis-0.0.17.jar
7f050c035000-7f050c036000 r--s 00015000 08:06 2623142                    /home/abaratham/.gradle/caches/modules-2/files-2.1/com.badlogicgames.jlayer/jlayer/1.0.1-gdx/7cca83cec5c1b2f011362f4d85aabd71a73b049d/jlayer-1.0.1-gdx.jar
7f050c03d000-7f050c03e000 r--s 00085000 08:06 2623135                    /home/abaratham/.gradle/caches/modules-2/files-2.1/com.badlogicgames.gdx/gdx-platform/1.0.0/7f7c2b5bae73c9b4afe3a9fc937a6b0934022896/gdx-platform-1.0.0-natives-desktop.jar
7f050c03f000-7f050c042000 r--s 0001f000 08:06 2623134                    /home/abaratham/.gradle/caches/modules-2/files-2.1/com.badlogicgames.gdx/gdx-backend-lwjgl/1.0.0/7db646e37cce669e5e742e4413dd2b00084baad3/gdx-backend-lwjgl-1.0.0.jar
7f050c043000-7f050c046000 r--s 0000b000 08:06 1836944                    /home/abaratham/Desktop/Libgdx Gradle/core/build/libs/tween-engine-api.jar
7f050c046000-7f050c05b000 r--s 0014e000 08:06 2623020                    /home/abaratham/.gradle/caches/modules-2/files-2.1/com.badlogicgames.gdx/gdx/1.0.0/89c474852f0c0b701ebf0e11c176166eec56c0fa/gdx-1.0.0.jar
7f050c05f000-7f050c061000 r--s 0000f000 08:06 2623021                    /home/abaratham/.gradle/caches/modules-2/files-2.1/com.badlogicgames.gdx/gdx-box2d/1.0.0/4e3e9721d888e440cfc541e011ada658ffac5d8a/gdx-box2d-1.0.0.jar
7f050c063000-7f050c067000 r--s 0003b000 08:06 6035324                    /usr/lib/jvm/java-7-openjdk-amd64/jre/lib/ext/sunpkcs11.jar
7f050c06a000-7f050c06d000 r--s 00032000 08:06 6035322                    /usr/lib/jvm/java-7-openjdk-amd64/jre/lib/ext/sunjce_provider.jar
7f050c072000-7f050c074000 r--s 00012000 08:06 6035321                    /usr/lib/jvm/java-7-openjdk-amd64/jre/lib/ext/zipfs.jar
7f050c075000-7f050c079000 r--s 00085000 08:06 6035323                    /usr/lib/jvm/java-7-openjdk-amd64/jre/lib/ext/localedata.jar
7f050c07f000-7f050c081000 r--s 0000f000 08:06 6035320                    /usr/lib/jvm/java-7-openjdk-amd64/jre/lib/ext/pulse-java.jar
7f050c083000-7f050c086000 ---p 00000000 00:00 0 
7f050c086000-7f050c184000 rw-p 00000000 00:00 0                          [stack:19666]
7f050c184000-7f050c187000 ---p 00000000 00:00 0 
7f050c187000-7f050c285000 rw-p 00000000 00:00 0                          [stack:19665]
7f050c285000-7f050c288000 ---p 00000000 00:00 0 
7f050c288000-7f050c386000 rw-p 00000000 00:00 0                          [stack:19664]
7f050c386000-7f050c389000 ---p 00000000 00:00 0 
7f050c389000-7f050c487000 rw-p 00000000 00:00 0                          [stack:19663]
7f050c487000-7f050c488000 ---p 00000000 00:00 0 
7f050c488000-7f050d584000 rw-p 00000000 00:00 0                          [stack:19662]
7f050d584000-7f050d732000 r--s 01cf4000 08:06 6035316                    /usr/lib/jvm/java-7-openjdk-amd64/jre/lib/rt.jar
7f050d733000-7f050db1e000 rw-p 00000000 00:00 0 
7f050db1e000-7f050db1f000 ---p 00000000 00:00 0 
7f050db1f000-7f050dc1f000 rw-p 00000000 00:00 0                          [stack:19661]
7f050dc1f000-7f050dc20000 ---p 00000000 00:00 0 
7f050dc20000-7f050dd20000 rw-p 00000000 00:00 0                          [stack:19660]
7f050dd20000-7f050dd21000 ---p 00000000 00:00 0 
7f050dd21000-7f050de21000 rw-p 00000000 00:00 0                          [stack:19659]
7f050de21000-7f050de22000 ---p 00000000 00:00 0 
7f050de22000-7f050df2d000 rw-p 00000000 00:00 0                          [stack:19658]
7f050df2d000-7f050df75000 rw-p 00000000 00:00 0 
7f050df75000-7f050df91000 rw-p 00000000 00:00 0 
7f050df91000-7f050e135000 rw-p 00000000 00:00 0 
7f050e135000-7f050e140000 rw-p 00000000 00:00 0 
7f050e140000-7f050e188000 rw-p 00000000 00:00 0 
7f050e188000-7f050e1a4000 rw-p 00000000 00:00 0 
7f050e1a4000-7f050e347000 rw-p 00000000 00:00 0 
7f050e347000-7f050e356000 rw-p 00000000 00:00 0 
7f050e356000-7f050e427000 rw-p 00000000 00:00 0 
7f050e427000-7f050e428000 rw-p 00000000 00:00 0 
7f050e428000-7f050e430000 r-xp 00000000 08:06 6192744                    /usr/lib/jvm/java-7-openjdk-amd64/jre/lib/amd64/libzip.so
7f050e430000-7f050e62f000 ---p 00008000 08:06 6192744                    /usr/lib/jvm/java-7-openjdk-amd64/jre/lib/amd64/libzip.so
7f050e62f000-7f050e630000 r--p 00007000 08:06 6192744                    /usr/lib/jvm/java-7-openjdk-amd64/jre/lib/amd64/libzip.so
7f050e630000-7f050e631000 rw-p 00008000 08:06 6192744                    /usr/lib/jvm/java-7-openjdk-amd64/jre/lib/amd64/libzip.so
7f050e638000-7f050e644000 r-xp 00000000 08:06 2887553                    /lib/x86_64-linux-gnu/libnss_files-2.15.so
7f050e644000-7f050e843000 ---p 0000c000 08:06 2887553                    /lib/x86_64-linux-gnu/libnss_files-2.15.so
7f050e843000-7f050e844000 r--p 0000b000 08:06 2887553                    /lib/x86_64-linux-gnu/libnss_files-2.15.so
7f050e844000-7f050e845000 rw-p 0000c000 08:06 2887553                    /lib/x86_64-linux-gnu/libnss_files-2.15.so
7f050e848000-7f050e852000 r-xp 00000000 08:06 2887557                    /lib/x86_64-linux-gnu/libnss_nis-2.15.so
7f050e852000-7f050ea52000 ---p 0000a000 08:06 2887557                    /lib/x86_64-linux-gnu/libnss_nis-2.15.so
7f050ea52000-7f050ea53000 r--p 0000a000 08:06 2887557                    /lib/x86_64-linux-gnu/libnss_nis-2.15.so
7f050ea53000-7f050ea54000 rw-p 0000b000 08:06 2887557                    /lib/x86_64-linux-gnu/libnss_nis-2.15.so
7f050ea58000-7f050ea6f000 r-xp 00000000 08:06 2887547                    /lib/x86_64-linux-gnu/libnsl-2.15.so
7f050ea6f000-7f050ec6e000 ---p 00017000 08:06 2887547                    /lib/x86_64-linux-gnu/libnsl-2.15.so
7f050ec6e000-7f050ec6f000 r--p 00016000 08:06 2887547                    /lib/x86_64-linux-gnu/libnsl-2.15.so
7f050ec6f000-7f050ec70000 rw-p 00017000 08:06 2887547                    /lib/x86_64-linux-gnu/libnsl-2.15.so
7f050ec70000-7f050ec72000 rw-p 00000000 00:00 0 
7f050ec78000-7f050ec80000 r-xp 00000000 08:06 2887549                    /lib/x86_64-linux-gnu/libnss_compat-2.15.so
7f050ec80000-7f050ee7f000 ---p 00008000 08:06 2887549                    /lib/x86_64-linux-gnu/libnss_compat-2.15.so
7f050ee7f000-7f050ee80000 r--p 00007000 08:06 2887549                    /lib/x86_64-linux-gnu/libnss_compat-2.15.so
7f050ee80000-7f050ee81000 rw-p 00008000 08:06 2887549                    /lib/x86_64-linux-gnu/libnss_compat-2.15.so
7f050ee88000-7f050eeb1000 r-xp 00000000 08:06 6192737                    /usr/lib/jvm/java-7-openjdk-amd64/jre/lib/amd64/libjava.so
7f050eeb1000-7f050f0b0000 ---p 00029000 08:06 6192737                    /usr/lib/jvm/java-7-openjdk-amd64/jre/lib/amd64/libjava.so
7f050f0b0000-7f050f0b1000 r--p 00028000 08:06 6192737                    /usr/lib/jvm/java-7-openjdk-amd64/jre/lib/amd64/libjava.so
7f050f0b1000-7f050f0b3000 rw-p 00029000 08:06 6192737                    /usr/lib/jvm/java-7-openjdk-amd64/jre/lib/amd64/libjava.so
7f050f0b8000-7f050f0c6000 r-xp 00000000 08:06 6192769                    /usr/lib/jvm/java-7-openjdk-amd64/jre/lib/amd64/libverify.so
7f050f0c6000-7f050f2c5000 ---p 0000e000 08:06 6192769                    /usr/lib/jvm/java-7-openjdk-amd64/jre/lib/amd64/libverify.so
7f050f2c5000-7f050f2c7000 r--p 0000d000 08:06 6192769                    /usr/lib/jvm/java-7-openjdk-amd64/jre/lib/amd64/libverify.so
7f050f2c7000-7f050f2c8000 rw-p 0000f000 08:06 6192769                    /usr/lib/jvm/java-7-openjdk-amd64/jre/lib/amd64/libverify.so
7f050f2c8000-7f050f2cf000 r-xp 00000000 08:06 2887588                    /lib/x86_64-linux-gnu/librt-2.15.so
7f050f2cf000-7f050f4ce000 ---p 00007000 08:06 2887588                    /lib/x86_64-linux-gnu/librt-2.15.so
7f050f4ce000-7f050f4cf000 r--p 00006000 08:06 2887588                    /lib/x86_64-linux-gnu/librt-2.15.so
7f050f4cf000-7f050f4d0000 rw-p 00007000 08:06 2887588                    /lib/x86_64-linux-gnu/librt-2.15.so
7f050f4d0000-7f050f4e5000 r-xp 00000000 08:06 2887523                    /lib/x86_64-linux-gnu/libgcc_s.so.1
7f050f4e5000-7f050f6e4000 ---p 00015000 08:06 2887523                    /lib/x86_64-linux-gnu/libgcc_s.so.1
7f050f6e4000-7f050f6e5000 r--p 00014000 08:06 2887523                    /lib/x86_64-linux-gnu/libgcc_s.so.1
7f050f6e5000-7f050f6e6000 rw-p 00015000 08:06 2887523                    /lib/x86_64-linux-gnu/libgcc_s.so.1
7f050f6e8000-7f050f7e3000 r-xp 00000000 08:06 2887534                    /lib/x86_64-linux-gnu/libm-2.15.so
7f050f7e3000-7f050f9e2000 ---p 000fb000 08:06 2887534                    /lib/x86_64-linux-gnu/libm-2.15.so
7f050f9e2000-7f050f9e3000 r--p 000fa000 08:06 2887534                    /lib/x86_64-linux-gnu/libm-2.15.so
7f050f9e3000-7f050f9e4000 rw-p 000fb000 08:06 2887534                    /lib/x86_64-linux-gnu/libm-2.15.so
7f050f9e8000-7f050faca000 r-xp 00000000 08:06 4988391                    /usr/lib/x86_64-linux-gnu/libstdc++.so.6.0.16
7f050faca000-7f050fcc9000 ---p 000e2000 08:06 4988391                    /usr/lib/x86_64-linux-gnu/libstdc++.so.6.0.16
7f050fcc9000-7f050fcd1000 r--p 000e1000 08:06 4988391                    /usr/lib/x86_64-linux-gnu/libstdc++.so.6.0.16
7f050fcd1000-7f050fcd3000 rw-p 000e9000 08:06 4988391                    /usr/lib/x86_64-linux-gnu/libstdc++.so.6.0.16
7f050fcd3000-7f050fce8000 rw-p 00000000 00:00 0 
7f050fce8000-7f05107a3000 r-xp 00000000 08:06 6303865                    /usr/lib/jvm/java-7-openjdk-amd64/jre/lib/amd64/server/libjvm.so
7f05107a3000-7f05109a3000 ---p 00abb000 08:06 6303865                    /usr/lib/jvm/java-7-openjdk-amd64/jre/lib/amd64/server/libjvm.so
7f05109a3000-7f0510a3b000 r--p 00abb000 08:06 6303865                    /usr/lib/jvm/java-7-openjdk-amd64/jre/lib/amd64/server/libjvm.so
7f0510a3b000-7f0510a5e000 rw-p 00b53000 08:06 6303865                    /usr/lib/jvm/java-7-openjdk-amd64/jre/lib/amd64/server/libjvm.so
7f0510a5e000-7f0510a8b000 rw-p 00000000 00:00 0 
7f0510a90000-7f0510aa6000 r-xp 00000000 08:06 2887613                    /lib/x86_64-linux-gnu/libz.so.1.2.3.4
7f0510aa6000-7f0510ca5000 ---p 00016000 08:06 2887613                    /lib/x86_64-linux-gnu/libz.so.1.2.3.4
7f0510ca5000-7f0510ca6000 r--p 00015000 08:06 2887613                    /lib/x86_64-linux-gnu/libz.so.1.2.3.4
7f0510ca6000-7f0510ca7000 rw-p 00016000 08:06 2887613                    /lib/x86_64-linux-gnu/libz.so.1.2.3.4
7f0510ca8000-7f0510cc0000 r-xp 00000000 08:06 2887582                    /lib/x86_64-linux-gnu/libpthread-2.15.so
7f0510cc0000-7f0510ebf000 ---p 00018000 08:06 2887582                    /lib/x86_64-linux-gnu/libpthread-2.15.so
7f0510ebf000-7f0510ec0000 r--p 00017000 08:06 2887582                    /lib/x86_64-linux-gnu/libpthread-2.15.so
7f0510ec0000-7f0510ec1000 rw-p 00018000 08:06 2887582                    /lib/x86_64-linux-gnu/libpthread-2.15.so
7f0510ec1000-7f0510ec5000 rw-p 00000000 00:00 0 
7f0510ec8000-7f0510eca000 r-xp 00000000 08:06 2887515                    /lib/x86_64-linux-gnu/libdl-2.15.so
7f0510eca000-7f05110ca000 ---p 00002000 08:06 2887515                    /lib/x86_64-linux-gnu/libdl-2.15.so
7f05110ca000-7f05110cb000 r--p 00002000 08:06 2887515                    /lib/x86_64-linux-gnu/libdl-2.15.so
7f05110cb000-7f05110cc000 rw-p 00003000 08:06 2887515                    /lib/x86_64-linux-gnu/libdl-2.15.so
7f05110d0000-7f0511285000 r-xp 00000000 08:06 2887502                    /lib/x86_64-linux-gnu/libc-2.15.so
7f0511285000-7f0511485000 ---p 001b5000 08:06 2887502                    /lib/x86_64-linux-gnu/libc-2.15.so
7f0511485000-7f0511489000 r--p 001b5000 08:06 2887502                    /lib/x86_64-linux-gnu/libc-2.15.so
7f0511489000-7f051148b000 rw-p 001b9000 08:06 2887502                    /lib/x86_64-linux-gnu/libc-2.15.so
7f051148b000-7f0511490000 rw-p 00000000 00:00 0 
7f0511490000-7f051149d000 r-xp 00000000 08:06 6303971                    /usr/lib/jvm/java-7-openjdk-amd64/jre/lib/amd64/jli/libjli.so
7f051149d000-7f051169c000 ---p 0000d000 08:06 6303971                    /usr/lib/jvm/java-7-openjdk-amd64/jre/lib/amd64/jli/libjli.so
7f051169c000-7f051169d000 r--p 0000c000 08:06 6303971                    /usr/lib/jvm/java-7-openjdk-amd64/jre/lib/amd64/jli/libjli.so
7f051169d000-7f051169e000 rw-p 0000d000 08:06 6303971                    /usr/lib/jvm/java-7-openjdk-amd64/jre/lib/amd64/jli/libjli.so
7f05116a0000-7f05116c2000 r-xp 00000000 08:06 2887482                    /lib/x86_64-linux-gnu/ld-2.15.so
7f05116c5000-7f05116c6000 r--s 000dd000 08:06 2623136                    /home/abaratham/.gradle/caches/modules-2/files-2.1/com.badlogicgames.gdx/gdx-box2d-platform/1.0.0/350a00f887adc5505517003be2a0c111303c574b/gdx-box2d-platform-1.0.0-natives-desktop.jar
7f05116ca000-7f05116cb000 r--s 00002000 08:06 6035325                    /usr/lib/jvm/java-7-openjdk-amd64/jre/lib/ext/dnsns.jar
7f05116cf000-7f05116d0000 r--s 00007000 08:06 5250426                    /usr/share/java/java-atk-wrapper.jar
7f05116d2000-7f05116fa000 rw-p 00000000 00:00 0 
7f05116fa000-7f05117b0000 rw-p 00000000 00:00 0 
7f05117b0000-7f05117b8000 rw-s 00000000 08:06 2622005                    /tmp/hsperfdata_abaratham/19652
7f05117bb000-7f05117bd000 rw-p 00000000 00:00 0 
7f05117bd000-7f05117be000 r--p 00000000 00:00 0 
7f05117be000-7f05117c1000 ---p 00000000 00:00 0 
7f05117c1000-7f05118c2000 rw-p 00000000 00:00 0                          [stack:19657]
7f05118c2000-7f05118c3000 r--p 00022000 08:06 2887482                    /lib/x86_64-linux-gnu/ld-2.15.so
7f05118c3000-7f05118c5000 rw-p 00023000 08:06 2887482                    /lib/x86_64-linux-gnu/ld-2.15.so
7f05118c5000-7f05118c9000 rw-p 00000000 00:00 0 
7fff3aad0000-7fff3aaf2000 rw-p 00000000 00:00 0                          [stack]
7fff3abe8000-7fff3abea000 r-xp 00000000 00:00 0                          [vdso]
ffffffffff600000-ffffffffff601000 r-xp 00000000 00:00 0                  [vsyscall]

VM Arguments:
jvm_args: -Dfile.encoding=UTF-8 
java_command: anandgames.gravity.desktop.DesktopLauncher
Launcher Type: SUN_STANDARD

Environment Variables:
PATH=/opt/OpenPrinting-Gutenprint/sbin:/opt/OpenPrinting-Gutenprint/bin:/usr/lib/lightdm/lightdm:/usr/local/sbin:/usr/local/bin:/usr/sbin:/usr/bin:/sbin:/bin:/usr/games
SHELL=/bin/bash
DISPLAY=:0.0

Signal Handlers:
SIGSEGV: [libjvm.so+0x8f6d70], sa_mask[0]=0x7ffbfeff, sa_flags=0x10000004
SIGBUS: [libjvm.so+0x8f6d70], sa_mask[0]=0x7ffbfeff, sa_flags=0x10000004
SIGFPE: [libjvm.so+0x77aeb0], sa_mask[0]=0x7ffbfeff, sa_flags=0x10000004
SIGPIPE: [libjvm.so+0x77aeb0], sa_mask[0]=0x7ffbfeff, sa_flags=0x10000004
SIGXFSZ: [libjvm.so+0x77aeb0], sa_mask[0]=0x7ffbfeff, sa_flags=0x10000004
SIGILL: [libjvm.so+0x77aeb0], sa_mask[0]=0x7ffbfeff, sa_flags=0x10000004
SIGUSR1: SIG_DFL, sa_mask[0]=0x00000000, sa_flags=0x00000000
SIGUSR2: [libjvm.so+0x77b130], sa_mask[0]=0x00000004, sa_flags=0x10000004
SIGHUP: [libjvm.so+0x77b2a0], sa_mask[0]=0x7ffbfeff, sa_flags=0x10000004
SIGINT: [libjvm.so+0x77b2a0], sa_mask[0]=0x7ffbfeff, sa_flags=0x10000004
SIGTERM: [libjvm.so+0x77b2a0], sa_mask[0]=0x7ffbfeff, sa_flags=0x10000004
SIGQUIT: [libjvm.so+0x77b2a0], sa_mask[0]=0x7ffbfeff, sa_flags=0x10000004


---------------  S Y S T E M  ---------------

OS:Ubuntu 12.04 (precise)
uname:Linux 3.11.0-17-generic #31~precise1-Ubuntu SMP Tue Feb 4 21:25:43 UTC 2014 x86_64
libc:glibc 2.15 NPTL 2.15 
rlimit: STACK 8192k, CORE 0k, NPROC 42396, NOFILE 4096, AS infinity
load average:0.43 0.61 0.95

/proc/meminfo:
MemTotal:        5493904 kB
MemFree:          365884 kB
Buffers:           19088 kB
Cached:          1212260 kB
SwapCached:         4252 kB
Active:          3195740 kB
Inactive:        1436796 kB
Active(anon):    2587356 kB
Inactive(anon):   828832 kB
Active(file):     608384 kB
Inactive(file):   607964 kB
Unevictable:          32 kB
Mlocked:              32 kB
SwapTotal:       5731324 kB
SwapFree:        5652584 kB
Dirty:                44 kB
Writeback:             0 kB
AnonPages:       3397716 kB
Mapped:           289688 kB
Shmem:             14780 kB
Slab:             128604 kB
SReclaimable:      91612 kB
SUnreclaim:        36992 kB
KernelStack:        6456 kB
PageTables:        56564 kB
NFS_Unstable:          0 kB
Bounce:                0 kB
WritebackTmp:          0 kB
CommitLimit:     8478276 kB
Committed_AS:    7962472 kB
VmallocTotal:   34359738367 kB
VmallocUsed:      183280 kB
VmallocChunk:   34359518616 kB
HardwareCorrupted:     0 kB
AnonHugePages:         0 kB
HugePages_Total:       0
HugePages_Free:        0
HugePages_Rsvd:        0
HugePages_Surp:        0
Hugepagesize:       2048 kB
DirectMap4k:      381692 kB
DirectMap2M:     5355520 kB
DirectMap1G:           0 kB


CPU:total 4 (4 cores per cpu, 1 threads per core) family 21 model 16 stepping 1, cmov, cx8, fxsr, mmx, sse, sse2, sse3, ssse3, sse4.1, sse4.2, popcnt, avx, aes, mmxext, 3dnowpref, lzcnt, sse4a, tsc, tscinvbit, tscinv

/proc/cpuinfo:
processor	: 0
vendor_id	: AuthenticAMD
cpu family	: 21
model		: 16
model name	: AMD A10-4600M APU with Radeon(tm) HD Graphics
stepping	: 1
microcode	: 0x6001116
cpu MHz		: 2300.000
cache size	: 2048 KB
physical id	: 0
siblings	: 4
core id		: 0
cpu cores	: 2
apicid		: 16
initial apicid	: 0
fpu		: yes
fpu_exception	: yes
cpuid level	: 13
wp		: yes
flags		: fpu vme de pse tsc msr pae mce cx8 apic sep mtrr pge mca cmov pat pse36 clflush mmx fxsr sse sse2 ht syscall nx mmxext fxsr_opt pdpe1gb rdtscp lm constant_tsc rep_good nopl nonstop_tsc extd_apicid aperfmperf pni pclmulqdq monitor ssse3 fma cx16 sse4_1 sse4_2 popcnt aes xsave avx f16c lahf_lm cmp_legacy svm extapic cr8_legacy abm sse4a misalignsse 3dnowprefetch osvw ibs xop skinit wdt lwp fma4 tce nodeid_msr tbm topoext perfctr_core perfctr_nb arat cpb hw_pstate npt lbrv svm_lock nrip_save tsc_scale vmcb_clean flushbyasid decodeassists pausefilter pfthreshold bmi1
bogomips	: 4591.22
TLB size	: 1536 4K pages
clflush size	: 64
cache_alignment	: 64
address sizes	: 48 bits physical, 48 bits virtual
power management: ts ttp tm 100mhzsteps hwpstate cpb eff_freq_ro

processor	: 1
vendor_id	: AuthenticAMD
cpu family	: 21
model		: 16
model name	: AMD A10-4600M APU with Radeon(tm) HD Graphics  
stepping	: 1
microcode	: 0x6001116
cpu MHz		: 1400.000
cache size	: 2048 KB
physical id	: 0
siblings	: 4
core id		: 1
cpu cores	: 2
apicid		: 17
initial apicid	: 1
fpu		: yes
fpu_exception	: yes
cpuid level	: 13
wp		: yes
flags		: fpu vme de pse tsc msr pae mce cx8 apic sep mtrr pge mca cmov pat pse36 clflush mmx fxsr sse sse2 ht syscall nx mmxext fxsr_opt pdpe1gb rdtscp lm constant_tsc rep_good nopl nonstop_tsc extd_apicid aperfmperf pni pclmulqdq monitor ssse3 fma cx16 sse4_1 sse4_2 popcnt aes xsave avx f16c lahf_lm cmp_legacy svm extapic cr8_legacy abm sse4a misalignsse 3dnowprefetch osvw ibs xop skinit wdt lwp fma4 tce nodeid_msr tbm topoext perfctr_core perfctr_nb arat cpb hw_pstate npt lbrv svm_lock nrip_save tsc_scale vmcb_clean flushbyasid decodeassists pausefilter pfthreshold bmi1
bogomips	: 4591.22
TLB size	: 1536 4K pages
clflush size	: 64
cache_alignment	: 64
address sizes	: 48 bits physical, 48 bits virtual
power management: ts ttp tm 100mhzsteps hwpstate cpb eff_freq_ro

processor	: 2
vendor_id	: AuthenticAMD
cpu family	: 21
model		: 16
model name	: AMD A10-4600M APU with Radeon(tm) HD Graphics  
stepping	: 1
microcode	: 0x6001116
cpu MHz		: 1400.000
cache size	: 2048 KB
physical id	: 0
siblings	: 4
core id		: 2
cpu cores	: 2
apicid		: 18
initial apicid	: 2
fpu		: yes
fpu_exception	: yes
cpuid level	: 13
wp		: yes
flags		: fpu vme de pse tsc msr pae mce cx8 apic sep mtrr pge mca cmov pat pse36 clflush mmx fxsr sse sse2 ht syscall nx mmxext fxsr_opt pdpe1gb rdtscp lm constant_tsc rep_good nopl nonstop_tsc extd_apicid aperfmperf pni pclmulqdq monitor ssse3 fma cx16 sse4_1 sse4_2 popcnt aes xsave avx f16c lahf_lm cmp_legacy svm extapic cr8_legacy abm sse4a misalignsse 3dnowprefetch osvw ibs xop skinit wdt lwp fma4 tce nodeid_msr tbm topoext perfctr_core perfctr_nb arat cpb hw_pstate npt lbrv svm_lock nrip_save tsc_scale vmcb_clean flushbyasid decodeassists pausefilter pfthreshold bmi1
bogomips	: 4591.22
TLB size	: 1536 4K pages
clflush size	: 64
cache_alignment	: 64
address sizes	: 48 bits physical, 48 bits virtual
power management: ts ttp tm 100mhzsteps hwpstate cpb eff_freq_ro

processor	: 3
vendor_id	: AuthenticAMD
cpu family	: 21
model		: 16
model name	: AMD A10-4600M APU with Radeon(tm) HD Graphics  
stepping	: 1
microcode	: 0x6001116
cpu MHz		: 1400.000
cache size	: 2048 KB
physical id	: 0
siblings	: 4
core id		: 3
cpu cores	: 2
apicid		: 19
initial apicid	: 3
fpu		: yes
fpu_exception	: yes
cpuid level	: 13
wp		: yes
flags		: fpu vme de pse tsc msr pae mce cx8 apic sep mtrr pge mca cmov pat pse36 clflush mmx fxsr sse sse2 ht syscall nx mmxext fxsr_opt pdpe1gb rdtscp lm constant_tsc rep_good nopl nonstop_tsc extd_apicid aperfmperf pni pclmulqdq monitor ssse3 fma cx16 sse4_1 sse4_2 popcnt aes xsave avx f16c lahf_lm cmp_legacy svm extapic cr8_legacy abm sse4a misalignsse 3dnowprefetch osvw ibs xop skinit wdt lwp fma4 tce nodeid_msr tbm topoext perfctr_core perfctr_nb arat cpb hw_pstate npt lbrv svm_lock nrip_save tsc_scale vmcb_clean flushbyasid decodeassists pausefilter pfthreshold bmi1
bogomips	: 4591.22
TLB size	: 1536 4K pages
clflush size	: 64
cache_alignment	: 64
address sizes	: 48 bits physical, 48 bits virtual
power management: ts ttp tm 100mhzsteps hwpstate cpb eff_freq_ro



Memory: 4k page, physical 5493904k(365884k free), swap 5731324k(5652584k free)

vm_info: OpenJDK 64-Bit Server VM (24.45-b08) for linux-amd64 JRE (1.7.0_51-b00), built on Jan 16 2014 18:37:59 by "buildd" with gcc 4.6.3

time: Fri May 16 23:01:22 2014
elapsed time: 2 seconds

