#
# A fatal error has been detected by the Java Runtime Environment:
#
#  SIGSEGV (0xb) at pc=0x00007fa26308e800, pid=18643, tid=140335598130944
#
# JRE version: OpenJDK Runtime Environment (7.0_51) (build 1.7.0_51-b00)
# Java VM: OpenJDK 64-Bit Server VM (24.45-b08 mixed mode linux-amd64 compressed oops)
# Problematic frame:
# C  [fglrx_dri.so+0x11ce800]  ukiCreateContext+0x11ce800
#
# Failed to write core dump. Core dumps have been disabled. To enable core dumping, try "ulimit -c unlimited" before starting Java again
#
# If you would like to submit a bug report, please include
# instructions on how to reproduce the bug and visit:
#   http://icedtea.classpath.org/bugzilla
# The crash happened outside the Java Virtual Machine in native code.
# See problematic frame for where to report the bug.
#

---------------  T H R E A D  ---------------

Current thread (0x00007fa2b42dd800):  JavaThread "LWJGL Application" [_thread_in_native, id=18666, stack(0x00007fa26d69d000,0x00007fa26d79e000)]

siginfo:si_signo=SIGSEGV: si_errno=0, si_code=1 (SEGV_MAPERR), si_addr=0x0000000000000000

Registers:
RAX=0x00007fa263d90e50, RBX=0x00007fa2638ccdf8, RCX=0x0000000000000000, RDX=0x0000000000000000
RSP=0x00007fa26d79c028, RBP=0x00007fa258542790, RSI=0x00007fa25812d080, RDI=0x00007fa258549c70
R8 =0x00007fa258127fb0, R9 =0x00000000000048ea, R10=0x0000000000000000, R11=0x0000000000000000
R12=0x00007fa263f594c0, R13=0xffffffffffffff68, R14=0xffffffffffffff68, R15=0x0000000000000001
RIP=0x00007fa26308e800, EFLAGS=0x0000000000010206, CSGSFS=0x0000000000000033, ERR=0x0000000000000004
  TRAPNO=0x000000000000000e

Top of Stack: (sp=0x00007fa26d79c028)
0x00007fa26d79c028:   00007fa263029624 00007fa258028570
0x00007fa26d79c038:   00007fa2581316f0 0000000000000088
0x00007fa26d79c048:   0000000000000000 00007fa25812b220
0x00007fa26d79c058:   00007fa2638ccdf8 00007fa263f594c0
0x00007fa26d79c068:   00007fa262e167c9 0000000000000000
0x00007fa26d79c078:   0000000000000000 0000000000000000
0x00007fa26d79c088:   000002e800000525 0000000001000000
0x00007fa26d79c098:   00007fa200000000 0000000000000000
0x00007fa26d79c0a8:   000002d000000500 0000000000000003
0x00007fa26d79c0b8:   0000000000000000 0000000000000000
0x00007fa26d79c0c8:   00007fa258542790 0000000000000088
0x00007fa26d79c0d8:   00007fa25812b220 00007fa263f594c0
0x00007fa26d79c0e8:   00007fa262e363e6 00007fa2b42dd800
0x00007fa26d79c0f8:   0000000000000000 0000000000000000
0x00007fa26d79c108:   00007fa26d79c200 0000000000000007
0x00007fa26d79c118:   0000000100000000 0000000000000000
0x00007fa26d79c128:   0000000000000000 0000000000000000
0x00007fa26d79c138:   0000000000000000 0000000000000003
0x00007fa26d79c148:   0000000000000000 0000000000000000
0x00007fa26d79c158:   0000000000000000 00007fa200000000
0x00007fa26d79c168:   00007fa2b405a2a8 00007fa2b42dd9d8
0x00007fa26d79c178:   00007fa258542790 00007fa258542790
0x00007fa26d79c188:   00007fa25805deb0 000000000000022b
0x00007fa26d79c198:   00007fa263f4ebe8 ffffffffffffff68
0x00007fa26d79c1a8:   00007fa262e10223 00007fa26d79c090
0x00007fa26d79c1b8:   0000003000000018 00007fa26d79c320
0x00007fa26d79c1c8:   00007fa26d79c240 00007fa263f052d8
0x00007fa26d79c1d8:   00007fa258542790 00007fa25805deb0
0x00007fa26d79c1e8:   00007fa262e15893 00000000a1c97fa0
0x00007fa26d79c1f8:   00007fa263f052d8 00007fa263f052d8
0x00007fa26d79c208:   00007fa25805dfd0 00007fa25805deb0
0x00007fa26d79c218:   000000000000022b 00007fa263f4ebe8 

Instructions: (pc=0x00007fa26308e800)
0x00007fa26308e7e0:   48 89 c7 48 8b 00 89 de 4c 8b 98 d0 00 00 00 48
0x00007fa26308e7f0:   83 c4 30 5b 41 ff e3 90 90 90 90 90 90 90 90 90
0x00007fa26308e800:   48 8b 02 48 89 87 00 02 00 00 48 8b 42 08 48 89
0x00007fa26308e810:   87 08 02 00 00 b8 01 00 00 00 c3 90 90 90 90 90 

Register to memory mapping:

RAX=0x00007fa263d90e50: <offset 0x1ed0e50> in /usr/lib/fglrx/dri/fglrx_dri.so at 0x00007fa261ec0000
RBX=0x00007fa2638ccdf8: <offset 0x1a0cdf8> in /usr/lib/fglrx/dri/fglrx_dri.so at 0x00007fa261ec0000
RCX=0x0000000000000000 is an unknown value
RDX=0x0000000000000000 is an unknown value
RSP=0x00007fa26d79c028 is pointing into the stack for thread: 0x00007fa2b42dd800
RBP=0x00007fa258542790 is an unknown value
RSI=0x00007fa25812d080 is an unknown value
RDI=0x00007fa258549c70 is an unknown value
R8 =0x00007fa258127fb0 is an unknown value
R9 =0x00000000000048ea is an unknown value
R10=0x0000000000000000 is an unknown value
R11=0x0000000000000000 is an unknown value
R12=0x00007fa263f594c0: <offset 0x20994c0> in /usr/lib/fglrx/dri/fglrx_dri.so at 0x00007fa261ec0000
R13=0xffffffffffffff68 is an unknown value
R14=0xffffffffffffff68 is an unknown value
R15=0x0000000000000001 is an unknown value


Stack: [0x00007fa26d69d000,0x00007fa26d79e000],  sp=0x00007fa26d79c028,  free space=1020k
Native frames: (J=compiled Java code, j=interpreted, Vv=VM code, C=native code)
C  [fglrx_dri.so+0x11ce800]  ukiCreateContext+0x11ce800

Java frames: (J=compiled Java code, j=interpreted, Vv=VM code)
j  org.lwjgl.opengl.LinuxContextImplementation.nSwapBuffers(Ljava/nio/ByteBuffer;)V+0
j  org.lwjgl.opengl.LinuxContextImplementation.swapBuffers()V+38
j  org.lwjgl.opengl.ContextGL.swapBuffers()V+3
j  org.lwjgl.opengl.DrawableGL.swapBuffers()V+0
j  org.lwjgl.opengl.Display.swapBuffers()V+39
j  org.lwjgl.opengl.Display.update(Z)V+44
j  com.badlogic.gdx.backends.lwjgl.LwjglApplication.mainLoop()V+625
j  com.badlogic.gdx.backends.lwjgl.LwjglApplication$1.run()V+27
v  ~StubRoutines::call_stub

---------------  P R O C E S S  ---------------

Java Threads: ( => current thread )
  0x00007fa25801d800 JavaThread "process reaper" daemon [_thread_blocked, id=18668, stack(0x00007fa2b0047000,0x00007fa2b0080000)]
  0x00007fa2b400b000 JavaThread "DestroyJavaVM" [_thread_blocked, id=18648, stack(0x00007fa2bc975000,0x00007fa2bca76000)]
=>0x00007fa2b42dd800 JavaThread "LWJGL Application" [_thread_in_native, id=18666, stack(0x00007fa26d69d000,0x00007fa26d79e000)]
  0x00007fa2b423a000 JavaThread "AWT-XAWT" daemon [_thread_in_native, id=18662, stack(0x00007fa2742ee000,0x00007fa2743ef000)]
  0x00007fa2b4218000 JavaThread "Java2D Disposer" daemon [_thread_blocked, id=18661, stack(0x00007fa2743ef000,0x00007fa2744f0000)]
  0x00007fa2b40a7800 JavaThread "Service Thread" daemon [_thread_blocked, id=18659, stack(0x00007fa2a88f7000,0x00007fa2a89f8000)]
  0x00007fa2b40a5000 JavaThread "C2 CompilerThread1" daemon [_thread_blocked, id=18658, stack(0x00007fa2b00f1000,0x00007fa2b01f2000)]
  0x00007fa2b40a2000 JavaThread "C2 CompilerThread0" daemon [_thread_blocked, id=18657, stack(0x00007fa2b01f2000,0x00007fa2b02f3000)]
  0x00007fa2b40a0000 JavaThread "Signal Dispatcher" daemon [_thread_blocked, id=18656, stack(0x00007fa2b02f3000,0x00007fa2b03f4000)]
  0x00007fa2b407d000 JavaThread "Finalizer" daemon [_thread_blocked, id=18655, stack(0x00007fa2b03f4000,0x00007fa2b04f5000)]
  0x00007fa2b407b000 JavaThread "Reference Handler" daemon [_thread_blocked, id=18654, stack(0x00007fa2b04f5000,0x00007fa2b05f6000)]

Other Threads:
  0x00007fa2b4076800 VMThread [stack: 0x00007fa2b05f6000,0x00007fa2b06f7000] [id=18653]
  0x00007fa2b40b2000 WatcherThread [stack: 0x00007fa2a87f6000,0x00007fa2a88f7000] [id=18660]

VM state:not at safepoint (normal execution)

VM Mutex/Monitor currently owned by a thread: None

Heap
 PSYoungGen      total 25088K, used 12167K [0x00000000e4080000, 0x00000000e5c80000, 0x0000000100000000)
  eden space 21504K, 56% used [0x00000000e4080000,0x00000000e4c61d88,0x00000000e5580000)
  from space 3584K, 0% used [0x00000000e5900000,0x00000000e5900000,0x00000000e5c80000)
  to   space 3584K, 0% used [0x00000000e5580000,0x00000000e5580000,0x00000000e5900000)
 ParOldGen       total 56832K, used 0K [0x00000000ac200000, 0x00000000af980000, 0x00000000e4080000)
  object space 56832K, 0% used [0x00000000ac200000,0x00000000ac200000,0x00000000af980000)
 PSPermGen       total 21504K, used 8266K [0x00000000a1c00000, 0x00000000a3100000, 0x00000000ac200000)
  object space 21504K, 38% used [0x00000000a1c00000,0x00000000a2412aa0,0x00000000a3100000)

Card table byte_map: [0x00007fa2b92ed000,0x00007fa2b95e0000] byte_map_base: 0x00007fa2b8ddf000

Polling page: 0x00007fa2bc974000

Code Cache  [0x00007fa2b1000000, 0x00007fa2b1270000, 0x00007fa2b4000000)
 total_blobs=507 nmethods=28 adapters=434 free_code_cache=48568Kb largest_free_block=49720320

Compilation events (10 events):
Event: 1.088 Thread 0x00007fa2b40a5000   24   !         sun.nio.cs.ISO_8859_1$Encoder::encodeBufferLoop (135 bytes)
Event: 1.090 Thread 0x00007fa2b40a2000   25             java.nio.StringCharBuffer::get (19 bytes)
Event: 1.095 Thread 0x00007fa2b40a2000 nmethod 25 0x00007fa2b1087e50 code [0x00007fa2b1087fc0, 0x00007fa2b1088118]
Event: 1.095 Thread 0x00007fa2b40a2000   26             java.nio.Buffer::nextGetIndex (31 bytes)
Event: 1.096 Thread 0x00007fa2b40a2000 nmethod 26 0x00007fa2b108d910 code [0x00007fa2b108da40, 0x00007fa2b108dab8]
Event: 1.096 Thread 0x00007fa2b40a2000   27             org.lwjgl.MemoryUtil$CharSequenceNT::charAt (28 bytes)
Event: 1.099 Thread 0x00007fa2b40a2000 nmethod 27 0x00007fa2b1089ad0 code [0x00007fa2b1089c20, 0x00007fa2b1089d18]
Event: 1.106 Thread 0x00007fa2b40a5000 nmethod 24 0x00007fa2b1088ed0 code [0x00007fa2b10890a0, 0x00007fa2b10895a0]
Event: 1.787 Thread 0x00007fa2b40a2000   28             org.lwjgl.opengl.Sync$RunningAvg::avg (37 bytes)
Event: 1.792 Thread 0x00007fa2b40a2000 nmethod 28 0x00007fa2b1095090 code [0x00007fa2b10951e0, 0x00007fa2b1095318]

GC Heap History (0 events):
No events

Deoptimization events (1 events):
Event: 0.284 Thread 0x00007fa2b400b000 Uncommon trap: reason=class_check action=maybe_recompile pc=0x00007fa2b1065280 method=java.util.Properties$LineReader.readLine()I @ 62

Internal exceptions (10 events):
Event: 1.383 Thread 0x00007fa2b42dd800 Threw 0x00000000e4be6d78 at /build/buildd/openjdk-7-7u51-2.4.4/build/openjdk/hotspot/src/share/vm/prims/jvm.cpp:1244
Event: 1.384 Thread 0x00007fa2b42dd800 Threw 0x00000000e4beafd8 at /build/buildd/openjdk-7-7u51-2.4.4/build/openjdk/hotspot/src/share/vm/prims/jvm.cpp:1244
Event: 1.385 Thread 0x00007fa2b42dd800 Threw 0x00000000e4bef808 at /build/buildd/openjdk-7-7u51-2.4.4/build/openjdk/hotspot/src/share/vm/prims/jvm.cpp:1244
Event: 1.386 Thread 0x00007fa2b42dd800 Threw 0x00000000e4bf47d0 at /build/buildd/openjdk-7-7u51-2.4.4/build/openjdk/hotspot/src/share/vm/prims/jvm.cpp:1244
Event: 1.390 Thread 0x00007fa2b42dd800 Threw 0x00000000e4bf83e8 at /build/buildd/openjdk-7-7u51-2.4.4/build/openjdk/hotspot/src/share/vm/prims/jvm.cpp:1244
Event: 1.392 Thread 0x00007fa2b42dd800 Threw 0x00000000e4bfe558 at /build/buildd/openjdk-7-7u51-2.4.4/build/openjdk/hotspot/src/share/vm/prims/jvm.cpp:1244
Event: 1.416 Thread 0x00007fa2b42dd800 Threw 0x00000000e4c02fa0 at /build/buildd/openjdk-7-7u51-2.4.4/build/openjdk/hotspot/src/share/vm/prims/jvm.cpp:1244
Event: 1.418 Thread 0x00007fa2b42dd800 Threw 0x00000000e4c08910 at /build/buildd/openjdk-7-7u51-2.4.4/build/openjdk/hotspot/src/share/vm/prims/jvm.cpp:1244
Event: 2.971 Thread 0x00007fa2b42dd800 Threw 0x00000000e4c10e40 at /build/buildd/openjdk-7-7u51-2.4.4/build/openjdk/hotspot/src/share/vm/prims/jvm.cpp:1244
Event: 2.973 Thread 0x00007fa2b42dd800 Threw 0x00000000e4c16540 at /build/buildd/openjdk-7-7u51-2.4.4/build/openjdk/hotspot/src/share/vm/prims/jvm.cpp:1244

Events (10 events):
Event: 1.416 loading class 0x00007fa258007120
Event: 1.416 loading class 0x00007fa258007120 done
Event: 1.418 loading class 0x00007fa25893c770
Event: 1.418 loading class 0x00007fa25893c770 done
Event: 2.971 loading class 0x00007fa2b4114e90
Event: 2.971 loading class 0x00007fa2b4114e90 done
Event: 2.973 loading class 0x00007fa2b4114f60
Event: 2.973 loading class 0x00007fa2b4114f60 done
Event: 2.975 loading class 0x00007fa2b898c570
Event: 2.975 loading class 0x00007fa2b898c570 done


Dynamic libraries:
00400000-00401000 r-xp 00000000 08:06 6035309                            /usr/lib/jvm/java-7-openjdk-amd64/jre/bin/java
00600000-00601000 r--p 00000000 08:06 6035309                            /usr/lib/jvm/java-7-openjdk-amd64/jre/bin/java
00601000-00602000 rw-p 00001000 08:06 6035309                            /usr/lib/jvm/java-7-openjdk-amd64/jre/bin/java
01102000-01123000 rw-p 00000000 00:00 0                                  [heap]
a1c00000-a3100000 rw-p 00000000 00:00 0 
a3100000-ac200000 rw-p 00000000 00:00 0 
ac200000-af980000 rw-p 00000000 00:00 0 
af980000-e4080000 rw-p 00000000 00:00 0 
e4080000-e5c80000 rw-p 00000000 00:00 0 
e5c80000-100000000 rw-p 00000000 00:00 0 
7fa24c000000-7fa24c021000 rw-p 00000000 00:00 0 
7fa24c021000-7fa250000000 ---p 00000000 00:00 0 
7fa254000000-7fa254021000 rw-p 00000000 00:00 0 
7fa254021000-7fa258000000 ---p 00000000 00:00 0 
7fa258000000-7fa258cc9000 rw-p 00000000 00:00 0 
7fa258cc9000-7fa25c000000 ---p 00000000 00:00 0 
7fa25c000000-7fa25c021000 rw-p 00000000 00:00 0 
7fa25c021000-7fa260000000 ---p 00000000 00:00 0 
7fa261ec0000-7fa263c5a000 r-xp 00000000 08:06 5904155                    /usr/lib/fglrx/dri/fglrx_dri.so
7fa263c5a000-7fa263d5a000 ---p 01d9a000 08:06 5904155                    /usr/lib/fglrx/dri/fglrx_dri.so
7fa263d5a000-7fa263ecd000 rwxp 01d9a000 08:06 5904155                    /usr/lib/fglrx/dri/fglrx_dri.so
7fa263ecd000-7fa263ff1000 rwxp 00000000 00:00 0 
7fa263ff8000-7fa267ff9000 rw-s 00000000 00:13 377427                     /run/shm/pulse-shm-1912097498
7fa268000000-7fa268021000 rw-p 00000000 00:00 0 
7fa268021000-7fa26c000000 ---p 00000000 00:00 0 
7fa26c5a8000-7fa26c7a8000 rw-s 04968000 00:05 12513                      /dev/ati/card0
7fa26c7ae000-7fa26c8ae000 rw-s 04966000 00:05 12513                      /dev/ati/card0
7fa26c8ae000-7fa26cfae000 rw-s 00006000 00:05 12513                      /dev/ati/card0
7fa26cfb5000-7fa26d002000 rw-p 00000000 00:00 0 
7fa26d03d000-7fa26d07d000 rw-s 00025000 00:05 12513                      /dev/ati/card0
7fa26d080000-7fa26d200000 rw-p 00000000 00:00 0 
7fa26d200000-7fa26d253000 r-xp 00000000 08:06 5904372                    /usr/lib/fglrx/libatiadlxx.so
7fa26d253000-7fa26d352000 ---p 00053000 08:06 5904372                    /usr/lib/fglrx/libatiadlxx.so
7fa26d352000-7fa26d35f000 rw-p 00052000 08:06 5904372                    /usr/lib/fglrx/libatiadlxx.so
7fa26d35f000-7fa26d36f000 rw-p 00000000 00:00 0 
7fa26d370000-7fa26d37f000 r-xp 00000000 08:06 5904170                    /usr/lib/fglrx/libatiuki.so.1.0
7fa26d37f000-7fa26d47f000 ---p 0000f000 08:06 5904170                    /usr/lib/fglrx/libatiuki.so.1.0
7fa26d47f000-7fa26d48b000 rw-p 0000f000 08:06 5904170                    /usr/lib/fglrx/libatiuki.so.1.0
7fa26d490000-7fa26d553000 r-xp 00000000 08:06 5904397                    /usr/lib/fglrx/libGL.so.1.2
7fa26d553000-7fa26d652000 ---p 000c3000 08:06 5904397                    /usr/lib/fglrx/libGL.so.1.2
7fa26d652000-7fa26d67a000 rwxp 000c2000 08:06 5904397                    /usr/lib/fglrx/libGL.so.1.2
7fa26d67a000-7fa26d69c000 rwxp 00000000 00:00 0 
7fa26d69d000-7fa26d6a0000 ---p 00000000 00:00 0 
7fa26d6a0000-7fa26d79e000 rw-p 00000000 00:00 0                          [stack:18666]
7fa26d79e000-7fa26d79f000 ---p 00000000 00:00 0 
7fa26d79f000-7fa26d89f000 rw-p 00000000 00:00 0                          [stack:18665]
7fa26d89f000-7fa26d8a0000 ---p 00000000 00:00 0 
7fa26d8a0000-7fa26e0a0000 rw-p 00000000 00:00 0                          [stack:18664]
7fa26e0a0000-7fa26e0a6000 r-xp 00000000 08:06 4988274                    /usr/lib/x86_64-linux-gnu/libogg.so.0.7.1
7fa26e0a6000-7fa26e2a5000 ---p 00006000 08:06 4988274                    /usr/lib/x86_64-linux-gnu/libogg.so.0.7.1
7fa26e2a5000-7fa26e2a6000 r--p 00005000 08:06 4988274                    /usr/lib/x86_64-linux-gnu/libogg.so.0.7.1
7fa26e2a6000-7fa26e2a7000 rw-p 00006000 08:06 4988274                    /usr/lib/x86_64-linux-gnu/libogg.so.0.7.1
7fa26e2a8000-7fa26e2d3000 r-xp 00000000 08:06 4988427                    /usr/lib/x86_64-linux-gnu/libvorbis.so.0.4.5
7fa26e2d3000-7fa26e4d2000 ---p 0002b000 08:06 4988427                    /usr/lib/x86_64-linux-gnu/libvorbis.so.0.4.5
7fa26e4d2000-7fa26e4d3000 r--p 0002a000 08:06 4988427                    /usr/lib/x86_64-linux-gnu/libvorbis.so.0.4.5
7fa26e4d3000-7fa26e4d4000 rw-p 0002b000 08:06 4988427                    /usr/lib/x86_64-linux-gnu/libvorbis.so.0.4.5
7fa26e4d8000-7fa26e78b000 r-xp 00000000 08:06 4988429                    /usr/lib/x86_64-linux-gnu/libvorbisenc.so.2.0.8
7fa26e78b000-7fa26e98a000 ---p 002b3000 08:06 4988429                    /usr/lib/x86_64-linux-gnu/libvorbisenc.so.2.0.8
7fa26e98a000-7fa26e9a6000 r--p 002b2000 08:06 4988429                    /usr/lib/x86_64-linux-gnu/libvorbisenc.so.2.0.8
7fa26e9a6000-7fa26e9a7000 rw-p 002ce000 08:06 4988429                    /usr/lib/x86_64-linux-gnu/libvorbisenc.so.2.0.8
7fa26e9a8000-7fa26e9f0000 r-xp 00000000 08:06 4987790                    /usr/lib/x86_64-linux-gnu/libFLAC.so.8.2.0
7fa26e9f0000-7fa26ebf0000 ---p 00048000 08:06 4987790                    /usr/lib/x86_64-linux-gnu/libFLAC.so.8.2.0
7fa26ebf0000-7fa26ebf1000 r--p 00048000 08:06 4987790                    /usr/lib/x86_64-linux-gnu/libFLAC.so.8.2.0
7fa26ebf1000-7fa26ebf2000 rw-p 00049000 08:06 4987790                    /usr/lib/x86_64-linux-gnu/libFLAC.so.8.2.0
7fa26ebf8000-7fa26ebfd000 r-xp 00000000 08:06 4987906                    /usr/lib/x86_64-linux-gnu/libasyncns.so.0.3.1
7fa26ebfd000-7fa26edfc000 ---p 00005000 08:06 4987906                    /usr/lib/x86_64-linux-gnu/libasyncns.so.0.3.1
7fa26edfc000-7fa26edfd000 r--p 00004000 08:06 4987906                    /usr/lib/x86_64-linux-gnu/libasyncns.so.0.3.1
7fa26edfd000-7fa26edfe000 rw-p 00005000 08:06 4987906                    /usr/lib/x86_64-linux-gnu/libasyncns.so.0.3.1
7fa26ee00000-7fa26ee60000 r-xp 00000000 08:06 4988369                    /usr/lib/x86_64-linux-gnu/libsndfile.so.1.0.25
7fa26ee60000-7fa26f060000 ---p 00060000 08:06 4988369                    /usr/lib/x86_64-linux-gnu/libsndfile.so.1.0.25
7fa26f060000-7fa26f062000 r--p 00060000 08:06 4988369                    /usr/lib/x86_64-linux-gnu/libsndfile.so.1.0.25
7fa26f062000-7fa26f063000 rw-p 00062000 08:06 4988369                    /usr/lib/x86_64-linux-gnu/libsndfile.so.1.0.25
7fa26f063000-7fa26f067000 rw-p 00000000 00:00 0 
7fa26f068000-7fa26f070000 r-xp 00000000 08:06 2887611                    /lib/x86_64-linux-gnu/libwrap.so.0.7.6
7fa26f070000-7fa26f26f000 ---p 00008000 08:06 2887611                    /lib/x86_64-linux-gnu/libwrap.so.0.7.6
7fa26f26f000-7fa26f270000 r--p 00007000 08:06 2887611                    /lib/x86_64-linux-gnu/libwrap.so.0.7.6
7fa26f270000-7fa26f271000 rw-p 00008000 08:06 2887611                    /lib/x86_64-linux-gnu/libwrap.so.0.7.6
7fa26f278000-7fa26f2d4000 r-xp 00000000 08:06 4988332                    /usr/lib/x86_64-linux-gnu/libpulsecommon-1.1.so
7fa26f2d4000-7fa26f4d4000 ---p 0005c000 08:06 4988332                    /usr/lib/x86_64-linux-gnu/libpulsecommon-1.1.so
7fa26f4d4000-7fa26f4d5000 r--p 0005c000 08:06 4988332                    /usr/lib/x86_64-linux-gnu/libpulsecommon-1.1.so
7fa26f4d5000-7fa26f4d6000 rw-p 0005d000 08:06 4988332                    /usr/lib/x86_64-linux-gnu/libpulsecommon-1.1.so
7fa26f4d8000-7fa26f4df000 r-xp 00000000 08:06 4988209                    /usr/lib/x86_64-linux-gnu/libjson.so.0.0.1
7fa26f4df000-7fa26f6de000 ---p 00007000 08:06 4988209                    /usr/lib/x86_64-linux-gnu/libjson.so.0.0.1
7fa26f6de000-7fa26f6df000 r--p 00006000 08:06 4988209                    /usr/lib/x86_64-linux-gnu/libjson.so.0.0.1
7fa26f6df000-7fa26f6e0000 rw-p 00007000 08:06 4988209                    /usr/lib/x86_64-linux-gnu/libjson.so.0.0.1
7fa26f6e0000-7fa26f726000 r-xp 00000000 08:06 4988331                    /usr/lib/x86_64-linux-gnu/libpulse.so.0.13.5
7fa26f726000-7fa26f926000 ---p 00046000 08:06 4988331                    /usr/lib/x86_64-linux-gnu/libpulse.so.0.13.5
7fa26f926000-7fa26f927000 r--p 00046000 08:06 4988331                    /usr/lib/x86_64-linux-gnu/libpulse.so.0.13.5
7fa26f927000-7fa26f928000 rw-p 00047000 08:06 4988331                    /usr/lib/x86_64-linux-gnu/libpulse.so.0.13.5
7fa26f928000-7fa26f97d000 r-xp 00000000 08:06 2621948                    /tmp/libgdxabaratham/7b43be9b/libopenal64.so
7fa26f97d000-7fa26fb7c000 ---p 00055000 08:06 2621948                    /tmp/libgdxabaratham/7b43be9b/libopenal64.so
7fa26fb7c000-7fa26fb7f000 r--p 00054000 08:06 2621948                    /tmp/libgdxabaratham/7b43be9b/libopenal64.so
7fa26fb7f000-7fa26fb80000 rw-p 00057000 08:06 2621948                    /tmp/libgdxabaratham/7b43be9b/libopenal64.so
7fa26fb80000-7fa26fb81000 rw-p 00000000 00:00 0 
7fa26fb88000-7fa26fb8c000 r-xp 00000000 08:06 4987888                    /usr/lib/x86_64-linux-gnu/libXxf86vm.so.1.0.0
7fa26fb8c000-7fa26fd8b000 ---p 00004000 08:06 4987888                    /usr/lib/x86_64-linux-gnu/libXxf86vm.so.1.0.0
7fa26fd8b000-7fa26fd8c000 r--p 00003000 08:06 4987888                    /usr/lib/x86_64-linux-gnu/libXxf86vm.so.1.0.0
7fa26fd8c000-7fa26fd8d000 rw-p 00004000 08:06 4987888                    /usr/lib/x86_64-linux-gnu/libXxf86vm.so.1.0.0
7fa26fd90000-7fa26fdfc000 r-xp 00000000 08:06 2621946                    /tmp/libgdxabaratham/7b43be9b/liblwjgl64.so
7fa26fdfc000-7fa26fffb000 ---p 0006c000 08:06 2621946                    /tmp/libgdxabaratham/7b43be9b/liblwjgl64.so
7fa26fffb000-7fa26fffd000 r--p 0006b000 08:06 2621946                    /tmp/libgdxabaratham/7b43be9b/liblwjgl64.so
7fa26fffd000-7fa26fffe000 rw-p 0006d000 08:06 2621946                    /tmp/libgdxabaratham/7b43be9b/liblwjgl64.so
7fa270000000-7fa270021000 rw-p 00000000 00:00 0 
7fa270021000-7fa274000000 ---p 00000000 00:00 0 
7fa274028000-7fa2740e8000 rw-p 00000000 00:00 0 
7fa2740e8000-7fa2740e9000 r-xp 00000000 08:06 6192760                    /usr/lib/jvm/java-7-openjdk-amd64/jre/lib/amd64/libjawt.so
7fa2740e9000-7fa2742e8000 ---p 00001000 08:06 6192760                    /usr/lib/jvm/java-7-openjdk-amd64/jre/lib/amd64/libjawt.so
7fa2742e8000-7fa2742e9000 r--p 00000000 08:06 6192760                    /usr/lib/jvm/java-7-openjdk-amd64/jre/lib/amd64/libjawt.so
7fa2742e9000-7fa2742ea000 rw-p 00001000 08:06 6192760                    /usr/lib/jvm/java-7-openjdk-amd64/jre/lib/amd64/libjawt.so
7fa2742ee000-7fa2742f1000 ---p 00000000 00:00 0 
7fa2742f1000-7fa2743ef000 rw-p 00000000 00:00 0                          [stack:18662]
7fa2743ef000-7fa2743f2000 ---p 00000000 00:00 0 
7fa2743f2000-7fa2744f0000 rw-p 00000000 00:00 0                          [stack:18661]
7fa2744f0000-7fa2744f3000 r-xp 00000000 08:06 2887529                    /lib/x86_64-linux-gnu/libgpg-error.so.0.8.0
7fa2744f3000-7fa2746f2000 ---p 00003000 08:06 2887529                    /lib/x86_64-linux-gnu/libgpg-error.so.0.8.0
7fa2746f2000-7fa2746f3000 r--p 00002000 08:06 2887529                    /lib/x86_64-linux-gnu/libgpg-error.so.0.8.0
7fa2746f3000-7fa2746f4000 rw-p 00003000 08:06 2887529                    /lib/x86_64-linux-gnu/libgpg-error.so.0.8.0
7fa2746f8000-7fa2746fb000 r-xp 00000000 08:06 2887533                    /lib/x86_64-linux-gnu/libkeyutils.so.1.4
7fa2746fb000-7fa2748fa000 ---p 00003000 08:06 2887533                    /lib/x86_64-linux-gnu/libkeyutils.so.1.4
7fa2748fa000-7fa2748fb000 r--p 00002000 08:06 2887533                    /lib/x86_64-linux-gnu/libkeyutils.so.1.4
7fa2748fb000-7fa2748fc000 rw-p 00003000 08:06 2887533                    /lib/x86_64-linux-gnu/libkeyutils.so.1.4
7fa274900000-7fa274942000 r-xp 00000000 08:06 2887514                    /lib/x86_64-linux-gnu/libdbus-1.so.3.5.8
7fa274942000-7fa274b42000 ---p 00042000 08:06 2887514                    /lib/x86_64-linux-gnu/libdbus-1.so.3.5.8
7fa274b42000-7fa274b43000 r--p 00042000 08:06 2887514                    /lib/x86_64-linux-gnu/libdbus-1.so.3.5.8
7fa274b43000-7fa274b44000 rw-p 00043000 08:06 2887514                    /lib/x86_64-linux-gnu/libdbus-1.so.3.5.8
7fa274b48000-7fa274b59000 r-xp 00000000 08:06 4988280                    /usr/lib/x86_64-linux-gnu/libp11-kit.so.0.0.0
7fa274b59000-7fa274d58000 ---p 00011000 08:06 4988280                    /usr/lib/x86_64-linux-gnu/libp11-kit.so.0.0.0
7fa274d58000-7fa274d59000 r--p 00010000 08:06 4988280                    /usr/lib/x86_64-linux-gnu/libp11-kit.so.0.0.0
7fa274d59000-7fa274d5a000 rw-p 00011000 08:06 4988280                    /usr/lib/x86_64-linux-gnu/libp11-kit.so.0.0.0
7fa274d60000-7fa274dda000 r-xp 00000000 08:06 2887525                    /lib/x86_64-linux-gnu/libgcrypt.so.11.7.0
7fa274dda000-7fa274fda000 ---p 0007a000 08:06 2887525                    /lib/x86_64-linux-gnu/libgcrypt.so.11.7.0
7fa274fda000-7fa274fdb000 r--p 0007a000 08:06 2887525                    /lib/x86_64-linux-gnu/libgcrypt.so.11.7.0
7fa274fdb000-7fa274fde000 rw-p 0007b000 08:06 2887525                    /lib/x86_64-linux-gnu/libgcrypt.so.11.7.0
7fa274fe0000-7fa274ff0000 r-xp 00000000 08:06 4988397                    /usr/lib/x86_64-linux-gnu/libtasn1.so.3.1.12
7fa274ff0000-7fa2751ef000 ---p 00010000 08:06 4988397                    /usr/lib/x86_64-linux-gnu/libtasn1.so.3.1.12
7fa2751ef000-7fa2751f0000 r--p 0000f000 08:06 4988397                    /usr/lib/x86_64-linux-gnu/libtasn1.so.3.1.12
7fa2751f0000-7fa2751f1000 rw-p 00010000 08:06 4988397                    /usr/lib/x86_64-linux-gnu/libtasn1.so.3.1.12
7fa2751f8000-7fa2751ff000 r-xp 00000000 08:06 4988217                    /usr/lib/x86_64-linux-gnu/libkrb5support.so.0.1
7fa2751ff000-7fa2753fe000 ---p 00007000 08:06 4988217                    /usr/lib/x86_64-linux-gnu/libkrb5support.so.0.1
7fa2753fe000-7fa2753ff000 r--p 00006000 08:06 4988217                    /usr/lib/x86_64-linux-gnu/libkrb5support.so.0.1
7fa2753ff000-7fa275400000 rw-p 00007000 08:06 4988217                    /usr/lib/x86_64-linux-gnu/libkrb5support.so.0.1
7fa275400000-7fa275403000 r-xp 00000000 08:06 2887509                    /lib/x86_64-linux-gnu/libcom_err.so.2.1
7fa275403000-7fa275602000 ---p 00003000 08:06 2887509                    /lib/x86_64-linux-gnu/libcom_err.so.2.1
7fa275602000-7fa275603000 r--p 00002000 08:06 2887509                    /lib/x86_64-linux-gnu/libcom_err.so.2.1
7fa275603000-7fa275604000 rw-p 00003000 08:06 2887509                    /lib/x86_64-linux-gnu/libcom_err.so.2.1
7fa275608000-7fa27562d000 r-xp 00000000 08:06 4988211                    /usr/lib/x86_64-linux-gnu/libk5crypto.so.3.1
7fa27562d000-7fa27582d000 ---p 00025000 08:06 4988211                    /usr/lib/x86_64-linux-gnu/libk5crypto.so.3.1
7fa27582d000-7fa27582e000 r--p 00025000 08:06 4988211                    /usr/lib/x86_64-linux-gnu/libk5crypto.so.3.1
7fa27582e000-7fa27582f000 rw-p 00026000 08:06 4988211                    /usr/lib/x86_64-linux-gnu/libk5crypto.so.3.1
7fa27582f000-7fa275830000 rw-p 00000000 00:00 0 
7fa275830000-7fa2758f4000 r-xp 00000000 08:06 4988215                    /usr/lib/x86_64-linux-gnu/libkrb5.so.3.3
7fa2758f4000-7fa275af3000 ---p 000c4000 08:06 4988215                    /usr/lib/x86_64-linux-gnu/libkrb5.so.3.3
7fa275af3000-7fa275afd000 r--p 000c3000 08:06 4988215                    /usr/lib/x86_64-linux-gnu/libkrb5.so.3.3
7fa275afd000-7fa275afe000 rw-p 000cd000 08:06 4988215                    /usr/lib/x86_64-linux-gnu/libkrb5.so.3.3
7fa275b00000-7fa275b08000 r-xp 00000000 08:06 4988454                    /usr/lib/x86_64-linux-gnu/libxcb-render.so.0.0.0
7fa275b08000-7fa275d08000 ---p 00008000 08:06 4988454                    /usr/lib/x86_64-linux-gnu/libxcb-render.so.0.0.0
7fa275d08000-7fa275d09000 r--p 00008000 08:06 4988454                    /usr/lib/x86_64-linux-gnu/libxcb-render.so.0.0.0
7fa275d09000-7fa275d0a000 rw-p 00009000 08:06 4988454                    /usr/lib/x86_64-linux-gnu/libxcb-render.so.0.0.0
7fa275d10000-7fa275d12000 r-xp 00000000 08:06 4988458                    /usr/lib/x86_64-linux-gnu/libxcb-shm.so.0.0.0
7fa275d12000-7fa275f11000 ---p 00002000 08:06 4988458                    /usr/lib/x86_64-linux-gnu/libxcb-shm.so.0.0.0
7fa275f11000-7fa275f12000 r--p 00001000 08:06 4988458                    /usr/lib/x86_64-linux-gnu/libxcb-shm.so.0.0.0
7fa275f12000-7fa275f13000 rw-p 00002000 08:06 4988458                    /usr/lib/x86_64-linux-gnu/libxcb-shm.so.0.0.0
7fa275f18000-7fa275f3e000 r-xp 00000000 08:06 2887579                    /lib/x86_64-linux-gnu/libpng12.so.0.46.0
7fa275f3e000-7fa27613e000 ---p 00026000 08:06 2887579                    /lib/x86_64-linux-gnu/libpng12.so.0.46.0
7fa27613e000-7fa27613f000 r--p 00026000 08:06 2887579                    /lib/x86_64-linux-gnu/libpng12.so.0.46.0
7fa27613f000-7fa276140000 rw-p 00027000 08:06 2887579                    /lib/x86_64-linux-gnu/libpng12.so.0.46.0
7fa276140000-7fa2761d0000 r-xp 00000000 08:06 4988306                    /usr/lib/x86_64-linux-gnu/libpixman-1.so.0.30.2
7fa2761d0000-7fa2763cf000 ---p 00090000 08:06 4988306                    /usr/lib/x86_64-linux-gnu/libpixman-1.so.0.30.2
7fa2763cf000-7fa2763d6000 r--p 0008f000 08:06 4988306                    /usr/lib/x86_64-linux-gnu/libpixman-1.so.0.30.2
7fa2763d6000-7fa2763d7000 rw-p 00096000 08:06 4988306                    /usr/lib/x86_64-linux-gnu/libpixman-1.so.0.30.2
7fa2763d8000-7fa2763dd000 r-xp 00000000 08:06 4987856                    /usr/lib/x86_64-linux-gnu/libXdmcp.so.6.0.0
7fa2763dd000-7fa2765dc000 ---p 00005000 08:06 4987856                    /usr/lib/x86_64-linux-gnu/libXdmcp.so.6.0.0
7fa2765dc000-7fa2765dd000 r--p 00004000 08:06 4987856                    /usr/lib/x86_64-linux-gnu/libXdmcp.so.6.0.0
7fa2765dd000-7fa2765de000 rw-p 00005000 08:06 4987856                    /usr/lib/x86_64-linux-gnu/libXdmcp.so.6.0.0
7fa2765e0000-7fa2765e2000 r-xp 00000000 08:06 4987845                    /usr/lib/x86_64-linux-gnu/libXau.so.6.0.0
7fa2765e2000-7fa2767e1000 ---p 00002000 08:06 4987845                    /usr/lib/x86_64-linux-gnu/libXau.so.6.0.0
7fa2767e1000-7fa2767e2000 r--p 00001000 08:06 4987845                    /usr/lib/x86_64-linux-gnu/libXau.so.6.0.0
7fa2767e2000-7fa2767e3000 rw-p 00002000 08:06 4987845                    /usr/lib/x86_64-linux-gnu/libXau.so.6.0.0
7fa2767e8000-7fa2767f8000 r-xp 00000000 08:06 4987916                    /usr/lib/x86_64-linux-gnu/libavahi-client.so.3.2.9
7fa2767f8000-7fa2769f7000 ---p 00010000 08:06 4987916                    /usr/lib/x86_64-linux-gnu/libavahi-client.so.3.2.9
7fa2769f7000-7fa2769f8000 r--p 0000f000 08:06 4987916                    /usr/lib/x86_64-linux-gnu/libavahi-client.so.3.2.9
7fa2769f8000-7fa2769f9000 rw-p 00010000 08:06 4987916                    /usr/lib/x86_64-linux-gnu/libavahi-client.so.3.2.9
7fa276a00000-7fa276a0b000 r-xp 00000000 08:06 4987918                    /usr/lib/x86_64-linux-gnu/libavahi-common.so.3.5.3
7fa276a0b000-7fa276c0a000 ---p 0000b000 08:06 4987918                    /usr/lib/x86_64-linux-gnu/libavahi-common.so.3.5.3
7fa276c0a000-7fa276c0b000 r--p 0000a000 08:06 4987918                    /usr/lib/x86_64-linux-gnu/libavahi-common.so.3.5.3
7fa276c0b000-7fa276c0c000 rw-p 0000b000 08:06 4987918                    /usr/lib/x86_64-linux-gnu/libavahi-common.so.3.5.3
7fa276c10000-7fa276cc4000 r-xp 00000000 08:06 4992055                    /usr/lib/x86_64-linux-gnu/libgnutls.so.26.21.8
7fa276cc4000-7fa276ec4000 ---p 000b4000 08:06 4992055                    /usr/lib/x86_64-linux-gnu/libgnutls.so.26.21.8
7fa276ec4000-7fa276eca000 r--p 000b4000 08:06 4992055                    /usr/lib/x86_64-linux-gnu/libgnutls.so.26.21.8
7fa276eca000-7fa276ecb000 rw-p 000ba000 08:06 4992055                    /usr/lib/x86_64-linux-gnu/libgnutls.so.26.21.8
7fa276ecb000-7fa276ecc000 rw-p 00000000 00:00 0 
7fa276ed0000-7fa276f0b000 r-xp 00000000 08:06 4988122                    /usr/lib/x86_64-linux-gnu/libgssapi_krb5.so.2.2
7fa276f0b000-7fa27710b000 ---p 0003b000 08:06 4988122                    /usr/lib/x86_64-linux-gnu/libgssapi_krb5.so.2.2
7fa27710b000-7fa27710c000 r--p 0003b000 08:06 4988122                    /usr/lib/x86_64-linux-gnu/libgssapi_krb5.so.2.2
7fa27710c000-7fa27710e000 rw-p 0003c000 08:06 4988122                    /usr/lib/x86_64-linux-gnu/libgssapi_krb5.so.2.2
7fa277110000-7fa27714c000 r-xp 00000000 08:06 2887575                    /lib/x86_64-linux-gnu/libpcre.so.3.12.1
7fa27714c000-7fa27734b000 ---p 0003c000 08:06 2887575                    /lib/x86_64-linux-gnu/libpcre.so.3.12.1
7fa27734b000-7fa27734c000 r--p 0003b000 08:06 2887575                    /lib/x86_64-linux-gnu/libpcre.so.3.12.1
7fa27734c000-7fa27734d000 rw-p 0003c000 08:06 2887575                    /lib/x86_64-linux-gnu/libpcre.so.3.12.1
7fa277350000-7fa277357000 r-xp 00000000 08:06 4988038                    /usr/lib/x86_64-linux-gnu/libffi.so.6.0.0
7fa277357000-7fa277556000 ---p 00007000 08:06 4988038                    /usr/lib/x86_64-linux-gnu/libffi.so.6.0.0
7fa277556000-7fa277557000 r--p 00006000 08:06 4988038                    /usr/lib/x86_64-linux-gnu/libffi.so.6.0.0
7fa277557000-7fa277558000 rw-p 00007000 08:06 4988038                    /usr/lib/x86_64-linux-gnu/libffi.so.6.0.0
7fa277558000-7fa27757f000 r-xp 00000000 08:06 2887520                    /lib/x86_64-linux-gnu/libexpat.so.1.5.2
7fa27757f000-7fa27777f000 ---p 00027000 08:06 2887520                    /lib/x86_64-linux-gnu/libexpat.so.1.5.2
7fa27777f000-7fa277781000 r--p 00027000 08:06 2887520                    /lib/x86_64-linux-gnu/libexpat.so.1.5.2
7fa277781000-7fa277782000 rw-p 00029000 08:06 2887520                    /lib/x86_64-linux-gnu/libexpat.so.1.5.2
7fa277788000-7fa27781e000 r-xp 00000000 08:06 4988048                    /usr/lib/x86_64-linux-gnu/libfreetype.so.6.8.0
7fa27781e000-7fa277a1d000 ---p 00096000 08:06 4988048                    /usr/lib/x86_64-linux-gnu/libfreetype.so.6.8.0
7fa277a1d000-7fa277a23000 r--p 00095000 08:06 4988048                    /usr/lib/x86_64-linux-gnu/libfreetype.so.6.8.0
7fa277a23000-7fa277a24000 rw-p 0009b000 08:06 4988048                    /usr/lib/x86_64-linux-gnu/libfreetype.so.6.8.0
7fa277a28000-7fa277a40000 r-xp 00000000 08:06 2887586                    /lib/x86_64-linux-gnu/libresolv-2.15.so
7fa277a40000-7fa277c40000 ---p 00018000 08:06 2887586                    /lib/x86_64-linux-gnu/libresolv-2.15.so
7fa277c40000-7fa277c41000 r--p 00018000 08:06 2887586                    /lib/x86_64-linux-gnu/libresolv-2.15.so
7fa277c41000-7fa277c42000 rw-p 00019000 08:06 2887586                    /lib/x86_64-linux-gnu/libresolv-2.15.so
7fa277c42000-7fa277c44000 rw-p 00000000 00:00 0 
7fa277c48000-7fa277c65000 r-xp 00000000 08:06 2887590                    /lib/x86_64-linux-gnu/libselinux.so.1
7fa277c65000-7fa277e64000 ---p 0001d000 08:06 2887590                    /lib/x86_64-linux-gnu/libselinux.so.1
7fa277e64000-7fa277e65000 r--p 0001c000 08:06 2887590                    /lib/x86_64-linux-gnu/libselinux.so.1
7fa277e65000-7fa277e66000 rw-p 0001d000 08:06 2887590                    /lib/x86_64-linux-gnu/libselinux.so.1
7fa277e66000-7fa277e67000 rw-p 00000000 00:00 0 
7fa277e68000-7fa277e6b000 r-xp 00000000 08:06 4988095                    /usr/lib/x86_64-linux-gnu/libgmodule-2.0.so.0.3200.4
7fa277e6b000-7fa27806a000 ---p 00003000 08:06 4988095                    /usr/lib/x86_64-linux-gnu/libgmodule-2.0.so.0.3200.4
7fa27806a000-7fa27806b000 r--p 00002000 08:06 4988095                    /usr/lib/x86_64-linux-gnu/libgmodule-2.0.so.0.3200.4
7fa27806b000-7fa27806c000 rw-p 00003000 08:06 4988095                    /usr/lib/x86_64-linux-gnu/libgmodule-2.0.so.0.3200.4
7fa278070000-7fa278072000 r-xp 00000000 08:06 4987854                    /usr/lib/x86_64-linux-gnu/libXdamage.so.1.1.0
7fa278072000-7fa278271000 ---p 00002000 08:06 4987854                    /usr/lib/x86_64-linux-gnu/libXdamage.so.1.1.0
7fa278271000-7fa278272000 r--p 00001000 08:06 4987854                    /usr/lib/x86_64-linux-gnu/libXdamage.so.1.1.0
7fa278272000-7fa278273000 rw-p 00002000 08:06 4987854                    /usr/lib/x86_64-linux-gnu/libXdamage.so.1.1.0
7fa278278000-7fa27827a000 r-xp 00000000 08:06 4987850                    /usr/lib/x86_64-linux-gnu/libXcomposite.so.1.0.0
7fa27827a000-7fa278479000 ---p 00002000 08:06 4987850                    /usr/lib/x86_64-linux-gnu/libXcomposite.so.1.0.0
7fa278479000-7fa27847a000 r--p 00001000 08:06 4987850                    /usr/lib/x86_64-linux-gnu/libXcomposite.so.1.0.0
7fa27847a000-7fa27847b000 rw-p 00002000 08:06 4987850                    /usr/lib/x86_64-linux-gnu/libXcomposite.so.1.0.0
7fa278480000-7fa278489000 r-xp 00000000 08:06 4987852                    /usr/lib/x86_64-linux-gnu/libXcursor.so.1.0.2
7fa278489000-7fa278688000 ---p 00009000 08:06 4987852                    /usr/lib/x86_64-linux-gnu/libXcursor.so.1.0.2
7fa278688000-7fa278689000 r--p 00008000 08:06 4987852                    /usr/lib/x86_64-linux-gnu/libXcursor.so.1.0.2
7fa278689000-7fa27868a000 rw-p 00009000 08:06 4987852                    /usr/lib/x86_64-linux-gnu/libXcursor.so.1.0.2
7fa278690000-7fa278697000 r-xp 00000000 08:06 4987876                    /usr/lib/x86_64-linux-gnu/libXrandr.so.2.2.0
7fa278697000-7fa278896000 ---p 00007000 08:06 4987876                    /usr/lib/x86_64-linux-gnu/libXrandr.so.2.2.0
7fa278896000-7fa278897000 r--p 00006000 08:06 4987876                    /usr/lib/x86_64-linux-gnu/libXrandr.so.2.2.0
7fa278897000-7fa278898000 rw-p 00007000 08:06 4987876                    /usr/lib/x86_64-linux-gnu/libXrandr.so.2.2.0
7fa278898000-7fa27889a000 r-xp 00000000 08:06 4987866                    /usr/lib/x86_64-linux-gnu/libXinerama.so.1.0.0
7fa27889a000-7fa278a99000 ---p 00002000 08:06 4987866                    /usr/lib/x86_64-linux-gnu/libXinerama.so.1.0.0
7fa278a99000-7fa278a9a000 r--p 00001000 08:06 4987866                    /usr/lib/x86_64-linux-gnu/libXinerama.so.1.0.0
7fa278a9a000-7fa278a9b000 rw-p 00002000 08:06 4987866                    /usr/lib/x86_64-linux-gnu/libXinerama.so.1.0.0
7fa278aa0000-7fa278ac9000 r-xp 00000000 08:06 4988290                    /usr/lib/x86_64-linux-gnu/libpangoft2-1.0.so.0.3000.0
7fa278ac9000-7fa278cc8000 ---p 00029000 08:06 4988290                    /usr/lib/x86_64-linux-gnu/libpangoft2-1.0.so.0.3000.0
7fa278cc8000-7fa278cc9000 r--p 00028000 08:06 4988290                    /usr/lib/x86_64-linux-gnu/libpangoft2-1.0.so.0.3000.0
7fa278cc9000-7fa278cca000 rw-p 00029000 08:06 4988290                    /usr/lib/x86_64-linux-gnu/libpangoft2-1.0.so.0.3000.0
7fa278cd0000-7fa278d89000 r-xp 00000000 08:06 4987946                    /usr/lib/x86_64-linux-gnu/libcairo.so.2.11000.2
7fa278d89000-7fa278f88000 ---p 000b9000 08:06 4987946                    /usr/lib/x86_64-linux-gnu/libcairo.so.2.11000.2
7fa278f88000-7fa278f8a000 r--p 000b8000 08:06 4987946                    /usr/lib/x86_64-linux-gnu/libcairo.so.2.11000.2
7fa278f8a000-7fa278f8b000 rw-p 000ba000 08:06 4987946                    /usr/lib/x86_64-linux-gnu/libcairo.so.2.11000.2
7fa278f8b000-7fa278f8e000 rw-p 00000000 00:00 0 
7fa278f90000-7fa278faf000 r-xp 00000000 08:06 4987908                    /usr/lib/x86_64-linux-gnu/libatk-1.0.so.0.20409.1
7fa278faf000-7fa2791af000 ---p 0001f000 08:06 4987908                    /usr/lib/x86_64-linux-gnu/libatk-1.0.so.0.20409.1
7fa2791af000-7fa2791b1000 r--p 0001f000 08:06 4987908                    /usr/lib/x86_64-linux-gnu/libatk-1.0.so.0.20409.1
7fa2791b1000-7fa2791b2000 rw-p 00021000 08:06 4987908                    /usr/lib/x86_64-linux-gnu/libatk-1.0.so.0.20409.1
7fa2791b8000-7fa2791bd000 r-xp 00000000 08:06 4987860                    /usr/lib/x86_64-linux-gnu/libXfixes.so.3.1.0
7fa2791bd000-7fa2793bc000 ---p 00005000 08:06 4987860                    /usr/lib/x86_64-linux-gnu/libXfixes.so.3.1.0
7fa2793bc000-7fa2793bd000 r--p 00004000 08:06 4987860                    /usr/lib/x86_64-linux-gnu/libXfixes.so.3.1.0
7fa2793bd000-7fa2793be000 rw-p 00005000 08:06 4987860                    /usr/lib/x86_64-linux-gnu/libXfixes.so.3.1.0
7fa2793c0000-7fa2793cb000 r-xp 00000000 08:06 4988288                    /usr/lib/x86_64-linux-gnu/libpangocairo-1.0.so.0.3000.0
7fa2793cb000-7fa2795ca000 ---p 0000b000 08:06 4988288                    /usr/lib/x86_64-linux-gnu/libpangocairo-1.0.so.0.3000.0
7fa2795ca000-7fa2795cb000 r--p 0000a000 08:06 4988288                    /usr/lib/x86_64-linux-gnu/libpangocairo-1.0.so.0.3000.0
7fa2795cb000-7fa2795cc000 rw-p 0000b000 08:06 4988288                    /usr/lib/x86_64-linux-gnu/libpangocairo-1.0.so.0.3000.0
7fa2795d0000-7fa2795ed000 r-xp 00000000 08:06 4988464                    /usr/lib/x86_64-linux-gnu/libxcb.so.1.1.0
7fa2795ed000-7fa2797ec000 ---p 0001d000 08:06 4988464                    /usr/lib/x86_64-linux-gnu/libxcb.so.1.1.0
7fa2797ec000-7fa2797ed000 r--p 0001c000 08:06 4988464                    /usr/lib/x86_64-linux-gnu/libxcb.so.1.1.0
7fa2797ed000-7fa2797ee000 rw-p 0001d000 08:06 4988464                    /usr/lib/x86_64-linux-gnu/libxcb.so.1.1.0
7fa2797f0000-7fa279840000 r-xp 00000000 08:06 4987970                    /usr/lib/x86_64-linux-gnu/libcups.so.2
7fa279840000-7fa279a3f000 ---p 00050000 08:06 4987970                    /usr/lib/x86_64-linux-gnu/libcups.so.2
7fa279a3f000-7fa279a43000 r--p 0004f000 08:06 4987970                    /usr/lib/x86_64-linux-gnu/libcups.so.2
7fa279a43000-7fa279a44000 rw-p 00053000 08:06 4987970                    /usr/lib/x86_64-linux-gnu/libcups.so.2
7fa279a48000-7fa279b3a000 r-xp 00000000 08:06 2887527                    /lib/x86_64-linux-gnu/libglib-2.0.so.0.3200.4
7fa279b3a000-7fa279d3a000 ---p 000f2000 08:06 2887527                    /lib/x86_64-linux-gnu/libglib-2.0.so.0.3200.4
7fa279d3a000-7fa279d3b000 r--p 000f2000 08:06 2887527                    /lib/x86_64-linux-gnu/libglib-2.0.so.0.3200.4
7fa279d3b000-7fa279d3c000 rw-p 000f3000 08:06 2887527                    /lib/x86_64-linux-gnu/libglib-2.0.so.0.3200.4
7fa279d3c000-7fa279d3d000 rw-p 00000000 00:00 0 
7fa279d40000-7fa279d41000 r-xp 00000000 08:06 4988166                    /usr/lib/x86_64-linux-gnu/libgthread-2.0.so.0.3200.4
7fa279d41000-7fa279f40000 ---p 00001000 08:06 4988166                    /usr/lib/x86_64-linux-gnu/libgthread-2.0.so.0.3200.4
7fa279f40000-7fa279f41000 r--p 00000000 08:06 4988166                    /usr/lib/x86_64-linux-gnu/libgthread-2.0.so.0.3200.4
7fa279f41000-7fa279f42000 rw-p 00001000 08:06 4988166                    /usr/lib/x86_64-linux-gnu/libgthread-2.0.so.0.3200.4
7fa279f48000-7fa279f95000 r-xp 00000000 08:06 4988109                    /usr/lib/x86_64-linux-gnu/libgobject-2.0.so.0.3200.4
7fa279f95000-7fa27a195000 ---p 0004d000 08:06 4988109                    /usr/lib/x86_64-linux-gnu/libgobject-2.0.so.0.3200.4
7fa27a195000-7fa27a196000 r--p 0004d000 08:06 4988109                    /usr/lib/x86_64-linux-gnu/libgobject-2.0.so.0.3200.4
7fa27a196000-7fa27a197000 rw-p 0004e000 08:06 4988109                    /usr/lib/x86_64-linux-gnu/libgobject-2.0.so.0.3200.4
7fa27a198000-7fa27a1cc000 r-xp 00000000 08:06 4988040                    /usr/lib/x86_64-linux-gnu/libfontconfig.so.1.4.4
7fa27a1cc000-7fa27a3cc000 ---p 00034000 08:06 4988040                    /usr/lib/x86_64-linux-gnu/libfontconfig.so.1.4.4
7fa27a3cc000-7fa27a3cd000 r--p 00034000 08:06 4988040                    /usr/lib/x86_64-linux-gnu/libfontconfig.so.1.4.4
7fa27a3cd000-7fa27a3ce000 rw-p 00035000 08:06 4988040                    /usr/lib/x86_64-linux-gnu/libfontconfig.so.1.4.4
7fa27a3d0000-7fa27a416000 r-xp 00000000 08:06 4988286                    /usr/lib/x86_64-linux-gnu/libpango-1.0.so.0.3000.0
7fa27a416000-7fa27a616000 ---p 00046000 08:06 4988286                    /usr/lib/x86_64-linux-gnu/libpango-1.0.so.0.3000.0
7fa27a616000-7fa27a618000 r--p 00046000 08:06 4988286                    /usr/lib/x86_64-linux-gnu/libpango-1.0.so.0.3000.0
7fa27a618000-7fa27a619000 rw-p 00048000 08:06 4988286                    /usr/lib/x86_64-linux-gnu/libpango-1.0.so.0.3000.0
7fa27a620000-7fa27a63e000 r-xp 00000000 08:06 4988071                    /usr/lib/x86_64-linux-gnu/libgdk_pixbuf-2.0.so.0.2600.1
7fa27a63e000-7fa27a83e000 ---p 0001e000 08:06 4988071                    /usr/lib/x86_64-linux-gnu/libgdk_pixbuf-2.0.so.0.2600.1
7fa27a83e000-7fa27a83f000 r--p 0001e000 08:06 4988071                    /usr/lib/x86_64-linux-gnu/libgdk_pixbuf-2.0.so.0.2600.1
7fa27a83f000-7fa27a840000 rw-p 0001f000 08:06 4988071                    /usr/lib/x86_64-linux-gnu/libgdk_pixbuf-2.0.so.0.2600.1
7fa27a840000-7fa27a988000 r-xp 00000000 08:06 4988083                    /usr/lib/x86_64-linux-gnu/libgio-2.0.so.0.3200.4
7fa27a988000-7fa27ab87000 ---p 00148000 08:06 4988083                    /usr/lib/x86_64-linux-gnu/libgio-2.0.so.0.3200.4
7fa27ab87000-7fa27ab8b000 r--p 00147000 08:06 4988083                    /usr/lib/x86_64-linux-gnu/libgio-2.0.so.0.3200.4
7fa27ab8b000-7fa27ab8d000 rw-p 0014b000 08:06 4988083                    /usr/lib/x86_64-linux-gnu/libgio-2.0.so.0.3200.4
7fa27ab8d000-7fa27ab8f000 rw-p 00000000 00:00 0 
7fa27ab90000-7fa27ac3d000 r-xp 00000000 08:06 4988069                    /usr/lib/x86_64-linux-gnu/libgdk-x11-2.0.so.0.2400.10
7fa27ac3d000-7fa27ae3c000 ---p 000ad000 08:06 4988069                    /usr/lib/x86_64-linux-gnu/libgdk-x11-2.0.so.0.2400.10
7fa27ae3c000-7fa27ae40000 r--p 000ac000 08:06 4988069                    /usr/lib/x86_64-linux-gnu/libgdk-x11-2.0.so.0.2400.10
7fa27ae40000-7fa27ae42000 rw-p 000b0000 08:06 4988069                    /usr/lib/x86_64-linux-gnu/libgdk-x11-2.0.so.0.2400.10
7fa27ae48000-7fa27b275000 r-xp 00000000 08:06 4988170                    /usr/lib/x86_64-linux-gnu/libgtk-x11-2.0.so.0.2400.10
7fa27b275000-7fa27b475000 ---p 0042d000 08:06 4988170                    /usr/lib/x86_64-linux-gnu/libgtk-x11-2.0.so.0.2400.10
7fa27b475000-7fa27b47c000 r--p 0042d000 08:06 4988170                    /usr/lib/x86_64-linux-gnu/libgtk-x11-2.0.so.0.2400.10
7fa27b47c000-7fa27b480000 rw-p 00434000 08:06 4988170                    /usr/lib/x86_64-linux-gnu/libgtk-x11-2.0.so.0.2400.10
7fa27b480000-7fa27b482000 rw-p 00000000 00:00 0 
7fa27b488000-7fa27b497000 r-xp 00000000 08:06 4987864                    /usr/lib/x86_64-linux-gnu/libXi.so.6.1.0
7fa27b497000-7fa27b696000 ---p 0000f000 08:06 4987864                    /usr/lib/x86_64-linux-gnu/libXi.so.6.1.0
7fa27b696000-7fa27b697000 r--p 0000e000 08:06 4987864                    /usr/lib/x86_64-linux-gnu/libXi.so.6.1.0
7fa27b697000-7fa27b698000 rw-p 0000f000 08:06 4987864                    /usr/lib/x86_64-linux-gnu/libXi.so.6.1.0
7fa27b698000-7fa27b69d000 r-xp 00000000 08:06 4987884                    /usr/lib/x86_64-linux-gnu/libXtst.so.6.1.0
7fa27b69d000-7fa27b89c000 ---p 00005000 08:06 4987884                    /usr/lib/x86_64-linux-gnu/libXtst.so.6.1.0
7fa27b89c000-7fa27b89d000 r--p 00004000 08:06 4987884                    /usr/lib/x86_64-linux-gnu/libXtst.so.6.1.0
7fa27b89d000-7fa27b89e000 rw-p 00005000 08:06 4987884                    /usr/lib/x86_64-linux-gnu/libXtst.so.6.1.0
7fa27b8a0000-7fa27b8a9000 r-xp 00000000 08:06 4987880                    /usr/lib/x86_64-linux-gnu/libXrender.so.1.3.0
7fa27b8a9000-7fa27baa8000 ---p 00009000 08:06 4987880                    /usr/lib/x86_64-linux-gnu/libXrender.so.1.3.0
7fa27baa8000-7fa27baa9000 r--p 00008000 08:06 4987880                    /usr/lib/x86_64-linux-gnu/libXrender.so.1.3.0
7fa27baa9000-7fa27baaa000 rw-p 00009000 08:06 4987880                    /usr/lib/x86_64-linux-gnu/libXrender.so.1.3.0
7fa27bab0000-7fa27bbe0000 r-xp 00000000 08:06 4987843                    /usr/lib/x86_64-linux-gnu/libX11.so.6.3.0
7fa27bbe0000-7fa27bde0000 ---p 00130000 08:06 4987843                    /usr/lib/x86_64-linux-gnu/libX11.so.6.3.0
7fa27bde0000-7fa27bde1000 r--p 00130000 08:06 4987843                    /usr/lib/x86_64-linux-gnu/libX11.so.6.3.0
7fa27bde1000-7fa27bde5000 rw-p 00131000 08:06 4987843                    /usr/lib/x86_64-linux-gnu/libX11.so.6.3.0
7fa27bde8000-7fa27bdf8000 r-xp 00000000 08:06 4987858                    /usr/lib/x86_64-linux-gnu/libXext.so.6.4.0
7fa27bdf8000-7fa27bff7000 ---p 00010000 08:06 4987858                    /usr/lib/x86_64-linux-gnu/libXext.so.6.4.0
7fa27bff7000-7fa27bff8000 r--p 0000f000 08:06 4987858                    /usr/lib/x86_64-linux-gnu/libXext.so.6.4.0
7fa27bff8000-7fa27bff9000 rw-p 00010000 08:06 4987858                    /usr/lib/x86_64-linux-gnu/libXext.so.6.4.0
7fa27c000000-7fa27c021000 rw-p 00000000 00:00 0 
7fa27c021000-7fa280000000 ---p 00000000 00:00 0 
7fa280000000-7fa280021000 rw-p 00000000 00:00 0 
7fa280021000-7fa284000000 ---p 00000000 00:00 0 
7fa284000000-7fa284101000 rw-p 00000000 00:00 0 
7fa284101000-7fa288000000 ---p 00000000 00:00 0 
7fa288000000-7fa288199000 rw-p 00000000 00:00 0 
7fa288199000-7fa28c000000 ---p 00000000 00:00 0 
7fa28c000000-7fa28c021000 rw-p 00000000 00:00 0 
7fa28c021000-7fa290000000 ---p 00000000 00:00 0 
7fa290000000-7fa290021000 rw-p 00000000 00:00 0 
7fa290021000-7fa294000000 ---p 00000000 00:00 0 
7fa294000000-7fa294021000 rw-p 00000000 00:00 0 
7fa294021000-7fa298000000 ---p 00000000 00:00 0 
7fa298000000-7fa298021000 rw-p 00000000 00:00 0 
7fa298021000-7fa29c000000 ---p 00000000 00:00 0 
7fa29c000000-7fa29c021000 rw-p 00000000 00:00 0 
7fa29c021000-7fa2a0000000 ---p 00000000 00:00 0 
7fa2a0000000-7fa2a0021000 rw-p 00000000 00:00 0 
7fa2a0021000-7fa2a4000000 ---p 00000000 00:00 0 
7fa2a4000000-7fa2a4021000 rw-p 00000000 00:00 0 
7fa2a4021000-7fa2a8000000 ---p 00000000 00:00 0 
7fa2a801c000-7fa2a805c000 rw-p 00000000 00:00 0 
7fa2a805c000-7fa2a809c000 rw-s 00004000 00:05 12513                      /dev/ati/card0
7fa2a80a0000-7fa2a80f2000 r-xp 00000000 08:06 6305354                    /usr/lib/jvm/java-7-openjdk-amd64/jre/lib/amd64/xawt/libmawt.so
7fa2a80f2000-7fa2a82f2000 ---p 00052000 08:06 6305354                    /usr/lib/jvm/java-7-openjdk-amd64/jre/lib/amd64/xawt/libmawt.so
7fa2a82f2000-7fa2a82f3000 r--p 00052000 08:06 6305354                    /usr/lib/jvm/java-7-openjdk-amd64/jre/lib/amd64/xawt/libmawt.so
7fa2a82f3000-7fa2a82f6000 rw-p 00053000 08:06 6305354                    /usr/lib/jvm/java-7-openjdk-amd64/jre/lib/amd64/xawt/libmawt.so
7fa2a82f6000-7fa2a82f7000 rw-p 00000000 00:00 0 
7fa2a82f8000-7fa2a839a000 r-xp 00000000 08:06 6192763                    /usr/lib/jvm/java-7-openjdk-amd64/jre/lib/amd64/libawt.so
7fa2a839a000-7fa2a8599000 ---p 000a2000 08:06 6192763                    /usr/lib/jvm/java-7-openjdk-amd64/jre/lib/amd64/libawt.so
7fa2a8599000-7fa2a859a000 r--p 000a1000 08:06 6192763                    /usr/lib/jvm/java-7-openjdk-amd64/jre/lib/amd64/libawt.so
7fa2a859a000-7fa2a85a5000 rw-p 000a2000 08:06 6192763                    /usr/lib/jvm/java-7-openjdk-amd64/jre/lib/amd64/libawt.so
7fa2a85a5000-7fa2a85ca000 rw-p 00000000 00:00 0 
7fa2a85d0000-7fa2a85f4000 r-xp 00000000 08:06 2621943                    /tmp/libgdxabaratham/9865f060/libgdx64.so
7fa2a85f4000-7fa2a87f4000 ---p 00024000 08:06 2621943                    /tmp/libgdxabaratham/9865f060/libgdx64.so
7fa2a87f4000-7fa2a87f5000 r--p 00024000 08:06 2621943                    /tmp/libgdxabaratham/9865f060/libgdx64.so
7fa2a87f5000-7fa2a87f6000 rw-p 00025000 08:06 2621943                    /tmp/libgdxabaratham/9865f060/libgdx64.so
7fa2a87f6000-7fa2a87f7000 ---p 00000000 00:00 0 
7fa2a87f7000-7fa2a88f7000 rw-p 00000000 00:00 0                          [stack:18660]
7fa2a88f7000-7fa2a88fa000 ---p 00000000 00:00 0 
7fa2a88fa000-7fa2a89f8000 rw-p 00000000 00:00 0                          [stack:18659]
7fa2a89f8000-7fa2a90dc000 r--p 00000000 08:06 4987195                    /usr/lib/locale/locale-archive
7fa2a90e0000-7fa2ac000000 rw-p 00000000 00:00 0 
7fa2ac000000-7fa2ac021000 rw-p 00000000 00:00 0 
7fa2ac021000-7fa2b0000000 ---p 00000000 00:00 0 
7fa2b003d000-7fa2b003e000 rw-s 00005000 00:05 12513                      /dev/ati/card0
7fa2b0042000-7fa2b0044000 rw-s 00002000 00:05 12513                      /dev/ati/card0
7fa2b0047000-7fa2b004a000 ---p 00000000 00:00 0 
7fa2b004a000-7fa2b0080000 rw-p 00000000 00:00 0                          [stack:18668]
7fa2b0080000-7fa2b0087000 r--s 00000000 08:06 5244924                    /usr/lib/x86_64-linux-gnu/gconv/gconv-modules.cache
7fa2b0088000-7fa2b0092000 r--s 000b8000 08:06 6035327                    /usr/lib/jvm/java-7-openjdk-amd64/jre/lib/resources.jar
7fa2b0094000-7fa2b0099000 r--s 0004c000 08:06 6035329                    /usr/lib/jvm/java-7-openjdk-amd64/jre/lib/jsse.jar
7fa2b0099000-7fa2b009a000 r--s 00001000 08:06 21234600                   /home/abaratham/.m2/repository/net/java/jutils/jutils/1.0.0/jutils-1.0.0.jar
7fa2b009f000-7fa2b00a3000 r--s 0002f000 08:06 21234599                   /home/abaratham/.m2/repository/net/java/jinput/jinput/2.0.5/jinput-2.0.5.jar
7fa2b00a5000-7fa2b00a6000 r--s 00025000 08:06 21234602                   /home/abaratham/.m2/repository/net/java/jinput/jinput-platform/2.0.5/jinput-platform-2.0.5-natives-windows.jar
7fa2b00aa000-7fa2b00ab000 r--s 00002000 08:06 21234603                   /home/abaratham/.m2/repository/net/java/jinput/jinput-platform/2.0.5/jinput-platform-2.0.5-natives-osx.jar
7fa2b00b2000-7fa2b00b3000 r--s 00002000 08:06 21234601                   /home/abaratham/.m2/repository/net/java/jinput/jinput-platform/2.0.5/jinput-platform-2.0.5-natives-linux.jar
7fa2b00b7000-7fa2b00bb000 r--s 00027000 08:06 2623141                    /home/abaratham/.gradle/caches/modules-2/files-2.1/org.lwjgl.lwjgl/lwjgl_util/2.9.1/290d7ba8a1bd9566f5ddf16ad06f09af5ec9b20e/lwjgl_util-2.9.1.jar
7fa2b00c2000-7fa2b00d0000 r--s 000ea000 08:06 2623140                    /home/abaratham/.gradle/caches/modules-2/files-2.1/org.lwjgl.lwjgl/lwjgl/2.9.1/f58c5aabcef0e41718a564be9f8e412fff8db847/lwjgl-2.9.1.jar
7fa2b00d3000-7fa2b00d4000 r--s 0008b000 08:06 2623137                    /home/abaratham/.gradle/caches/modules-2/files-2.1/org.lwjgl.lwjgl/lwjgl-platform/2.9.1/aa9aae879af8eb378e22cfc64db56ec2ca9a44d1/lwjgl-platform-2.9.1-natives-linux.jar
7fa2b00d5000-7fa2b00d6000 r--s 00095000 08:06 2623139                    /home/abaratham/.gradle/caches/modules-2/files-2.1/org.lwjgl.lwjgl/lwjgl-platform/2.9.1/4c517eca808522457dd95ee8fc1fbcdbb602efbe/lwjgl-platform-2.9.1-natives-windows.jar
7fa2b00d8000-7fa2b00d9000 r--s 00080000 08:06 2623138                    /home/abaratham/.gradle/caches/modules-2/files-2.1/org.lwjgl.lwjgl/lwjgl-platform/2.9.1/2d12c83fdfbc04ecabf02c7bc8cc54d034f0daac/lwjgl-platform-2.9.1-natives-osx.jar
7fa2b00df000-7fa2b00e1000 r--s 00017000 08:06 2623143                    /home/abaratham/.gradle/caches/modules-2/files-2.1/org.jcraft/jorbis/0.0.17/8872d22b293e8f5d7d56ff92be966e6dc28ebdc6/jorbis-0.0.17.jar
7fa2b00e5000-7fa2b00e6000 r--s 00015000 08:06 2623142                    /home/abaratham/.gradle/caches/modules-2/files-2.1/com.badlogicgames.jlayer/jlayer/1.0.1-gdx/7cca83cec5c1b2f011362f4d85aabd71a73b049d/jlayer-1.0.1-gdx.jar
7fa2b00ed000-7fa2b00ee000 r--s 00085000 08:06 2623135                    /home/abaratham/.gradle/caches/modules-2/files-2.1/com.badlogicgames.gdx/gdx-platform/1.0.0/7f7c2b5bae73c9b4afe3a9fc937a6b0934022896/gdx-platform-1.0.0-natives-desktop.jar
7fa2b00f1000-7fa2b00f4000 ---p 00000000 00:00 0 
7fa2b00f4000-7fa2b01f2000 rw-p 00000000 00:00 0                          [stack:18658]
7fa2b01f2000-7fa2b01f5000 ---p 00000000 00:00 0 
7fa2b01f5000-7fa2b02f3000 rw-p 00000000 00:00 0                          [stack:18657]
7fa2b02f3000-7fa2b02f6000 ---p 00000000 00:00 0 
7fa2b02f6000-7fa2b03f4000 rw-p 00000000 00:00 0                          [stack:18656]
7fa2b03f4000-7fa2b03f7000 ---p 00000000 00:00 0 
7fa2b03f7000-7fa2b04f5000 rw-p 00000000 00:00 0                          [stack:18655]
7fa2b04f5000-7fa2b04f8000 ---p 00000000 00:00 0 
7fa2b04f8000-7fa2b05f6000 rw-p 00000000 00:00 0                          [stack:18654]
7fa2b05f6000-7fa2b05f7000 ---p 00000000 00:00 0 
7fa2b05f7000-7fa2b1000000 rw-p 00000000 00:00 0                          [stack:18653]
7fa2b1000000-7fa2b1270000 rwxp 00000000 00:00 0 
7fa2b1270000-7fa2b42ef000 rw-p 00000000 00:00 0 
7fa2b42ef000-7fa2b8000000 ---p 00000000 00:00 0 
7fa2b8007000-7fa2b800a000 r--s 0001f000 08:06 2623134                    /home/abaratham/.gradle/caches/modules-2/files-2.1/com.badlogicgames.gdx/gdx-backend-lwjgl/1.0.0/7db646e37cce669e5e742e4413dd2b00084baad3/gdx-backend-lwjgl-1.0.0.jar
7fa2b800b000-7fa2b800e000 r--s 0000b000 08:06 1836944                    /home/abaratham/Desktop/Libgdx Gradle/core/build/libs/tween-engine-api.jar
7fa2b800e000-7fa2b8023000 r--s 0014e000 08:06 2623020                    /home/abaratham/.gradle/caches/modules-2/files-2.1/com.badlogicgames.gdx/gdx/1.0.0/89c474852f0c0b701ebf0e11c176166eec56c0fa/gdx-1.0.0.jar
7fa2b8027000-7fa2b8029000 r--s 0000f000 08:06 2623021                    /home/abaratham/.gradle/caches/modules-2/files-2.1/com.badlogicgames.gdx/gdx-box2d/1.0.0/4e3e9721d888e440cfc541e011ada658ffac5d8a/gdx-box2d-1.0.0.jar
7fa2b802b000-7fa2b802f000 r--s 0003b000 08:06 6035324                    /usr/lib/jvm/java-7-openjdk-amd64/jre/lib/ext/sunpkcs11.jar
7fa2b8032000-7fa2b8035000 r--s 00032000 08:06 6035322                    /usr/lib/jvm/java-7-openjdk-amd64/jre/lib/ext/sunjce_provider.jar
7fa2b803a000-7fa2b803c000 r--s 00012000 08:06 6035321                    /usr/lib/jvm/java-7-openjdk-amd64/jre/lib/ext/zipfs.jar
7fa2b803d000-7fa2b8041000 r--s 00085000 08:06 6035323                    /usr/lib/jvm/java-7-openjdk-amd64/jre/lib/ext/localedata.jar
7fa2b8047000-7fa2b8049000 r--s 0000f000 08:06 6035320                    /usr/lib/jvm/java-7-openjdk-amd64/jre/lib/ext/pulse-java.jar
7fa2b8049000-7fa2b873c000 rw-p 00000000 00:00 0 
7fa2b873c000-7fa2b88ea000 r--s 01cf4000 08:06 6035316                    /usr/lib/jvm/java-7-openjdk-amd64/jre/lib/rt.jar
7fa2b88eb000-7fa2b8cd6000 rw-p 00000000 00:00 0 
7fa2b8cd6000-7fa2b8cd7000 ---p 00000000 00:00 0 
7fa2b8cd7000-7fa2b8dd7000 rw-p 00000000 00:00 0                          [stack:18652]
7fa2b8dd7000-7fa2b8dd8000 ---p 00000000 00:00 0 
7fa2b8dd8000-7fa2b8ed8000 rw-p 00000000 00:00 0                          [stack:18651]
7fa2b8ed8000-7fa2b8ed9000 ---p 00000000 00:00 0 
7fa2b8ed9000-7fa2b8fd9000 rw-p 00000000 00:00 0                          [stack:18650]
7fa2b8fd9000-7fa2b8fda000 ---p 00000000 00:00 0 
7fa2b8fda000-7fa2b90e5000 rw-p 00000000 00:00 0                          [stack:18649]
7fa2b90e5000-7fa2b912d000 rw-p 00000000 00:00 0 
7fa2b912d000-7fa2b9149000 rw-p 00000000 00:00 0 
7fa2b9149000-7fa2b92ed000 rw-p 00000000 00:00 0 
7fa2b92ed000-7fa2b92f8000 rw-p 00000000 00:00 0 
7fa2b92f8000-7fa2b9340000 rw-p 00000000 00:00 0 
7fa2b9340000-7fa2b935c000 rw-p 00000000 00:00 0 
7fa2b935c000-7fa2b94ff000 rw-p 00000000 00:00 0 
7fa2b94ff000-7fa2b950e000 rw-p 00000000 00:00 0 
7fa2b950e000-7fa2b95df000 rw-p 00000000 00:00 0 
7fa2b95df000-7fa2b95e0000 rw-p 00000000 00:00 0 
7fa2b95e0000-7fa2b95e8000 r-xp 00000000 08:06 6192744                    /usr/lib/jvm/java-7-openjdk-amd64/jre/lib/amd64/libzip.so
7fa2b95e8000-7fa2b97e7000 ---p 00008000 08:06 6192744                    /usr/lib/jvm/java-7-openjdk-amd64/jre/lib/amd64/libzip.so
7fa2b97e7000-7fa2b97e8000 r--p 00007000 08:06 6192744                    /usr/lib/jvm/java-7-openjdk-amd64/jre/lib/amd64/libzip.so
7fa2b97e8000-7fa2b97e9000 rw-p 00008000 08:06 6192744                    /usr/lib/jvm/java-7-openjdk-amd64/jre/lib/amd64/libzip.so
7fa2b97f0000-7fa2b97fc000 r-xp 00000000 08:06 2887553                    /lib/x86_64-linux-gnu/libnss_files-2.15.so
7fa2b97fc000-7fa2b99fb000 ---p 0000c000 08:06 2887553                    /lib/x86_64-linux-gnu/libnss_files-2.15.so
7fa2b99fb000-7fa2b99fc000 r--p 0000b000 08:06 2887553                    /lib/x86_64-linux-gnu/libnss_files-2.15.so
7fa2b99fc000-7fa2b99fd000 rw-p 0000c000 08:06 2887553                    /lib/x86_64-linux-gnu/libnss_files-2.15.so
7fa2b9a00000-7fa2b9a0a000 r-xp 00000000 08:06 2887557                    /lib/x86_64-linux-gnu/libnss_nis-2.15.so
7fa2b9a0a000-7fa2b9c0a000 ---p 0000a000 08:06 2887557                    /lib/x86_64-linux-gnu/libnss_nis-2.15.so
7fa2b9c0a000-7fa2b9c0b000 r--p 0000a000 08:06 2887557                    /lib/x86_64-linux-gnu/libnss_nis-2.15.so
7fa2b9c0b000-7fa2b9c0c000 rw-p 0000b000 08:06 2887557                    /lib/x86_64-linux-gnu/libnss_nis-2.15.so
7fa2b9c10000-7fa2b9c27000 r-xp 00000000 08:06 2887547                    /lib/x86_64-linux-gnu/libnsl-2.15.so
7fa2b9c27000-7fa2b9e26000 ---p 00017000 08:06 2887547                    /lib/x86_64-linux-gnu/libnsl-2.15.so
7fa2b9e26000-7fa2b9e27000 r--p 00016000 08:06 2887547                    /lib/x86_64-linux-gnu/libnsl-2.15.so
7fa2b9e27000-7fa2b9e28000 rw-p 00017000 08:06 2887547                    /lib/x86_64-linux-gnu/libnsl-2.15.so
7fa2b9e28000-7fa2b9e2a000 rw-p 00000000 00:00 0 
7fa2b9e30000-7fa2b9e38000 r-xp 00000000 08:06 2887549                    /lib/x86_64-linux-gnu/libnss_compat-2.15.so
7fa2b9e38000-7fa2ba037000 ---p 00008000 08:06 2887549                    /lib/x86_64-linux-gnu/libnss_compat-2.15.so
7fa2ba037000-7fa2ba038000 r--p 00007000 08:06 2887549                    /lib/x86_64-linux-gnu/libnss_compat-2.15.so
7fa2ba038000-7fa2ba039000 rw-p 00008000 08:06 2887549                    /lib/x86_64-linux-gnu/libnss_compat-2.15.so
7fa2ba040000-7fa2ba069000 r-xp 00000000 08:06 6192737                    /usr/lib/jvm/java-7-openjdk-amd64/jre/lib/amd64/libjava.so
7fa2ba069000-7fa2ba268000 ---p 00029000 08:06 6192737                    /usr/lib/jvm/java-7-openjdk-amd64/jre/lib/amd64/libjava.so
7fa2ba268000-7fa2ba269000 r--p 00028000 08:06 6192737                    /usr/lib/jvm/java-7-openjdk-amd64/jre/lib/amd64/libjava.so
7fa2ba269000-7fa2ba26b000 rw-p 00029000 08:06 6192737                    /usr/lib/jvm/java-7-openjdk-amd64/jre/lib/amd64/libjava.so
7fa2ba270000-7fa2ba27e000 r-xp 00000000 08:06 6192769                    /usr/lib/jvm/java-7-openjdk-amd64/jre/lib/amd64/libverify.so
7fa2ba27e000-7fa2ba47d000 ---p 0000e000 08:06 6192769                    /usr/lib/jvm/java-7-openjdk-amd64/jre/lib/amd64/libverify.so
7fa2ba47d000-7fa2ba47f000 r--p 0000d000 08:06 6192769                    /usr/lib/jvm/java-7-openjdk-amd64/jre/lib/amd64/libverify.so
7fa2ba47f000-7fa2ba480000 rw-p 0000f000 08:06 6192769                    /usr/lib/jvm/java-7-openjdk-amd64/jre/lib/amd64/libverify.so
7fa2ba480000-7fa2ba487000 r-xp 00000000 08:06 2887588                    /lib/x86_64-linux-gnu/librt-2.15.so
7fa2ba487000-7fa2ba686000 ---p 00007000 08:06 2887588                    /lib/x86_64-linux-gnu/librt-2.15.so
7fa2ba686000-7fa2ba687000 r--p 00006000 08:06 2887588                    /lib/x86_64-linux-gnu/librt-2.15.so
7fa2ba687000-7fa2ba688000 rw-p 00007000 08:06 2887588                    /lib/x86_64-linux-gnu/librt-2.15.so
7fa2ba688000-7fa2ba69d000 r-xp 00000000 08:06 2887523                    /lib/x86_64-linux-gnu/libgcc_s.so.1
7fa2ba69d000-7fa2ba89c000 ---p 00015000 08:06 2887523                    /lib/x86_64-linux-gnu/libgcc_s.so.1
7fa2ba89c000-7fa2ba89d000 r--p 00014000 08:06 2887523                    /lib/x86_64-linux-gnu/libgcc_s.so.1
7fa2ba89d000-7fa2ba89e000 rw-p 00015000 08:06 2887523                    /lib/x86_64-linux-gnu/libgcc_s.so.1
7fa2ba8a0000-7fa2ba99b000 r-xp 00000000 08:06 2887534                    /lib/x86_64-linux-gnu/libm-2.15.so
7fa2ba99b000-7fa2bab9a000 ---p 000fb000 08:06 2887534                    /lib/x86_64-linux-gnu/libm-2.15.so
7fa2bab9a000-7fa2bab9b000 r--p 000fa000 08:06 2887534                    /lib/x86_64-linux-gnu/libm-2.15.so
7fa2bab9b000-7fa2bab9c000 rw-p 000fb000 08:06 2887534                    /lib/x86_64-linux-gnu/libm-2.15.so
7fa2baba0000-7fa2bac82000 r-xp 00000000 08:06 4988391                    /usr/lib/x86_64-linux-gnu/libstdc++.so.6.0.16
7fa2bac82000-7fa2bae81000 ---p 000e2000 08:06 4988391                    /usr/lib/x86_64-linux-gnu/libstdc++.so.6.0.16
7fa2bae81000-7fa2bae89000 r--p 000e1000 08:06 4988391                    /usr/lib/x86_64-linux-gnu/libstdc++.so.6.0.16
7fa2bae89000-7fa2bae8b000 rw-p 000e9000 08:06 4988391                    /usr/lib/x86_64-linux-gnu/libstdc++.so.6.0.16
7fa2bae8b000-7fa2baea0000 rw-p 00000000 00:00 0 
7fa2baea0000-7fa2bb95b000 r-xp 00000000 08:06 6303865                    /usr/lib/jvm/java-7-openjdk-amd64/jre/lib/amd64/server/libjvm.so
7fa2bb95b000-7fa2bbb5b000 ---p 00abb000 08:06 6303865                    /usr/lib/jvm/java-7-openjdk-amd64/jre/lib/amd64/server/libjvm.so
7fa2bbb5b000-7fa2bbbf3000 r--p 00abb000 08:06 6303865                    /usr/lib/jvm/java-7-openjdk-amd64/jre/lib/amd64/server/libjvm.so
7fa2bbbf3000-7fa2bbc16000 rw-p 00b53000 08:06 6303865                    /usr/lib/jvm/java-7-openjdk-amd64/jre/lib/amd64/server/libjvm.so
7fa2bbc16000-7fa2bbc43000 rw-p 00000000 00:00 0 
7fa2bbc48000-7fa2bbc5e000 r-xp 00000000 08:06 2887613                    /lib/x86_64-linux-gnu/libz.so.1.2.3.4
7fa2bbc5e000-7fa2bbe5d000 ---p 00016000 08:06 2887613                    /lib/x86_64-linux-gnu/libz.so.1.2.3.4
7fa2bbe5d000-7fa2bbe5e000 r--p 00015000 08:06 2887613                    /lib/x86_64-linux-gnu/libz.so.1.2.3.4
7fa2bbe5e000-7fa2bbe5f000 rw-p 00016000 08:06 2887613                    /lib/x86_64-linux-gnu/libz.so.1.2.3.4
7fa2bbe60000-7fa2bbe78000 r-xp 00000000 08:06 2887582                    /lib/x86_64-linux-gnu/libpthread-2.15.so
7fa2bbe78000-7fa2bc077000 ---p 00018000 08:06 2887582                    /lib/x86_64-linux-gnu/libpthread-2.15.so
7fa2bc077000-7fa2bc078000 r--p 00017000 08:06 2887582                    /lib/x86_64-linux-gnu/libpthread-2.15.so
7fa2bc078000-7fa2bc079000 rw-p 00018000 08:06 2887582                    /lib/x86_64-linux-gnu/libpthread-2.15.so
7fa2bc079000-7fa2bc07d000 rw-p 00000000 00:00 0 
7fa2bc080000-7fa2bc082000 r-xp 00000000 08:06 2887515                    /lib/x86_64-linux-gnu/libdl-2.15.so
7fa2bc082000-7fa2bc282000 ---p 00002000 08:06 2887515                    /lib/x86_64-linux-gnu/libdl-2.15.so
7fa2bc282000-7fa2bc283000 r--p 00002000 08:06 2887515                    /lib/x86_64-linux-gnu/libdl-2.15.so
7fa2bc283000-7fa2bc284000 rw-p 00003000 08:06 2887515                    /lib/x86_64-linux-gnu/libdl-2.15.so
7fa2bc288000-7fa2bc43d000 r-xp 00000000 08:06 2887502                    /lib/x86_64-linux-gnu/libc-2.15.so
7fa2bc43d000-7fa2bc63d000 ---p 001b5000 08:06 2887502                    /lib/x86_64-linux-gnu/libc-2.15.so
7fa2bc63d000-7fa2bc641000 r--p 001b5000 08:06 2887502                    /lib/x86_64-linux-gnu/libc-2.15.so
7fa2bc641000-7fa2bc643000 rw-p 001b9000 08:06 2887502                    /lib/x86_64-linux-gnu/libc-2.15.so
7fa2bc643000-7fa2bc648000 rw-p 00000000 00:00 0 
7fa2bc648000-7fa2bc655000 r-xp 00000000 08:06 6303971                    /usr/lib/jvm/java-7-openjdk-amd64/jre/lib/amd64/jli/libjli.so
7fa2bc655000-7fa2bc854000 ---p 0000d000 08:06 6303971                    /usr/lib/jvm/java-7-openjdk-amd64/jre/lib/amd64/jli/libjli.so
7fa2bc854000-7fa2bc855000 r--p 0000c000 08:06 6303971                    /usr/lib/jvm/java-7-openjdk-amd64/jre/lib/amd64/jli/libjli.so
7fa2bc855000-7fa2bc856000 rw-p 0000d000 08:06 6303971                    /usr/lib/jvm/java-7-openjdk-amd64/jre/lib/amd64/jli/libjli.so
7fa2bc858000-7fa2bc87a000 r-xp 00000000 08:06 2887482                    /lib/x86_64-linux-gnu/ld-2.15.so
7fa2bc87d000-7fa2bc87e000 r--s 000dd000 08:06 2623136                    /home/abaratham/.gradle/caches/modules-2/files-2.1/com.badlogicgames.gdx/gdx-box2d-platform/1.0.0/350a00f887adc5505517003be2a0c111303c574b/gdx-box2d-platform-1.0.0-natives-desktop.jar
7fa2bc882000-7fa2bc883000 r--s 00002000 08:06 6035325                    /usr/lib/jvm/java-7-openjdk-amd64/jre/lib/ext/dnsns.jar
7fa2bc887000-7fa2bc888000 r--s 00007000 08:06 5250426                    /usr/share/java/java-atk-wrapper.jar
7fa2bc88a000-7fa2bc8b2000 rw-p 00000000 00:00 0 
7fa2bc8b2000-7fa2bc968000 rw-p 00000000 00:00 0 
7fa2bc968000-7fa2bc970000 rw-s 00000000 08:06 2621958                    /tmp/hsperfdata_abaratham/18643
7fa2bc972000-7fa2bc974000 rw-p 00000000 00:00 0 
7fa2bc974000-7fa2bc975000 r--p 00000000 00:00 0 
7fa2bc975000-7fa2bc978000 ---p 00000000 00:00 0 
7fa2bc978000-7fa2bca7a000 rw-p 00000000 00:00 0                          [stack:18648]
7fa2bca7a000-7fa2bca7b000 r--p 00022000 08:06 2887482                    /lib/x86_64-linux-gnu/ld-2.15.so
7fa2bca7b000-7fa2bca7d000 rw-p 00023000 08:06 2887482                    /lib/x86_64-linux-gnu/ld-2.15.so
7fa2bca7d000-7fa2bca80000 rw-p 00000000 00:00 0 
7fff94575000-7fff94597000 rw-p 00000000 00:00 0                          [stack]
7fff94600000-7fff94602000 r-xp 00000000 00:00 0                          [vdso]
ffffffffff600000-ffffffffff601000 r-xp 00000000 00:00 0                  [vsyscall]

VM Arguments:
jvm_args: -Dfile.encoding=UTF-8 
java_command: anandgames.gravity.desktop.DesktopLauncher
Launcher Type: SUN_STANDARD

Environment Variables:
PATH=/opt/OpenPrinting-Gutenprint/sbin:/opt/OpenPrinting-Gutenprint/bin:/usr/lib/lightdm/lightdm:/usr/local/sbin:/usr/local/bin:/usr/sbin:/usr/bin:/sbin:/bin:/usr/games
SHELL=/bin/bash
DISPLAY=:0.0

Signal Handlers:
SIGSEGV: [libjvm.so+0x8f6d70], sa_mask[0]=0x7ffbfeff, sa_flags=0x10000004
SIGBUS: [libjvm.so+0x8f6d70], sa_mask[0]=0x7ffbfeff, sa_flags=0x10000004
SIGFPE: [libjvm.so+0x77aeb0], sa_mask[0]=0x7ffbfeff, sa_flags=0x10000004
SIGPIPE: [libjvm.so+0x77aeb0], sa_mask[0]=0x7ffbfeff, sa_flags=0x10000004
SIGXFSZ: [libjvm.so+0x77aeb0], sa_mask[0]=0x7ffbfeff, sa_flags=0x10000004
SIGILL: [libjvm.so+0x77aeb0], sa_mask[0]=0x7ffbfeff, sa_flags=0x10000004
SIGUSR1: SIG_DFL, sa_mask[0]=0x00000000, sa_flags=0x00000000
SIGUSR2: [libjvm.so+0x77b130], sa_mask[0]=0x00000004, sa_flags=0x10000004
SIGHUP: [libjvm.so+0x77b2a0], sa_mask[0]=0x7ffbfeff, sa_flags=0x10000004
SIGINT: [libjvm.so+0x77b2a0], sa_mask[0]=0x7ffbfeff, sa_flags=0x10000004
SIGTERM: [libjvm.so+0x77b2a0], sa_mask[0]=0x7ffbfeff, sa_flags=0x10000004
SIGQUIT: [libjvm.so+0x77b2a0], sa_mask[0]=0x7ffbfeff, sa_flags=0x10000004


---------------  S Y S T E M  ---------------

OS:Ubuntu 12.04 (precise)
uname:Linux 3.11.0-17-generic #31~precise1-Ubuntu SMP Tue Feb 4 21:25:43 UTC 2014 x86_64
libc:glibc 2.15 NPTL 2.15 
rlimit: STACK 8192k, CORE 0k, NPROC 42396, NOFILE 4096, AS infinity
load average:0.48 1.10 1.18

/proc/meminfo:
MemTotal:        5493904 kB
MemFree:          516652 kB
Buffers:           14116 kB
Cached:           774112 kB
SwapCached:         3296 kB
Active:          3350700 kB
Inactive:        1150016 kB
Active(anon):    2953740 kB
Inactive(anon):   778444 kB
Active(file):     396960 kB
Inactive(file):   371572 kB
Unevictable:          32 kB
Mlocked:              32 kB
SwapTotal:       5731324 kB
SwapFree:        5682856 kB
Dirty:               248 kB
Writeback:             0 kB
AnonPages:       3709596 kB
Mapped:           335528 kB
Shmem:             19476 kB
Slab:             120036 kB
SReclaimable:      83044 kB
SUnreclaim:        36992 kB
KernelStack:        6432 kB
PageTables:        56448 kB
NFS_Unstable:          0 kB
Bounce:                0 kB
WritebackTmp:          0 kB
CommitLimit:     8478276 kB
Committed_AS:    8302972 kB
VmallocTotal:   34359738367 kB
VmallocUsed:      183280 kB
VmallocChunk:   34359518616 kB
HardwareCorrupted:     0 kB
AnonHugePages:         0 kB
HugePages_Total:       0
HugePages_Free:        0
HugePages_Rsvd:        0
HugePages_Surp:        0
Hugepagesize:       2048 kB
DirectMap4k:      355068 kB
DirectMap2M:     5382144 kB
DirectMap1G:           0 kB


CPU:total 4 (4 cores per cpu, 1 threads per core) family 21 model 16 stepping 1, cmov, cx8, fxsr, mmx, sse, sse2, sse3, ssse3, sse4.1, sse4.2, popcnt, avx, aes, mmxext, 3dnowpref, lzcnt, sse4a, tsc, tscinvbit, tscinv

/proc/cpuinfo:
processor	: 0
vendor_id	: AuthenticAMD
cpu family	: 21
model		: 16
model name	: AMD A10-4600M APU with Radeon(tm) HD Graphics
stepping	: 1
microcode	: 0x6001116
cpu MHz		: 1400.000
cache size	: 2048 KB
physical id	: 0
siblings	: 4
core id		: 0
cpu cores	: 2
apicid		: 16
initial apicid	: 0
fpu		: yes
fpu_exception	: yes
cpuid level	: 13
wp		: yes
flags		: fpu vme de pse tsc msr pae mce cx8 apic sep mtrr pge mca cmov pat pse36 clflush mmx fxsr sse sse2 ht syscall nx mmxext fxsr_opt pdpe1gb rdtscp lm constant_tsc rep_good nopl nonstop_tsc extd_apicid aperfmperf pni pclmulqdq monitor ssse3 fma cx16 sse4_1 sse4_2 popcnt aes xsave avx f16c lahf_lm cmp_legacy svm extapic cr8_legacy abm sse4a misalignsse 3dnowprefetch osvw ibs xop skinit wdt lwp fma4 tce nodeid_msr tbm topoext perfctr_core perfctr_nb arat cpb hw_pstate npt lbrv svm_lock nrip_save tsc_scale vmcb_clean flushbyasid decodeassists pausefilter pfthreshold bmi1
bogomips	: 4591.22
TLB size	: 1536 4K pages
clflush size	: 64
cache_alignment	: 64
address sizes	: 48 bits physical, 48 bits virtual
power management: ts ttp tm 100mhzsteps hwpstate cpb eff_freq_ro

processor	: 1
vendor_id	: AuthenticAMD
cpu family	: 21
model		: 16
model name	: AMD A10-4600M APU with Radeon(tm) HD Graphics  
stepping	: 1
microcode	: 0x6001116
cpu MHz		: 1400.000
cache size	: 2048 KB
physical id	: 0
siblings	: 4
core id		: 1
cpu cores	: 2
apicid		: 17
initial apicid	: 1
fpu		: yes
fpu_exception	: yes
cpuid level	: 13
wp		: yes
flags		: fpu vme de pse tsc msr pae mce cx8 apic sep mtrr pge mca cmov pat pse36 clflush mmx fxsr sse sse2 ht syscall nx mmxext fxsr_opt pdpe1gb rdtscp lm constant_tsc rep_good nopl nonstop_tsc extd_apicid aperfmperf pni pclmulqdq monitor ssse3 fma cx16 sse4_1 sse4_2 popcnt aes xsave avx f16c lahf_lm cmp_legacy svm extapic cr8_legacy abm sse4a misalignsse 3dnowprefetch osvw ibs xop skinit wdt lwp fma4 tce nodeid_msr tbm topoext perfctr_core perfctr_nb arat cpb hw_pstate npt lbrv svm_lock nrip_save tsc_scale vmcb_clean flushbyasid decodeassists pausefilter pfthreshold bmi1
bogomips	: 4591.22
TLB size	: 1536 4K pages
clflush size	: 64
cache_alignment	: 64
address sizes	: 48 bits physical, 48 bits virtual
power management: ts ttp tm 100mhzsteps hwpstate cpb eff_freq_ro

processor	: 2
vendor_id	: AuthenticAMD
cpu family	: 21
model		: 16
model name	: AMD A10-4600M APU with Radeon(tm) HD Graphics  
stepping	: 1
microcode	: 0x6001116
cpu MHz		: 1400.000
cache size	: 2048 KB
physical id	: 0
siblings	: 4
core id		: 2
cpu cores	: 2
apicid		: 18
initial apicid	: 2
fpu		: yes
fpu_exception	: yes
cpuid level	: 13
wp		: yes
flags		: fpu vme de pse tsc msr pae mce cx8 apic sep mtrr pge mca cmov pat pse36 clflush mmx fxsr sse sse2 ht syscall nx mmxext fxsr_opt pdpe1gb rdtscp lm constant_tsc rep_good nopl nonstop_tsc extd_apicid aperfmperf pni pclmulqdq monitor ssse3 fma cx16 sse4_1 sse4_2 popcnt aes xsave avx f16c lahf_lm cmp_legacy svm extapic cr8_legacy abm sse4a misalignsse 3dnowprefetch osvw ibs xop skinit wdt lwp fma4 tce nodeid_msr tbm topoext perfctr_core perfctr_nb arat cpb hw_pstate npt lbrv svm_lock nrip_save tsc_scale vmcb_clean flushbyasid decodeassists pausefilter pfthreshold bmi1
bogomips	: 4591.22
TLB size	: 1536 4K pages
clflush size	: 64
cache_alignment	: 64
address sizes	: 48 bits physical, 48 bits virtual
power management: ts ttp tm 100mhzsteps hwpstate cpb eff_freq_ro

processor	: 3
vendor_id	: AuthenticAMD
cpu family	: 21
model		: 16
model name	: AMD A10-4600M APU with Radeon(tm) HD Graphics  
stepping	: 1
microcode	: 0x6001116
cpu MHz		: 1400.000
cache size	: 2048 KB
physical id	: 0
siblings	: 4
core id		: 3
cpu cores	: 2
apicid		: 19
initial apicid	: 3
fpu		: yes
fpu_exception	: yes
cpuid level	: 13
wp		: yes
flags		: fpu vme de pse tsc msr pae mce cx8 apic sep mtrr pge mca cmov pat pse36 clflush mmx fxsr sse sse2 ht syscall nx mmxext fxsr_opt pdpe1gb rdtscp lm constant_tsc rep_good nopl nonstop_tsc extd_apicid aperfmperf pni pclmulqdq monitor ssse3 fma cx16 sse4_1 sse4_2 popcnt aes xsave avx f16c lahf_lm cmp_legacy svm extapic cr8_legacy abm sse4a misalignsse 3dnowprefetch osvw ibs xop skinit wdt lwp fma4 tce nodeid_msr tbm topoext perfctr_core perfctr_nb arat cpb hw_pstate npt lbrv svm_lock nrip_save tsc_scale vmcb_clean flushbyasid decodeassists pausefilter pfthreshold bmi1
bogomips	: 4591.22
TLB size	: 1536 4K pages
clflush size	: 64
cache_alignment	: 64
address sizes	: 48 bits physical, 48 bits virtual
power management: ts ttp tm 100mhzsteps hwpstate cpb eff_freq_ro



Memory: 4k page, physical 5493904k(516652k free), swap 5731324k(5682856k free)

vm_info: OpenJDK 64-Bit Server VM (24.45-b08) for linux-amd64 JRE (1.7.0_51-b00), built on Jan 16 2014 18:37:59 by "buildd" with gcc 4.6.3

time: Fri May 16 22:08:00 2014
elapsed time: 3 seconds

