#
# A fatal error has been detected by the Java Runtime Environment:
#
#  SIGSEGV (0xb) at pc=0x00007fbee6776800, pid=16143, tid=140458050643712
#
# JRE version: OpenJDK Runtime Environment (7.0_51) (build 1.7.0_51-b00)
# Java VM: OpenJDK 64-Bit Server VM (24.45-b08 mixed mode linux-amd64 compressed oops)
# Problematic frame:
# C  [fglrx_dri.so+0x11ce800]  ukiCreateContext+0x11ce800
#
# Failed to write core dump. Core dumps have been disabled. To enable core dumping, try "ulimit -c unlimited" before starting Java again
#
# If you would like to submit a bug report, please include
# instructions on how to reproduce the bug and visit:
#   http://icedtea.classpath.org/bugzilla
# The crash happened outside the Java Virtual Machine in native code.
# See problematic frame for where to report the bug.
#

---------------  T H R E A D  ---------------

Current thread (0x00007fbf302c5800):  JavaThread "LWJGL Application" [_thread_in_native, id=16166, stack(0x00007fbef026e000,0x00007fbef036f000)]

siginfo:si_signo=SIGSEGV: si_errno=0, si_code=1 (SEGV_MAPERR), si_addr=0x0000000000000000

Registers:
RAX=0x00007fbee7478e50, RBX=0x00007fbee6fb4df8, RCX=0x0000000000000000, RDX=0x0000000000000000
RSP=0x00007fbef036d228, RBP=0x00007fbed0543810, RSI=0x00007fbed0140480, RDI=0x00007fbed09743b0
R8 =0x00007fbed0127f60, R9 =0x0000000000003f26, R10=0x0000000000000000, R11=0x0000000000000000
R12=0x00007fbee76414c0, R13=0xffffffffffffff68, R14=0xffffffffffffff68, R15=0x0000000000000001
RIP=0x00007fbee6776800, EFLAGS=0x0000000000010206, CSGSFS=0x0000000000000033, ERR=0x0000000000000004
  TRAPNO=0x000000000000000e

Top of Stack: (sp=0x00007fbef036d228)
0x00007fbef036d228:   00007fbee6711624 00007fbed00250a0
0x00007fbef036d238:   00007fbed0131a00 0000000000000088
0x00007fbef036d248:   0000000000000000 00007fbed012b1d0
0x00007fbef036d258:   00007fbee6fb4df8 00007fbee76414c0
0x00007fbef036d268:   00007fbee64fe7c9 0000000000000000
0x00007fbef036d278:   0000000000000000 0000000000000000
0x00007fbef036d288:   000002e800000525 0000000001000000
0x00007fbef036d298:   00007fbe00000000 0000000000000000
0x00007fbef036d2a8:   000002d000000500 0000000000000003
0x00007fbef036d2b8:   0000000000000000 0000000000000000
0x00007fbef036d2c8:   00007fbed0543810 0000000000000088
0x00007fbef036d2d8:   00007fbed012b1d0 00007fbee76414c0
0x00007fbef036d2e8:   00007fbee651e3e6 00007fbf302c5800
0x00007fbef036d2f8:   0000000000000000 0000000000000000
0x00007fbef036d308:   00007fbed01f3cc0 0000000000000007
0x00007fbef036d318:   0000000100000000 0000000000000000
0x00007fbef036d328:   0000000000000000 0000000000000000
0x00007fbef036d338:   00007fbe00000000 0000000000000003
0x00007fbef036d348:   0000000000000000 0000000000000000
0x00007fbef036d358:   0000000000000000 00007fbf00000000
0x00007fbef036d368:   00007fbf3005a2a8 00007fbf302c59d8
0x00007fbef036d378:   00007fbed0543810 00007fbed0543810
0x00007fbef036d388:   00007fbed0028e10 000000000000022b
0x00007fbef036d398:   00007fbee7636be8 ffffffffffffff68
0x00007fbef036d3a8:   00007fbee64f8223 00007fbef036d290
0x00007fbef036d3b8:   0000003000000018 00007fbef036d520
0x00007fbef036d3c8:   00007fbef036d440 00007fbee75ed2d8
0x00007fbef036d3d8:   00007fbed0543810 00007fbed0028e10
0x00007fbef036d3e8:   00007fbee64fd893 00007fbed09303a0
0x00007fbef036d3f8:   00007fbee75ed2d8 00007fbee75ed2d8
0x00007fbef036d408:   00007fbed0028f30 00007fbed0028e10
0x00007fbef036d418:   000000000000022b 00007fbee7636be8 

Instructions: (pc=0x00007fbee6776800)
0x00007fbee67767e0:   48 89 c7 48 8b 00 89 de 4c 8b 98 d0 00 00 00 48
0x00007fbee67767f0:   83 c4 30 5b 41 ff e3 90 90 90 90 90 90 90 90 90
0x00007fbee6776800:   48 8b 02 48 89 87 00 02 00 00 48 8b 42 08 48 89
0x00007fbee6776810:   87 08 02 00 00 b8 01 00 00 00 c3 90 90 90 90 90 

Register to memory mapping:

RAX=0x00007fbee7478e50: <offset 0x1ed0e50> in /usr/lib/fglrx/dri/fglrx_dri.so at 0x00007fbee55a8000
RBX=0x00007fbee6fb4df8: <offset 0x1a0cdf8> in /usr/lib/fglrx/dri/fglrx_dri.so at 0x00007fbee55a8000
RCX=0x0000000000000000 is an unknown value
RDX=0x0000000000000000 is an unknown value
RSP=0x00007fbef036d228 is pointing into the stack for thread: 0x00007fbf302c5800
RBP=0x00007fbed0543810 is an unknown value
RSI=0x00007fbed0140480 is an unknown value
RDI=0x00007fbed09743b0 is an unknown value
R8 =0x00007fbed0127f60 is an unknown value
R9 =0x0000000000003f26 is an unknown value
R10=0x0000000000000000 is an unknown value
R11=0x0000000000000000 is an unknown value
R12=0x00007fbee76414c0: <offset 0x20994c0> in /usr/lib/fglrx/dri/fglrx_dri.so at 0x00007fbee55a8000
R13=0xffffffffffffff68 is an unknown value
R14=0xffffffffffffff68 is an unknown value
R15=0x0000000000000001 is an unknown value


Stack: [0x00007fbef026e000,0x00007fbef036f000],  sp=0x00007fbef036d228,  free space=1020k
Native frames: (J=compiled Java code, j=interpreted, Vv=VM code, C=native code)
C  [fglrx_dri.so+0x11ce800]  ukiCreateContext+0x11ce800

Java frames: (J=compiled Java code, j=interpreted, Vv=VM code)
j  org.lwjgl.opengl.LinuxContextImplementation.nSwapBuffers(Ljava/nio/ByteBuffer;)V+0
j  org.lwjgl.opengl.LinuxContextImplementation.swapBuffers()V+38
j  org.lwjgl.opengl.ContextGL.swapBuffers()V+3
j  org.lwjgl.opengl.DrawableGL.swapBuffers()V+0
j  org.lwjgl.opengl.Display.swapBuffers()V+39
j  org.lwjgl.opengl.Display.update(Z)V+44
j  com.badlogic.gdx.backends.lwjgl.LwjglApplication.mainLoop()V+625
j  com.badlogic.gdx.backends.lwjgl.LwjglApplication$1.run()V+27
v  ~StubRoutines::call_stub

---------------  P R O C E S S  ---------------

Java Threads: ( => current thread )
  0x00007fbed001d800 JavaThread "process reaper" daemon [_thread_blocked, id=16168, stack(0x00007fbf1809e000,0x00007fbf180d7000)]
  0x00007fbf3000b000 JavaThread "DestroyJavaVM" [_thread_blocked, id=16148, stack(0x00007fbf36c85000,0x00007fbf36d86000)]
=>0x00007fbf302c5800 JavaThread "LWJGL Application" [_thread_in_native, id=16166, stack(0x00007fbef026e000,0x00007fbef036f000)]
  0x00007fbf30222000 JavaThread "AWT-XAWT" daemon [_thread_in_native, id=16162, stack(0x00007fbf180d7000,0x00007fbf181d8000)]
  0x00007fbf30200000 JavaThread "Java2D Disposer" daemon [_thread_blocked, id=16161, stack(0x00007fbf2002f000,0x00007fbf20130000)]
  0x00007fbf300a7800 JavaThread "Service Thread" daemon [_thread_blocked, id=16159, stack(0x00007fbf22d0c000,0x00007fbf22e0d000)]
  0x00007fbf300a5000 JavaThread "C2 CompilerThread1" daemon [_thread_blocked, id=16158, stack(0x00007fbf22e0d000,0x00007fbf22f0e000)]
  0x00007fbf300a2000 JavaThread "C2 CompilerThread0" daemon [_thread_blocked, id=16157, stack(0x00007fbf22f0e000,0x00007fbf2300f000)]
  0x00007fbf300a0000 JavaThread "Signal Dispatcher" daemon [_thread_blocked, id=16156, stack(0x00007fbf2300f000,0x00007fbf23110000)]
  0x00007fbf3007d000 JavaThread "Finalizer" daemon [_thread_blocked, id=16155, stack(0x00007fbf237f8000,0x00007fbf238f9000)]
  0x00007fbf3007b000 JavaThread "Reference Handler" daemon [_thread_blocked, id=16154, stack(0x00007fbf238f9000,0x00007fbf239fa000)]

Other Threads:
  0x00007fbf30076800 VMThread [stack: 0x00007fbf239fa000,0x00007fbf23afb000] [id=16153]
  0x00007fbf300b2000 WatcherThread [stack: 0x00007fbf22c0b000,0x00007fbf22d0c000] [id=16160]

VM state:not at safepoint (normal execution)

VM Mutex/Monitor currently owned by a thread: None

Heap
 PSYoungGen      total 25088K, used 15698K [0x00000000e4080000, 0x00000000e5c80000, 0x0000000100000000)
  eden space 21504K, 73% used [0x00000000e4080000,0x00000000e4fd4a68,0x00000000e5580000)
  from space 3584K, 0% used [0x00000000e5900000,0x00000000e5900000,0x00000000e5c80000)
  to   space 3584K, 0% used [0x00000000e5580000,0x00000000e5580000,0x00000000e5900000)
 ParOldGen       total 56832K, used 0K [0x00000000ac200000, 0x00000000af980000, 0x00000000e4080000)
  object space 56832K, 0% used [0x00000000ac200000,0x00000000ac200000,0x00000000af980000)
 PSPermGen       total 21504K, used 9030K [0x00000000a1c00000, 0x00000000a3100000, 0x00000000ac200000)
  object space 21504K, 41% used [0x00000000a1c00000,0x00000000a24d1838,0x00000000a3100000)

Card table byte_map: [0x00007fbf2c4bd000,0x00007fbf2c7b0000] byte_map_base: 0x00007fbf2bfaf000

Polling page: 0x00007fbf36c84000

Code Cache  [0x00007fbf2c7b0000, 0x00007fbf2ca20000, 0x00007fbf2f7b0000)
 total_blobs=540 nmethods=46 adapters=449 free_code_cache=48530Kb largest_free_block=49663744

Compilation events (10 events):
Event: 3.192 Thread 0x00007fbf300a5000 nmethod 42 0x00007fbf2c845790 code [0x00007fbf2c8458e0, 0x00007fbf2c845978]
Event: 3.192 Thread 0x00007fbf300a2000 nmethod 41 0x00007fbf2c845490 code [0x00007fbf2c8455e0, 0x00007fbf2c845678]
Event: 3.192 Thread 0x00007fbf300a5000   43             org.lwjgl.BufferChecks::checkFunctionAddress (23 bytes)
Event: 3.192 Thread 0x00007fbf300a5000 nmethod 43 0x00007fbf2c84b790 code [0x00007fbf2c84b8c0, 0x00007fbf2c84b918]
Event: 3.357 Thread 0x00007fbf300a2000   44             com.badlogic.gdx.backends.lwjgl.LwjglGraphics::getGL20 (5 bytes)
Event: 3.358 Thread 0x00007fbf300a2000 nmethod 44 0x00007fbf2c84b590 code [0x00007fbf2c84b6c0, 0x00007fbf2c84b718]
Event: 3.406 Thread 0x00007fbf300a5000   45             java.nio.Buffer::position (5 bytes)
Event: 3.406 Thread 0x00007fbf300a5000 nmethod 45 0x00007fbf2c84b390 code [0x00007fbf2c84b4c0, 0x00007fbf2c84b518]
Event: 3.407 Thread 0x00007fbf300a2000   46             java.nio.Buffer::limit (62 bytes)
Event: 3.409 Thread 0x00007fbf300a2000 nmethod 46 0x00007fbf2c84b150 code [0x00007fbf2c84b280, 0x00007fbf2c84b318]

GC Heap History (0 events):
No events

Deoptimization events (1 events):
Event: 0.275 Thread 0x00007fbf3000b000 Uncommon trap: reason=class_check action=maybe_recompile pc=0x00007fbf2c81522c method=java.util.Properties$LineReader.readLine()I @ 62

Internal exceptions (10 events):
Event: 1.528 Thread 0x00007fbf302c5800 Threw 0x00000000e4f236c8 at /build/buildd/openjdk-7-7u51-2.4.4/build/openjdk/hotspot/src/share/vm/prims/jvm.cpp:1244
Event: 1.529 Thread 0x00007fbf302c5800 Threw 0x00000000e4f29860 at /build/buildd/openjdk-7-7u51-2.4.4/build/openjdk/hotspot/src/share/vm/prims/jvm.cpp:1244
Event: 1.530 Thread 0x00007fbf302c5800 Threw 0x00000000e4f2ea00 at /build/buildd/openjdk-7-7u51-2.4.4/build/openjdk/hotspot/src/share/vm/prims/jvm.cpp:1244
Event: 1.531 Thread 0x00007fbf302c5800 Threw 0x00000000e4f38248 at /build/buildd/openjdk-7-7u51-2.4.4/build/openjdk/hotspot/src/share/vm/prims/jvm.cpp:1244
Event: 1.532 Thread 0x00007fbf302c5800 Threw 0x00000000e4f3e568 at /build/buildd/openjdk-7-7u51-2.4.4/build/openjdk/hotspot/src/share/vm/prims/jvm.cpp:1244
Event: 1.541 Thread 0x00007fbf302c5800 Threw 0x00000000e4f45550 at /build/buildd/openjdk-7-7u51-2.4.4/build/openjdk/hotspot/src/share/vm/prims/jvm.cpp:1244
Event: 1.543 Thread 0x00007fbf302c5800 Threw 0x00000000e4f4b220 at /build/buildd/openjdk-7-7u51-2.4.4/build/openjdk/hotspot/src/share/vm/prims/jvm.cpp:1244
Event: 1.544 Thread 0x00007fbf302c5800 Threw 0x00000000e4f50398 at /build/buildd/openjdk-7-7u51-2.4.4/build/openjdk/hotspot/src/share/vm/prims/jvm.cpp:1244
Event: 1.566 Thread 0x00007fbf302c5800 Threw 0x00000000e4f58470 at /build/buildd/openjdk-7-7u51-2.4.4/build/openjdk/hotspot/src/share/vm/prims/jvm.cpp:1244
Event: 1.569 Thread 0x00007fbf302c5800 Threw 0x00000000e4f5dde0 at /build/buildd/openjdk-7-7u51-2.4.4/build/openjdk/hotspot/src/share/vm/prims/jvm.cpp:1244

Events (10 events):
Event: 1.541 loading class 0x00007fbf3012a0b0
Event: 1.541 loading class 0x00007fbf3012a0b0 done
Event: 1.543 loading class 0x00007fbed09576e0
Event: 1.543 loading class 0x00007fbed09576e0 done
Event: 1.544 loading class 0x00007fbed05c9910
Event: 1.544 loading class 0x00007fbed05c9910 done
Event: 1.566 loading class 0x00007fbed0007120
Event: 1.566 loading class 0x00007fbed0007120 done
Event: 1.568 loading class 0x00007fbed0973a80
Event: 1.568 loading class 0x00007fbed0973a80 done


Dynamic libraries:
00400000-00401000 r-xp 00000000 08:06 6035309                            /usr/lib/jvm/java-7-openjdk-amd64/jre/bin/java
00600000-00601000 r--p 00000000 08:06 6035309                            /usr/lib/jvm/java-7-openjdk-amd64/jre/bin/java
00601000-00602000 rw-p 00001000 08:06 6035309                            /usr/lib/jvm/java-7-openjdk-amd64/jre/bin/java
01e02000-01e23000 rw-p 00000000 00:00 0                                  [heap]
a1c00000-a3100000 rw-p 00000000 00:00 0 
a3100000-ac200000 rw-p 00000000 00:00 0 
ac200000-af980000 rw-p 00000000 00:00 0 
af980000-e4080000 rw-p 00000000 00:00 0 
e4080000-e5c80000 rw-p 00000000 00:00 0 
e5c80000-100000000 rw-p 00000000 00:00 0 
7fbec4000000-7fbec4021000 rw-p 00000000 00:00 0 
7fbec4021000-7fbec8000000 ---p 00000000 00:00 0 
7fbecc000000-7fbecc021000 rw-p 00000000 00:00 0 
7fbecc021000-7fbed0000000 ---p 00000000 00:00 0 
7fbed0000000-7fbed0a6e000 rw-p 00000000 00:00 0 
7fbed0a6e000-7fbed4000000 ---p 00000000 00:00 0 
7fbed4000000-7fbed4021000 rw-p 00000000 00:00 0 
7fbed4021000-7fbed8000000 ---p 00000000 00:00 0 
7fbedbff8000-7fbedfff9000 rw-s 00000000 00:13 588694                     /run/shm/pulse-shm-3330789783
7fbee0000000-7fbee0021000 rw-p 00000000 00:00 0 
7fbee0021000-7fbee4000000 ---p 00000000 00:00 0 
7fbee472d000-7fbee492d000 rw-s 176fd000 00:05 12546                      /dev/ati/card0
7fbee4933000-7fbee4a33000 rw-s 176fb000 00:05 12546                      /dev/ati/card0
7fbee4a36000-7fbee5136000 rw-s 00006000 00:05 12546                      /dev/ati/card0
7fbee5139000-7fbee5186000 rw-p 00000000 00:00 0 
7fbee51f5000-7fbee5235000 rw-s 00025000 00:05 12546                      /dev/ati/card0
7fbee5238000-7fbee5438000 rw-p 00000000 00:00 0 
7fbee5438000-7fbee548b000 r-xp 00000000 08:06 5904372                    /usr/lib/fglrx/libatiadlxx.so
7fbee548b000-7fbee558a000 ---p 00053000 08:06 5904372                    /usr/lib/fglrx/libatiadlxx.so
7fbee558a000-7fbee5597000 rw-p 00052000 08:06 5904372                    /usr/lib/fglrx/libatiadlxx.so
7fbee5597000-7fbee55a7000 rw-p 00000000 00:00 0 
7fbee55a8000-7fbee7342000 r-xp 00000000 08:06 5904155                    /usr/lib/fglrx/dri/fglrx_dri.so
7fbee7342000-7fbee7442000 ---p 01d9a000 08:06 5904155                    /usr/lib/fglrx/dri/fglrx_dri.so
7fbee7442000-7fbee75b5000 rwxp 01d9a000 08:06 5904155                    /usr/lib/fglrx/dri/fglrx_dri.so
7fbee75b5000-7fbee76d9000 rwxp 00000000 00:00 0 
7fbee76e0000-7fbee76ef000 r-xp 00000000 08:06 5904170                    /usr/lib/fglrx/libatiuki.so.1.0
7fbee76ef000-7fbee77ef000 ---p 0000f000 08:06 5904170                    /usr/lib/fglrx/libatiuki.so.1.0
7fbee77ef000-7fbee77fb000 rw-p 0000f000 08:06 5904170                    /usr/lib/fglrx/libatiuki.so.1.0
7fbee77ff000-7fbee7800000 ---p 00000000 00:00 0 
7fbee7800000-7fbee8000000 rw-p 00000000 00:00 0                          [stack:16164]
7fbee8000000-7fbee8021000 rw-p 00000000 00:00 0 
7fbee8021000-7fbeec000000 ---p 00000000 00:00 0 
7fbeec000000-7fbeec021000 rw-p 00000000 00:00 0 
7fbeec021000-7fbef0000000 ---p 00000000 00:00 0 
7fbef0020000-7fbef0060000 rw-p 00000000 00:00 0 
7fbef0060000-7fbef0123000 r-xp 00000000 08:06 5904397                    /usr/lib/fglrx/libGL.so.1.2
7fbef0123000-7fbef0222000 ---p 000c3000 08:06 5904397                    /usr/lib/fglrx/libGL.so.1.2
7fbef0222000-7fbef024a000 rwxp 000c2000 08:06 5904397                    /usr/lib/fglrx/libGL.so.1.2
7fbef024a000-7fbef026c000 rwxp 00000000 00:00 0 
7fbef026e000-7fbef0271000 ---p 00000000 00:00 0 
7fbef0271000-7fbef036f000 rw-p 00000000 00:00 0                          [stack:16166]
7fbef036f000-7fbef0370000 ---p 00000000 00:00 0 
7fbef0370000-7fbef0470000 rw-p 00000000 00:00 0                          [stack:16165]
7fbef0470000-7fbef0476000 r-xp 00000000 08:06 4988274                    /usr/lib/x86_64-linux-gnu/libogg.so.0.7.1
7fbef0476000-7fbef0675000 ---p 00006000 08:06 4988274                    /usr/lib/x86_64-linux-gnu/libogg.so.0.7.1
7fbef0675000-7fbef0676000 r--p 00005000 08:06 4988274                    /usr/lib/x86_64-linux-gnu/libogg.so.0.7.1
7fbef0676000-7fbef0677000 rw-p 00006000 08:06 4988274                    /usr/lib/x86_64-linux-gnu/libogg.so.0.7.1
7fbef0678000-7fbef06a3000 r-xp 00000000 08:06 4988427                    /usr/lib/x86_64-linux-gnu/libvorbis.so.0.4.5
7fbef06a3000-7fbef08a2000 ---p 0002b000 08:06 4988427                    /usr/lib/x86_64-linux-gnu/libvorbis.so.0.4.5
7fbef08a2000-7fbef08a3000 r--p 0002a000 08:06 4988427                    /usr/lib/x86_64-linux-gnu/libvorbis.so.0.4.5
7fbef08a3000-7fbef08a4000 rw-p 0002b000 08:06 4988427                    /usr/lib/x86_64-linux-gnu/libvorbis.so.0.4.5
7fbef08a8000-7fbef0b5b000 r-xp 00000000 08:06 4988429                    /usr/lib/x86_64-linux-gnu/libvorbisenc.so.2.0.8
7fbef0b5b000-7fbef0d5a000 ---p 002b3000 08:06 4988429                    /usr/lib/x86_64-linux-gnu/libvorbisenc.so.2.0.8
7fbef0d5a000-7fbef0d76000 r--p 002b2000 08:06 4988429                    /usr/lib/x86_64-linux-gnu/libvorbisenc.so.2.0.8
7fbef0d76000-7fbef0d77000 rw-p 002ce000 08:06 4988429                    /usr/lib/x86_64-linux-gnu/libvorbisenc.so.2.0.8
7fbef0d78000-7fbef0dc0000 r-xp 00000000 08:06 4987790                    /usr/lib/x86_64-linux-gnu/libFLAC.so.8.2.0
7fbef0dc0000-7fbef0fc0000 ---p 00048000 08:06 4987790                    /usr/lib/x86_64-linux-gnu/libFLAC.so.8.2.0
7fbef0fc0000-7fbef0fc1000 r--p 00048000 08:06 4987790                    /usr/lib/x86_64-linux-gnu/libFLAC.so.8.2.0
7fbef0fc1000-7fbef0fc2000 rw-p 00049000 08:06 4987790                    /usr/lib/x86_64-linux-gnu/libFLAC.so.8.2.0
7fbef0fc8000-7fbef0fcd000 r-xp 00000000 08:06 4987906                    /usr/lib/x86_64-linux-gnu/libasyncns.so.0.3.1
7fbef0fcd000-7fbef11cc000 ---p 00005000 08:06 4987906                    /usr/lib/x86_64-linux-gnu/libasyncns.so.0.3.1
7fbef11cc000-7fbef11cd000 r--p 00004000 08:06 4987906                    /usr/lib/x86_64-linux-gnu/libasyncns.so.0.3.1
7fbef11cd000-7fbef11ce000 rw-p 00005000 08:06 4987906                    /usr/lib/x86_64-linux-gnu/libasyncns.so.0.3.1
7fbef11d0000-7fbef1230000 r-xp 00000000 08:06 4988369                    /usr/lib/x86_64-linux-gnu/libsndfile.so.1.0.25
7fbef1230000-7fbef1430000 ---p 00060000 08:06 4988369                    /usr/lib/x86_64-linux-gnu/libsndfile.so.1.0.25
7fbef1430000-7fbef1432000 r--p 00060000 08:06 4988369                    /usr/lib/x86_64-linux-gnu/libsndfile.so.1.0.25
7fbef1432000-7fbef1433000 rw-p 00062000 08:06 4988369                    /usr/lib/x86_64-linux-gnu/libsndfile.so.1.0.25
7fbef1433000-7fbef1437000 rw-p 00000000 00:00 0 
7fbef1438000-7fbef1440000 r-xp 00000000 08:06 2887611                    /lib/x86_64-linux-gnu/libwrap.so.0.7.6
7fbef1440000-7fbef163f000 ---p 00008000 08:06 2887611                    /lib/x86_64-linux-gnu/libwrap.so.0.7.6
7fbef163f000-7fbef1640000 r--p 00007000 08:06 2887611                    /lib/x86_64-linux-gnu/libwrap.so.0.7.6
7fbef1640000-7fbef1641000 rw-p 00008000 08:06 2887611                    /lib/x86_64-linux-gnu/libwrap.so.0.7.6
7fbef1648000-7fbef16a4000 r-xp 00000000 08:06 4988332                    /usr/lib/x86_64-linux-gnu/libpulsecommon-1.1.so
7fbef16a4000-7fbef18a4000 ---p 0005c000 08:06 4988332                    /usr/lib/x86_64-linux-gnu/libpulsecommon-1.1.so
7fbef18a4000-7fbef18a5000 r--p 0005c000 08:06 4988332                    /usr/lib/x86_64-linux-gnu/libpulsecommon-1.1.so
7fbef18a5000-7fbef18a6000 rw-p 0005d000 08:06 4988332                    /usr/lib/x86_64-linux-gnu/libpulsecommon-1.1.so
7fbef18a8000-7fbef18af000 r-xp 00000000 08:06 4988209                    /usr/lib/x86_64-linux-gnu/libjson.so.0.0.1
7fbef18af000-7fbef1aae000 ---p 00007000 08:06 4988209                    /usr/lib/x86_64-linux-gnu/libjson.so.0.0.1
7fbef1aae000-7fbef1aaf000 r--p 00006000 08:06 4988209                    /usr/lib/x86_64-linux-gnu/libjson.so.0.0.1
7fbef1aaf000-7fbef1ab0000 rw-p 00007000 08:06 4988209                    /usr/lib/x86_64-linux-gnu/libjson.so.0.0.1
7fbef1ab0000-7fbef1af6000 r-xp 00000000 08:06 4988331                    /usr/lib/x86_64-linux-gnu/libpulse.so.0.13.5
7fbef1af6000-7fbef1cf6000 ---p 00046000 08:06 4988331                    /usr/lib/x86_64-linux-gnu/libpulse.so.0.13.5
7fbef1cf6000-7fbef1cf7000 r--p 00046000 08:06 4988331                    /usr/lib/x86_64-linux-gnu/libpulse.so.0.13.5
7fbef1cf7000-7fbef1cf8000 rw-p 00047000 08:06 4988331                    /usr/lib/x86_64-linux-gnu/libpulse.so.0.13.5
7fbef1cf8000-7fbef1d4d000 r-xp 00000000 08:06 2621825                    /tmp/libgdxabaratham/7b43be9b/libopenal64.so
7fbef1d4d000-7fbef1f4c000 ---p 00055000 08:06 2621825                    /tmp/libgdxabaratham/7b43be9b/libopenal64.so
7fbef1f4c000-7fbef1f4f000 r--p 00054000 08:06 2621825                    /tmp/libgdxabaratham/7b43be9b/libopenal64.so
7fbef1f4f000-7fbef1f50000 rw-p 00057000 08:06 2621825                    /tmp/libgdxabaratham/7b43be9b/libopenal64.so
7fbef1f50000-7fbef1f51000 rw-p 00000000 00:00 0 
7fbef1f58000-7fbef1f5c000 r-xp 00000000 08:06 4987888                    /usr/lib/x86_64-linux-gnu/libXxf86vm.so.1.0.0
7fbef1f5c000-7fbef215b000 ---p 00004000 08:06 4987888                    /usr/lib/x86_64-linux-gnu/libXxf86vm.so.1.0.0
7fbef215b000-7fbef215c000 r--p 00003000 08:06 4987888                    /usr/lib/x86_64-linux-gnu/libXxf86vm.so.1.0.0
7fbef215c000-7fbef215d000 rw-p 00004000 08:06 4987888                    /usr/lib/x86_64-linux-gnu/libXxf86vm.so.1.0.0
7fbef2160000-7fbef21cc000 r-xp 00000000 08:06 2621823                    /tmp/libgdxabaratham/7b43be9b/liblwjgl64.so
7fbef21cc000-7fbef23cb000 ---p 0006c000 08:06 2621823                    /tmp/libgdxabaratham/7b43be9b/liblwjgl64.so
7fbef23cb000-7fbef23cd000 r--p 0006b000 08:06 2621823                    /tmp/libgdxabaratham/7b43be9b/liblwjgl64.so
7fbef23cd000-7fbef23ce000 rw-p 0006d000 08:06 2621823                    /tmp/libgdxabaratham/7b43be9b/liblwjgl64.so
7fbef23d0000-7fbef23d1000 r-xp 00000000 08:06 6192760                    /usr/lib/jvm/java-7-openjdk-amd64/jre/lib/amd64/libjawt.so
7fbef23d1000-7fbef25d0000 ---p 00001000 08:06 6192760                    /usr/lib/jvm/java-7-openjdk-amd64/jre/lib/amd64/libjawt.so
7fbef25d0000-7fbef25d1000 r--p 00000000 08:06 6192760                    /usr/lib/jvm/java-7-openjdk-amd64/jre/lib/amd64/libjawt.so
7fbef25d1000-7fbef25d2000 rw-p 00001000 08:06 6192760                    /usr/lib/jvm/java-7-openjdk-amd64/jre/lib/amd64/libjawt.so
7fbef25d8000-7fbef25db000 r-xp 00000000 08:06 2887529                    /lib/x86_64-linux-gnu/libgpg-error.so.0.8.0
7fbef25db000-7fbef27da000 ---p 00003000 08:06 2887529                    /lib/x86_64-linux-gnu/libgpg-error.so.0.8.0
7fbef27da000-7fbef27db000 r--p 00002000 08:06 2887529                    /lib/x86_64-linux-gnu/libgpg-error.so.0.8.0
7fbef27db000-7fbef27dc000 rw-p 00003000 08:06 2887529                    /lib/x86_64-linux-gnu/libgpg-error.so.0.8.0
7fbef27e0000-7fbef27e3000 r-xp 00000000 08:06 2887533                    /lib/x86_64-linux-gnu/libkeyutils.so.1.4
7fbef27e3000-7fbef29e2000 ---p 00003000 08:06 2887533                    /lib/x86_64-linux-gnu/libkeyutils.so.1.4
7fbef29e2000-7fbef29e3000 r--p 00002000 08:06 2887533                    /lib/x86_64-linux-gnu/libkeyutils.so.1.4
7fbef29e3000-7fbef29e4000 rw-p 00003000 08:06 2887533                    /lib/x86_64-linux-gnu/libkeyutils.so.1.4
7fbef29e8000-7fbef2a2a000 r-xp 00000000 08:06 2887514                    /lib/x86_64-linux-gnu/libdbus-1.so.3.5.8
7fbef2a2a000-7fbef2c2a000 ---p 00042000 08:06 2887514                    /lib/x86_64-linux-gnu/libdbus-1.so.3.5.8
7fbef2c2a000-7fbef2c2b000 r--p 00042000 08:06 2887514                    /lib/x86_64-linux-gnu/libdbus-1.so.3.5.8
7fbef2c2b000-7fbef2c2c000 rw-p 00043000 08:06 2887514                    /lib/x86_64-linux-gnu/libdbus-1.so.3.5.8
7fbef2c30000-7fbef2c41000 r-xp 00000000 08:06 4988280                    /usr/lib/x86_64-linux-gnu/libp11-kit.so.0.0.0
7fbef2c41000-7fbef2e40000 ---p 00011000 08:06 4988280                    /usr/lib/x86_64-linux-gnu/libp11-kit.so.0.0.0
7fbef2e40000-7fbef2e41000 r--p 00010000 08:06 4988280                    /usr/lib/x86_64-linux-gnu/libp11-kit.so.0.0.0
7fbef2e41000-7fbef2e42000 rw-p 00011000 08:06 4988280                    /usr/lib/x86_64-linux-gnu/libp11-kit.so.0.0.0
7fbef2e48000-7fbef2ec2000 r-xp 00000000 08:06 2887525                    /lib/x86_64-linux-gnu/libgcrypt.so.11.7.0
7fbef2ec2000-7fbef30c2000 ---p 0007a000 08:06 2887525                    /lib/x86_64-linux-gnu/libgcrypt.so.11.7.0
7fbef30c2000-7fbef30c3000 r--p 0007a000 08:06 2887525                    /lib/x86_64-linux-gnu/libgcrypt.so.11.7.0
7fbef30c3000-7fbef30c6000 rw-p 0007b000 08:06 2887525                    /lib/x86_64-linux-gnu/libgcrypt.so.11.7.0
7fbef30c8000-7fbef30d8000 r-xp 00000000 08:06 4988397                    /usr/lib/x86_64-linux-gnu/libtasn1.so.3.1.12
7fbef30d8000-7fbef32d7000 ---p 00010000 08:06 4988397                    /usr/lib/x86_64-linux-gnu/libtasn1.so.3.1.12
7fbef32d7000-7fbef32d8000 r--p 0000f000 08:06 4988397                    /usr/lib/x86_64-linux-gnu/libtasn1.so.3.1.12
7fbef32d8000-7fbef32d9000 rw-p 00010000 08:06 4988397                    /usr/lib/x86_64-linux-gnu/libtasn1.so.3.1.12
7fbef32e0000-7fbef32e7000 r-xp 00000000 08:06 4988217                    /usr/lib/x86_64-linux-gnu/libkrb5support.so.0.1
7fbef32e7000-7fbef34e6000 ---p 00007000 08:06 4988217                    /usr/lib/x86_64-linux-gnu/libkrb5support.so.0.1
7fbef34e6000-7fbef34e7000 r--p 00006000 08:06 4988217                    /usr/lib/x86_64-linux-gnu/libkrb5support.so.0.1
7fbef34e7000-7fbef34e8000 rw-p 00007000 08:06 4988217                    /usr/lib/x86_64-linux-gnu/libkrb5support.so.0.1
7fbef34e8000-7fbef34eb000 r-xp 00000000 08:06 2887509                    /lib/x86_64-linux-gnu/libcom_err.so.2.1
7fbef34eb000-7fbef36ea000 ---p 00003000 08:06 2887509                    /lib/x86_64-linux-gnu/libcom_err.so.2.1
7fbef36ea000-7fbef36eb000 r--p 00002000 08:06 2887509                    /lib/x86_64-linux-gnu/libcom_err.so.2.1
7fbef36eb000-7fbef36ec000 rw-p 00003000 08:06 2887509                    /lib/x86_64-linux-gnu/libcom_err.so.2.1
7fbef36f0000-7fbef3715000 r-xp 00000000 08:06 4988211                    /usr/lib/x86_64-linux-gnu/libk5crypto.so.3.1
7fbef3715000-7fbef3915000 ---p 00025000 08:06 4988211                    /usr/lib/x86_64-linux-gnu/libk5crypto.so.3.1
7fbef3915000-7fbef3916000 r--p 00025000 08:06 4988211                    /usr/lib/x86_64-linux-gnu/libk5crypto.so.3.1
7fbef3916000-7fbef3917000 rw-p 00026000 08:06 4988211                    /usr/lib/x86_64-linux-gnu/libk5crypto.so.3.1
7fbef3917000-7fbef3918000 rw-p 00000000 00:00 0 
7fbef3918000-7fbef39dc000 r-xp 00000000 08:06 4988215                    /usr/lib/x86_64-linux-gnu/libkrb5.so.3.3
7fbef39dc000-7fbef3bdb000 ---p 000c4000 08:06 4988215                    /usr/lib/x86_64-linux-gnu/libkrb5.so.3.3
7fbef3bdb000-7fbef3be5000 r--p 000c3000 08:06 4988215                    /usr/lib/x86_64-linux-gnu/libkrb5.so.3.3
7fbef3be5000-7fbef3be6000 rw-p 000cd000 08:06 4988215                    /usr/lib/x86_64-linux-gnu/libkrb5.so.3.3
7fbef3be8000-7fbef3bf0000 r-xp 00000000 08:06 4988454                    /usr/lib/x86_64-linux-gnu/libxcb-render.so.0.0.0
7fbef3bf0000-7fbef3df0000 ---p 00008000 08:06 4988454                    /usr/lib/x86_64-linux-gnu/libxcb-render.so.0.0.0
7fbef3df0000-7fbef3df1000 r--p 00008000 08:06 4988454                    /usr/lib/x86_64-linux-gnu/libxcb-render.so.0.0.0
7fbef3df1000-7fbef3df2000 rw-p 00009000 08:06 4988454                    /usr/lib/x86_64-linux-gnu/libxcb-render.so.0.0.0
7fbef3df8000-7fbef3dfa000 r-xp 00000000 08:06 4988458                    /usr/lib/x86_64-linux-gnu/libxcb-shm.so.0.0.0
7fbef3dfa000-7fbef3ff9000 ---p 00002000 08:06 4988458                    /usr/lib/x86_64-linux-gnu/libxcb-shm.so.0.0.0
7fbef3ff9000-7fbef3ffa000 r--p 00001000 08:06 4988458                    /usr/lib/x86_64-linux-gnu/libxcb-shm.so.0.0.0
7fbef3ffa000-7fbef3ffb000 rw-p 00002000 08:06 4988458                    /usr/lib/x86_64-linux-gnu/libxcb-shm.so.0.0.0
7fbef4000000-7fbef420c000 rw-p 00000000 00:00 0 
7fbef420c000-7fbef8000000 ---p 00000000 00:00 0 
7fbef8000000-7fbef8021000 rw-p 00000000 00:00 0 
7fbef8021000-7fbefc000000 ---p 00000000 00:00 0 
7fbefc000000-7fbefc021000 rw-p 00000000 00:00 0 
7fbefc021000-7fbf00000000 ---p 00000000 00:00 0 
7fbf00000000-7fbf00223000 rw-p 00000000 00:00 0 
7fbf00223000-7fbf04000000 ---p 00000000 00:00 0 
7fbf04000000-7fbf04021000 rw-p 00000000 00:00 0 
7fbf04021000-7fbf08000000 ---p 00000000 00:00 0 
7fbf08000000-7fbf08021000 rw-p 00000000 00:00 0 
7fbf08021000-7fbf0c000000 ---p 00000000 00:00 0 
7fbf0c000000-7fbf0c021000 rw-p 00000000 00:00 0 
7fbf0c021000-7fbf10000000 ---p 00000000 00:00 0 
7fbf10000000-7fbf10021000 rw-p 00000000 00:00 0 
7fbf10021000-7fbf14000000 ---p 00000000 00:00 0 
7fbf14000000-7fbf14021000 rw-p 00000000 00:00 0 
7fbf14021000-7fbf18000000 ---p 00000000 00:00 0 
7fbf1801c000-7fbf1805c000 rw-p 00000000 00:00 0 
7fbf1805c000-7fbf1809c000 rw-s 00004000 00:05 12546                      /dev/ati/card0
7fbf1809e000-7fbf180a1000 ---p 00000000 00:00 0 
7fbf180a1000-7fbf180d7000 rw-p 00000000 00:00 0                          [stack:16168]
7fbf180d7000-7fbf180da000 ---p 00000000 00:00 0 
7fbf180da000-7fbf181d8000 rw-p 00000000 00:00 0                          [stack:16162]
7fbf181d8000-7fbf181fe000 r-xp 00000000 08:06 2887579                    /lib/x86_64-linux-gnu/libpng12.so.0.46.0
7fbf181fe000-7fbf183fe000 ---p 00026000 08:06 2887579                    /lib/x86_64-linux-gnu/libpng12.so.0.46.0
7fbf183fe000-7fbf183ff000 r--p 00026000 08:06 2887579                    /lib/x86_64-linux-gnu/libpng12.so.0.46.0
7fbf183ff000-7fbf18400000 rw-p 00027000 08:06 2887579                    /lib/x86_64-linux-gnu/libpng12.so.0.46.0
7fbf18400000-7fbf18490000 r-xp 00000000 08:06 4988306                    /usr/lib/x86_64-linux-gnu/libpixman-1.so.0.30.2
7fbf18490000-7fbf1868f000 ---p 00090000 08:06 4988306                    /usr/lib/x86_64-linux-gnu/libpixman-1.so.0.30.2
7fbf1868f000-7fbf18696000 r--p 0008f000 08:06 4988306                    /usr/lib/x86_64-linux-gnu/libpixman-1.so.0.30.2
7fbf18696000-7fbf18697000 rw-p 00096000 08:06 4988306                    /usr/lib/x86_64-linux-gnu/libpixman-1.so.0.30.2
7fbf18698000-7fbf1869d000 r-xp 00000000 08:06 4987856                    /usr/lib/x86_64-linux-gnu/libXdmcp.so.6.0.0
7fbf1869d000-7fbf1889c000 ---p 00005000 08:06 4987856                    /usr/lib/x86_64-linux-gnu/libXdmcp.so.6.0.0
7fbf1889c000-7fbf1889d000 r--p 00004000 08:06 4987856                    /usr/lib/x86_64-linux-gnu/libXdmcp.so.6.0.0
7fbf1889d000-7fbf1889e000 rw-p 00005000 08:06 4987856                    /usr/lib/x86_64-linux-gnu/libXdmcp.so.6.0.0
7fbf188a0000-7fbf188a2000 r-xp 00000000 08:06 4987845                    /usr/lib/x86_64-linux-gnu/libXau.so.6.0.0
7fbf188a2000-7fbf18aa1000 ---p 00002000 08:06 4987845                    /usr/lib/x86_64-linux-gnu/libXau.so.6.0.0
7fbf18aa1000-7fbf18aa2000 r--p 00001000 08:06 4987845                    /usr/lib/x86_64-linux-gnu/libXau.so.6.0.0
7fbf18aa2000-7fbf18aa3000 rw-p 00002000 08:06 4987845                    /usr/lib/x86_64-linux-gnu/libXau.so.6.0.0
7fbf18aa8000-7fbf18ab8000 r-xp 00000000 08:06 4987916                    /usr/lib/x86_64-linux-gnu/libavahi-client.so.3.2.9
7fbf18ab8000-7fbf18cb7000 ---p 00010000 08:06 4987916                    /usr/lib/x86_64-linux-gnu/libavahi-client.so.3.2.9
7fbf18cb7000-7fbf18cb8000 r--p 0000f000 08:06 4987916                    /usr/lib/x86_64-linux-gnu/libavahi-client.so.3.2.9
7fbf18cb8000-7fbf18cb9000 rw-p 00010000 08:06 4987916                    /usr/lib/x86_64-linux-gnu/libavahi-client.so.3.2.9
7fbf18cc0000-7fbf18ccb000 r-xp 00000000 08:06 4987918                    /usr/lib/x86_64-linux-gnu/libavahi-common.so.3.5.3
7fbf18ccb000-7fbf18eca000 ---p 0000b000 08:06 4987918                    /usr/lib/x86_64-linux-gnu/libavahi-common.so.3.5.3
7fbf18eca000-7fbf18ecb000 r--p 0000a000 08:06 4987918                    /usr/lib/x86_64-linux-gnu/libavahi-common.so.3.5.3
7fbf18ecb000-7fbf18ecc000 rw-p 0000b000 08:06 4987918                    /usr/lib/x86_64-linux-gnu/libavahi-common.so.3.5.3
7fbf18ed0000-7fbf18f84000 r-xp 00000000 08:06 4992055                    /usr/lib/x86_64-linux-gnu/libgnutls.so.26.21.8
7fbf18f84000-7fbf19184000 ---p 000b4000 08:06 4992055                    /usr/lib/x86_64-linux-gnu/libgnutls.so.26.21.8
7fbf19184000-7fbf1918a000 r--p 000b4000 08:06 4992055                    /usr/lib/x86_64-linux-gnu/libgnutls.so.26.21.8
7fbf1918a000-7fbf1918b000 rw-p 000ba000 08:06 4992055                    /usr/lib/x86_64-linux-gnu/libgnutls.so.26.21.8
7fbf1918b000-7fbf1918c000 rw-p 00000000 00:00 0 
7fbf19190000-7fbf191cb000 r-xp 00000000 08:06 4988122                    /usr/lib/x86_64-linux-gnu/libgssapi_krb5.so.2.2
7fbf191cb000-7fbf193cb000 ---p 0003b000 08:06 4988122                    /usr/lib/x86_64-linux-gnu/libgssapi_krb5.so.2.2
7fbf193cb000-7fbf193cc000 r--p 0003b000 08:06 4988122                    /usr/lib/x86_64-linux-gnu/libgssapi_krb5.so.2.2
7fbf193cc000-7fbf193ce000 rw-p 0003c000 08:06 4988122                    /usr/lib/x86_64-linux-gnu/libgssapi_krb5.so.2.2
7fbf193d0000-7fbf1940c000 r-xp 00000000 08:06 2887575                    /lib/x86_64-linux-gnu/libpcre.so.3.12.1
7fbf1940c000-7fbf1960b000 ---p 0003c000 08:06 2887575                    /lib/x86_64-linux-gnu/libpcre.so.3.12.1
7fbf1960b000-7fbf1960c000 r--p 0003b000 08:06 2887575                    /lib/x86_64-linux-gnu/libpcre.so.3.12.1
7fbf1960c000-7fbf1960d000 rw-p 0003c000 08:06 2887575                    /lib/x86_64-linux-gnu/libpcre.so.3.12.1
7fbf19610000-7fbf19617000 r-xp 00000000 08:06 4988038                    /usr/lib/x86_64-linux-gnu/libffi.so.6.0.0
7fbf19617000-7fbf19816000 ---p 00007000 08:06 4988038                    /usr/lib/x86_64-linux-gnu/libffi.so.6.0.0
7fbf19816000-7fbf19817000 r--p 00006000 08:06 4988038                    /usr/lib/x86_64-linux-gnu/libffi.so.6.0.0
7fbf19817000-7fbf19818000 rw-p 00007000 08:06 4988038                    /usr/lib/x86_64-linux-gnu/libffi.so.6.0.0
7fbf19818000-7fbf1983f000 r-xp 00000000 08:06 2887520                    /lib/x86_64-linux-gnu/libexpat.so.1.5.2
7fbf1983f000-7fbf19a3f000 ---p 00027000 08:06 2887520                    /lib/x86_64-linux-gnu/libexpat.so.1.5.2
7fbf19a3f000-7fbf19a41000 r--p 00027000 08:06 2887520                    /lib/x86_64-linux-gnu/libexpat.so.1.5.2
7fbf19a41000-7fbf19a42000 rw-p 00029000 08:06 2887520                    /lib/x86_64-linux-gnu/libexpat.so.1.5.2
7fbf19a48000-7fbf19ade000 r-xp 00000000 08:06 4988048                    /usr/lib/x86_64-linux-gnu/libfreetype.so.6.8.0
7fbf19ade000-7fbf19cdd000 ---p 00096000 08:06 4988048                    /usr/lib/x86_64-linux-gnu/libfreetype.so.6.8.0
7fbf19cdd000-7fbf19ce3000 r--p 00095000 08:06 4988048                    /usr/lib/x86_64-linux-gnu/libfreetype.so.6.8.0
7fbf19ce3000-7fbf19ce4000 rw-p 0009b000 08:06 4988048                    /usr/lib/x86_64-linux-gnu/libfreetype.so.6.8.0
7fbf19ce8000-7fbf19d00000 r-xp 00000000 08:06 2887586                    /lib/x86_64-linux-gnu/libresolv-2.15.so
7fbf19d00000-7fbf19f00000 ---p 00018000 08:06 2887586                    /lib/x86_64-linux-gnu/libresolv-2.15.so
7fbf19f00000-7fbf19f01000 r--p 00018000 08:06 2887586                    /lib/x86_64-linux-gnu/libresolv-2.15.so
7fbf19f01000-7fbf19f02000 rw-p 00019000 08:06 2887586                    /lib/x86_64-linux-gnu/libresolv-2.15.so
7fbf19f02000-7fbf19f04000 rw-p 00000000 00:00 0 
7fbf19f08000-7fbf19f25000 r-xp 00000000 08:06 2887590                    /lib/x86_64-linux-gnu/libselinux.so.1
7fbf19f25000-7fbf1a124000 ---p 0001d000 08:06 2887590                    /lib/x86_64-linux-gnu/libselinux.so.1
7fbf1a124000-7fbf1a125000 r--p 0001c000 08:06 2887590                    /lib/x86_64-linux-gnu/libselinux.so.1
7fbf1a125000-7fbf1a126000 rw-p 0001d000 08:06 2887590                    /lib/x86_64-linux-gnu/libselinux.so.1
7fbf1a126000-7fbf1a127000 rw-p 00000000 00:00 0 
7fbf1a128000-7fbf1a12b000 r-xp 00000000 08:06 4988095                    /usr/lib/x86_64-linux-gnu/libgmodule-2.0.so.0.3200.4
7fbf1a12b000-7fbf1a32a000 ---p 00003000 08:06 4988095                    /usr/lib/x86_64-linux-gnu/libgmodule-2.0.so.0.3200.4
7fbf1a32a000-7fbf1a32b000 r--p 00002000 08:06 4988095                    /usr/lib/x86_64-linux-gnu/libgmodule-2.0.so.0.3200.4
7fbf1a32b000-7fbf1a32c000 rw-p 00003000 08:06 4988095                    /usr/lib/x86_64-linux-gnu/libgmodule-2.0.so.0.3200.4
7fbf1a330000-7fbf1a332000 r-xp 00000000 08:06 4987854                    /usr/lib/x86_64-linux-gnu/libXdamage.so.1.1.0
7fbf1a332000-7fbf1a531000 ---p 00002000 08:06 4987854                    /usr/lib/x86_64-linux-gnu/libXdamage.so.1.1.0
7fbf1a531000-7fbf1a532000 r--p 00001000 08:06 4987854                    /usr/lib/x86_64-linux-gnu/libXdamage.so.1.1.0
7fbf1a532000-7fbf1a533000 rw-p 00002000 08:06 4987854                    /usr/lib/x86_64-linux-gnu/libXdamage.so.1.1.0
7fbf1a538000-7fbf1a53a000 r-xp 00000000 08:06 4987850                    /usr/lib/x86_64-linux-gnu/libXcomposite.so.1.0.0
7fbf1a53a000-7fbf1a739000 ---p 00002000 08:06 4987850                    /usr/lib/x86_64-linux-gnu/libXcomposite.so.1.0.0
7fbf1a739000-7fbf1a73a000 r--p 00001000 08:06 4987850                    /usr/lib/x86_64-linux-gnu/libXcomposite.so.1.0.0
7fbf1a73a000-7fbf1a73b000 rw-p 00002000 08:06 4987850                    /usr/lib/x86_64-linux-gnu/libXcomposite.so.1.0.0
7fbf1a740000-7fbf1a749000 r-xp 00000000 08:06 4987852                    /usr/lib/x86_64-linux-gnu/libXcursor.so.1.0.2
7fbf1a749000-7fbf1a948000 ---p 00009000 08:06 4987852                    /usr/lib/x86_64-linux-gnu/libXcursor.so.1.0.2
7fbf1a948000-7fbf1a949000 r--p 00008000 08:06 4987852                    /usr/lib/x86_64-linux-gnu/libXcursor.so.1.0.2
7fbf1a949000-7fbf1a94a000 rw-p 00009000 08:06 4987852                    /usr/lib/x86_64-linux-gnu/libXcursor.so.1.0.2
7fbf1a950000-7fbf1a957000 r-xp 00000000 08:06 4987876                    /usr/lib/x86_64-linux-gnu/libXrandr.so.2.2.0
7fbf1a957000-7fbf1ab56000 ---p 00007000 08:06 4987876                    /usr/lib/x86_64-linux-gnu/libXrandr.so.2.2.0
7fbf1ab56000-7fbf1ab57000 r--p 00006000 08:06 4987876                    /usr/lib/x86_64-linux-gnu/libXrandr.so.2.2.0
7fbf1ab57000-7fbf1ab58000 rw-p 00007000 08:06 4987876                    /usr/lib/x86_64-linux-gnu/libXrandr.so.2.2.0
7fbf1ab58000-7fbf1ab5a000 r-xp 00000000 08:06 4987866                    /usr/lib/x86_64-linux-gnu/libXinerama.so.1.0.0
7fbf1ab5a000-7fbf1ad59000 ---p 00002000 08:06 4987866                    /usr/lib/x86_64-linux-gnu/libXinerama.so.1.0.0
7fbf1ad59000-7fbf1ad5a000 r--p 00001000 08:06 4987866                    /usr/lib/x86_64-linux-gnu/libXinerama.so.1.0.0
7fbf1ad5a000-7fbf1ad5b000 rw-p 00002000 08:06 4987866                    /usr/lib/x86_64-linux-gnu/libXinerama.so.1.0.0
7fbf1ad60000-7fbf1ad89000 r-xp 00000000 08:06 4988290                    /usr/lib/x86_64-linux-gnu/libpangoft2-1.0.so.0.3000.0
7fbf1ad89000-7fbf1af88000 ---p 00029000 08:06 4988290                    /usr/lib/x86_64-linux-gnu/libpangoft2-1.0.so.0.3000.0
7fbf1af88000-7fbf1af89000 r--p 00028000 08:06 4988290                    /usr/lib/x86_64-linux-gnu/libpangoft2-1.0.so.0.3000.0
7fbf1af89000-7fbf1af8a000 rw-p 00029000 08:06 4988290                    /usr/lib/x86_64-linux-gnu/libpangoft2-1.0.so.0.3000.0
7fbf1af90000-7fbf1b049000 r-xp 00000000 08:06 4987946                    /usr/lib/x86_64-linux-gnu/libcairo.so.2.11000.2
7fbf1b049000-7fbf1b248000 ---p 000b9000 08:06 4987946                    /usr/lib/x86_64-linux-gnu/libcairo.so.2.11000.2
7fbf1b248000-7fbf1b24a000 r--p 000b8000 08:06 4987946                    /usr/lib/x86_64-linux-gnu/libcairo.so.2.11000.2
7fbf1b24a000-7fbf1b24b000 rw-p 000ba000 08:06 4987946                    /usr/lib/x86_64-linux-gnu/libcairo.so.2.11000.2
7fbf1b24b000-7fbf1b24e000 rw-p 00000000 00:00 0 
7fbf1b250000-7fbf1b26f000 r-xp 00000000 08:06 4987908                    /usr/lib/x86_64-linux-gnu/libatk-1.0.so.0.20409.1
7fbf1b26f000-7fbf1b46f000 ---p 0001f000 08:06 4987908                    /usr/lib/x86_64-linux-gnu/libatk-1.0.so.0.20409.1
7fbf1b46f000-7fbf1b471000 r--p 0001f000 08:06 4987908                    /usr/lib/x86_64-linux-gnu/libatk-1.0.so.0.20409.1
7fbf1b471000-7fbf1b472000 rw-p 00021000 08:06 4987908                    /usr/lib/x86_64-linux-gnu/libatk-1.0.so.0.20409.1
7fbf1b478000-7fbf1b47d000 r-xp 00000000 08:06 4987860                    /usr/lib/x86_64-linux-gnu/libXfixes.so.3.1.0
7fbf1b47d000-7fbf1b67c000 ---p 00005000 08:06 4987860                    /usr/lib/x86_64-linux-gnu/libXfixes.so.3.1.0
7fbf1b67c000-7fbf1b67d000 r--p 00004000 08:06 4987860                    /usr/lib/x86_64-linux-gnu/libXfixes.so.3.1.0
7fbf1b67d000-7fbf1b67e000 rw-p 00005000 08:06 4987860                    /usr/lib/x86_64-linux-gnu/libXfixes.so.3.1.0
7fbf1b680000-7fbf1b68b000 r-xp 00000000 08:06 4988288                    /usr/lib/x86_64-linux-gnu/libpangocairo-1.0.so.0.3000.0
7fbf1b68b000-7fbf1b88a000 ---p 0000b000 08:06 4988288                    /usr/lib/x86_64-linux-gnu/libpangocairo-1.0.so.0.3000.0
7fbf1b88a000-7fbf1b88b000 r--p 0000a000 08:06 4988288                    /usr/lib/x86_64-linux-gnu/libpangocairo-1.0.so.0.3000.0
7fbf1b88b000-7fbf1b88c000 rw-p 0000b000 08:06 4988288                    /usr/lib/x86_64-linux-gnu/libpangocairo-1.0.so.0.3000.0
7fbf1b890000-7fbf1b8ad000 r-xp 00000000 08:06 4988464                    /usr/lib/x86_64-linux-gnu/libxcb.so.1.1.0
7fbf1b8ad000-7fbf1baac000 ---p 0001d000 08:06 4988464                    /usr/lib/x86_64-linux-gnu/libxcb.so.1.1.0
7fbf1baac000-7fbf1baad000 r--p 0001c000 08:06 4988464                    /usr/lib/x86_64-linux-gnu/libxcb.so.1.1.0
7fbf1baad000-7fbf1baae000 rw-p 0001d000 08:06 4988464                    /usr/lib/x86_64-linux-gnu/libxcb.so.1.1.0
7fbf1bab0000-7fbf1bb00000 r-xp 00000000 08:06 4987970                    /usr/lib/x86_64-linux-gnu/libcups.so.2
7fbf1bb00000-7fbf1bcff000 ---p 00050000 08:06 4987970                    /usr/lib/x86_64-linux-gnu/libcups.so.2
7fbf1bcff000-7fbf1bd03000 r--p 0004f000 08:06 4987970                    /usr/lib/x86_64-linux-gnu/libcups.so.2
7fbf1bd03000-7fbf1bd04000 rw-p 00053000 08:06 4987970                    /usr/lib/x86_64-linux-gnu/libcups.so.2
7fbf1bd08000-7fbf1bdfa000 r-xp 00000000 08:06 2887527                    /lib/x86_64-linux-gnu/libglib-2.0.so.0.3200.4
7fbf1bdfa000-7fbf1bffa000 ---p 000f2000 08:06 2887527                    /lib/x86_64-linux-gnu/libglib-2.0.so.0.3200.4
7fbf1bffa000-7fbf1bffb000 r--p 000f2000 08:06 2887527                    /lib/x86_64-linux-gnu/libglib-2.0.so.0.3200.4
7fbf1bffb000-7fbf1bffc000 rw-p 000f3000 08:06 2887527                    /lib/x86_64-linux-gnu/libglib-2.0.so.0.3200.4
7fbf1bffc000-7fbf1bffd000 rw-p 00000000 00:00 0 
7fbf1c000000-7fbf1c021000 rw-p 00000000 00:00 0 
7fbf1c021000-7fbf20000000 ---p 00000000 00:00 0 
7fbf2002f000-7fbf20032000 ---p 00000000 00:00 0 
7fbf20032000-7fbf20130000 rw-p 00000000 00:00 0                          [stack:16161]
7fbf20130000-7fbf20131000 r-xp 00000000 08:06 4988166                    /usr/lib/x86_64-linux-gnu/libgthread-2.0.so.0.3200.4
7fbf20131000-7fbf20330000 ---p 00001000 08:06 4988166                    /usr/lib/x86_64-linux-gnu/libgthread-2.0.so.0.3200.4
7fbf20330000-7fbf20331000 r--p 00000000 08:06 4988166                    /usr/lib/x86_64-linux-gnu/libgthread-2.0.so.0.3200.4
7fbf20331000-7fbf20332000 rw-p 00001000 08:06 4988166                    /usr/lib/x86_64-linux-gnu/libgthread-2.0.so.0.3200.4
7fbf20338000-7fbf20385000 r-xp 00000000 08:06 4988109                    /usr/lib/x86_64-linux-gnu/libgobject-2.0.so.0.3200.4
7fbf20385000-7fbf20585000 ---p 0004d000 08:06 4988109                    /usr/lib/x86_64-linux-gnu/libgobject-2.0.so.0.3200.4
7fbf20585000-7fbf20586000 r--p 0004d000 08:06 4988109                    /usr/lib/x86_64-linux-gnu/libgobject-2.0.so.0.3200.4
7fbf20586000-7fbf20587000 rw-p 0004e000 08:06 4988109                    /usr/lib/x86_64-linux-gnu/libgobject-2.0.so.0.3200.4
7fbf20588000-7fbf205bc000 r-xp 00000000 08:06 4988040                    /usr/lib/x86_64-linux-gnu/libfontconfig.so.1.4.4
7fbf205bc000-7fbf207bc000 ---p 00034000 08:06 4988040                    /usr/lib/x86_64-linux-gnu/libfontconfig.so.1.4.4
7fbf207bc000-7fbf207bd000 r--p 00034000 08:06 4988040                    /usr/lib/x86_64-linux-gnu/libfontconfig.so.1.4.4
7fbf207bd000-7fbf207be000 rw-p 00035000 08:06 4988040                    /usr/lib/x86_64-linux-gnu/libfontconfig.so.1.4.4
7fbf207c0000-7fbf20806000 r-xp 00000000 08:06 4988286                    /usr/lib/x86_64-linux-gnu/libpango-1.0.so.0.3000.0
7fbf20806000-7fbf20a06000 ---p 00046000 08:06 4988286                    /usr/lib/x86_64-linux-gnu/libpango-1.0.so.0.3000.0
7fbf20a06000-7fbf20a08000 r--p 00046000 08:06 4988286                    /usr/lib/x86_64-linux-gnu/libpango-1.0.so.0.3000.0
7fbf20a08000-7fbf20a09000 rw-p 00048000 08:06 4988286                    /usr/lib/x86_64-linux-gnu/libpango-1.0.so.0.3000.0
7fbf20a10000-7fbf20a2e000 r-xp 00000000 08:06 4988071                    /usr/lib/x86_64-linux-gnu/libgdk_pixbuf-2.0.so.0.2600.1
7fbf20a2e000-7fbf20c2e000 ---p 0001e000 08:06 4988071                    /usr/lib/x86_64-linux-gnu/libgdk_pixbuf-2.0.so.0.2600.1
7fbf20c2e000-7fbf20c2f000 r--p 0001e000 08:06 4988071                    /usr/lib/x86_64-linux-gnu/libgdk_pixbuf-2.0.so.0.2600.1
7fbf20c2f000-7fbf20c30000 rw-p 0001f000 08:06 4988071                    /usr/lib/x86_64-linux-gnu/libgdk_pixbuf-2.0.so.0.2600.1
7fbf20c30000-7fbf20d78000 r-xp 00000000 08:06 4988083                    /usr/lib/x86_64-linux-gnu/libgio-2.0.so.0.3200.4
7fbf20d78000-7fbf20f77000 ---p 00148000 08:06 4988083                    /usr/lib/x86_64-linux-gnu/libgio-2.0.so.0.3200.4
7fbf20f77000-7fbf20f7b000 r--p 00147000 08:06 4988083                    /usr/lib/x86_64-linux-gnu/libgio-2.0.so.0.3200.4
7fbf20f7b000-7fbf20f7d000 rw-p 0014b000 08:06 4988083                    /usr/lib/x86_64-linux-gnu/libgio-2.0.so.0.3200.4
7fbf20f7d000-7fbf20f7f000 rw-p 00000000 00:00 0 
7fbf20f80000-7fbf2102d000 r-xp 00000000 08:06 4988069                    /usr/lib/x86_64-linux-gnu/libgdk-x11-2.0.so.0.2400.10
7fbf2102d000-7fbf2122c000 ---p 000ad000 08:06 4988069                    /usr/lib/x86_64-linux-gnu/libgdk-x11-2.0.so.0.2400.10
7fbf2122c000-7fbf21230000 r--p 000ac000 08:06 4988069                    /usr/lib/x86_64-linux-gnu/libgdk-x11-2.0.so.0.2400.10
7fbf21230000-7fbf21232000 rw-p 000b0000 08:06 4988069                    /usr/lib/x86_64-linux-gnu/libgdk-x11-2.0.so.0.2400.10
7fbf21238000-7fbf21665000 r-xp 00000000 08:06 4988170                    /usr/lib/x86_64-linux-gnu/libgtk-x11-2.0.so.0.2400.10
7fbf21665000-7fbf21865000 ---p 0042d000 08:06 4988170                    /usr/lib/x86_64-linux-gnu/libgtk-x11-2.0.so.0.2400.10
7fbf21865000-7fbf2186c000 r--p 0042d000 08:06 4988170                    /usr/lib/x86_64-linux-gnu/libgtk-x11-2.0.so.0.2400.10
7fbf2186c000-7fbf21870000 rw-p 00434000 08:06 4988170                    /usr/lib/x86_64-linux-gnu/libgtk-x11-2.0.so.0.2400.10
7fbf21870000-7fbf21872000 rw-p 00000000 00:00 0 
7fbf21878000-7fbf21887000 r-xp 00000000 08:06 4987864                    /usr/lib/x86_64-linux-gnu/libXi.so.6.1.0
7fbf21887000-7fbf21a86000 ---p 0000f000 08:06 4987864                    /usr/lib/x86_64-linux-gnu/libXi.so.6.1.0
7fbf21a86000-7fbf21a87000 r--p 0000e000 08:06 4987864                    /usr/lib/x86_64-linux-gnu/libXi.so.6.1.0
7fbf21a87000-7fbf21a88000 rw-p 0000f000 08:06 4987864                    /usr/lib/x86_64-linux-gnu/libXi.so.6.1.0
7fbf21a88000-7fbf21a8d000 r-xp 00000000 08:06 4987884                    /usr/lib/x86_64-linux-gnu/libXtst.so.6.1.0
7fbf21a8d000-7fbf21c8c000 ---p 00005000 08:06 4987884                    /usr/lib/x86_64-linux-gnu/libXtst.so.6.1.0
7fbf21c8c000-7fbf21c8d000 r--p 00004000 08:06 4987884                    /usr/lib/x86_64-linux-gnu/libXtst.so.6.1.0
7fbf21c8d000-7fbf21c8e000 rw-p 00005000 08:06 4987884                    /usr/lib/x86_64-linux-gnu/libXtst.so.6.1.0
7fbf21c90000-7fbf21c99000 r-xp 00000000 08:06 4987880                    /usr/lib/x86_64-linux-gnu/libXrender.so.1.3.0
7fbf21c99000-7fbf21e98000 ---p 00009000 08:06 4987880                    /usr/lib/x86_64-linux-gnu/libXrender.so.1.3.0
7fbf21e98000-7fbf21e99000 r--p 00008000 08:06 4987880                    /usr/lib/x86_64-linux-gnu/libXrender.so.1.3.0
7fbf21e99000-7fbf21e9a000 rw-p 00009000 08:06 4987880                    /usr/lib/x86_64-linux-gnu/libXrender.so.1.3.0
7fbf21ea0000-7fbf21fd0000 r-xp 00000000 08:06 4987843                    /usr/lib/x86_64-linux-gnu/libX11.so.6.3.0
7fbf21fd0000-7fbf221d0000 ---p 00130000 08:06 4987843                    /usr/lib/x86_64-linux-gnu/libX11.so.6.3.0
7fbf221d0000-7fbf221d1000 r--p 00130000 08:06 4987843                    /usr/lib/x86_64-linux-gnu/libX11.so.6.3.0
7fbf221d1000-7fbf221d5000 rw-p 00131000 08:06 4987843                    /usr/lib/x86_64-linux-gnu/libX11.so.6.3.0
7fbf221d8000-7fbf221e8000 r-xp 00000000 08:06 4987858                    /usr/lib/x86_64-linux-gnu/libXext.so.6.4.0
7fbf221e8000-7fbf223e7000 ---p 00010000 08:06 4987858                    /usr/lib/x86_64-linux-gnu/libXext.so.6.4.0
7fbf223e7000-7fbf223e8000 r--p 0000f000 08:06 4987858                    /usr/lib/x86_64-linux-gnu/libXext.so.6.4.0
7fbf223e8000-7fbf223e9000 rw-p 00010000 08:06 4987858                    /usr/lib/x86_64-linux-gnu/libXext.so.6.4.0
7fbf22410000-7fbf22462000 r-xp 00000000 08:06 6305354                    /usr/lib/jvm/java-7-openjdk-amd64/jre/lib/amd64/xawt/libmawt.so
7fbf22462000-7fbf22662000 ---p 00052000 08:06 6305354                    /usr/lib/jvm/java-7-openjdk-amd64/jre/lib/amd64/xawt/libmawt.so
7fbf22662000-7fbf22663000 r--p 00052000 08:06 6305354                    /usr/lib/jvm/java-7-openjdk-amd64/jre/lib/amd64/xawt/libmawt.so
7fbf22663000-7fbf22666000 rw-p 00053000 08:06 6305354                    /usr/lib/jvm/java-7-openjdk-amd64/jre/lib/amd64/xawt/libmawt.so
7fbf22666000-7fbf22667000 rw-p 00000000 00:00 0 
7fbf22668000-7fbf2270a000 r-xp 00000000 08:06 6192763                    /usr/lib/jvm/java-7-openjdk-amd64/jre/lib/amd64/libawt.so
7fbf2270a000-7fbf22909000 ---p 000a2000 08:06 6192763                    /usr/lib/jvm/java-7-openjdk-amd64/jre/lib/amd64/libawt.so
7fbf22909000-7fbf2290a000 r--p 000a1000 08:06 6192763                    /usr/lib/jvm/java-7-openjdk-amd64/jre/lib/amd64/libawt.so
7fbf2290a000-7fbf22915000 rw-p 000a2000 08:06 6192763                    /usr/lib/jvm/java-7-openjdk-amd64/jre/lib/amd64/libawt.so
7fbf22915000-7fbf2293a000 rw-p 00000000 00:00 0 
7fbf22945000-7fbf22946000 rw-s 00005000 00:05 12546                      /dev/ati/card0
7fbf2294a000-7fbf2294c000 rw-s 00002000 00:05 12546                      /dev/ati/card0
7fbf22950000-7fbf22957000 r--s 00000000 08:06 5244924                    /usr/lib/x86_64-linux-gnu/gconv/gconv-modules.cache
7fbf22958000-7fbf22962000 r--s 000b8000 08:06 6035327                    /usr/lib/jvm/java-7-openjdk-amd64/jre/lib/resources.jar
7fbf22964000-7fbf22969000 r--s 0004c000 08:06 6035329                    /usr/lib/jvm/java-7-openjdk-amd64/jre/lib/jsse.jar
7fbf22970000-7fbf22994000 r-xp 00000000 08:06 2621820                    /tmp/libgdxabaratham/9865f060/libgdx64.so
7fbf22994000-7fbf22b94000 ---p 00024000 08:06 2621820                    /tmp/libgdxabaratham/9865f060/libgdx64.so
7fbf22b94000-7fbf22b95000 r--p 00024000 08:06 2621820                    /tmp/libgdxabaratham/9865f060/libgdx64.so
7fbf22b95000-7fbf22b96000 rw-p 00025000 08:06 2621820                    /tmp/libgdxabaratham/9865f060/libgdx64.so
7fbf22b99000-7fbf22b9a000 r--s 00001000 08:06 21234600                   /home/abaratham/.m2/repository/net/java/jutils/jutils/1.0.0/jutils-1.0.0.jar
7fbf22b9f000-7fbf22ba3000 r--s 0002f000 08:06 21234599                   /home/abaratham/.m2/repository/net/java/jinput/jinput/2.0.5/jinput-2.0.5.jar
7fbf22ba5000-7fbf22ba6000 r--s 00025000 08:06 21234602                   /home/abaratham/.m2/repository/net/java/jinput/jinput-platform/2.0.5/jinput-platform-2.0.5-natives-windows.jar
7fbf22baa000-7fbf22bab000 r--s 00002000 08:06 21234603                   /home/abaratham/.m2/repository/net/java/jinput/jinput-platform/2.0.5/jinput-platform-2.0.5-natives-osx.jar
7fbf22bb2000-7fbf22bb3000 r--s 00002000 08:06 21234601                   /home/abaratham/.m2/repository/net/java/jinput/jinput-platform/2.0.5/jinput-platform-2.0.5-natives-linux.jar
7fbf22bb7000-7fbf22bbb000 r--s 00027000 08:06 2623141                    /home/abaratham/.gradle/caches/modules-2/files-2.1/org.lwjgl.lwjgl/lwjgl_util/2.9.1/290d7ba8a1bd9566f5ddf16ad06f09af5ec9b20e/lwjgl_util-2.9.1.jar
7fbf22bc2000-7fbf22bd0000 r--s 000ea000 08:06 2623140                    /home/abaratham/.gradle/caches/modules-2/files-2.1/org.lwjgl.lwjgl/lwjgl/2.9.1/f58c5aabcef0e41718a564be9f8e412fff8db847/lwjgl-2.9.1.jar
7fbf22bd3000-7fbf22bd4000 r--s 0008b000 08:06 2623137                    /home/abaratham/.gradle/caches/modules-2/files-2.1/org.lwjgl.lwjgl/lwjgl-platform/2.9.1/aa9aae879af8eb378e22cfc64db56ec2ca9a44d1/lwjgl-platform-2.9.1-natives-linux.jar
7fbf22bd5000-7fbf22bd6000 r--s 00095000 08:06 2623139                    /home/abaratham/.gradle/caches/modules-2/files-2.1/org.lwjgl.lwjgl/lwjgl-platform/2.9.1/4c517eca808522457dd95ee8fc1fbcdbb602efbe/lwjgl-platform-2.9.1-natives-windows.jar
7fbf22bd8000-7fbf22bd9000 r--s 00080000 08:06 2623138                    /home/abaratham/.gradle/caches/modules-2/files-2.1/org.lwjgl.lwjgl/lwjgl-platform/2.9.1/2d12c83fdfbc04ecabf02c7bc8cc54d034f0daac/lwjgl-platform-2.9.1-natives-osx.jar
7fbf22bdf000-7fbf22be1000 r--s 00017000 08:06 2623143                    /home/abaratham/.gradle/caches/modules-2/files-2.1/org.jcraft/jorbis/0.0.17/8872d22b293e8f5d7d56ff92be966e6dc28ebdc6/jorbis-0.0.17.jar
7fbf22be5000-7fbf22be6000 r--s 00015000 08:06 2623142                    /home/abaratham/.gradle/caches/modules-2/files-2.1/com.badlogicgames.jlayer/jlayer/1.0.1-gdx/7cca83cec5c1b2f011362f4d85aabd71a73b049d/jlayer-1.0.1-gdx.jar
7fbf22bed000-7fbf22bee000 r--s 00085000 08:06 2623135                    /home/abaratham/.gradle/caches/modules-2/files-2.1/com.badlogicgames.gdx/gdx-platform/1.0.0/7f7c2b5bae73c9b4afe3a9fc937a6b0934022896/gdx-platform-1.0.0-natives-desktop.jar
7fbf22bef000-7fbf22bf2000 r--s 0001f000 08:06 2623134                    /home/abaratham/.gradle/caches/modules-2/files-2.1/com.badlogicgames.gdx/gdx-backend-lwjgl/1.0.0/7db646e37cce669e5e742e4413dd2b00084baad3/gdx-backend-lwjgl-1.0.0.jar
7fbf22bf3000-7fbf22bf6000 r--s 0000b000 08:06 1836944                    /home/abaratham/Desktop/Libgdx Gradle/core/build/libs/tween-engine-api.jar
7fbf22bf6000-7fbf22c0b000 r--s 0014e000 08:06 2623020                    /home/abaratham/.gradle/caches/modules-2/files-2.1/com.badlogicgames.gdx/gdx/1.0.0/89c474852f0c0b701ebf0e11c176166eec56c0fa/gdx-1.0.0.jar
7fbf22c0b000-7fbf22c0c000 ---p 00000000 00:00 0 
7fbf22c0c000-7fbf22d0c000 rw-p 00000000 00:00 0                          [stack:16160]
7fbf22d0c000-7fbf22d0f000 ---p 00000000 00:00 0 
7fbf22d0f000-7fbf22e0d000 rw-p 00000000 00:00 0                          [stack:16159]
7fbf22e0d000-7fbf22e10000 ---p 00000000 00:00 0 
7fbf22e10000-7fbf22f0e000 rw-p 00000000 00:00 0                          [stack:16158]
7fbf22f0e000-7fbf22f11000 ---p 00000000 00:00 0 
7fbf22f11000-7fbf2300f000 rw-p 00000000 00:00 0                          [stack:16157]
7fbf2300f000-7fbf23012000 ---p 00000000 00:00 0 
7fbf23012000-7fbf23110000 rw-p 00000000 00:00 0                          [stack:16156]
7fbf23110000-7fbf237f4000 r--p 00000000 08:06 4987195                    /usr/lib/locale/locale-archive
7fbf237f8000-7fbf237fb000 ---p 00000000 00:00 0 
7fbf237fb000-7fbf238f9000 rw-p 00000000 00:00 0                          [stack:16155]
7fbf238f9000-7fbf238fc000 ---p 00000000 00:00 0 
7fbf238fc000-7fbf239fa000 rw-p 00000000 00:00 0                          [stack:16154]
7fbf239fa000-7fbf239fb000 ---p 00000000 00:00 0 
7fbf239fb000-7fbf24000000 rw-p 00000000 00:00 0                          [stack:16153]
7fbf24000000-7fbf24021000 rw-p 00000000 00:00 0 
7fbf24021000-7fbf28000000 ---p 00000000 00:00 0 
7fbf28007000-7fbf28009000 r--s 0000f000 08:06 2623021                    /home/abaratham/.gradle/caches/modules-2/files-2.1/com.badlogicgames.gdx/gdx-box2d/1.0.0/4e3e9721d888e440cfc541e011ada658ffac5d8a/gdx-box2d-1.0.0.jar
7fbf2800b000-7fbf2800f000 r--s 0003b000 08:06 6035324                    /usr/lib/jvm/java-7-openjdk-amd64/jre/lib/ext/sunpkcs11.jar
7fbf28012000-7fbf28015000 r--s 00032000 08:06 6035322                    /usr/lib/jvm/java-7-openjdk-amd64/jre/lib/ext/sunjce_provider.jar
7fbf2801a000-7fbf2801c000 r--s 00012000 08:06 6035321                    /usr/lib/jvm/java-7-openjdk-amd64/jre/lib/ext/zipfs.jar
7fbf2801d000-7fbf28021000 r--s 00085000 08:06 6035323                    /usr/lib/jvm/java-7-openjdk-amd64/jre/lib/ext/localedata.jar
7fbf28027000-7fbf28029000 r--s 0000f000 08:06 6035320                    /usr/lib/jvm/java-7-openjdk-amd64/jre/lib/ext/pulse-java.jar
7fbf2802e000-7fbf28abc000 rw-p 00000000 00:00 0 
7fbf28abc000-7fbf28c6a000 r--s 01cf4000 08:06 6035316                    /usr/lib/jvm/java-7-openjdk-amd64/jre/lib/rt.jar
7fbf28c71000-7fbf2bef9000 rw-p 00000000 00:00 0 
7fbf2bef9000-7fbf2befa000 ---p 00000000 00:00 0 
7fbf2befa000-7fbf2bffa000 rw-p 00000000 00:00 0                          [stack:16152]
7fbf2bffa000-7fbf2bffb000 ---p 00000000 00:00 0 
7fbf2bffb000-7fbf2c0fb000 rw-p 00000000 00:00 0                          [stack:16151]
7fbf2c0fb000-7fbf2c0fc000 ---p 00000000 00:00 0 
7fbf2c0fc000-7fbf2c1fc000 rw-p 00000000 00:00 0                          [stack:16150]
7fbf2c1fc000-7fbf2c1fd000 ---p 00000000 00:00 0 
7fbf2c1fd000-7fbf2c319000 rw-p 00000000 00:00 0                          [stack:16149]
7fbf2c319000-7fbf2c4bd000 rw-p 00000000 00:00 0 
7fbf2c4bd000-7fbf2c4c8000 rw-p 00000000 00:00 0 
7fbf2c4c8000-7fbf2c510000 rw-p 00000000 00:00 0 
7fbf2c510000-7fbf2c52c000 rw-p 00000000 00:00 0 
7fbf2c52c000-7fbf2c6cf000 rw-p 00000000 00:00 0 
7fbf2c6cf000-7fbf2c6de000 rw-p 00000000 00:00 0 
7fbf2c6de000-7fbf2c7af000 rw-p 00000000 00:00 0 
7fbf2c7af000-7fbf2c7b0000 rw-p 00000000 00:00 0 
7fbf2c7b0000-7fbf2ca20000 rwxp 00000000 00:00 0 
7fbf2ca20000-7fbf2f7b0000 rw-p 00000000 00:00 0 
7fbf2f7b0000-7fbf2f7b8000 r-xp 00000000 08:06 6192744                    /usr/lib/jvm/java-7-openjdk-amd64/jre/lib/amd64/libzip.so
7fbf2f7b8000-7fbf2f9b7000 ---p 00008000 08:06 6192744                    /usr/lib/jvm/java-7-openjdk-amd64/jre/lib/amd64/libzip.so
7fbf2f9b7000-7fbf2f9b8000 r--p 00007000 08:06 6192744                    /usr/lib/jvm/java-7-openjdk-amd64/jre/lib/amd64/libzip.so
7fbf2f9b8000-7fbf2f9b9000 rw-p 00008000 08:06 6192744                    /usr/lib/jvm/java-7-openjdk-amd64/jre/lib/amd64/libzip.so
7fbf2f9c0000-7fbf2f9cc000 r-xp 00000000 08:06 2887553                    /lib/x86_64-linux-gnu/libnss_files-2.15.so
7fbf2f9cc000-7fbf2fbcb000 ---p 0000c000 08:06 2887553                    /lib/x86_64-linux-gnu/libnss_files-2.15.so
7fbf2fbcb000-7fbf2fbcc000 r--p 0000b000 08:06 2887553                    /lib/x86_64-linux-gnu/libnss_files-2.15.so
7fbf2fbcc000-7fbf2fbcd000 rw-p 0000c000 08:06 2887553                    /lib/x86_64-linux-gnu/libnss_files-2.15.so
7fbf2fbd0000-7fbf2fbda000 r-xp 00000000 08:06 2887557                    /lib/x86_64-linux-gnu/libnss_nis-2.15.so
7fbf2fbda000-7fbf2fdda000 ---p 0000a000 08:06 2887557                    /lib/x86_64-linux-gnu/libnss_nis-2.15.so
7fbf2fdda000-7fbf2fddb000 r--p 0000a000 08:06 2887557                    /lib/x86_64-linux-gnu/libnss_nis-2.15.so
7fbf2fddb000-7fbf2fddc000 rw-p 0000b000 08:06 2887557                    /lib/x86_64-linux-gnu/libnss_nis-2.15.so
7fbf2fde0000-7fbf2fdf7000 r-xp 00000000 08:06 2887547                    /lib/x86_64-linux-gnu/libnsl-2.15.so
7fbf2fdf7000-7fbf2fff6000 ---p 00017000 08:06 2887547                    /lib/x86_64-linux-gnu/libnsl-2.15.so
7fbf2fff6000-7fbf2fff7000 r--p 00016000 08:06 2887547                    /lib/x86_64-linux-gnu/libnsl-2.15.so
7fbf2fff7000-7fbf2fff8000 rw-p 00017000 08:06 2887547                    /lib/x86_64-linux-gnu/libnsl-2.15.so
7fbf2fff8000-7fbf2fffa000 rw-p 00000000 00:00 0 
7fbf30000000-7fbf302d7000 rw-p 00000000 00:00 0 
7fbf302d7000-7fbf34000000 ---p 00000000 00:00 0 
7fbf34001000-7fbf340f8000 rw-p 00000000 00:00 0 
7fbf340f8000-7fbf34140000 rw-p 00000000 00:00 0 
7fbf34140000-7fbf34148000 r-xp 00000000 08:06 2887549                    /lib/x86_64-linux-gnu/libnss_compat-2.15.so
7fbf34148000-7fbf34347000 ---p 00008000 08:06 2887549                    /lib/x86_64-linux-gnu/libnss_compat-2.15.so
7fbf34347000-7fbf34348000 r--p 00007000 08:06 2887549                    /lib/x86_64-linux-gnu/libnss_compat-2.15.so
7fbf34348000-7fbf34349000 rw-p 00008000 08:06 2887549                    /lib/x86_64-linux-gnu/libnss_compat-2.15.so
7fbf34350000-7fbf34379000 r-xp 00000000 08:06 6192737                    /usr/lib/jvm/java-7-openjdk-amd64/jre/lib/amd64/libjava.so
7fbf34379000-7fbf34578000 ---p 00029000 08:06 6192737                    /usr/lib/jvm/java-7-openjdk-amd64/jre/lib/amd64/libjava.so
7fbf34578000-7fbf34579000 r--p 00028000 08:06 6192737                    /usr/lib/jvm/java-7-openjdk-amd64/jre/lib/amd64/libjava.so
7fbf34579000-7fbf3457b000 rw-p 00029000 08:06 6192737                    /usr/lib/jvm/java-7-openjdk-amd64/jre/lib/amd64/libjava.so
7fbf34580000-7fbf3458e000 r-xp 00000000 08:06 6192769                    /usr/lib/jvm/java-7-openjdk-amd64/jre/lib/amd64/libverify.so
7fbf3458e000-7fbf3478d000 ---p 0000e000 08:06 6192769                    /usr/lib/jvm/java-7-openjdk-amd64/jre/lib/amd64/libverify.so
7fbf3478d000-7fbf3478f000 r--p 0000d000 08:06 6192769                    /usr/lib/jvm/java-7-openjdk-amd64/jre/lib/amd64/libverify.so
7fbf3478f000-7fbf34790000 rw-p 0000f000 08:06 6192769                    /usr/lib/jvm/java-7-openjdk-amd64/jre/lib/amd64/libverify.so
7fbf34790000-7fbf34797000 r-xp 00000000 08:06 2887588                    /lib/x86_64-linux-gnu/librt-2.15.so
7fbf34797000-7fbf34996000 ---p 00007000 08:06 2887588                    /lib/x86_64-linux-gnu/librt-2.15.so
7fbf34996000-7fbf34997000 r--p 00006000 08:06 2887588                    /lib/x86_64-linux-gnu/librt-2.15.so
7fbf34997000-7fbf34998000 rw-p 00007000 08:06 2887588                    /lib/x86_64-linux-gnu/librt-2.15.so
7fbf34998000-7fbf349ad000 r-xp 00000000 08:06 2887523                    /lib/x86_64-linux-gnu/libgcc_s.so.1
7fbf349ad000-7fbf34bac000 ---p 00015000 08:06 2887523                    /lib/x86_64-linux-gnu/libgcc_s.so.1
7fbf34bac000-7fbf34bad000 r--p 00014000 08:06 2887523                    /lib/x86_64-linux-gnu/libgcc_s.so.1
7fbf34bad000-7fbf34bae000 rw-p 00015000 08:06 2887523                    /lib/x86_64-linux-gnu/libgcc_s.so.1
7fbf34bb0000-7fbf34cab000 r-xp 00000000 08:06 2887534                    /lib/x86_64-linux-gnu/libm-2.15.so
7fbf34cab000-7fbf34eaa000 ---p 000fb000 08:06 2887534                    /lib/x86_64-linux-gnu/libm-2.15.so
7fbf34eaa000-7fbf34eab000 r--p 000fa000 08:06 2887534                    /lib/x86_64-linux-gnu/libm-2.15.so
7fbf34eab000-7fbf34eac000 rw-p 000fb000 08:06 2887534                    /lib/x86_64-linux-gnu/libm-2.15.so
7fbf34eb0000-7fbf34f92000 r-xp 00000000 08:06 4988391                    /usr/lib/x86_64-linux-gnu/libstdc++.so.6.0.16
7fbf34f92000-7fbf35191000 ---p 000e2000 08:06 4988391                    /usr/lib/x86_64-linux-gnu/libstdc++.so.6.0.16
7fbf35191000-7fbf35199000 r--p 000e1000 08:06 4988391                    /usr/lib/x86_64-linux-gnu/libstdc++.so.6.0.16
7fbf35199000-7fbf3519b000 rw-p 000e9000 08:06 4988391                    /usr/lib/x86_64-linux-gnu/libstdc++.so.6.0.16
7fbf3519b000-7fbf351b0000 rw-p 00000000 00:00 0 
7fbf351b0000-7fbf35c6b000 r-xp 00000000 08:06 6303865                    /usr/lib/jvm/java-7-openjdk-amd64/jre/lib/amd64/server/libjvm.so
7fbf35c6b000-7fbf35e6b000 ---p 00abb000 08:06 6303865                    /usr/lib/jvm/java-7-openjdk-amd64/jre/lib/amd64/server/libjvm.so
7fbf35e6b000-7fbf35f03000 r--p 00abb000 08:06 6303865                    /usr/lib/jvm/java-7-openjdk-amd64/jre/lib/amd64/server/libjvm.so
7fbf35f03000-7fbf35f26000 rw-p 00b53000 08:06 6303865                    /usr/lib/jvm/java-7-openjdk-amd64/jre/lib/amd64/server/libjvm.so
7fbf35f26000-7fbf35f53000 rw-p 00000000 00:00 0 
7fbf35f58000-7fbf35f6e000 r-xp 00000000 08:06 2887613                    /lib/x86_64-linux-gnu/libz.so.1.2.3.4
7fbf35f6e000-7fbf3616d000 ---p 00016000 08:06 2887613                    /lib/x86_64-linux-gnu/libz.so.1.2.3.4
7fbf3616d000-7fbf3616e000 r--p 00015000 08:06 2887613                    /lib/x86_64-linux-gnu/libz.so.1.2.3.4
7fbf3616e000-7fbf3616f000 rw-p 00016000 08:06 2887613                    /lib/x86_64-linux-gnu/libz.so.1.2.3.4
7fbf36170000-7fbf36188000 r-xp 00000000 08:06 2887582                    /lib/x86_64-linux-gnu/libpthread-2.15.so
7fbf36188000-7fbf36387000 ---p 00018000 08:06 2887582                    /lib/x86_64-linux-gnu/libpthread-2.15.so
7fbf36387000-7fbf36388000 r--p 00017000 08:06 2887582                    /lib/x86_64-linux-gnu/libpthread-2.15.so
7fbf36388000-7fbf36389000 rw-p 00018000 08:06 2887582                    /lib/x86_64-linux-gnu/libpthread-2.15.so
7fbf36389000-7fbf3638d000 rw-p 00000000 00:00 0 
7fbf36390000-7fbf36392000 r-xp 00000000 08:06 2887515                    /lib/x86_64-linux-gnu/libdl-2.15.so
7fbf36392000-7fbf36592000 ---p 00002000 08:06 2887515                    /lib/x86_64-linux-gnu/libdl-2.15.so
7fbf36592000-7fbf36593000 r--p 00002000 08:06 2887515                    /lib/x86_64-linux-gnu/libdl-2.15.so
7fbf36593000-7fbf36594000 rw-p 00003000 08:06 2887515                    /lib/x86_64-linux-gnu/libdl-2.15.so
7fbf36598000-7fbf3674d000 r-xp 00000000 08:06 2887502                    /lib/x86_64-linux-gnu/libc-2.15.so
7fbf3674d000-7fbf3694d000 ---p 001b5000 08:06 2887502                    /lib/x86_64-linux-gnu/libc-2.15.so
7fbf3694d000-7fbf36951000 r--p 001b5000 08:06 2887502                    /lib/x86_64-linux-gnu/libc-2.15.so
7fbf36951000-7fbf36953000 rw-p 001b9000 08:06 2887502                    /lib/x86_64-linux-gnu/libc-2.15.so
7fbf36953000-7fbf36958000 rw-p 00000000 00:00 0 
7fbf36958000-7fbf36965000 r-xp 00000000 08:06 6303971                    /usr/lib/jvm/java-7-openjdk-amd64/jre/lib/amd64/jli/libjli.so
7fbf36965000-7fbf36b64000 ---p 0000d000 08:06 6303971                    /usr/lib/jvm/java-7-openjdk-amd64/jre/lib/amd64/jli/libjli.so
7fbf36b64000-7fbf36b65000 r--p 0000c000 08:06 6303971                    /usr/lib/jvm/java-7-openjdk-amd64/jre/lib/amd64/jli/libjli.so
7fbf36b65000-7fbf36b66000 rw-p 0000d000 08:06 6303971                    /usr/lib/jvm/java-7-openjdk-amd64/jre/lib/amd64/jli/libjli.so
7fbf36b68000-7fbf36b8a000 r-xp 00000000 08:06 2887482                    /lib/x86_64-linux-gnu/ld-2.15.so
7fbf36b8d000-7fbf36b8e000 r--s 000dd000 08:06 2623136                    /home/abaratham/.gradle/caches/modules-2/files-2.1/com.badlogicgames.gdx/gdx-box2d-platform/1.0.0/350a00f887adc5505517003be2a0c111303c574b/gdx-box2d-platform-1.0.0-natives-desktop.jar
7fbf36b92000-7fbf36b93000 r--s 00002000 08:06 6035325                    /usr/lib/jvm/java-7-openjdk-amd64/jre/lib/ext/dnsns.jar
7fbf36b97000-7fbf36b98000 r--s 00007000 08:06 5250426                    /usr/share/java/java-atk-wrapper.jar
7fbf36b9a000-7fbf36bc2000 rw-p 00000000 00:00 0 
7fbf36bc2000-7fbf36c78000 rw-p 00000000 00:00 0 
7fbf36c78000-7fbf36c80000 rw-s 00000000 08:06 2621474                    /tmp/hsperfdata_abaratham/16143
7fbf36c82000-7fbf36c84000 rw-p 00000000 00:00 0 
7fbf36c84000-7fbf36c85000 r--p 00000000 00:00 0 
7fbf36c85000-7fbf36c88000 ---p 00000000 00:00 0 
7fbf36c88000-7fbf36d8a000 rw-p 00000000 00:00 0                          [stack:16148]
7fbf36d8a000-7fbf36d8b000 r--p 00022000 08:06 2887482                    /lib/x86_64-linux-gnu/ld-2.15.so
7fbf36d8b000-7fbf36d8d000 rw-p 00023000 08:06 2887482                    /lib/x86_64-linux-gnu/ld-2.15.so
7fbf36d8d000-7fbf36d8f000 rw-p 00000000 00:00 0 
7fff1c4cb000-7fff1c4ed000 rw-p 00000000 00:00 0                          [stack]
7fff1c508000-7fff1c50a000 r-xp 00000000 00:00 0                          [vdso]
ffffffffff600000-ffffffffff601000 r-xp 00000000 00:00 0                  [vsyscall]

VM Arguments:
jvm_args: -Dfile.encoding=UTF-8 
java_command: anandgames.gravity.desktop.DesktopLauncher
Launcher Type: SUN_STANDARD

Environment Variables:
PATH=/opt/OpenPrinting-Gutenprint/sbin:/opt/OpenPrinting-Gutenprint/bin:/usr/lib/lightdm/lightdm:/usr/local/sbin:/usr/local/bin:/usr/sbin:/usr/bin:/sbin:/bin:/usr/games
SHELL=/bin/bash
DISPLAY=:0.0

Signal Handlers:
SIGSEGV: [libjvm.so+0x8f6d70], sa_mask[0]=0x7ffbfeff, sa_flags=0x10000004
SIGBUS: [libjvm.so+0x8f6d70], sa_mask[0]=0x7ffbfeff, sa_flags=0x10000004
SIGFPE: [libjvm.so+0x77aeb0], sa_mask[0]=0x7ffbfeff, sa_flags=0x10000004
SIGPIPE: [libjvm.so+0x77aeb0], sa_mask[0]=0x7ffbfeff, sa_flags=0x10000004
SIGXFSZ: [libjvm.so+0x77aeb0], sa_mask[0]=0x7ffbfeff, sa_flags=0x10000004
SIGILL: [libjvm.so+0x77aeb0], sa_mask[0]=0x7ffbfeff, sa_flags=0x10000004
SIGUSR1: SIG_DFL, sa_mask[0]=0x00000000, sa_flags=0x00000000
SIGUSR2: [libjvm.so+0x77b130], sa_mask[0]=0x00000004, sa_flags=0x10000004
SIGHUP: [libjvm.so+0x77b2a0], sa_mask[0]=0x7ffbfeff, sa_flags=0x10000004
SIGINT: [libjvm.so+0x77b2a0], sa_mask[0]=0x7ffbfeff, sa_flags=0x10000004
SIGTERM: [libjvm.so+0x77b2a0], sa_mask[0]=0x7ffbfeff, sa_flags=0x10000004
SIGQUIT: [libjvm.so+0x77b2a0], sa_mask[0]=0x7ffbfeff, sa_flags=0x10000004


---------------  S Y S T E M  ---------------

OS:Ubuntu 12.04 (precise)
uname:Linux 3.11.0-17-generic #31~precise1-Ubuntu SMP Tue Feb 4 21:25:43 UTC 2014 x86_64
libc:glibc 2.15 NPTL 2.15 
rlimit: STACK 8192k, CORE 0k, NPROC 42396, NOFILE 4096, AS infinity
load average:0.92 1.07 0.85

/proc/meminfo:
MemTotal:        5493904 kB
MemFree:         1460876 kB
Buffers:          130484 kB
Cached:          1060260 kB
SwapCached:         4052 kB
Active:          2440604 kB
Inactive:        1123656 kB
Active(anon):    1920056 kB
Inactive(anon):   457728 kB
Active(file):     520548 kB
Inactive(file):   665928 kB
Unevictable:          32 kB
Mlocked:              32 kB
SwapTotal:       5731324 kB
SwapFree:        5721728 kB
Dirty:               440 kB
Writeback:             0 kB
AnonPages:       2369804 kB
Mapped:           341940 kB
Shmem:              4264 kB
Slab:             163680 kB
SReclaimable:     129672 kB
SUnreclaim:        34008 kB
KernelStack:        4848 kB
PageTables:        47224 kB
NFS_Unstable:          0 kB
Bounce:                0 kB
WritebackTmp:          0 kB
CommitLimit:     8478276 kB
Committed_AS:    7155512 kB
VmallocTotal:   34359738367 kB
VmallocUsed:      182752 kB
VmallocChunk:   34359486752 kB
HardwareCorrupted:     0 kB
AnonHugePages:         0 kB
HugePages_Total:       0
HugePages_Free:        0
HugePages_Rsvd:        0
HugePages_Surp:        0
Hugepagesize:       2048 kB
DirectMap4k:      293628 kB
DirectMap2M:     5443584 kB
DirectMap1G:           0 kB


CPU:total 4 (4 cores per cpu, 1 threads per core) family 21 model 16 stepping 1, cmov, cx8, fxsr, mmx, sse, sse2, sse3, ssse3, sse4.1, sse4.2, popcnt, avx, aes, mmxext, 3dnowpref, lzcnt, sse4a, tsc, tscinvbit, tscinv

/proc/cpuinfo:
processor	: 0
vendor_id	: AuthenticAMD
cpu family	: 21
model		: 16
model name	: AMD A10-4600M APU with Radeon(tm) HD Graphics
stepping	: 1
microcode	: 0x6001116
cpu MHz		: 2300.000
cache size	: 2048 KB
physical id	: 0
siblings	: 4
core id		: 0
cpu cores	: 2
apicid		: 16
initial apicid	: 0
fpu		: yes
fpu_exception	: yes
cpuid level	: 13
wp		: yes
flags		: fpu vme de pse tsc msr pae mce cx8 apic sep mtrr pge mca cmov pat pse36 clflush mmx fxsr sse sse2 ht syscall nx mmxext fxsr_opt pdpe1gb rdtscp lm constant_tsc rep_good nopl nonstop_tsc extd_apicid aperfmperf pni pclmulqdq monitor ssse3 fma cx16 sse4_1 sse4_2 popcnt aes xsave avx f16c lahf_lm cmp_legacy svm extapic cr8_legacy abm sse4a misalignsse 3dnowprefetch osvw ibs xop skinit wdt lwp fma4 tce nodeid_msr tbm topoext perfctr_core perfctr_nb arat cpb hw_pstate npt lbrv svm_lock nrip_save tsc_scale vmcb_clean flushbyasid decodeassists pausefilter pfthreshold bmi1
bogomips	: 4591.46
TLB size	: 1536 4K pages
clflush size	: 64
cache_alignment	: 64
address sizes	: 48 bits physical, 48 bits virtual
power management: ts ttp tm 100mhzsteps hwpstate cpb eff_freq_ro

processor	: 1
vendor_id	: AuthenticAMD
cpu family	: 21
model		: 16
model name	: AMD A10-4600M APU with Radeon(tm) HD Graphics  
stepping	: 1
microcode	: 0x6001116
cpu MHz		: 2300.000
cache size	: 2048 KB
physical id	: 0
siblings	: 4
core id		: 1
cpu cores	: 2
apicid		: 17
initial apicid	: 1
fpu		: yes
fpu_exception	: yes
cpuid level	: 13
wp		: yes
flags		: fpu vme de pse tsc msr pae mce cx8 apic sep mtrr pge mca cmov pat pse36 clflush mmx fxsr sse sse2 ht syscall nx mmxext fxsr_opt pdpe1gb rdtscp lm constant_tsc rep_good nopl nonstop_tsc extd_apicid aperfmperf pni pclmulqdq monitor ssse3 fma cx16 sse4_1 sse4_2 popcnt aes xsave avx f16c lahf_lm cmp_legacy svm extapic cr8_legacy abm sse4a misalignsse 3dnowprefetch osvw ibs xop skinit wdt lwp fma4 tce nodeid_msr tbm topoext perfctr_core perfctr_nb arat cpb hw_pstate npt lbrv svm_lock nrip_save tsc_scale vmcb_clean flushbyasid decodeassists pausefilter pfthreshold bmi1
bogomips	: 4591.46
TLB size	: 1536 4K pages
clflush size	: 64
cache_alignment	: 64
address sizes	: 48 bits physical, 48 bits virtual
power management: ts ttp tm 100mhzsteps hwpstate cpb eff_freq_ro

processor	: 2
vendor_id	: AuthenticAMD
cpu family	: 21
model		: 16
model name	: AMD A10-4600M APU with Radeon(tm) HD Graphics  
stepping	: 1
microcode	: 0x6001116
cpu MHz		: 1400.000
cache size	: 2048 KB
physical id	: 0
siblings	: 4
core id		: 2
cpu cores	: 2
apicid		: 18
initial apicid	: 2
fpu		: yes
fpu_exception	: yes
cpuid level	: 13
wp		: yes
flags		: fpu vme de pse tsc msr pae mce cx8 apic sep mtrr pge mca cmov pat pse36 clflush mmx fxsr sse sse2 ht syscall nx mmxext fxsr_opt pdpe1gb rdtscp lm constant_tsc rep_good nopl nonstop_tsc extd_apicid aperfmperf pni pclmulqdq monitor ssse3 fma cx16 sse4_1 sse4_2 popcnt aes xsave avx f16c lahf_lm cmp_legacy svm extapic cr8_legacy abm sse4a misalignsse 3dnowprefetch osvw ibs xop skinit wdt lwp fma4 tce nodeid_msr tbm topoext perfctr_core perfctr_nb arat cpb hw_pstate npt lbrv svm_lock nrip_save tsc_scale vmcb_clean flushbyasid decodeassists pausefilter pfthreshold bmi1
bogomips	: 4591.46
TLB size	: 1536 4K pages
clflush size	: 64
cache_alignment	: 64
address sizes	: 48 bits physical, 48 bits virtual
power management: ts ttp tm 100mhzsteps hwpstate cpb eff_freq_ro

processor	: 3
vendor_id	: AuthenticAMD
cpu family	: 21
model		: 16
model name	: AMD A10-4600M APU with Radeon(tm) HD Graphics  
stepping	: 1
microcode	: 0x6001116
cpu MHz		: 1400.000
cache size	: 2048 KB
physical id	: 0
siblings	: 4
core id		: 3
cpu cores	: 2
apicid		: 19
initial apicid	: 3
fpu		: yes
fpu_exception	: yes
cpuid level	: 13
wp		: yes
flags		: fpu vme de pse tsc msr pae mce cx8 apic sep mtrr pge mca cmov pat pse36 clflush mmx fxsr sse sse2 ht syscall nx mmxext fxsr_opt pdpe1gb rdtscp lm constant_tsc rep_good nopl nonstop_tsc extd_apicid aperfmperf pni pclmulqdq monitor ssse3 fma cx16 sse4_1 sse4_2 popcnt aes xsave avx f16c lahf_lm cmp_legacy svm extapic cr8_legacy abm sse4a misalignsse 3dnowprefetch osvw ibs xop skinit wdt lwp fma4 tce nodeid_msr tbm topoext perfctr_core perfctr_nb arat cpb hw_pstate npt lbrv svm_lock nrip_save tsc_scale vmcb_clean flushbyasid decodeassists pausefilter pfthreshold bmi1
bogomips	: 4591.46
TLB size	: 1536 4K pages
clflush size	: 64
cache_alignment	: 64
address sizes	: 48 bits physical, 48 bits virtual
power management: ts ttp tm 100mhzsteps hwpstate cpb eff_freq_ro



Memory: 4k page, physical 5493904k(1460876k free), swap 5731324k(5721728k free)

vm_info: OpenJDK 64-Bit Server VM (24.45-b08) for linux-amd64 JRE (1.7.0_51-b00), built on Jan 16 2014 18:37:59 by "buildd" with gcc 4.6.3

time: Mon May 12 15:37:47 2014
elapsed time: 3 seconds

