#
# A fatal error has been detected by the Java Runtime Environment:
#
#  SIGSEGV (0xb) at pc=0x00007f0a46566800, pid=15373, tid=139682202806016
#
# JRE version: OpenJDK Runtime Environment (7.0_51) (build 1.7.0_51-b00)
# Java VM: OpenJDK 64-Bit Server VM (24.45-b08 mixed mode linux-amd64 compressed oops)
# Problematic frame:
# C  [fglrx_dri.so+0x11ce800]  ukiCreateContext+0x11ce800
#
# Failed to write core dump. Core dumps have been disabled. To enable core dumping, try "ulimit -c unlimited" before starting Java again
#
# If you would like to submit a bug report, please include
# instructions on how to reproduce the bug and visit:
#   http://icedtea.classpath.org/bugzilla
# The crash happened outside the Java Virtual Machine in native code.
# See problematic frame for where to report the bug.
#

---------------  T H R E A D  ---------------

Current thread (0x00007f0a902f5800):  JavaThread "LWJGL Application" [_thread_in_native, id=15396, stack(0x00007f0a4c046000,0x00007f0a4c147000)]

siginfo:si_signo=SIGSEGV: si_errno=0, si_code=1 (SEGV_MAPERR), si_addr=0x0000000000000000

Registers:
RAX=0x00007f0a47268e50, RBX=0x00007f0a46da4df8, RCX=0x0000000000000000, RDX=0x0000000000000000
RSP=0x00007f0a4c145128, RBP=0x00007f0a30542730, RSI=0x00007f0a30140890, RDI=0x00007f0a30940f00
R8 =0x00007f0a30127ef0, R9 =0x0000000000003c24, R10=0x0000000000000000, R11=0x0000000000000000
R12=0x00007f0a474314c0, R13=0xffffffffffffff68, R14=0xffffffffffffff68, R15=0x0000000000000001
RIP=0x00007f0a46566800, EFLAGS=0x0000000000010206, CSGSFS=0x0000000000000033, ERR=0x0000000000000004
  TRAPNO=0x000000000000000e

Top of Stack: (sp=0x00007f0a4c145128)
0x00007f0a4c145128:   00007f0a46501624 00007f0a3002bf40
0x00007f0a4c145138:   00007f0a3012d2b0 0000000000000088
0x00007f0a4c145148:   0000000000000000 00007f0a30134360
0x00007f0a4c145158:   00007f0a46da4df8 00007f0a474314c0
0x00007f0a4c145168:   00007f0a462ee7c9 0000000000000000
0x00007f0a4c145178:   0000000000000000 0000000000000000
0x00007f0a4c145188:   000002e800000525 0000000001000000
0x00007f0a4c145198:   00007f0a00000000 0000000000000000
0x00007f0a4c1451a8:   000002d000000500 0000000000000003
0x00007f0a4c1451b8:   0000000000000000 0000000000000000
0x00007f0a4c1451c8:   00007f0a30542730 0000000000000088
0x00007f0a4c1451d8:   00007f0a30134360 00007f0a474314c0
0x00007f0a4c1451e8:   00007f0a4630e3e6 00007f0a902f5800
0x00007f0a4c1451f8:   0000000000000000 0000000000000000
0x00007f0a4c145208:   00007f0a301f3730 0000000000000007
0x00007f0a4c145218:   0000000100000000 0000000000000000
0x00007f0a4c145228:   0000000000000000 0000000000000000
0x00007f0a4c145238:   00007f0a00000000 0000000000000003
0x00007f0a4c145248:   0000000000000000 0000000000000000
0x00007f0a4c145258:   0000000000000000 00007f0a00000000
0x00007f0a4c145268:   00007f0a9005a2a8 00007f0a902f59d8
0x00007f0a4c145278:   00007f0a30542730 00007f0a30542730
0x00007f0a4c145288:   00007f0a300285b0 000000000000022b
0x00007f0a4c145298:   00007f0a47426be8 ffffffffffffff68
0x00007f0a4c1452a8:   00007f0a462e8223 00007f0a4c145190
0x00007f0a4c1452b8:   0000003000000018 00007f0a4c145420
0x00007f0a4c1452c8:   00007f0a4c145340 00007f0a473dd2d8
0x00007f0a4c1452d8:   00007f0a30542730 00007f0a300285b0
0x00007f0a4c1452e8:   00007f0a462ed893 00007f0a309157b0
0x00007f0a4c1452f8:   00007f0a473dd2d8 00007f0a473dd2d8
0x00007f0a4c145308:   00007f0a300286d0 00007f0a300285b0
0x00007f0a4c145318:   000000000000022b 00007f0a47426be8 

Instructions: (pc=0x00007f0a46566800)
0x00007f0a465667e0:   48 89 c7 48 8b 00 89 de 4c 8b 98 d0 00 00 00 48
0x00007f0a465667f0:   83 c4 30 5b 41 ff e3 90 90 90 90 90 90 90 90 90
0x00007f0a46566800:   48 8b 02 48 89 87 00 02 00 00 48 8b 42 08 48 89
0x00007f0a46566810:   87 08 02 00 00 b8 01 00 00 00 c3 90 90 90 90 90 

Register to memory mapping:

RAX=0x00007f0a47268e50: <offset 0x1ed0e50> in /usr/lib/fglrx/dri/fglrx_dri.so at 0x00007f0a45398000
RBX=0x00007f0a46da4df8: <offset 0x1a0cdf8> in /usr/lib/fglrx/dri/fglrx_dri.so at 0x00007f0a45398000
RCX=0x0000000000000000 is an unknown value
RDX=0x0000000000000000 is an unknown value
RSP=0x00007f0a4c145128 is pointing into the stack for thread: 0x00007f0a902f5800
RBP=0x00007f0a30542730 is an unknown value
RSI=0x00007f0a30140890 is an unknown value
RDI=0x00007f0a30940f00 is an unknown value
R8 =0x00007f0a30127ef0 is an unknown value
R9 =0x0000000000003c24 is an unknown value
R10=0x0000000000000000 is an unknown value
R11=0x0000000000000000 is an unknown value
R12=0x00007f0a474314c0: <offset 0x20994c0> in /usr/lib/fglrx/dri/fglrx_dri.so at 0x00007f0a45398000
R13=0xffffffffffffff68 is an unknown value
R14=0xffffffffffffff68 is an unknown value
R15=0x0000000000000001 is an unknown value


Stack: [0x00007f0a4c046000,0x00007f0a4c147000],  sp=0x00007f0a4c145128,  free space=1020k
Native frames: (J=compiled Java code, j=interpreted, Vv=VM code, C=native code)
C  [fglrx_dri.so+0x11ce800]  ukiCreateContext+0x11ce800

Java frames: (J=compiled Java code, j=interpreted, Vv=VM code)
j  org.lwjgl.opengl.LinuxContextImplementation.nSwapBuffers(Ljava/nio/ByteBuffer;)V+0
j  org.lwjgl.opengl.LinuxContextImplementation.swapBuffers()V+38
j  org.lwjgl.opengl.ContextGL.swapBuffers()V+3
j  org.lwjgl.opengl.DrawableGL.swapBuffers()V+0
j  org.lwjgl.opengl.Display.swapBuffers()V+39
j  org.lwjgl.opengl.Display.update(Z)V+44
j  com.badlogic.gdx.backends.lwjgl.LwjglApplication.mainLoop()V+625
j  com.badlogic.gdx.backends.lwjgl.LwjglApplication$1.run()V+27
v  ~StubRoutines::call_stub

---------------  P R O C E S S  ---------------

Java Threads: ( => current thread )
  0x00007f0a3000d000 JavaThread "process reaper" daemon [_thread_blocked, id=15398, stack(0x00007f0a540be000,0x00007f0a540f7000)]
  0x00007f0a9000b000 JavaThread "DestroyJavaVM" [_thread_blocked, id=15378, stack(0x00007f0a96a66000,0x00007f0a96b67000)]
=>0x00007f0a902f5800 JavaThread "LWJGL Application" [_thread_in_native, id=15396, stack(0x00007f0a4c046000,0x00007f0a4c147000)]
  0x00007f0a90252000 JavaThread "AWT-XAWT" daemon [_thread_blocked, id=15392, stack(0x00007f0a540f7000,0x00007f0a541f8000)]
  0x00007f0a90230000 JavaThread "Java2D Disposer" daemon [_thread_blocked, id=15391, stack(0x00007f0a78037000,0x00007f0a78138000)]
  0x00007f0a900a7800 JavaThread "Service Thread" daemon [_thread_blocked, id=15389, stack(0x00007f0a7aaec000,0x00007f0a7abed000)]
  0x00007f0a900a5000 JavaThread "C2 CompilerThread1" daemon [_thread_blocked, id=15388, stack(0x00007f0a7abed000,0x00007f0a7acee000)]
  0x00007f0a900a2000 JavaThread "C2 CompilerThread0" daemon [_thread_blocked, id=15387, stack(0x00007f0a7acee000,0x00007f0a7adef000)]
  0x00007f0a900a0000 JavaThread "Signal Dispatcher" daemon [_thread_blocked, id=15386, stack(0x00007f0a7adef000,0x00007f0a7aef0000)]
  0x00007f0a9007d000 JavaThread "Finalizer" daemon [_thread_blocked, id=15385, stack(0x00007f0a7b5d5000,0x00007f0a7b6d6000)]
  0x00007f0a9007b000 JavaThread "Reference Handler" daemon [_thread_blocked, id=15384, stack(0x00007f0a7b6d6000,0x00007f0a7b7d7000)]

Other Threads:
  0x00007f0a90076800 VMThread [stack: 0x00007f0a7b7d7000,0x00007f0a7b8d8000] [id=15383]
  0x00007f0a900b2000 WatcherThread [stack: 0x00007f0a7a9eb000,0x00007f0a7aaec000] [id=15390]

VM state:not at safepoint (normal execution)

VM Mutex/Monitor currently owned by a thread: None

Heap
 PSYoungGen      total 25088K, used 15699K [0x00000000e4080000, 0x00000000e5c80000, 0x0000000100000000)
  eden space 21504K, 73% used [0x00000000e4080000,0x00000000e4fd4f88,0x00000000e5580000)
  from space 3584K, 0% used [0x00000000e5900000,0x00000000e5900000,0x00000000e5c80000)
  to   space 3584K, 0% used [0x00000000e5580000,0x00000000e5580000,0x00000000e5900000)
 ParOldGen       total 56832K, used 0K [0x00000000ac200000, 0x00000000af980000, 0x00000000e4080000)
  object space 56832K, 0% used [0x00000000ac200000,0x00000000ac200000,0x00000000af980000)
 PSPermGen       total 21504K, used 9029K [0x00000000a1c00000, 0x00000000a3100000, 0x00000000ac200000)
  object space 21504K, 41% used [0x00000000a1c00000,0x00000000a24d1548,0x00000000a3100000)

Card table byte_map: [0x00007f0a8c2ad000,0x00007f0a8c5a0000] byte_map_base: 0x00007f0a8bd9f000

Polling page: 0x00007f0a96a65000

Code Cache  [0x00007f0a8c5a0000, 0x00007f0a8c810000, 0x00007f0a8f5a0000)
 total_blobs=534 nmethods=40 adapters=449 free_code_cache=48533Kb largest_free_block=49670784

Compilation events (10 events):
Event: 1.780 Thread 0x00007f0a900a2000 nmethod 30 0x00007f0a8c63f490 code [0x00007f0a8c63f680, 0x00007f0a8c640be0]
Event: 1.780 Thread 0x00007f0a900a2000   36             java.util.StringTokenizer::skipDelimiters (116 bytes)
Event: 1.782 Thread 0x00007f0a900a5000 nmethod 35 0x00007f0a8c638190 code [0x00007f0a8c6382e0, 0x00007f0a8c638538]
Event: 1.787 Thread 0x00007f0a900a5000   37             java.lang.AbstractStringBuilder::ensureCapacityInternal (16 bytes)
Event: 1.788 Thread 0x00007f0a900a2000 nmethod 36 0x00007f0a8c636cd0 code [0x00007f0a8c636e60, 0x00007f0a8c637208]
Event: 1.791 Thread 0x00007f0a900a5000 nmethod 37 0x00007f0a8c637a90 code [0x00007f0a8c637be0, 0x00007f0a8c637e38]
Event: 2.125 Thread 0x00007f0a900a2000   38             org.lwjgl.opengl.Sync$RunningAvg::avg (37 bytes)
Event: 2.131 Thread 0x00007f0a900a2000 nmethod 38 0x00007f0a8c636550 code [0x00007f0a8c6366a0, 0x00007f0a8c6367d8]
Event: 3.044 Thread 0x00007f0a900a5000   40             java.nio.Buffer::position (43 bytes)
Event: 3.045 Thread 0x00007f0a900a5000 nmethod 40 0x00007f0a8c635f50 code [0x00007f0a8c636080, 0x00007f0a8c6360f8]

GC Heap History (0 events):
No events

Deoptimization events (1 events):
Event: 0.359 Thread 0x00007f0a9000b000 Uncommon trap: reason=class_check action=maybe_recompile pc=0x00007f0a8c60521c method=java.util.Properties$LineReader.readLine()I @ 62

Internal exceptions (10 events):
Event: 1.802 Thread 0x00007f0a902f5800 Threw 0x00000000e4f23440 at /build/buildd/openjdk-7-7u51-2.4.4/build/openjdk/hotspot/src/share/vm/prims/jvm.cpp:1244
Event: 1.803 Thread 0x00007f0a902f5800 Threw 0x00000000e4f295d8 at /build/buildd/openjdk-7-7u51-2.4.4/build/openjdk/hotspot/src/share/vm/prims/jvm.cpp:1244
Event: 1.804 Thread 0x00007f0a902f5800 Threw 0x00000000e4f2e778 at /build/buildd/openjdk-7-7u51-2.4.4/build/openjdk/hotspot/src/share/vm/prims/jvm.cpp:1244
Event: 1.806 Thread 0x00007f0a902f5800 Threw 0x00000000e4f37fc0 at /build/buildd/openjdk-7-7u51-2.4.4/build/openjdk/hotspot/src/share/vm/prims/jvm.cpp:1244
Event: 1.807 Thread 0x00007f0a902f5800 Threw 0x00000000e4f3e2e0 at /build/buildd/openjdk-7-7u51-2.4.4/build/openjdk/hotspot/src/share/vm/prims/jvm.cpp:1244
Event: 1.818 Thread 0x00007f0a902f5800 Threw 0x00000000e4f452c8 at /build/buildd/openjdk-7-7u51-2.4.4/build/openjdk/hotspot/src/share/vm/prims/jvm.cpp:1244
Event: 1.820 Thread 0x00007f0a902f5800 Threw 0x00000000e4f4af98 at /build/buildd/openjdk-7-7u51-2.4.4/build/openjdk/hotspot/src/share/vm/prims/jvm.cpp:1244
Event: 1.821 Thread 0x00007f0a902f5800 Threw 0x00000000e4f50110 at /build/buildd/openjdk-7-7u51-2.4.4/build/openjdk/hotspot/src/share/vm/prims/jvm.cpp:1244
Event: 1.838 Thread 0x00007f0a902f5800 Threw 0x00000000e4f581e8 at /build/buildd/openjdk-7-7u51-2.4.4/build/openjdk/hotspot/src/share/vm/prims/jvm.cpp:1244
Event: 1.840 Thread 0x00007f0a902f5800 Threw 0x00000000e4f5db58 at /build/buildd/openjdk-7-7u51-2.4.4/build/openjdk/hotspot/src/share/vm/prims/jvm.cpp:1244

Events (10 events):
Event: 1.818 loading class 0x00007f0a90142060
Event: 1.818 loading class 0x00007f0a90142060 done
Event: 1.820 loading class 0x00007f0a309571a0
Event: 1.820 loading class 0x00007f0a309571a0 done
Event: 1.821 loading class 0x00007f0a305c8df0
Event: 1.821 loading class 0x00007f0a305c8df0 done
Event: 1.838 loading class 0x00007f0a30007120
Event: 1.838 loading class 0x00007f0a30007120 done
Event: 1.840 loading class 0x00007f0a30941350
Event: 1.840 loading class 0x00007f0a30941350 done


Dynamic libraries:
00400000-00401000 r-xp 00000000 08:06 6035309                            /usr/lib/jvm/java-7-openjdk-amd64/jre/bin/java
00600000-00601000 r--p 00000000 08:06 6035309                            /usr/lib/jvm/java-7-openjdk-amd64/jre/bin/java
00601000-00602000 rw-p 00001000 08:06 6035309                            /usr/lib/jvm/java-7-openjdk-amd64/jre/bin/java
020b2000-020d3000 rw-p 00000000 00:00 0                                  [heap]
a1c00000-a3100000 rw-p 00000000 00:00 0 
a3100000-ac200000 rw-p 00000000 00:00 0 
ac200000-af980000 rw-p 00000000 00:00 0 
af980000-e4080000 rw-p 00000000 00:00 0 
e4080000-e5c80000 rw-p 00000000 00:00 0 
e5c80000-100000000 rw-p 00000000 00:00 0 
7f0a24000000-7f0a24021000 rw-p 00000000 00:00 0 
7f0a24021000-7f0a28000000 ---p 00000000 00:00 0 
7f0a2c000000-7f0a2c021000 rw-p 00000000 00:00 0 
7f0a2c021000-7f0a30000000 ---p 00000000 00:00 0 
7f0a30000000-7f0a30aa7000 rw-p 00000000 00:00 0 
7f0a30aa7000-7f0a34000000 ---p 00000000 00:00 0 
7f0a34000000-7f0a34021000 rw-p 00000000 00:00 0 
7f0a34021000-7f0a38000000 ---p 00000000 00:00 0 
7f0a3bff8000-7f0a3fff9000 rw-s 00000000 00:13 580867                     /run/shm/pulse-shm-493766750
7f0a40000000-7f0a40021000 rw-p 00000000 00:00 0 
7f0a40021000-7f0a44000000 ---p 00000000 00:00 0 
7f0a4454a000-7f0a4474a000 rw-s 1509a000 00:05 12546                      /dev/ati/card0
7f0a44750000-7f0a44850000 rw-s 15098000 00:05 12546                      /dev/ati/card0
7f0a44856000-7f0a44f56000 rw-s 00006000 00:05 12546                      /dev/ati/card0
7f0a44f5d000-7f0a44faa000 rw-p 00000000 00:00 0 
7f0a44fe5000-7f0a45025000 rw-s 00025000 00:05 12546                      /dev/ati/card0
7f0a45028000-7f0a45228000 rw-p 00000000 00:00 0 
7f0a45228000-7f0a4527b000 r-xp 00000000 08:06 5904372                    /usr/lib/fglrx/libatiadlxx.so
7f0a4527b000-7f0a4537a000 ---p 00053000 08:06 5904372                    /usr/lib/fglrx/libatiadlxx.so
7f0a4537a000-7f0a45387000 rw-p 00052000 08:06 5904372                    /usr/lib/fglrx/libatiadlxx.so
7f0a45387000-7f0a45397000 rw-p 00000000 00:00 0 
7f0a45398000-7f0a47132000 r-xp 00000000 08:06 5904155                    /usr/lib/fglrx/dri/fglrx_dri.so
7f0a47132000-7f0a47232000 ---p 01d9a000 08:06 5904155                    /usr/lib/fglrx/dri/fglrx_dri.so
7f0a47232000-7f0a473a5000 rwxp 01d9a000 08:06 5904155                    /usr/lib/fglrx/dri/fglrx_dri.so
7f0a473a5000-7f0a474c9000 rwxp 00000000 00:00 0 
7f0a474d0000-7f0a474df000 r-xp 00000000 08:06 5904170                    /usr/lib/fglrx/libatiuki.so.1.0
7f0a474df000-7f0a475df000 ---p 0000f000 08:06 5904170                    /usr/lib/fglrx/libatiuki.so.1.0
7f0a475df000-7f0a475eb000 rw-p 0000f000 08:06 5904170                    /usr/lib/fglrx/libatiuki.so.1.0
7f0a475f0000-7f0a476b3000 r-xp 00000000 08:06 5904397                    /usr/lib/fglrx/libGL.so.1.2
7f0a476b3000-7f0a477b2000 ---p 000c3000 08:06 5904397                    /usr/lib/fglrx/libGL.so.1.2
7f0a477b2000-7f0a477da000 rwxp 000c2000 08:06 5904397                    /usr/lib/fglrx/libGL.so.1.2
7f0a477da000-7f0a477fc000 rwxp 00000000 00:00 0 
7f0a477ff000-7f0a47800000 ---p 00000000 00:00 0 
7f0a47800000-7f0a48000000 rw-p 00000000 00:00 0                          [stack:15394]
7f0a48000000-7f0a48021000 rw-p 00000000 00:00 0 
7f0a48021000-7f0a4c000000 ---p 00000000 00:00 0 
7f0a4c006000-7f0a4c046000 rw-p 00000000 00:00 0 
7f0a4c046000-7f0a4c049000 ---p 00000000 00:00 0 
7f0a4c049000-7f0a4c147000 rw-p 00000000 00:00 0                          [stack:15396]
7f0a4c147000-7f0a4c148000 ---p 00000000 00:00 0 
7f0a4c148000-7f0a4c248000 rw-p 00000000 00:00 0                          [stack:15395]
7f0a4c248000-7f0a4c24e000 r-xp 00000000 08:06 4988274                    /usr/lib/x86_64-linux-gnu/libogg.so.0.7.1
7f0a4c24e000-7f0a4c44d000 ---p 00006000 08:06 4988274                    /usr/lib/x86_64-linux-gnu/libogg.so.0.7.1
7f0a4c44d000-7f0a4c44e000 r--p 00005000 08:06 4988274                    /usr/lib/x86_64-linux-gnu/libogg.so.0.7.1
7f0a4c44e000-7f0a4c44f000 rw-p 00006000 08:06 4988274                    /usr/lib/x86_64-linux-gnu/libogg.so.0.7.1
7f0a4c450000-7f0a4c47b000 r-xp 00000000 08:06 4988427                    /usr/lib/x86_64-linux-gnu/libvorbis.so.0.4.5
7f0a4c47b000-7f0a4c67a000 ---p 0002b000 08:06 4988427                    /usr/lib/x86_64-linux-gnu/libvorbis.so.0.4.5
7f0a4c67a000-7f0a4c67b000 r--p 0002a000 08:06 4988427                    /usr/lib/x86_64-linux-gnu/libvorbis.so.0.4.5
7f0a4c67b000-7f0a4c67c000 rw-p 0002b000 08:06 4988427                    /usr/lib/x86_64-linux-gnu/libvorbis.so.0.4.5
7f0a4c680000-7f0a4c933000 r-xp 00000000 08:06 4988429                    /usr/lib/x86_64-linux-gnu/libvorbisenc.so.2.0.8
7f0a4c933000-7f0a4cb32000 ---p 002b3000 08:06 4988429                    /usr/lib/x86_64-linux-gnu/libvorbisenc.so.2.0.8
7f0a4cb32000-7f0a4cb4e000 r--p 002b2000 08:06 4988429                    /usr/lib/x86_64-linux-gnu/libvorbisenc.so.2.0.8
7f0a4cb4e000-7f0a4cb4f000 rw-p 002ce000 08:06 4988429                    /usr/lib/x86_64-linux-gnu/libvorbisenc.so.2.0.8
7f0a4cb50000-7f0a4cb98000 r-xp 00000000 08:06 4987790                    /usr/lib/x86_64-linux-gnu/libFLAC.so.8.2.0
7f0a4cb98000-7f0a4cd98000 ---p 00048000 08:06 4987790                    /usr/lib/x86_64-linux-gnu/libFLAC.so.8.2.0
7f0a4cd98000-7f0a4cd99000 r--p 00048000 08:06 4987790                    /usr/lib/x86_64-linux-gnu/libFLAC.so.8.2.0
7f0a4cd99000-7f0a4cd9a000 rw-p 00049000 08:06 4987790                    /usr/lib/x86_64-linux-gnu/libFLAC.so.8.2.0
7f0a4cda0000-7f0a4cda5000 r-xp 00000000 08:06 4987906                    /usr/lib/x86_64-linux-gnu/libasyncns.so.0.3.1
7f0a4cda5000-7f0a4cfa4000 ---p 00005000 08:06 4987906                    /usr/lib/x86_64-linux-gnu/libasyncns.so.0.3.1
7f0a4cfa4000-7f0a4cfa5000 r--p 00004000 08:06 4987906                    /usr/lib/x86_64-linux-gnu/libasyncns.so.0.3.1
7f0a4cfa5000-7f0a4cfa6000 rw-p 00005000 08:06 4987906                    /usr/lib/x86_64-linux-gnu/libasyncns.so.0.3.1
7f0a4cfa8000-7f0a4d008000 r-xp 00000000 08:06 4988369                    /usr/lib/x86_64-linux-gnu/libsndfile.so.1.0.25
7f0a4d008000-7f0a4d208000 ---p 00060000 08:06 4988369                    /usr/lib/x86_64-linux-gnu/libsndfile.so.1.0.25
7f0a4d208000-7f0a4d20a000 r--p 00060000 08:06 4988369                    /usr/lib/x86_64-linux-gnu/libsndfile.so.1.0.25
7f0a4d20a000-7f0a4d20b000 rw-p 00062000 08:06 4988369                    /usr/lib/x86_64-linux-gnu/libsndfile.so.1.0.25
7f0a4d20b000-7f0a4d20f000 rw-p 00000000 00:00 0 
7f0a4d210000-7f0a4d218000 r-xp 00000000 08:06 2887611                    /lib/x86_64-linux-gnu/libwrap.so.0.7.6
7f0a4d218000-7f0a4d417000 ---p 00008000 08:06 2887611                    /lib/x86_64-linux-gnu/libwrap.so.0.7.6
7f0a4d417000-7f0a4d418000 r--p 00007000 08:06 2887611                    /lib/x86_64-linux-gnu/libwrap.so.0.7.6
7f0a4d418000-7f0a4d419000 rw-p 00008000 08:06 2887611                    /lib/x86_64-linux-gnu/libwrap.so.0.7.6
7f0a4d420000-7f0a4d47c000 r-xp 00000000 08:06 4988332                    /usr/lib/x86_64-linux-gnu/libpulsecommon-1.1.so
7f0a4d47c000-7f0a4d67c000 ---p 0005c000 08:06 4988332                    /usr/lib/x86_64-linux-gnu/libpulsecommon-1.1.so
7f0a4d67c000-7f0a4d67d000 r--p 0005c000 08:06 4988332                    /usr/lib/x86_64-linux-gnu/libpulsecommon-1.1.so
7f0a4d67d000-7f0a4d67e000 rw-p 0005d000 08:06 4988332                    /usr/lib/x86_64-linux-gnu/libpulsecommon-1.1.so
7f0a4d680000-7f0a4d687000 r-xp 00000000 08:06 4988209                    /usr/lib/x86_64-linux-gnu/libjson.so.0.0.1
7f0a4d687000-7f0a4d886000 ---p 00007000 08:06 4988209                    /usr/lib/x86_64-linux-gnu/libjson.so.0.0.1
7f0a4d886000-7f0a4d887000 r--p 00006000 08:06 4988209                    /usr/lib/x86_64-linux-gnu/libjson.so.0.0.1
7f0a4d887000-7f0a4d888000 rw-p 00007000 08:06 4988209                    /usr/lib/x86_64-linux-gnu/libjson.so.0.0.1
7f0a4d888000-7f0a4d8ce000 r-xp 00000000 08:06 4988331                    /usr/lib/x86_64-linux-gnu/libpulse.so.0.13.5
7f0a4d8ce000-7f0a4dace000 ---p 00046000 08:06 4988331                    /usr/lib/x86_64-linux-gnu/libpulse.so.0.13.5
7f0a4dace000-7f0a4dacf000 r--p 00046000 08:06 4988331                    /usr/lib/x86_64-linux-gnu/libpulse.so.0.13.5
7f0a4dacf000-7f0a4dad0000 rw-p 00047000 08:06 4988331                    /usr/lib/x86_64-linux-gnu/libpulse.so.0.13.5
7f0a4dad0000-7f0a4db25000 r-xp 00000000 08:06 2621825                    /tmp/libgdxabaratham/7b43be9b/libopenal64.so
7f0a4db25000-7f0a4dd24000 ---p 00055000 08:06 2621825                    /tmp/libgdxabaratham/7b43be9b/libopenal64.so
7f0a4dd24000-7f0a4dd27000 r--p 00054000 08:06 2621825                    /tmp/libgdxabaratham/7b43be9b/libopenal64.so
7f0a4dd27000-7f0a4dd28000 rw-p 00057000 08:06 2621825                    /tmp/libgdxabaratham/7b43be9b/libopenal64.so
7f0a4dd28000-7f0a4dd29000 rw-p 00000000 00:00 0 
7f0a4dd30000-7f0a4dd34000 r-xp 00000000 08:06 4987888                    /usr/lib/x86_64-linux-gnu/libXxf86vm.so.1.0.0
7f0a4dd34000-7f0a4df33000 ---p 00004000 08:06 4987888                    /usr/lib/x86_64-linux-gnu/libXxf86vm.so.1.0.0
7f0a4df33000-7f0a4df34000 r--p 00003000 08:06 4987888                    /usr/lib/x86_64-linux-gnu/libXxf86vm.so.1.0.0
7f0a4df34000-7f0a4df35000 rw-p 00004000 08:06 4987888                    /usr/lib/x86_64-linux-gnu/libXxf86vm.so.1.0.0
7f0a4df38000-7f0a4dfa4000 r-xp 00000000 08:06 2621823                    /tmp/libgdxabaratham/7b43be9b/liblwjgl64.so
7f0a4dfa4000-7f0a4e1a3000 ---p 0006c000 08:06 2621823                    /tmp/libgdxabaratham/7b43be9b/liblwjgl64.so
7f0a4e1a3000-7f0a4e1a5000 r--p 0006b000 08:06 2621823                    /tmp/libgdxabaratham/7b43be9b/liblwjgl64.so
7f0a4e1a5000-7f0a4e1a6000 rw-p 0006d000 08:06 2621823                    /tmp/libgdxabaratham/7b43be9b/liblwjgl64.so
7f0a4e1a8000-7f0a4e1a9000 r-xp 00000000 08:06 6192760                    /usr/lib/jvm/java-7-openjdk-amd64/jre/lib/amd64/libjawt.so
7f0a4e1a9000-7f0a4e3a8000 ---p 00001000 08:06 6192760                    /usr/lib/jvm/java-7-openjdk-amd64/jre/lib/amd64/libjawt.so
7f0a4e3a8000-7f0a4e3a9000 r--p 00000000 08:06 6192760                    /usr/lib/jvm/java-7-openjdk-amd64/jre/lib/amd64/libjawt.so
7f0a4e3a9000-7f0a4e3aa000 rw-p 00001000 08:06 6192760                    /usr/lib/jvm/java-7-openjdk-amd64/jre/lib/amd64/libjawt.so
7f0a4e3b0000-7f0a4e3b3000 r-xp 00000000 08:06 2887529                    /lib/x86_64-linux-gnu/libgpg-error.so.0.8.0
7f0a4e3b3000-7f0a4e5b2000 ---p 00003000 08:06 2887529                    /lib/x86_64-linux-gnu/libgpg-error.so.0.8.0
7f0a4e5b2000-7f0a4e5b3000 r--p 00002000 08:06 2887529                    /lib/x86_64-linux-gnu/libgpg-error.so.0.8.0
7f0a4e5b3000-7f0a4e5b4000 rw-p 00003000 08:06 2887529                    /lib/x86_64-linux-gnu/libgpg-error.so.0.8.0
7f0a4e5b8000-7f0a4e5bb000 r-xp 00000000 08:06 2887533                    /lib/x86_64-linux-gnu/libkeyutils.so.1.4
7f0a4e5bb000-7f0a4e7ba000 ---p 00003000 08:06 2887533                    /lib/x86_64-linux-gnu/libkeyutils.so.1.4
7f0a4e7ba000-7f0a4e7bb000 r--p 00002000 08:06 2887533                    /lib/x86_64-linux-gnu/libkeyutils.so.1.4
7f0a4e7bb000-7f0a4e7bc000 rw-p 00003000 08:06 2887533                    /lib/x86_64-linux-gnu/libkeyutils.so.1.4
7f0a4e7c0000-7f0a4e802000 r-xp 00000000 08:06 2887514                    /lib/x86_64-linux-gnu/libdbus-1.so.3.5.8
7f0a4e802000-7f0a4ea02000 ---p 00042000 08:06 2887514                    /lib/x86_64-linux-gnu/libdbus-1.so.3.5.8
7f0a4ea02000-7f0a4ea03000 r--p 00042000 08:06 2887514                    /lib/x86_64-linux-gnu/libdbus-1.so.3.5.8
7f0a4ea03000-7f0a4ea04000 rw-p 00043000 08:06 2887514                    /lib/x86_64-linux-gnu/libdbus-1.so.3.5.8
7f0a4ea08000-7f0a4ea19000 r-xp 00000000 08:06 4988280                    /usr/lib/x86_64-linux-gnu/libp11-kit.so.0.0.0
7f0a4ea19000-7f0a4ec18000 ---p 00011000 08:06 4988280                    /usr/lib/x86_64-linux-gnu/libp11-kit.so.0.0.0
7f0a4ec18000-7f0a4ec19000 r--p 00010000 08:06 4988280                    /usr/lib/x86_64-linux-gnu/libp11-kit.so.0.0.0
7f0a4ec19000-7f0a4ec1a000 rw-p 00011000 08:06 4988280                    /usr/lib/x86_64-linux-gnu/libp11-kit.so.0.0.0
7f0a4ec20000-7f0a4ec9a000 r-xp 00000000 08:06 2887525                    /lib/x86_64-linux-gnu/libgcrypt.so.11.7.0
7f0a4ec9a000-7f0a4ee9a000 ---p 0007a000 08:06 2887525                    /lib/x86_64-linux-gnu/libgcrypt.so.11.7.0
7f0a4ee9a000-7f0a4ee9b000 r--p 0007a000 08:06 2887525                    /lib/x86_64-linux-gnu/libgcrypt.so.11.7.0
7f0a4ee9b000-7f0a4ee9e000 rw-p 0007b000 08:06 2887525                    /lib/x86_64-linux-gnu/libgcrypt.so.11.7.0
7f0a4eea0000-7f0a4eeb0000 r-xp 00000000 08:06 4988397                    /usr/lib/x86_64-linux-gnu/libtasn1.so.3.1.12
7f0a4eeb0000-7f0a4f0af000 ---p 00010000 08:06 4988397                    /usr/lib/x86_64-linux-gnu/libtasn1.so.3.1.12
7f0a4f0af000-7f0a4f0b0000 r--p 0000f000 08:06 4988397                    /usr/lib/x86_64-linux-gnu/libtasn1.so.3.1.12
7f0a4f0b0000-7f0a4f0b1000 rw-p 00010000 08:06 4988397                    /usr/lib/x86_64-linux-gnu/libtasn1.so.3.1.12
7f0a4f0b8000-7f0a4f0bf000 r-xp 00000000 08:06 4988217                    /usr/lib/x86_64-linux-gnu/libkrb5support.so.0.1
7f0a4f0bf000-7f0a4f2be000 ---p 00007000 08:06 4988217                    /usr/lib/x86_64-linux-gnu/libkrb5support.so.0.1
7f0a4f2be000-7f0a4f2bf000 r--p 00006000 08:06 4988217                    /usr/lib/x86_64-linux-gnu/libkrb5support.so.0.1
7f0a4f2bf000-7f0a4f2c0000 rw-p 00007000 08:06 4988217                    /usr/lib/x86_64-linux-gnu/libkrb5support.so.0.1
7f0a4f2c0000-7f0a4f2c3000 r-xp 00000000 08:06 2887509                    /lib/x86_64-linux-gnu/libcom_err.so.2.1
7f0a4f2c3000-7f0a4f4c2000 ---p 00003000 08:06 2887509                    /lib/x86_64-linux-gnu/libcom_err.so.2.1
7f0a4f4c2000-7f0a4f4c3000 r--p 00002000 08:06 2887509                    /lib/x86_64-linux-gnu/libcom_err.so.2.1
7f0a4f4c3000-7f0a4f4c4000 rw-p 00003000 08:06 2887509                    /lib/x86_64-linux-gnu/libcom_err.so.2.1
7f0a4f4c8000-7f0a4f4ed000 r-xp 00000000 08:06 4988211                    /usr/lib/x86_64-linux-gnu/libk5crypto.so.3.1
7f0a4f4ed000-7f0a4f6ed000 ---p 00025000 08:06 4988211                    /usr/lib/x86_64-linux-gnu/libk5crypto.so.3.1
7f0a4f6ed000-7f0a4f6ee000 r--p 00025000 08:06 4988211                    /usr/lib/x86_64-linux-gnu/libk5crypto.so.3.1
7f0a4f6ee000-7f0a4f6ef000 rw-p 00026000 08:06 4988211                    /usr/lib/x86_64-linux-gnu/libk5crypto.so.3.1
7f0a4f6ef000-7f0a4f6f0000 rw-p 00000000 00:00 0 
7f0a4f6f0000-7f0a4f7b4000 r-xp 00000000 08:06 4988215                    /usr/lib/x86_64-linux-gnu/libkrb5.so.3.3
7f0a4f7b4000-7f0a4f9b3000 ---p 000c4000 08:06 4988215                    /usr/lib/x86_64-linux-gnu/libkrb5.so.3.3
7f0a4f9b3000-7f0a4f9bd000 r--p 000c3000 08:06 4988215                    /usr/lib/x86_64-linux-gnu/libkrb5.so.3.3
7f0a4f9bd000-7f0a4f9be000 rw-p 000cd000 08:06 4988215                    /usr/lib/x86_64-linux-gnu/libkrb5.so.3.3
7f0a4f9c0000-7f0a4f9c8000 r-xp 00000000 08:06 4988454                    /usr/lib/x86_64-linux-gnu/libxcb-render.so.0.0.0
7f0a4f9c8000-7f0a4fbc8000 ---p 00008000 08:06 4988454                    /usr/lib/x86_64-linux-gnu/libxcb-render.so.0.0.0
7f0a4fbc8000-7f0a4fbc9000 r--p 00008000 08:06 4988454                    /usr/lib/x86_64-linux-gnu/libxcb-render.so.0.0.0
7f0a4fbc9000-7f0a4fbca000 rw-p 00009000 08:06 4988454                    /usr/lib/x86_64-linux-gnu/libxcb-render.so.0.0.0
7f0a4fbd0000-7f0a4fbd2000 r-xp 00000000 08:06 4988458                    /usr/lib/x86_64-linux-gnu/libxcb-shm.so.0.0.0
7f0a4fbd2000-7f0a4fdd1000 ---p 00002000 08:06 4988458                    /usr/lib/x86_64-linux-gnu/libxcb-shm.so.0.0.0
7f0a4fdd1000-7f0a4fdd2000 r--p 00001000 08:06 4988458                    /usr/lib/x86_64-linux-gnu/libxcb-shm.so.0.0.0
7f0a4fdd2000-7f0a4fdd3000 rw-p 00002000 08:06 4988458                    /usr/lib/x86_64-linux-gnu/libxcb-shm.so.0.0.0
7f0a4fdd8000-7f0a4fdfe000 r-xp 00000000 08:06 2887579                    /lib/x86_64-linux-gnu/libpng12.so.0.46.0
7f0a4fdfe000-7f0a4fffe000 ---p 00026000 08:06 2887579                    /lib/x86_64-linux-gnu/libpng12.so.0.46.0
7f0a4fffe000-7f0a4ffff000 r--p 00026000 08:06 2887579                    /lib/x86_64-linux-gnu/libpng12.so.0.46.0
7f0a4ffff000-7f0a50000000 rw-p 00027000 08:06 2887579                    /lib/x86_64-linux-gnu/libpng12.so.0.46.0
7f0a50000000-7f0a50021000 rw-p 00000000 00:00 0 
7f0a50021000-7f0a54000000 ---p 00000000 00:00 0 
7f0a5403c000-7f0a5407c000 rw-p 00000000 00:00 0 
7f0a5407c000-7f0a540bc000 rw-s 00004000 00:05 12546                      /dev/ati/card0
7f0a540be000-7f0a540c1000 ---p 00000000 00:00 0 
7f0a540c1000-7f0a540f7000 rw-p 00000000 00:00 0                          [stack:15398]
7f0a540f7000-7f0a540fa000 ---p 00000000 00:00 0 
7f0a540fa000-7f0a541f8000 rw-p 00000000 00:00 0                          [stack:15392]
7f0a541f8000-7f0a54288000 r-xp 00000000 08:06 4988306                    /usr/lib/x86_64-linux-gnu/libpixman-1.so.0.30.2
7f0a54288000-7f0a54487000 ---p 00090000 08:06 4988306                    /usr/lib/x86_64-linux-gnu/libpixman-1.so.0.30.2
7f0a54487000-7f0a5448e000 r--p 0008f000 08:06 4988306                    /usr/lib/x86_64-linux-gnu/libpixman-1.so.0.30.2
7f0a5448e000-7f0a5448f000 rw-p 00096000 08:06 4988306                    /usr/lib/x86_64-linux-gnu/libpixman-1.so.0.30.2
7f0a54490000-7f0a54495000 r-xp 00000000 08:06 4987856                    /usr/lib/x86_64-linux-gnu/libXdmcp.so.6.0.0
7f0a54495000-7f0a54694000 ---p 00005000 08:06 4987856                    /usr/lib/x86_64-linux-gnu/libXdmcp.so.6.0.0
7f0a54694000-7f0a54695000 r--p 00004000 08:06 4987856                    /usr/lib/x86_64-linux-gnu/libXdmcp.so.6.0.0
7f0a54695000-7f0a54696000 rw-p 00005000 08:06 4987856                    /usr/lib/x86_64-linux-gnu/libXdmcp.so.6.0.0
7f0a54698000-7f0a5469a000 r-xp 00000000 08:06 4987845                    /usr/lib/x86_64-linux-gnu/libXau.so.6.0.0
7f0a5469a000-7f0a54899000 ---p 00002000 08:06 4987845                    /usr/lib/x86_64-linux-gnu/libXau.so.6.0.0
7f0a54899000-7f0a5489a000 r--p 00001000 08:06 4987845                    /usr/lib/x86_64-linux-gnu/libXau.so.6.0.0
7f0a5489a000-7f0a5489b000 rw-p 00002000 08:06 4987845                    /usr/lib/x86_64-linux-gnu/libXau.so.6.0.0
7f0a548a0000-7f0a548b0000 r-xp 00000000 08:06 4987916                    /usr/lib/x86_64-linux-gnu/libavahi-client.so.3.2.9
7f0a548b0000-7f0a54aaf000 ---p 00010000 08:06 4987916                    /usr/lib/x86_64-linux-gnu/libavahi-client.so.3.2.9
7f0a54aaf000-7f0a54ab0000 r--p 0000f000 08:06 4987916                    /usr/lib/x86_64-linux-gnu/libavahi-client.so.3.2.9
7f0a54ab0000-7f0a54ab1000 rw-p 00010000 08:06 4987916                    /usr/lib/x86_64-linux-gnu/libavahi-client.so.3.2.9
7f0a54ab8000-7f0a54ac3000 r-xp 00000000 08:06 4987918                    /usr/lib/x86_64-linux-gnu/libavahi-common.so.3.5.3
7f0a54ac3000-7f0a54cc2000 ---p 0000b000 08:06 4987918                    /usr/lib/x86_64-linux-gnu/libavahi-common.so.3.5.3
7f0a54cc2000-7f0a54cc3000 r--p 0000a000 08:06 4987918                    /usr/lib/x86_64-linux-gnu/libavahi-common.so.3.5.3
7f0a54cc3000-7f0a54cc4000 rw-p 0000b000 08:06 4987918                    /usr/lib/x86_64-linux-gnu/libavahi-common.so.3.5.3
7f0a54cc8000-7f0a54d7c000 r-xp 00000000 08:06 4992055                    /usr/lib/x86_64-linux-gnu/libgnutls.so.26.21.8
7f0a54d7c000-7f0a54f7c000 ---p 000b4000 08:06 4992055                    /usr/lib/x86_64-linux-gnu/libgnutls.so.26.21.8
7f0a54f7c000-7f0a54f82000 r--p 000b4000 08:06 4992055                    /usr/lib/x86_64-linux-gnu/libgnutls.so.26.21.8
7f0a54f82000-7f0a54f83000 rw-p 000ba000 08:06 4992055                    /usr/lib/x86_64-linux-gnu/libgnutls.so.26.21.8
7f0a54f83000-7f0a54f84000 rw-p 00000000 00:00 0 
7f0a54f88000-7f0a54fc3000 r-xp 00000000 08:06 4988122                    /usr/lib/x86_64-linux-gnu/libgssapi_krb5.so.2.2
7f0a54fc3000-7f0a551c3000 ---p 0003b000 08:06 4988122                    /usr/lib/x86_64-linux-gnu/libgssapi_krb5.so.2.2
7f0a551c3000-7f0a551c4000 r--p 0003b000 08:06 4988122                    /usr/lib/x86_64-linux-gnu/libgssapi_krb5.so.2.2
7f0a551c4000-7f0a551c6000 rw-p 0003c000 08:06 4988122                    /usr/lib/x86_64-linux-gnu/libgssapi_krb5.so.2.2
7f0a551c8000-7f0a55204000 r-xp 00000000 08:06 2887575                    /lib/x86_64-linux-gnu/libpcre.so.3.12.1
7f0a55204000-7f0a55403000 ---p 0003c000 08:06 2887575                    /lib/x86_64-linux-gnu/libpcre.so.3.12.1
7f0a55403000-7f0a55404000 r--p 0003b000 08:06 2887575                    /lib/x86_64-linux-gnu/libpcre.so.3.12.1
7f0a55404000-7f0a55405000 rw-p 0003c000 08:06 2887575                    /lib/x86_64-linux-gnu/libpcre.so.3.12.1
7f0a55408000-7f0a5540f000 r-xp 00000000 08:06 4988038                    /usr/lib/x86_64-linux-gnu/libffi.so.6.0.0
7f0a5540f000-7f0a5560e000 ---p 00007000 08:06 4988038                    /usr/lib/x86_64-linux-gnu/libffi.so.6.0.0
7f0a5560e000-7f0a5560f000 r--p 00006000 08:06 4988038                    /usr/lib/x86_64-linux-gnu/libffi.so.6.0.0
7f0a5560f000-7f0a55610000 rw-p 00007000 08:06 4988038                    /usr/lib/x86_64-linux-gnu/libffi.so.6.0.0
7f0a55610000-7f0a55637000 r-xp 00000000 08:06 2887520                    /lib/x86_64-linux-gnu/libexpat.so.1.5.2
7f0a55637000-7f0a55837000 ---p 00027000 08:06 2887520                    /lib/x86_64-linux-gnu/libexpat.so.1.5.2
7f0a55837000-7f0a55839000 r--p 00027000 08:06 2887520                    /lib/x86_64-linux-gnu/libexpat.so.1.5.2
7f0a55839000-7f0a5583a000 rw-p 00029000 08:06 2887520                    /lib/x86_64-linux-gnu/libexpat.so.1.5.2
7f0a55840000-7f0a558d6000 r-xp 00000000 08:06 4988048                    /usr/lib/x86_64-linux-gnu/libfreetype.so.6.8.0
7f0a558d6000-7f0a55ad5000 ---p 00096000 08:06 4988048                    /usr/lib/x86_64-linux-gnu/libfreetype.so.6.8.0
7f0a55ad5000-7f0a55adb000 r--p 00095000 08:06 4988048                    /usr/lib/x86_64-linux-gnu/libfreetype.so.6.8.0
7f0a55adb000-7f0a55adc000 rw-p 0009b000 08:06 4988048                    /usr/lib/x86_64-linux-gnu/libfreetype.so.6.8.0
7f0a55ae0000-7f0a55af8000 r-xp 00000000 08:06 2887586                    /lib/x86_64-linux-gnu/libresolv-2.15.so
7f0a55af8000-7f0a55cf8000 ---p 00018000 08:06 2887586                    /lib/x86_64-linux-gnu/libresolv-2.15.so
7f0a55cf8000-7f0a55cf9000 r--p 00018000 08:06 2887586                    /lib/x86_64-linux-gnu/libresolv-2.15.so
7f0a55cf9000-7f0a55cfa000 rw-p 00019000 08:06 2887586                    /lib/x86_64-linux-gnu/libresolv-2.15.so
7f0a55cfa000-7f0a55cfc000 rw-p 00000000 00:00 0 
7f0a55d00000-7f0a55d1d000 r-xp 00000000 08:06 2887590                    /lib/x86_64-linux-gnu/libselinux.so.1
7f0a55d1d000-7f0a55f1c000 ---p 0001d000 08:06 2887590                    /lib/x86_64-linux-gnu/libselinux.so.1
7f0a55f1c000-7f0a55f1d000 r--p 0001c000 08:06 2887590                    /lib/x86_64-linux-gnu/libselinux.so.1
7f0a55f1d000-7f0a55f1e000 rw-p 0001d000 08:06 2887590                    /lib/x86_64-linux-gnu/libselinux.so.1
7f0a55f1e000-7f0a55f1f000 rw-p 00000000 00:00 0 
7f0a55f20000-7f0a55f23000 r-xp 00000000 08:06 4988095                    /usr/lib/x86_64-linux-gnu/libgmodule-2.0.so.0.3200.4
7f0a55f23000-7f0a56122000 ---p 00003000 08:06 4988095                    /usr/lib/x86_64-linux-gnu/libgmodule-2.0.so.0.3200.4
7f0a56122000-7f0a56123000 r--p 00002000 08:06 4988095                    /usr/lib/x86_64-linux-gnu/libgmodule-2.0.so.0.3200.4
7f0a56123000-7f0a56124000 rw-p 00003000 08:06 4988095                    /usr/lib/x86_64-linux-gnu/libgmodule-2.0.so.0.3200.4
7f0a56128000-7f0a5612a000 r-xp 00000000 08:06 4987854                    /usr/lib/x86_64-linux-gnu/libXdamage.so.1.1.0
7f0a5612a000-7f0a56329000 ---p 00002000 08:06 4987854                    /usr/lib/x86_64-linux-gnu/libXdamage.so.1.1.0
7f0a56329000-7f0a5632a000 r--p 00001000 08:06 4987854                    /usr/lib/x86_64-linux-gnu/libXdamage.so.1.1.0
7f0a5632a000-7f0a5632b000 rw-p 00002000 08:06 4987854                    /usr/lib/x86_64-linux-gnu/libXdamage.so.1.1.0
7f0a56330000-7f0a56332000 r-xp 00000000 08:06 4987850                    /usr/lib/x86_64-linux-gnu/libXcomposite.so.1.0.0
7f0a56332000-7f0a56531000 ---p 00002000 08:06 4987850                    /usr/lib/x86_64-linux-gnu/libXcomposite.so.1.0.0
7f0a56531000-7f0a56532000 r--p 00001000 08:06 4987850                    /usr/lib/x86_64-linux-gnu/libXcomposite.so.1.0.0
7f0a56532000-7f0a56533000 rw-p 00002000 08:06 4987850                    /usr/lib/x86_64-linux-gnu/libXcomposite.so.1.0.0
7f0a56538000-7f0a56541000 r-xp 00000000 08:06 4987852                    /usr/lib/x86_64-linux-gnu/libXcursor.so.1.0.2
7f0a56541000-7f0a56740000 ---p 00009000 08:06 4987852                    /usr/lib/x86_64-linux-gnu/libXcursor.so.1.0.2
7f0a56740000-7f0a56741000 r--p 00008000 08:06 4987852                    /usr/lib/x86_64-linux-gnu/libXcursor.so.1.0.2
7f0a56741000-7f0a56742000 rw-p 00009000 08:06 4987852                    /usr/lib/x86_64-linux-gnu/libXcursor.so.1.0.2
7f0a56748000-7f0a5674f000 r-xp 00000000 08:06 4987876                    /usr/lib/x86_64-linux-gnu/libXrandr.so.2.2.0
7f0a5674f000-7f0a5694e000 ---p 00007000 08:06 4987876                    /usr/lib/x86_64-linux-gnu/libXrandr.so.2.2.0
7f0a5694e000-7f0a5694f000 r--p 00006000 08:06 4987876                    /usr/lib/x86_64-linux-gnu/libXrandr.so.2.2.0
7f0a5694f000-7f0a56950000 rw-p 00007000 08:06 4987876                    /usr/lib/x86_64-linux-gnu/libXrandr.so.2.2.0
7f0a56950000-7f0a56952000 r-xp 00000000 08:06 4987866                    /usr/lib/x86_64-linux-gnu/libXinerama.so.1.0.0
7f0a56952000-7f0a56b51000 ---p 00002000 08:06 4987866                    /usr/lib/x86_64-linux-gnu/libXinerama.so.1.0.0
7f0a56b51000-7f0a56b52000 r--p 00001000 08:06 4987866                    /usr/lib/x86_64-linux-gnu/libXinerama.so.1.0.0
7f0a56b52000-7f0a56b53000 rw-p 00002000 08:06 4987866                    /usr/lib/x86_64-linux-gnu/libXinerama.so.1.0.0
7f0a56b58000-7f0a56b81000 r-xp 00000000 08:06 4988290                    /usr/lib/x86_64-linux-gnu/libpangoft2-1.0.so.0.3000.0
7f0a56b81000-7f0a56d80000 ---p 00029000 08:06 4988290                    /usr/lib/x86_64-linux-gnu/libpangoft2-1.0.so.0.3000.0
7f0a56d80000-7f0a56d81000 r--p 00028000 08:06 4988290                    /usr/lib/x86_64-linux-gnu/libpangoft2-1.0.so.0.3000.0
7f0a56d81000-7f0a56d82000 rw-p 00029000 08:06 4988290                    /usr/lib/x86_64-linux-gnu/libpangoft2-1.0.so.0.3000.0
7f0a56d88000-7f0a56e41000 r-xp 00000000 08:06 4987946                    /usr/lib/x86_64-linux-gnu/libcairo.so.2.11000.2
7f0a56e41000-7f0a57040000 ---p 000b9000 08:06 4987946                    /usr/lib/x86_64-linux-gnu/libcairo.so.2.11000.2
7f0a57040000-7f0a57042000 r--p 000b8000 08:06 4987946                    /usr/lib/x86_64-linux-gnu/libcairo.so.2.11000.2
7f0a57042000-7f0a57043000 rw-p 000ba000 08:06 4987946                    /usr/lib/x86_64-linux-gnu/libcairo.so.2.11000.2
7f0a57043000-7f0a57046000 rw-p 00000000 00:00 0 
7f0a57048000-7f0a57067000 r-xp 00000000 08:06 4987908                    /usr/lib/x86_64-linux-gnu/libatk-1.0.so.0.20409.1
7f0a57067000-7f0a57267000 ---p 0001f000 08:06 4987908                    /usr/lib/x86_64-linux-gnu/libatk-1.0.so.0.20409.1
7f0a57267000-7f0a57269000 r--p 0001f000 08:06 4987908                    /usr/lib/x86_64-linux-gnu/libatk-1.0.so.0.20409.1
7f0a57269000-7f0a5726a000 rw-p 00021000 08:06 4987908                    /usr/lib/x86_64-linux-gnu/libatk-1.0.so.0.20409.1
7f0a57270000-7f0a57275000 r-xp 00000000 08:06 4987860                    /usr/lib/x86_64-linux-gnu/libXfixes.so.3.1.0
7f0a57275000-7f0a57474000 ---p 00005000 08:06 4987860                    /usr/lib/x86_64-linux-gnu/libXfixes.so.3.1.0
7f0a57474000-7f0a57475000 r--p 00004000 08:06 4987860                    /usr/lib/x86_64-linux-gnu/libXfixes.so.3.1.0
7f0a57475000-7f0a57476000 rw-p 00005000 08:06 4987860                    /usr/lib/x86_64-linux-gnu/libXfixes.so.3.1.0
7f0a57478000-7f0a57483000 r-xp 00000000 08:06 4988288                    /usr/lib/x86_64-linux-gnu/libpangocairo-1.0.so.0.3000.0
7f0a57483000-7f0a57682000 ---p 0000b000 08:06 4988288                    /usr/lib/x86_64-linux-gnu/libpangocairo-1.0.so.0.3000.0
7f0a57682000-7f0a57683000 r--p 0000a000 08:06 4988288                    /usr/lib/x86_64-linux-gnu/libpangocairo-1.0.so.0.3000.0
7f0a57683000-7f0a57684000 rw-p 0000b000 08:06 4988288                    /usr/lib/x86_64-linux-gnu/libpangocairo-1.0.so.0.3000.0
7f0a57688000-7f0a576a5000 r-xp 00000000 08:06 4988464                    /usr/lib/x86_64-linux-gnu/libxcb.so.1.1.0
7f0a576a5000-7f0a578a4000 ---p 0001d000 08:06 4988464                    /usr/lib/x86_64-linux-gnu/libxcb.so.1.1.0
7f0a578a4000-7f0a578a5000 r--p 0001c000 08:06 4988464                    /usr/lib/x86_64-linux-gnu/libxcb.so.1.1.0
7f0a578a5000-7f0a578a6000 rw-p 0001d000 08:06 4988464                    /usr/lib/x86_64-linux-gnu/libxcb.so.1.1.0
7f0a578a8000-7f0a578f8000 r-xp 00000000 08:06 4987970                    /usr/lib/x86_64-linux-gnu/libcups.so.2
7f0a578f8000-7f0a57af7000 ---p 00050000 08:06 4987970                    /usr/lib/x86_64-linux-gnu/libcups.so.2
7f0a57af7000-7f0a57afb000 r--p 0004f000 08:06 4987970                    /usr/lib/x86_64-linux-gnu/libcups.so.2
7f0a57afb000-7f0a57afc000 rw-p 00053000 08:06 4987970                    /usr/lib/x86_64-linux-gnu/libcups.so.2
7f0a57b00000-7f0a57bf2000 r-xp 00000000 08:06 2887527                    /lib/x86_64-linux-gnu/libglib-2.0.so.0.3200.4
7f0a57bf2000-7f0a57df2000 ---p 000f2000 08:06 2887527                    /lib/x86_64-linux-gnu/libglib-2.0.so.0.3200.4
7f0a57df2000-7f0a57df3000 r--p 000f2000 08:06 2887527                    /lib/x86_64-linux-gnu/libglib-2.0.so.0.3200.4
7f0a57df3000-7f0a57df4000 rw-p 000f3000 08:06 2887527                    /lib/x86_64-linux-gnu/libglib-2.0.so.0.3200.4
7f0a57df4000-7f0a57df5000 rw-p 00000000 00:00 0 
7f0a57df8000-7f0a57df9000 r-xp 00000000 08:06 4988166                    /usr/lib/x86_64-linux-gnu/libgthread-2.0.so.0.3200.4
7f0a57df9000-7f0a57ff8000 ---p 00001000 08:06 4988166                    /usr/lib/x86_64-linux-gnu/libgthread-2.0.so.0.3200.4
7f0a57ff8000-7f0a57ff9000 r--p 00000000 08:06 4988166                    /usr/lib/x86_64-linux-gnu/libgthread-2.0.so.0.3200.4
7f0a57ff9000-7f0a57ffa000 rw-p 00001000 08:06 4988166                    /usr/lib/x86_64-linux-gnu/libgthread-2.0.so.0.3200.4
7f0a58000000-7f0a58142000 rw-p 00000000 00:00 0 
7f0a58142000-7f0a5c000000 ---p 00000000 00:00 0 
7f0a5c000000-7f0a5c021000 rw-p 00000000 00:00 0 
7f0a5c021000-7f0a60000000 ---p 00000000 00:00 0 
7f0a60000000-7f0a60021000 rw-p 00000000 00:00 0 
7f0a60021000-7f0a64000000 ---p 00000000 00:00 0 
7f0a64000000-7f0a64283000 rw-p 00000000 00:00 0 
7f0a64283000-7f0a68000000 ---p 00000000 00:00 0 
7f0a68000000-7f0a68021000 rw-p 00000000 00:00 0 
7f0a68021000-7f0a6c000000 ---p 00000000 00:00 0 
7f0a6c000000-7f0a6c021000 rw-p 00000000 00:00 0 
7f0a6c021000-7f0a70000000 ---p 00000000 00:00 0 
7f0a70000000-7f0a70021000 rw-p 00000000 00:00 0 
7f0a70021000-7f0a74000000 ---p 00000000 00:00 0 
7f0a74000000-7f0a74021000 rw-p 00000000 00:00 0 
7f0a74021000-7f0a78000000 ---p 00000000 00:00 0 
7f0a78037000-7f0a7803a000 ---p 00000000 00:00 0 
7f0a7803a000-7f0a78138000 rw-p 00000000 00:00 0                          [stack:15391]
7f0a78138000-7f0a78185000 r-xp 00000000 08:06 4988109                    /usr/lib/x86_64-linux-gnu/libgobject-2.0.so.0.3200.4
7f0a78185000-7f0a78385000 ---p 0004d000 08:06 4988109                    /usr/lib/x86_64-linux-gnu/libgobject-2.0.so.0.3200.4
7f0a78385000-7f0a78386000 r--p 0004d000 08:06 4988109                    /usr/lib/x86_64-linux-gnu/libgobject-2.0.so.0.3200.4
7f0a78386000-7f0a78387000 rw-p 0004e000 08:06 4988109                    /usr/lib/x86_64-linux-gnu/libgobject-2.0.so.0.3200.4
7f0a78388000-7f0a783bc000 r-xp 00000000 08:06 4988040                    /usr/lib/x86_64-linux-gnu/libfontconfig.so.1.4.4
7f0a783bc000-7f0a785bc000 ---p 00034000 08:06 4988040                    /usr/lib/x86_64-linux-gnu/libfontconfig.so.1.4.4
7f0a785bc000-7f0a785bd000 r--p 00034000 08:06 4988040                    /usr/lib/x86_64-linux-gnu/libfontconfig.so.1.4.4
7f0a785bd000-7f0a785be000 rw-p 00035000 08:06 4988040                    /usr/lib/x86_64-linux-gnu/libfontconfig.so.1.4.4
7f0a785c0000-7f0a78606000 r-xp 00000000 08:06 4988286                    /usr/lib/x86_64-linux-gnu/libpango-1.0.so.0.3000.0
7f0a78606000-7f0a78806000 ---p 00046000 08:06 4988286                    /usr/lib/x86_64-linux-gnu/libpango-1.0.so.0.3000.0
7f0a78806000-7f0a78808000 r--p 00046000 08:06 4988286                    /usr/lib/x86_64-linux-gnu/libpango-1.0.so.0.3000.0
7f0a78808000-7f0a78809000 rw-p 00048000 08:06 4988286                    /usr/lib/x86_64-linux-gnu/libpango-1.0.so.0.3000.0
7f0a78810000-7f0a7882e000 r-xp 00000000 08:06 4988071                    /usr/lib/x86_64-linux-gnu/libgdk_pixbuf-2.0.so.0.2600.1
7f0a7882e000-7f0a78a2e000 ---p 0001e000 08:06 4988071                    /usr/lib/x86_64-linux-gnu/libgdk_pixbuf-2.0.so.0.2600.1
7f0a78a2e000-7f0a78a2f000 r--p 0001e000 08:06 4988071                    /usr/lib/x86_64-linux-gnu/libgdk_pixbuf-2.0.so.0.2600.1
7f0a78a2f000-7f0a78a30000 rw-p 0001f000 08:06 4988071                    /usr/lib/x86_64-linux-gnu/libgdk_pixbuf-2.0.so.0.2600.1
7f0a78a30000-7f0a78b78000 r-xp 00000000 08:06 4988083                    /usr/lib/x86_64-linux-gnu/libgio-2.0.so.0.3200.4
7f0a78b78000-7f0a78d77000 ---p 00148000 08:06 4988083                    /usr/lib/x86_64-linux-gnu/libgio-2.0.so.0.3200.4
7f0a78d77000-7f0a78d7b000 r--p 00147000 08:06 4988083                    /usr/lib/x86_64-linux-gnu/libgio-2.0.so.0.3200.4
7f0a78d7b000-7f0a78d7d000 rw-p 0014b000 08:06 4988083                    /usr/lib/x86_64-linux-gnu/libgio-2.0.so.0.3200.4
7f0a78d7d000-7f0a78d7f000 rw-p 00000000 00:00 0 
7f0a78d80000-7f0a78e2d000 r-xp 00000000 08:06 4988069                    /usr/lib/x86_64-linux-gnu/libgdk-x11-2.0.so.0.2400.10
7f0a78e2d000-7f0a7902c000 ---p 000ad000 08:06 4988069                    /usr/lib/x86_64-linux-gnu/libgdk-x11-2.0.so.0.2400.10
7f0a7902c000-7f0a79030000 r--p 000ac000 08:06 4988069                    /usr/lib/x86_64-linux-gnu/libgdk-x11-2.0.so.0.2400.10
7f0a79030000-7f0a79032000 rw-p 000b0000 08:06 4988069                    /usr/lib/x86_64-linux-gnu/libgdk-x11-2.0.so.0.2400.10
7f0a79038000-7f0a79465000 r-xp 00000000 08:06 4988170                    /usr/lib/x86_64-linux-gnu/libgtk-x11-2.0.so.0.2400.10
7f0a79465000-7f0a79665000 ---p 0042d000 08:06 4988170                    /usr/lib/x86_64-linux-gnu/libgtk-x11-2.0.so.0.2400.10
7f0a79665000-7f0a7966c000 r--p 0042d000 08:06 4988170                    /usr/lib/x86_64-linux-gnu/libgtk-x11-2.0.so.0.2400.10
7f0a7966c000-7f0a79670000 rw-p 00434000 08:06 4988170                    /usr/lib/x86_64-linux-gnu/libgtk-x11-2.0.so.0.2400.10
7f0a79670000-7f0a79672000 rw-p 00000000 00:00 0 
7f0a79678000-7f0a79687000 r-xp 00000000 08:06 4987864                    /usr/lib/x86_64-linux-gnu/libXi.so.6.1.0
7f0a79687000-7f0a79886000 ---p 0000f000 08:06 4987864                    /usr/lib/x86_64-linux-gnu/libXi.so.6.1.0
7f0a79886000-7f0a79887000 r--p 0000e000 08:06 4987864                    /usr/lib/x86_64-linux-gnu/libXi.so.6.1.0
7f0a79887000-7f0a79888000 rw-p 0000f000 08:06 4987864                    /usr/lib/x86_64-linux-gnu/libXi.so.6.1.0
7f0a79888000-7f0a7988d000 r-xp 00000000 08:06 4987884                    /usr/lib/x86_64-linux-gnu/libXtst.so.6.1.0
7f0a7988d000-7f0a79a8c000 ---p 00005000 08:06 4987884                    /usr/lib/x86_64-linux-gnu/libXtst.so.6.1.0
7f0a79a8c000-7f0a79a8d000 r--p 00004000 08:06 4987884                    /usr/lib/x86_64-linux-gnu/libXtst.so.6.1.0
7f0a79a8d000-7f0a79a8e000 rw-p 00005000 08:06 4987884                    /usr/lib/x86_64-linux-gnu/libXtst.so.6.1.0
7f0a79a90000-7f0a79a99000 r-xp 00000000 08:06 4987880                    /usr/lib/x86_64-linux-gnu/libXrender.so.1.3.0
7f0a79a99000-7f0a79c98000 ---p 00009000 08:06 4987880                    /usr/lib/x86_64-linux-gnu/libXrender.so.1.3.0
7f0a79c98000-7f0a79c99000 r--p 00008000 08:06 4987880                    /usr/lib/x86_64-linux-gnu/libXrender.so.1.3.0
7f0a79c99000-7f0a79c9a000 rw-p 00009000 08:06 4987880                    /usr/lib/x86_64-linux-gnu/libXrender.so.1.3.0
7f0a79ca0000-7f0a79dd0000 r-xp 00000000 08:06 4987843                    /usr/lib/x86_64-linux-gnu/libX11.so.6.3.0
7f0a79dd0000-7f0a79fd0000 ---p 00130000 08:06 4987843                    /usr/lib/x86_64-linux-gnu/libX11.so.6.3.0
7f0a79fd0000-7f0a79fd1000 r--p 00130000 08:06 4987843                    /usr/lib/x86_64-linux-gnu/libX11.so.6.3.0
7f0a79fd1000-7f0a79fd5000 rw-p 00131000 08:06 4987843                    /usr/lib/x86_64-linux-gnu/libX11.so.6.3.0
7f0a79fd8000-7f0a79fe8000 r-xp 00000000 08:06 4987858                    /usr/lib/x86_64-linux-gnu/libXext.so.6.4.0
7f0a79fe8000-7f0a7a1e7000 ---p 00010000 08:06 4987858                    /usr/lib/x86_64-linux-gnu/libXext.so.6.4.0
7f0a7a1e7000-7f0a7a1e8000 r--p 0000f000 08:06 4987858                    /usr/lib/x86_64-linux-gnu/libXext.so.6.4.0
7f0a7a1e8000-7f0a7a1e9000 rw-p 00010000 08:06 4987858                    /usr/lib/x86_64-linux-gnu/libXext.so.6.4.0
7f0a7a1f0000-7f0a7a242000 r-xp 00000000 08:06 6305354                    /usr/lib/jvm/java-7-openjdk-amd64/jre/lib/amd64/xawt/libmawt.so
7f0a7a242000-7f0a7a442000 ---p 00052000 08:06 6305354                    /usr/lib/jvm/java-7-openjdk-amd64/jre/lib/amd64/xawt/libmawt.so
7f0a7a442000-7f0a7a443000 r--p 00052000 08:06 6305354                    /usr/lib/jvm/java-7-openjdk-amd64/jre/lib/amd64/xawt/libmawt.so
7f0a7a443000-7f0a7a446000 rw-p 00053000 08:06 6305354                    /usr/lib/jvm/java-7-openjdk-amd64/jre/lib/amd64/xawt/libmawt.so
7f0a7a446000-7f0a7a447000 rw-p 00000000 00:00 0 
7f0a7a448000-7f0a7a4ea000 r-xp 00000000 08:06 6192763                    /usr/lib/jvm/java-7-openjdk-amd64/jre/lib/amd64/libawt.so
7f0a7a4ea000-7f0a7a6e9000 ---p 000a2000 08:06 6192763                    /usr/lib/jvm/java-7-openjdk-amd64/jre/lib/amd64/libawt.so
7f0a7a6e9000-7f0a7a6ea000 r--p 000a1000 08:06 6192763                    /usr/lib/jvm/java-7-openjdk-amd64/jre/lib/amd64/libawt.so
7f0a7a6ea000-7f0a7a6f5000 rw-p 000a2000 08:06 6192763                    /usr/lib/jvm/java-7-openjdk-amd64/jre/lib/amd64/libawt.so
7f0a7a6f5000-7f0a7a71a000 rw-p 00000000 00:00 0 
7f0a7a725000-7f0a7a726000 rw-s 00005000 00:05 12546                      /dev/ati/card0
7f0a7a72a000-7f0a7a72c000 rw-s 00002000 00:05 12546                      /dev/ati/card0
7f0a7a730000-7f0a7a737000 r--s 00000000 08:06 5244924                    /usr/lib/x86_64-linux-gnu/gconv/gconv-modules.cache
7f0a7a738000-7f0a7a742000 r--s 000b8000 08:06 6035327                    /usr/lib/jvm/java-7-openjdk-amd64/jre/lib/resources.jar
7f0a7a744000-7f0a7a749000 r--s 0004c000 08:06 6035329                    /usr/lib/jvm/java-7-openjdk-amd64/jre/lib/jsse.jar
7f0a7a750000-7f0a7a774000 r-xp 00000000 08:06 2621820                    /tmp/libgdxabaratham/9865f060/libgdx64.so
7f0a7a774000-7f0a7a974000 ---p 00024000 08:06 2621820                    /tmp/libgdxabaratham/9865f060/libgdx64.so
7f0a7a974000-7f0a7a975000 r--p 00024000 08:06 2621820                    /tmp/libgdxabaratham/9865f060/libgdx64.so
7f0a7a975000-7f0a7a976000 rw-p 00025000 08:06 2621820                    /tmp/libgdxabaratham/9865f060/libgdx64.so
7f0a7a979000-7f0a7a97a000 r--s 00001000 08:06 21234600                   /home/abaratham/.m2/repository/net/java/jutils/jutils/1.0.0/jutils-1.0.0.jar
7f0a7a97f000-7f0a7a983000 r--s 0002f000 08:06 21234599                   /home/abaratham/.m2/repository/net/java/jinput/jinput/2.0.5/jinput-2.0.5.jar
7f0a7a985000-7f0a7a986000 r--s 00025000 08:06 21234602                   /home/abaratham/.m2/repository/net/java/jinput/jinput-platform/2.0.5/jinput-platform-2.0.5-natives-windows.jar
7f0a7a98a000-7f0a7a98b000 r--s 00002000 08:06 21234603                   /home/abaratham/.m2/repository/net/java/jinput/jinput-platform/2.0.5/jinput-platform-2.0.5-natives-osx.jar
7f0a7a992000-7f0a7a993000 r--s 00002000 08:06 21234601                   /home/abaratham/.m2/repository/net/java/jinput/jinput-platform/2.0.5/jinput-platform-2.0.5-natives-linux.jar
7f0a7a997000-7f0a7a99b000 r--s 00027000 08:06 2623141                    /home/abaratham/.gradle/caches/modules-2/files-2.1/org.lwjgl.lwjgl/lwjgl_util/2.9.1/290d7ba8a1bd9566f5ddf16ad06f09af5ec9b20e/lwjgl_util-2.9.1.jar
7f0a7a9a2000-7f0a7a9b0000 r--s 000ea000 08:06 2623140                    /home/abaratham/.gradle/caches/modules-2/files-2.1/org.lwjgl.lwjgl/lwjgl/2.9.1/f58c5aabcef0e41718a564be9f8e412fff8db847/lwjgl-2.9.1.jar
7f0a7a9b3000-7f0a7a9b4000 r--s 0008b000 08:06 2623137                    /home/abaratham/.gradle/caches/modules-2/files-2.1/org.lwjgl.lwjgl/lwjgl-platform/2.9.1/aa9aae879af8eb378e22cfc64db56ec2ca9a44d1/lwjgl-platform-2.9.1-natives-linux.jar
7f0a7a9b5000-7f0a7a9b6000 r--s 00095000 08:06 2623139                    /home/abaratham/.gradle/caches/modules-2/files-2.1/org.lwjgl.lwjgl/lwjgl-platform/2.9.1/4c517eca808522457dd95ee8fc1fbcdbb602efbe/lwjgl-platform-2.9.1-natives-windows.jar
7f0a7a9b8000-7f0a7a9b9000 r--s 00080000 08:06 2623138                    /home/abaratham/.gradle/caches/modules-2/files-2.1/org.lwjgl.lwjgl/lwjgl-platform/2.9.1/2d12c83fdfbc04ecabf02c7bc8cc54d034f0daac/lwjgl-platform-2.9.1-natives-osx.jar
7f0a7a9bf000-7f0a7a9c1000 r--s 00017000 08:06 2623143                    /home/abaratham/.gradle/caches/modules-2/files-2.1/org.jcraft/jorbis/0.0.17/8872d22b293e8f5d7d56ff92be966e6dc28ebdc6/jorbis-0.0.17.jar
7f0a7a9c5000-7f0a7a9c6000 r--s 00015000 08:06 2623142                    /home/abaratham/.gradle/caches/modules-2/files-2.1/com.badlogicgames.jlayer/jlayer/1.0.1-gdx/7cca83cec5c1b2f011362f4d85aabd71a73b049d/jlayer-1.0.1-gdx.jar
7f0a7a9cd000-7f0a7a9ce000 r--s 00085000 08:06 2623135                    /home/abaratham/.gradle/caches/modules-2/files-2.1/com.badlogicgames.gdx/gdx-platform/1.0.0/7f7c2b5bae73c9b4afe3a9fc937a6b0934022896/gdx-platform-1.0.0-natives-desktop.jar
7f0a7a9cf000-7f0a7a9d2000 r--s 0001f000 08:06 2623134                    /home/abaratham/.gradle/caches/modules-2/files-2.1/com.badlogicgames.gdx/gdx-backend-lwjgl/1.0.0/7db646e37cce669e5e742e4413dd2b00084baad3/gdx-backend-lwjgl-1.0.0.jar
7f0a7a9d3000-7f0a7a9d6000 r--s 0000b000 08:06 1836944                    /home/abaratham/Desktop/Libgdx Gradle/core/build/libs/tween-engine-api.jar
7f0a7a9d6000-7f0a7a9eb000 r--s 0014e000 08:06 2623020                    /home/abaratham/.gradle/caches/modules-2/files-2.1/com.badlogicgames.gdx/gdx/1.0.0/89c474852f0c0b701ebf0e11c176166eec56c0fa/gdx-1.0.0.jar
7f0a7a9eb000-7f0a7a9ec000 ---p 00000000 00:00 0 
7f0a7a9ec000-7f0a7aaec000 rw-p 00000000 00:00 0                          [stack:15390]
7f0a7aaec000-7f0a7aaef000 ---p 00000000 00:00 0 
7f0a7aaef000-7f0a7abed000 rw-p 00000000 00:00 0                          [stack:15389]
7f0a7abed000-7f0a7abf0000 ---p 00000000 00:00 0 
7f0a7abf0000-7f0a7acee000 rw-p 00000000 00:00 0                          [stack:15388]
7f0a7acee000-7f0a7acf1000 ---p 00000000 00:00 0 
7f0a7acf1000-7f0a7adef000 rw-p 00000000 00:00 0                          [stack:15387]
7f0a7adef000-7f0a7adf2000 ---p 00000000 00:00 0 
7f0a7adf2000-7f0a7aef0000 rw-p 00000000 00:00 0                          [stack:15386]
7f0a7aef0000-7f0a7b5d4000 r--p 00000000 08:06 4987195                    /usr/lib/locale/locale-archive
7f0a7b5d5000-7f0a7b5d8000 ---p 00000000 00:00 0 
7f0a7b5d8000-7f0a7b6d6000 rw-p 00000000 00:00 0                          [stack:15385]
7f0a7b6d6000-7f0a7b6d9000 ---p 00000000 00:00 0 
7f0a7b6d9000-7f0a7b7d7000 rw-p 00000000 00:00 0                          [stack:15384]
7f0a7b7d7000-7f0a7b7d8000 ---p 00000000 00:00 0 
7f0a7b7d8000-7f0a7c000000 rw-p 00000000 00:00 0                          [stack:15383]
7f0a7c000000-7f0a7c021000 rw-p 00000000 00:00 0 
7f0a7c021000-7f0a80000000 ---p 00000000 00:00 0 
7f0a80000000-7f0a80021000 rw-p 00000000 00:00 0 
7f0a80021000-7f0a84000000 ---p 00000000 00:00 0 
7f0a84000000-7f0a84021000 rw-p 00000000 00:00 0 
7f0a84021000-7f0a88000000 ---p 00000000 00:00 0 
7f0a88007000-7f0a88009000 r--s 0000f000 08:06 2623021                    /home/abaratham/.gradle/caches/modules-2/files-2.1/com.badlogicgames.gdx/gdx-box2d/1.0.0/4e3e9721d888e440cfc541e011ada658ffac5d8a/gdx-box2d-1.0.0.jar
7f0a8800b000-7f0a8800f000 r--s 0003b000 08:06 6035324                    /usr/lib/jvm/java-7-openjdk-amd64/jre/lib/ext/sunpkcs11.jar
7f0a88012000-7f0a88015000 r--s 00032000 08:06 6035322                    /usr/lib/jvm/java-7-openjdk-amd64/jre/lib/ext/sunjce_provider.jar
7f0a8801a000-7f0a8801c000 r--s 00012000 08:06 6035321                    /usr/lib/jvm/java-7-openjdk-amd64/jre/lib/ext/zipfs.jar
7f0a88020000-7f0a888ac000 rw-p 00000000 00:00 0 
7f0a888ac000-7f0a88a5a000 r--s 01cf4000 08:06 6035316                    /usr/lib/jvm/java-7-openjdk-amd64/jre/lib/rt.jar
7f0a88a61000-7f0a8bce9000 rw-p 00000000 00:00 0 
7f0a8bce9000-7f0a8bcea000 ---p 00000000 00:00 0 
7f0a8bcea000-7f0a8bdea000 rw-p 00000000 00:00 0                          [stack:15382]
7f0a8bdea000-7f0a8bdeb000 ---p 00000000 00:00 0 
7f0a8bdeb000-7f0a8beeb000 rw-p 00000000 00:00 0                          [stack:15381]
7f0a8beeb000-7f0a8beec000 ---p 00000000 00:00 0 
7f0a8beec000-7f0a8bfec000 rw-p 00000000 00:00 0                          [stack:15380]
7f0a8bfec000-7f0a8bfed000 ---p 00000000 00:00 0 
7f0a8bfed000-7f0a8c109000 rw-p 00000000 00:00 0                          [stack:15379]
7f0a8c109000-7f0a8c2ad000 rw-p 00000000 00:00 0 
7f0a8c2ad000-7f0a8c2b8000 rw-p 00000000 00:00 0 
7f0a8c2b8000-7f0a8c300000 rw-p 00000000 00:00 0 
7f0a8c300000-7f0a8c31c000 rw-p 00000000 00:00 0 
7f0a8c31c000-7f0a8c4bf000 rw-p 00000000 00:00 0 
7f0a8c4bf000-7f0a8c4ce000 rw-p 00000000 00:00 0 
7f0a8c4ce000-7f0a8c59f000 rw-p 00000000 00:00 0 
7f0a8c59f000-7f0a8c5a0000 rw-p 00000000 00:00 0 
7f0a8c5a0000-7f0a8c810000 rwxp 00000000 00:00 0 
7f0a8c810000-7f0a8f5a0000 rw-p 00000000 00:00 0 
7f0a8f5a0000-7f0a8f5a8000 r-xp 00000000 08:06 6192744                    /usr/lib/jvm/java-7-openjdk-amd64/jre/lib/amd64/libzip.so
7f0a8f5a8000-7f0a8f7a7000 ---p 00008000 08:06 6192744                    /usr/lib/jvm/java-7-openjdk-amd64/jre/lib/amd64/libzip.so
7f0a8f7a7000-7f0a8f7a8000 r--p 00007000 08:06 6192744                    /usr/lib/jvm/java-7-openjdk-amd64/jre/lib/amd64/libzip.so
7f0a8f7a8000-7f0a8f7a9000 rw-p 00008000 08:06 6192744                    /usr/lib/jvm/java-7-openjdk-amd64/jre/lib/amd64/libzip.so
7f0a8f7b0000-7f0a8f7bc000 r-xp 00000000 08:06 2887553                    /lib/x86_64-linux-gnu/libnss_files-2.15.so
7f0a8f7bc000-7f0a8f9bb000 ---p 0000c000 08:06 2887553                    /lib/x86_64-linux-gnu/libnss_files-2.15.so
7f0a8f9bb000-7f0a8f9bc000 r--p 0000b000 08:06 2887553                    /lib/x86_64-linux-gnu/libnss_files-2.15.so
7f0a8f9bc000-7f0a8f9bd000 rw-p 0000c000 08:06 2887553                    /lib/x86_64-linux-gnu/libnss_files-2.15.so
7f0a8f9c0000-7f0a8f9ca000 r-xp 00000000 08:06 2887557                    /lib/x86_64-linux-gnu/libnss_nis-2.15.so
7f0a8f9ca000-7f0a8fbca000 ---p 0000a000 08:06 2887557                    /lib/x86_64-linux-gnu/libnss_nis-2.15.so
7f0a8fbca000-7f0a8fbcb000 r--p 0000a000 08:06 2887557                    /lib/x86_64-linux-gnu/libnss_nis-2.15.so
7f0a8fbcb000-7f0a8fbcc000 rw-p 0000b000 08:06 2887557                    /lib/x86_64-linux-gnu/libnss_nis-2.15.so
7f0a8fbd0000-7f0a8fbe7000 r-xp 00000000 08:06 2887547                    /lib/x86_64-linux-gnu/libnsl-2.15.so
7f0a8fbe7000-7f0a8fde6000 ---p 00017000 08:06 2887547                    /lib/x86_64-linux-gnu/libnsl-2.15.so
7f0a8fde6000-7f0a8fde7000 r--p 00016000 08:06 2887547                    /lib/x86_64-linux-gnu/libnsl-2.15.so
7f0a8fde7000-7f0a8fde8000 rw-p 00017000 08:06 2887547                    /lib/x86_64-linux-gnu/libnsl-2.15.so
7f0a8fde8000-7f0a8fdea000 rw-p 00000000 00:00 0 
7f0a8fdf0000-7f0a8fdf8000 r-xp 00000000 08:06 2887549                    /lib/x86_64-linux-gnu/libnss_compat-2.15.so
7f0a8fdf8000-7f0a8fff7000 ---p 00008000 08:06 2887549                    /lib/x86_64-linux-gnu/libnss_compat-2.15.so
7f0a8fff7000-7f0a8fff8000 r--p 00007000 08:06 2887549                    /lib/x86_64-linux-gnu/libnss_compat-2.15.so
7f0a8fff8000-7f0a8fff9000 rw-p 00008000 08:06 2887549                    /lib/x86_64-linux-gnu/libnss_compat-2.15.so
7f0a90000000-7f0a90307000 rw-p 00000000 00:00 0 
7f0a90307000-7f0a94000000 ---p 00000000 00:00 0 
7f0a94005000-7f0a94009000 r--s 00085000 08:06 6035323                    /usr/lib/jvm/java-7-openjdk-amd64/jre/lib/ext/localedata.jar
7f0a9400f000-7f0a94011000 r--s 0000f000 08:06 6035320                    /usr/lib/jvm/java-7-openjdk-amd64/jre/lib/ext/pulse-java.jar
7f0a94012000-7f0a940e8000 rw-p 00000000 00:00 0 
7f0a940e8000-7f0a94130000 rw-p 00000000 00:00 0 
7f0a94130000-7f0a94159000 r-xp 00000000 08:06 6192737                    /usr/lib/jvm/java-7-openjdk-amd64/jre/lib/amd64/libjava.so
7f0a94159000-7f0a94358000 ---p 00029000 08:06 6192737                    /usr/lib/jvm/java-7-openjdk-amd64/jre/lib/amd64/libjava.so
7f0a94358000-7f0a94359000 r--p 00028000 08:06 6192737                    /usr/lib/jvm/java-7-openjdk-amd64/jre/lib/amd64/libjava.so
7f0a94359000-7f0a9435b000 rw-p 00029000 08:06 6192737                    /usr/lib/jvm/java-7-openjdk-amd64/jre/lib/amd64/libjava.so
7f0a94360000-7f0a9436e000 r-xp 00000000 08:06 6192769                    /usr/lib/jvm/java-7-openjdk-amd64/jre/lib/amd64/libverify.so
7f0a9436e000-7f0a9456d000 ---p 0000e000 08:06 6192769                    /usr/lib/jvm/java-7-openjdk-amd64/jre/lib/amd64/libverify.so
7f0a9456d000-7f0a9456f000 r--p 0000d000 08:06 6192769                    /usr/lib/jvm/java-7-openjdk-amd64/jre/lib/amd64/libverify.so
7f0a9456f000-7f0a94570000 rw-p 0000f000 08:06 6192769                    /usr/lib/jvm/java-7-openjdk-amd64/jre/lib/amd64/libverify.so
7f0a94570000-7f0a94577000 r-xp 00000000 08:06 2887588                    /lib/x86_64-linux-gnu/librt-2.15.so
7f0a94577000-7f0a94776000 ---p 00007000 08:06 2887588                    /lib/x86_64-linux-gnu/librt-2.15.so
7f0a94776000-7f0a94777000 r--p 00006000 08:06 2887588                    /lib/x86_64-linux-gnu/librt-2.15.so
7f0a94777000-7f0a94778000 rw-p 00007000 08:06 2887588                    /lib/x86_64-linux-gnu/librt-2.15.so
7f0a94778000-7f0a9478d000 r-xp 00000000 08:06 2887523                    /lib/x86_64-linux-gnu/libgcc_s.so.1
7f0a9478d000-7f0a9498c000 ---p 00015000 08:06 2887523                    /lib/x86_64-linux-gnu/libgcc_s.so.1
7f0a9498c000-7f0a9498d000 r--p 00014000 08:06 2887523                    /lib/x86_64-linux-gnu/libgcc_s.so.1
7f0a9498d000-7f0a9498e000 rw-p 00015000 08:06 2887523                    /lib/x86_64-linux-gnu/libgcc_s.so.1
7f0a94990000-7f0a94a8b000 r-xp 00000000 08:06 2887534                    /lib/x86_64-linux-gnu/libm-2.15.so
7f0a94a8b000-7f0a94c8a000 ---p 000fb000 08:06 2887534                    /lib/x86_64-linux-gnu/libm-2.15.so
7f0a94c8a000-7f0a94c8b000 r--p 000fa000 08:06 2887534                    /lib/x86_64-linux-gnu/libm-2.15.so
7f0a94c8b000-7f0a94c8c000 rw-p 000fb000 08:06 2887534                    /lib/x86_64-linux-gnu/libm-2.15.so
7f0a94c90000-7f0a94d72000 r-xp 00000000 08:06 4988391                    /usr/lib/x86_64-linux-gnu/libstdc++.so.6.0.16
7f0a94d72000-7f0a94f71000 ---p 000e2000 08:06 4988391                    /usr/lib/x86_64-linux-gnu/libstdc++.so.6.0.16
7f0a94f71000-7f0a94f79000 r--p 000e1000 08:06 4988391                    /usr/lib/x86_64-linux-gnu/libstdc++.so.6.0.16
7f0a94f79000-7f0a94f7b000 rw-p 000e9000 08:06 4988391                    /usr/lib/x86_64-linux-gnu/libstdc++.so.6.0.16
7f0a94f7b000-7f0a94f90000 rw-p 00000000 00:00 0 
7f0a94f90000-7f0a95a4b000 r-xp 00000000 08:06 6303865                    /usr/lib/jvm/java-7-openjdk-amd64/jre/lib/amd64/server/libjvm.so
7f0a95a4b000-7f0a95c4b000 ---p 00abb000 08:06 6303865                    /usr/lib/jvm/java-7-openjdk-amd64/jre/lib/amd64/server/libjvm.so
7f0a95c4b000-7f0a95ce3000 r--p 00abb000 08:06 6303865                    /usr/lib/jvm/java-7-openjdk-amd64/jre/lib/amd64/server/libjvm.so
7f0a95ce3000-7f0a95d06000 rw-p 00b53000 08:06 6303865                    /usr/lib/jvm/java-7-openjdk-amd64/jre/lib/amd64/server/libjvm.so
7f0a95d06000-7f0a95d33000 rw-p 00000000 00:00 0 
7f0a95d38000-7f0a95d4e000 r-xp 00000000 08:06 2887613                    /lib/x86_64-linux-gnu/libz.so.1.2.3.4
7f0a95d4e000-7f0a95f4d000 ---p 00016000 08:06 2887613                    /lib/x86_64-linux-gnu/libz.so.1.2.3.4
7f0a95f4d000-7f0a95f4e000 r--p 00015000 08:06 2887613                    /lib/x86_64-linux-gnu/libz.so.1.2.3.4
7f0a95f4e000-7f0a95f4f000 rw-p 00016000 08:06 2887613                    /lib/x86_64-linux-gnu/libz.so.1.2.3.4
7f0a95f50000-7f0a95f68000 r-xp 00000000 08:06 2887582                    /lib/x86_64-linux-gnu/libpthread-2.15.so
7f0a95f68000-7f0a96167000 ---p 00018000 08:06 2887582                    /lib/x86_64-linux-gnu/libpthread-2.15.so
7f0a96167000-7f0a96168000 r--p 00017000 08:06 2887582                    /lib/x86_64-linux-gnu/libpthread-2.15.so
7f0a96168000-7f0a96169000 rw-p 00018000 08:06 2887582                    /lib/x86_64-linux-gnu/libpthread-2.15.so
7f0a96169000-7f0a9616d000 rw-p 00000000 00:00 0 
7f0a96170000-7f0a96172000 r-xp 00000000 08:06 2887515                    /lib/x86_64-linux-gnu/libdl-2.15.so
7f0a96172000-7f0a96372000 ---p 00002000 08:06 2887515                    /lib/x86_64-linux-gnu/libdl-2.15.so
7f0a96372000-7f0a96373000 r--p 00002000 08:06 2887515                    /lib/x86_64-linux-gnu/libdl-2.15.so
7f0a96373000-7f0a96374000 rw-p 00003000 08:06 2887515                    /lib/x86_64-linux-gnu/libdl-2.15.so
7f0a96378000-7f0a9652d000 r-xp 00000000 08:06 2887502                    /lib/x86_64-linux-gnu/libc-2.15.so
7f0a9652d000-7f0a9672d000 ---p 001b5000 08:06 2887502                    /lib/x86_64-linux-gnu/libc-2.15.so
7f0a9672d000-7f0a96731000 r--p 001b5000 08:06 2887502                    /lib/x86_64-linux-gnu/libc-2.15.so
7f0a96731000-7f0a96733000 rw-p 001b9000 08:06 2887502                    /lib/x86_64-linux-gnu/libc-2.15.so
7f0a96733000-7f0a96738000 rw-p 00000000 00:00 0 
7f0a96738000-7f0a96745000 r-xp 00000000 08:06 6303971                    /usr/lib/jvm/java-7-openjdk-amd64/jre/lib/amd64/jli/libjli.so
7f0a96745000-7f0a96944000 ---p 0000d000 08:06 6303971                    /usr/lib/jvm/java-7-openjdk-amd64/jre/lib/amd64/jli/libjli.so
7f0a96944000-7f0a96945000 r--p 0000c000 08:06 6303971                    /usr/lib/jvm/java-7-openjdk-amd64/jre/lib/amd64/jli/libjli.so
7f0a96945000-7f0a96946000 rw-p 0000d000 08:06 6303971                    /usr/lib/jvm/java-7-openjdk-amd64/jre/lib/amd64/jli/libjli.so
7f0a96948000-7f0a9696a000 r-xp 00000000 08:06 2887482                    /lib/x86_64-linux-gnu/ld-2.15.so
7f0a9696d000-7f0a9696e000 r--s 000dd000 08:06 2623136                    /home/abaratham/.gradle/caches/modules-2/files-2.1/com.badlogicgames.gdx/gdx-box2d-platform/1.0.0/350a00f887adc5505517003be2a0c111303c574b/gdx-box2d-platform-1.0.0-natives-desktop.jar
7f0a96972000-7f0a96973000 r--s 00002000 08:06 6035325                    /usr/lib/jvm/java-7-openjdk-amd64/jre/lib/ext/dnsns.jar
7f0a96977000-7f0a96978000 r--s 00007000 08:06 5250426                    /usr/share/java/java-atk-wrapper.jar
7f0a9697a000-7f0a969a2000 rw-p 00000000 00:00 0 
7f0a969a2000-7f0a96a58000 rw-p 00000000 00:00 0 
7f0a96a58000-7f0a96a60000 rw-s 00000000 08:06 2621474                    /tmp/hsperfdata_abaratham/15373
7f0a96a63000-7f0a96a65000 rw-p 00000000 00:00 0 
7f0a96a65000-7f0a96a66000 r--p 00000000 00:00 0 
7f0a96a66000-7f0a96a69000 ---p 00000000 00:00 0 
7f0a96a69000-7f0a96b6a000 rw-p 00000000 00:00 0                          [stack:15378]
7f0a96b6a000-7f0a96b6b000 r--p 00022000 08:06 2887482                    /lib/x86_64-linux-gnu/ld-2.15.so
7f0a96b6b000-7f0a96b6d000 rw-p 00023000 08:06 2887482                    /lib/x86_64-linux-gnu/ld-2.15.so
7f0a96b6d000-7f0a96b71000 rw-p 00000000 00:00 0 
7fffabdd5000-7fffabdf7000 rw-p 00000000 00:00 0                          [stack]
7fffabe00000-7fffabe02000 r-xp 00000000 00:00 0                          [vdso]
ffffffffff600000-ffffffffff601000 r-xp 00000000 00:00 0                  [vsyscall]

VM Arguments:
jvm_args: -Dfile.encoding=UTF-8 
java_command: anandgames.gravity.desktop.DesktopLauncher
Launcher Type: SUN_STANDARD

Environment Variables:
PATH=/opt/OpenPrinting-Gutenprint/sbin:/opt/OpenPrinting-Gutenprint/bin:/usr/lib/lightdm/lightdm:/usr/local/sbin:/usr/local/bin:/usr/sbin:/usr/bin:/sbin:/bin:/usr/games
SHELL=/bin/bash
DISPLAY=:0.0

Signal Handlers:
SIGSEGV: [libjvm.so+0x8f6d70], sa_mask[0]=0x7ffbfeff, sa_flags=0x10000004
SIGBUS: [libjvm.so+0x8f6d70], sa_mask[0]=0x7ffbfeff, sa_flags=0x10000004
SIGFPE: [libjvm.so+0x77aeb0], sa_mask[0]=0x7ffbfeff, sa_flags=0x10000004
SIGPIPE: [libjvm.so+0x77aeb0], sa_mask[0]=0x7ffbfeff, sa_flags=0x10000004
SIGXFSZ: [libjvm.so+0x77aeb0], sa_mask[0]=0x7ffbfeff, sa_flags=0x10000004
SIGILL: [libjvm.so+0x77aeb0], sa_mask[0]=0x7ffbfeff, sa_flags=0x10000004
SIGUSR1: SIG_DFL, sa_mask[0]=0x00000000, sa_flags=0x00000000
SIGUSR2: [libjvm.so+0x77b130], sa_mask[0]=0x00000004, sa_flags=0x10000004
SIGHUP: [libjvm.so+0x77b2a0], sa_mask[0]=0x7ffbfeff, sa_flags=0x10000004
SIGINT: [libjvm.so+0x77b2a0], sa_mask[0]=0x7ffbfeff, sa_flags=0x10000004
SIGTERM: [libjvm.so+0x77b2a0], sa_mask[0]=0x7ffbfeff, sa_flags=0x10000004
SIGQUIT: [libjvm.so+0x77b2a0], sa_mask[0]=0x7ffbfeff, sa_flags=0x10000004


---------------  S Y S T E M  ---------------

OS:Ubuntu 12.04 (precise)
uname:Linux 3.11.0-17-generic #31~precise1-Ubuntu SMP Tue Feb 4 21:25:43 UTC 2014 x86_64
libc:glibc 2.15 NPTL 2.15 
rlimit: STACK 8192k, CORE 0k, NPROC 42396, NOFILE 4096, AS infinity
load average:0.53 0.46 0.38

/proc/meminfo:
MemTotal:        5493904 kB
MemFree:         1390520 kB
Buffers:          117592 kB
Cached:           902060 kB
SwapCached:         3836 kB
Active:          2622352 kB
Inactive:         996440 kB
Active(anon):    2145372 kB
Inactive(anon):   458012 kB
Active(file):     476980 kB
Inactive(file):   538428 kB
Unevictable:          32 kB
Mlocked:              32 kB
SwapTotal:       5731324 kB
SwapFree:        5721656 kB
Dirty:              1752 kB
Writeback:             0 kB
AnonPages:       2595624 kB
Mapped:           354356 kB
Shmem:              4244 kB
Slab:             157904 kB
SReclaimable:     123416 kB
SUnreclaim:        34488 kB
KernelStack:        5160 kB
PageTables:        51404 kB
NFS_Unstable:          0 kB
Bounce:                0 kB
WritebackTmp:          0 kB
CommitLimit:     8478276 kB
Committed_AS:    7874708 kB
VmallocTotal:   34359738367 kB
VmallocUsed:      182752 kB
VmallocChunk:   34359486752 kB
HardwareCorrupted:     0 kB
AnonHugePages:         0 kB
HugePages_Total:       0
HugePages_Free:        0
HugePages_Rsvd:        0
HugePages_Surp:        0
Hugepagesize:       2048 kB
DirectMap4k:      236284 kB
DirectMap2M:     4452352 kB
DirectMap1G:     1048576 kB


CPU:total 4 (4 cores per cpu, 1 threads per core) family 21 model 16 stepping 1, cmov, cx8, fxsr, mmx, sse, sse2, sse3, ssse3, sse4.1, sse4.2, popcnt, avx, aes, mmxext, 3dnowpref, lzcnt, sse4a, tsc, tscinvbit, tscinv

/proc/cpuinfo:
processor	: 0
vendor_id	: AuthenticAMD
cpu family	: 21
model		: 16
model name	: AMD A10-4600M APU with Radeon(tm) HD Graphics
stepping	: 1
microcode	: 0x6001116
cpu MHz		: 1400.000
cache size	: 2048 KB
physical id	: 0
siblings	: 4
core id		: 0
cpu cores	: 2
apicid		: 16
initial apicid	: 0
fpu		: yes
fpu_exception	: yes
cpuid level	: 13
wp		: yes
flags		: fpu vme de pse tsc msr pae mce cx8 apic sep mtrr pge mca cmov pat pse36 clflush mmx fxsr sse sse2 ht syscall nx mmxext fxsr_opt pdpe1gb rdtscp lm constant_tsc rep_good nopl nonstop_tsc extd_apicid aperfmperf pni pclmulqdq monitor ssse3 fma cx16 sse4_1 sse4_2 popcnt aes xsave avx f16c lahf_lm cmp_legacy svm extapic cr8_legacy abm sse4a misalignsse 3dnowprefetch osvw ibs xop skinit wdt lwp fma4 tce nodeid_msr tbm topoext perfctr_core perfctr_nb arat cpb hw_pstate npt lbrv svm_lock nrip_save tsc_scale vmcb_clean flushbyasid decodeassists pausefilter pfthreshold bmi1
bogomips	: 4591.46
TLB size	: 1536 4K pages
clflush size	: 64
cache_alignment	: 64
address sizes	: 48 bits physical, 48 bits virtual
power management: ts ttp tm 100mhzsteps hwpstate cpb eff_freq_ro

processor	: 1
vendor_id	: AuthenticAMD
cpu family	: 21
model		: 16
model name	: AMD A10-4600M APU with Radeon(tm) HD Graphics  
stepping	: 1
microcode	: 0x6001116
cpu MHz		: 2300.000
cache size	: 2048 KB
physical id	: 0
siblings	: 4
core id		: 1
cpu cores	: 2
apicid		: 17
initial apicid	: 1
fpu		: yes
fpu_exception	: yes
cpuid level	: 13
wp		: yes
flags		: fpu vme de pse tsc msr pae mce cx8 apic sep mtrr pge mca cmov pat pse36 clflush mmx fxsr sse sse2 ht syscall nx mmxext fxsr_opt pdpe1gb rdtscp lm constant_tsc rep_good nopl nonstop_tsc extd_apicid aperfmperf pni pclmulqdq monitor ssse3 fma cx16 sse4_1 sse4_2 popcnt aes xsave avx f16c lahf_lm cmp_legacy svm extapic cr8_legacy abm sse4a misalignsse 3dnowprefetch osvw ibs xop skinit wdt lwp fma4 tce nodeid_msr tbm topoext perfctr_core perfctr_nb arat cpb hw_pstate npt lbrv svm_lock nrip_save tsc_scale vmcb_clean flushbyasid decodeassists pausefilter pfthreshold bmi1
bogomips	: 4591.46
TLB size	: 1536 4K pages
clflush size	: 64
cache_alignment	: 64
address sizes	: 48 bits physical, 48 bits virtual
power management: ts ttp tm 100mhzsteps hwpstate cpb eff_freq_ro

processor	: 2
vendor_id	: AuthenticAMD
cpu family	: 21
model		: 16
model name	: AMD A10-4600M APU with Radeon(tm) HD Graphics  
stepping	: 1
microcode	: 0x6001116
cpu MHz		: 1400.000
cache size	: 2048 KB
physical id	: 0
siblings	: 4
core id		: 2
cpu cores	: 2
apicid		: 18
initial apicid	: 2
fpu		: yes
fpu_exception	: yes
cpuid level	: 13
wp		: yes
flags		: fpu vme de pse tsc msr pae mce cx8 apic sep mtrr pge mca cmov pat pse36 clflush mmx fxsr sse sse2 ht syscall nx mmxext fxsr_opt pdpe1gb rdtscp lm constant_tsc rep_good nopl nonstop_tsc extd_apicid aperfmperf pni pclmulqdq monitor ssse3 fma cx16 sse4_1 sse4_2 popcnt aes xsave avx f16c lahf_lm cmp_legacy svm extapic cr8_legacy abm sse4a misalignsse 3dnowprefetch osvw ibs xop skinit wdt lwp fma4 tce nodeid_msr tbm topoext perfctr_core perfctr_nb arat cpb hw_pstate npt lbrv svm_lock nrip_save tsc_scale vmcb_clean flushbyasid decodeassists pausefilter pfthreshold bmi1
bogomips	: 4591.46
TLB size	: 1536 4K pages
clflush size	: 64
cache_alignment	: 64
address sizes	: 48 bits physical, 48 bits virtual
power management: ts ttp tm 100mhzsteps hwpstate cpb eff_freq_ro

processor	: 3
vendor_id	: AuthenticAMD
cpu family	: 21
model		: 16
model name	: AMD A10-4600M APU with Radeon(tm) HD Graphics  
stepping	: 1
microcode	: 0x6001116
cpu MHz		: 1400.000
cache size	: 2048 KB
physical id	: 0
siblings	: 4
core id		: 3
cpu cores	: 2
apicid		: 19
initial apicid	: 3
fpu		: yes
fpu_exception	: yes
cpuid level	: 13
wp		: yes
flags		: fpu vme de pse tsc msr pae mce cx8 apic sep mtrr pge mca cmov pat pse36 clflush mmx fxsr sse sse2 ht syscall nx mmxext fxsr_opt pdpe1gb rdtscp lm constant_tsc rep_good nopl nonstop_tsc extd_apicid aperfmperf pni pclmulqdq monitor ssse3 fma cx16 sse4_1 sse4_2 popcnt aes xsave avx f16c lahf_lm cmp_legacy svm extapic cr8_legacy abm sse4a misalignsse 3dnowprefetch osvw ibs xop skinit wdt lwp fma4 tce nodeid_msr tbm topoext perfctr_core perfctr_nb arat cpb hw_pstate npt lbrv svm_lock nrip_save tsc_scale vmcb_clean flushbyasid decodeassists pausefilter pfthreshold bmi1
bogomips	: 4591.46
TLB size	: 1536 4K pages
clflush size	: 64
cache_alignment	: 64
address sizes	: 48 bits physical, 48 bits virtual
power management: ts ttp tm 100mhzsteps hwpstate cpb eff_freq_ro



Memory: 4k page, physical 5493904k(1390520k free), swap 5731324k(5721656k free)

vm_info: OpenJDK 64-Bit Server VM (24.45-b08) for linux-amd64 JRE (1.7.0_51-b00), built on Jan 16 2014 18:37:59 by "buildd" with gcc 4.6.3

time: Mon May 12 15:26:58 2014
elapsed time: 3 seconds

