#
# A fatal error has been detected by the Java Runtime Environment:
#
#  SIGSEGV (0xb) at pc=0x00007f570308e800, pid=1388, tid=140011983394560
#
# JRE version: OpenJDK Runtime Environment (7.0_51) (build 1.7.0_51-b00)
# Java VM: OpenJDK 64-Bit Server VM (24.45-b08 mixed mode linux-amd64 compressed oops)
# Problematic frame:
# C  [fglrx_dri.so+0x11ce800]  ukiCreateContext+0x11ce800
#
# Failed to write core dump. Core dumps have been disabled. To enable core dumping, try "ulimit -c unlimited" before starting Java again
#
# If you would like to submit a bug report, please include
# instructions on how to reproduce the bug and visit:
#   http://icedtea.classpath.org/bugzilla
# The crash happened outside the Java Virtual Machine in native code.
# See problematic frame for where to report the bug.
#

---------------  T H R E A D  ---------------

Current thread (0x00007f57582d5800):  JavaThread "LWJGL Application" [_thread_in_native, id=1412, stack(0x00007f571478d000,0x00007f571488e000)]

siginfo:si_signo=SIGSEGV: si_errno=0, si_code=1 (SEGV_MAPERR), si_addr=0x0000000000000000

Registers:
RAX=0x00007f5703d90e50, RBX=0x00007f57038ccdf8, RCX=0x0000000000000000, RDX=0x0000000000000000
RSP=0x00007f571488c1a8, RBP=0x00007f56f4543570, RSI=0x00007f56f412d0a0, RDI=0x00007f56f491e3d0
R8 =0x00007f56f4127fd0, R9 =0x0000000000000584, R10=0x0000000000000000, R11=0x0000000000000000
R12=0x00007f5703f594c0, R13=0xffffffffffffff68, R14=0xffffffffffffff68, R15=0x0000000000000001
RIP=0x00007f570308e800, EFLAGS=0x0000000000010202, CSGSFS=0x0000000000000033, ERR=0x0000000000000004
  TRAPNO=0x000000000000000e

Top of Stack: (sp=0x00007f571488c1a8)
0x00007f571488c1a8:   00007f5703029624 00007f56f40285d0
0x00007f571488c1b8:   00007f56f413feb0 0000000000000088
0x00007f571488c1c8:   0000000000000000 00007f56f412b240
0x00007f571488c1d8:   00007f57038ccdf8 00007f5703f594c0
0x00007f571488c1e8:   00007f5702e167c9 0000000000000000
0x00007f571488c1f8:   0000000000000000 0000000000000000
0x00007f571488c208:   000002e800000525 0000000001000000
0x00007f571488c218:   00007f5600000000 0000000000000000
0x00007f571488c228:   000002d000000500 0000000000000003
0x00007f571488c238:   0000000000000000 0000000000000000
0x00007f571488c248:   00007f56f4543570 0000000000000088
0x00007f571488c258:   00007f56f412b240 00007f5703f594c0
0x00007f571488c268:   00007f5702e363e6 00007f57582d5800
0x00007f571488c278:   0000000000000000 0000000000000000
0x00007f571488c288:   00007f571488c300 0000000000000007
0x00007f571488c298:   0000000100000000 0000000000000000
0x00007f571488c2a8:   0000000000000000 0000000000000000
0x00007f571488c2b8:   00007f5700000000 0000000000000003
0x00007f571488c2c8:   0000000000000000 0000000000000000
0x00007f571488c2d8:   0000000000000000 00007f5700000000
0x00007f571488c2e8:   00007f575805a2a8 00007f57582d59d8
0x00007f571488c2f8:   00007f56f4543570 00007f56f4543570
0x00007f571488c308:   00007f56f405ded0 000000000000022b
0x00007f571488c318:   00007f5703f4ebe8 ffffffffffffff68
0x00007f571488c328:   00007f5702e10223 00007f571488c210
0x00007f571488c338:   0000003000000018 00007f571488c4a0
0x00007f571488c348:   00007f571488c3c0 00007f5703f052d8
0x00007f571488c358:   00007f56f4543570 00007f56f405ded0
0x00007f571488c368:   00007f5702e15893 00007f571488c3c8
0x00007f571488c378:   00007f5703f052d8 00007f5703f052d8
0x00007f571488c388:   00007f56f405dff0 00007f56f405ded0
0x00007f571488c398:   000000000000022b 00007f5703f4ebe8 

Instructions: (pc=0x00007f570308e800)
0x00007f570308e7e0:   48 89 c7 48 8b 00 89 de 4c 8b 98 d0 00 00 00 48
0x00007f570308e7f0:   83 c4 30 5b 41 ff e3 90 90 90 90 90 90 90 90 90
0x00007f570308e800:   48 8b 02 48 89 87 00 02 00 00 48 8b 42 08 48 89
0x00007f570308e810:   87 08 02 00 00 b8 01 00 00 00 c3 90 90 90 90 90 

Register to memory mapping:

RAX=0x00007f5703d90e50: <offset 0x1ed0e50> in /usr/lib/fglrx/dri/fglrx_dri.so at 0x00007f5701ec0000
RBX=0x00007f57038ccdf8: <offset 0x1a0cdf8> in /usr/lib/fglrx/dri/fglrx_dri.so at 0x00007f5701ec0000
RCX=0x0000000000000000 is an unknown value
RDX=0x0000000000000000 is an unknown value
RSP=0x00007f571488c1a8 is pointing into the stack for thread: 0x00007f57582d5800
RBP=0x00007f56f4543570 is an unknown value
RSI=0x00007f56f412d0a0 is an unknown value
RDI=0x00007f56f491e3d0 is an unknown value
R8 =0x00007f56f4127fd0 is an unknown value
R9 =0x0000000000000584 is an unknown value
R10=0x0000000000000000 is an unknown value
R11=0x0000000000000000 is an unknown value
R12=0x00007f5703f594c0: <offset 0x20994c0> in /usr/lib/fglrx/dri/fglrx_dri.so at 0x00007f5701ec0000
R13=0xffffffffffffff68 is an unknown value
R14=0xffffffffffffff68 is an unknown value
R15=0x0000000000000001 is an unknown value


Stack: [0x00007f571478d000,0x00007f571488e000],  sp=0x00007f571488c1a8,  free space=1020k
Native frames: (J=compiled Java code, j=interpreted, Vv=VM code, C=native code)
C  [fglrx_dri.so+0x11ce800]  ukiCreateContext+0x11ce800

Java frames: (J=compiled Java code, j=interpreted, Vv=VM code)
j  org.lwjgl.opengl.LinuxContextImplementation.nSwapBuffers(Ljava/nio/ByteBuffer;)V+0
j  org.lwjgl.opengl.LinuxContextImplementation.swapBuffers()V+38
j  org.lwjgl.opengl.ContextGL.swapBuffers()V+3
j  org.lwjgl.opengl.DrawableGL.swapBuffers()V+0
j  org.lwjgl.opengl.Display.swapBuffers()V+39
j  org.lwjgl.opengl.Display.update(Z)V+44
j  com.badlogic.gdx.backends.lwjgl.LwjglApplication.mainLoop()V+625
j  com.badlogic.gdx.backends.lwjgl.LwjglApplication$1.run()V+27
v  ~StubRoutines::call_stub

---------------  P R O C E S S  ---------------

Java Threads: ( => current thread )
  0x00007f56f4012800 JavaThread "process reaper" daemon [_thread_blocked, id=1414, stack(0x00007f571c007000,0x00007f571c040000)]
  0x00007f575800b000 JavaThread "DestroyJavaVM" [_thread_blocked, id=1394, stack(0x00007f575f8cd000,0x00007f575f9ce000)]
=>0x00007f57582d5800 JavaThread "LWJGL Application" [_thread_in_native, id=1412, stack(0x00007f571478d000,0x00007f571488e000)]
  0x00007f5758232800 JavaThread "AWT-XAWT" daemon [_thread_in_native, id=1408, stack(0x00007f5744006000,0x00007f5744107000)]
  0x00007f5758210800 JavaThread "Java2D Disposer" daemon [_thread_blocked, id=1407, stack(0x00007f5744107000,0x00007f5744208000)]
  0x00007f57580a7800 JavaThread "Service Thread" daemon [_thread_blocked, id=1405, stack(0x00007f574c04c000,0x00007f574c14d000)]
  0x00007f57580a5000 JavaThread "C2 CompilerThread1" daemon [_thread_blocked, id=1404, stack(0x00007f574c14d000,0x00007f574c24e000)]
  0x00007f57580a2000 JavaThread "C2 CompilerThread0" daemon [_thread_blocked, id=1403, stack(0x00007f574c24e000,0x00007f574c34f000)]
  0x00007f57580a0000 JavaThread "Signal Dispatcher" daemon [_thread_blocked, id=1402, stack(0x00007f574c34f000,0x00007f574c450000)]
  0x00007f575807d000 JavaThread "Finalizer" daemon [_thread_blocked, id=1401, stack(0x00007f574c450000,0x00007f574c551000)]
  0x00007f575807b000 JavaThread "Reference Handler" daemon [_thread_blocked, id=1400, stack(0x00007f574c551000,0x00007f574c652000)]

Other Threads:
  0x00007f5758076800 VMThread [stack: 0x00007f574c652000,0x00007f574c753000] [id=1399]
  0x00007f57580ba000 WatcherThread [stack: 0x00007f5747817000,0x00007f5747918000] [id=1406]

VM state:not at safepoint (normal execution)

VM Mutex/Monitor currently owned by a thread: None

Heap
 PSYoungGen      total 25088K, used 12148K [0x00000000e4080000, 0x00000000e5c80000, 0x0000000100000000)
  eden space 21504K, 56% used [0x00000000e4080000,0x00000000e4c5d120,0x00000000e5580000)
  from space 3584K, 0% used [0x00000000e5900000,0x00000000e5900000,0x00000000e5c80000)
  to   space 3584K, 0% used [0x00000000e5580000,0x00000000e5580000,0x00000000e5900000)
 ParOldGen       total 56832K, used 0K [0x00000000ac200000, 0x00000000af980000, 0x00000000e4080000)
  object space 56832K, 0% used [0x00000000ac200000,0x00000000ac200000,0x00000000af980000)
 PSPermGen       total 21504K, used 8266K [0x00000000a1c00000, 0x00000000a3100000, 0x00000000ac200000)
  object space 21504K, 38% used [0x00000000a1c00000,0x00000000a2412888,0x00000000a3100000)

Card table byte_map: [0x00007f575c245000,0x00007f575c538000] byte_map_base: 0x00007f575bd37000

Polling page: 0x00007f575f8cc000

Code Cache  [0x00007f5755000000, 0x00007f5755270000, 0x00007f5758000000)
 total_blobs=507 nmethods=28 adapters=434 free_code_cache=48568Kb largest_free_block=49720704

Compilation events (10 events):
Event: 1.163 Thread 0x00007f57580a5000   24   !         sun.nio.cs.ISO_8859_1$Encoder::encodeBufferLoop (135 bytes)
Event: 1.166 Thread 0x00007f57580a2000   25             java.nio.StringCharBuffer::get (19 bytes)
Event: 1.170 Thread 0x00007f57580a2000 nmethod 25 0x00007f5755087cd0 code [0x00007f5755087e40, 0x00007f5755087f98]
Event: 1.171 Thread 0x00007f57580a2000   26             java.nio.Buffer::nextGetIndex (31 bytes)
Event: 1.171 Thread 0x00007f57580a2000 nmethod 26 0x00007f575508d790 code [0x00007f575508d8c0, 0x00007f575508d938]
Event: 1.171 Thread 0x00007f57580a2000   27             org.lwjgl.MemoryUtil$CharSequenceNT::charAt (28 bytes)
Event: 1.173 Thread 0x00007f57580a2000 nmethod 27 0x00007f5755089950 code [0x00007f5755089aa0, 0x00007f5755089b98]
Event: 1.174 Thread 0x00007f57580a5000 nmethod 24 0x00007f5755088d50 code [0x00007f5755088f20, 0x00007f5755089420]
Event: 1.667 Thread 0x00007f57580a2000   28             org.lwjgl.opengl.Sync$RunningAvg::avg (37 bytes)
Event: 1.671 Thread 0x00007f57580a2000 nmethod 28 0x00007f5755094f10 code [0x00007f5755095060, 0x00007f5755095198]

GC Heap History (0 events):
No events

Deoptimization events (1 events):
Event: 0.313 Thread 0x00007f575800b000 Uncommon trap: reason=class_check action=maybe_recompile pc=0x00007f575506521c method=java.util.Properties$LineReader.readLine()I @ 62

Internal exceptions (10 events):
Event: 1.459 Thread 0x00007f57582d5800 Threw 0x00000000e4be2110 at /build/buildd/openjdk-7-7u51-2.4.4/build/openjdk/hotspot/src/share/vm/prims/jvm.cpp:1244
Event: 1.460 Thread 0x00007f57582d5800 Threw 0x00000000e4be6370 at /build/buildd/openjdk-7-7u51-2.4.4/build/openjdk/hotspot/src/share/vm/prims/jvm.cpp:1244
Event: 1.461 Thread 0x00007f57582d5800 Threw 0x00000000e4beaba0 at /build/buildd/openjdk-7-7u51-2.4.4/build/openjdk/hotspot/src/share/vm/prims/jvm.cpp:1244
Event: 1.462 Thread 0x00007f57582d5800 Threw 0x00000000e4befb68 at /build/buildd/openjdk-7-7u51-2.4.4/build/openjdk/hotspot/src/share/vm/prims/jvm.cpp:1244
Event: 1.464 Thread 0x00007f57582d5800 Threw 0x00000000e4bf3780 at /build/buildd/openjdk-7-7u51-2.4.4/build/openjdk/hotspot/src/share/vm/prims/jvm.cpp:1244
Event: 1.465 Thread 0x00007f57582d5800 Threw 0x00000000e4bf9118 at /build/buildd/openjdk-7-7u51-2.4.4/build/openjdk/hotspot/src/share/vm/prims/jvm.cpp:1244
Event: 1.480 Thread 0x00007f57582d5800 Threw 0x00000000e4bfda08 at /build/buildd/openjdk-7-7u51-2.4.4/build/openjdk/hotspot/src/share/vm/prims/jvm.cpp:1244
Event: 1.482 Thread 0x00007f57582d5800 Threw 0x00000000e4c03378 at /build/buildd/openjdk-7-7u51-2.4.4/build/openjdk/hotspot/src/share/vm/prims/jvm.cpp:1244
Event: 2.785 Thread 0x00007f57582d5800 Threw 0x00000000e4c0b1b8 at /build/buildd/openjdk-7-7u51-2.4.4/build/openjdk/hotspot/src/share/vm/prims/jvm.cpp:1244
Event: 2.787 Thread 0x00007f57582d5800 Threw 0x00000000e4c108b8 at /build/buildd/openjdk-7-7u51-2.4.4/build/openjdk/hotspot/src/share/vm/prims/jvm.cpp:1244

Events (10 events):
Event: 1.480 loading class 0x00007f56f4007120
Event: 1.480 loading class 0x00007f56f4007120 done
Event: 1.482 loading class 0x00007f56f49207d0
Event: 1.482 loading class 0x00007f56f49207d0 done
Event: 2.785 loading class 0x00007f575811d270
Event: 2.785 loading class 0x00007f575811d270 done
Event: 2.786 loading class 0x00007f575811d340
Event: 2.786 loading class 0x00007f575811d340 done
Event: 2.788 loading class 0x00007f57548da570
Event: 2.788 loading class 0x00007f57548da570 done


Dynamic libraries:
00400000-00401000 r-xp 00000000 08:06 6035309                            /usr/lib/jvm/java-7-openjdk-amd64/jre/bin/java
00600000-00601000 r--p 00000000 08:06 6035309                            /usr/lib/jvm/java-7-openjdk-amd64/jre/bin/java
00601000-00602000 rw-p 00001000 08:06 6035309                            /usr/lib/jvm/java-7-openjdk-amd64/jre/bin/java
00cde000-00cff000 rw-p 00000000 00:00 0                                  [heap]
a1c00000-a3100000 rw-p 00000000 00:00 0 
a3100000-ac200000 rw-p 00000000 00:00 0 
ac200000-af980000 rw-p 00000000 00:00 0 
af980000-e4080000 rw-p 00000000 00:00 0 
e4080000-e5c80000 rw-p 00000000 00:00 0 
e5c80000-100000000 rw-p 00000000 00:00 0 
7f56f4000000-7f56f4cc4000 rw-p 00000000 00:00 0 
7f56f4cc4000-7f56f8000000 ---p 00000000 00:00 0 
7f56f8000000-7f56f8021000 rw-p 00000000 00:00 0 
7f56f8021000-7f56fc000000 ---p 00000000 00:00 0 
7f56fc000000-7f56fc021000 rw-p 00000000 00:00 0 
7f56fc021000-7f5700000000 ---p 00000000 00:00 0 
7f5701361000-7f5701561000 rw-s 13ce9000 00:05 12546                      /dev/ati/card0
7f5701567000-7f5701667000 rw-s 13ce7000 00:05 12546                      /dev/ati/card0
7f570166e000-7f5701d6e000 rw-s 00006000 00:05 12546                      /dev/ati/card0
7f5701d75000-7f5701dc2000 rw-p 00000000 00:00 0 
7f5701e40000-7f5701ec0000 rw-p 00000000 00:00 0 
7f5701ec0000-7f5703c5a000 r-xp 00000000 08:06 5904155                    /usr/lib/fglrx/dri/fglrx_dri.so
7f5703c5a000-7f5703d5a000 ---p 01d9a000 08:06 5904155                    /usr/lib/fglrx/dri/fglrx_dri.so
7f5703d5a000-7f5703ecd000 rwxp 01d9a000 08:06 5904155                    /usr/lib/fglrx/dri/fglrx_dri.so
7f5703ecd000-7f5703ff1000 rwxp 00000000 00:00 0 
7f5703ff8000-7f5707ff9000 rw-s 00000000 00:13 1115556                    /run/shm/pulse-shm-1402309368
7f5708000000-7f5708021000 rw-p 00000000 00:00 0 
7f5708021000-7f570c000000 ---p 00000000 00:00 0 
7f570c000000-7f570c021000 rw-p 00000000 00:00 0 
7f570c021000-7f5710000000 ---p 00000000 00:00 0 
7f5710000000-7f5710021000 rw-p 00000000 00:00 0 
7f5710021000-7f5714000000 ---p 00000000 00:00 0 
7f5714025000-7f5714065000 rw-s 00025000 00:05 12546                      /dev/ati/card0
7f571406c000-7f571426c000 rw-p 00000000 00:00 0 
7f571426c000-7f57142ac000 rw-s 00004000 00:05 12546                      /dev/ati/card0
7f57142b0000-7f5714303000 r-xp 00000000 08:06 5904372                    /usr/lib/fglrx/libatiadlxx.so
7f5714303000-7f5714402000 ---p 00053000 08:06 5904372                    /usr/lib/fglrx/libatiadlxx.so
7f5714402000-7f571440f000 rw-p 00052000 08:06 5904372                    /usr/lib/fglrx/libatiadlxx.so
7f571440f000-7f571441f000 rw-p 00000000 00:00 0 
7f5714440000-7f571444f000 r-xp 00000000 08:06 5904170                    /usr/lib/fglrx/libatiuki.so.1.0
7f571444f000-7f571454f000 ---p 0000f000 08:06 5904170                    /usr/lib/fglrx/libatiuki.so.1.0
7f571454f000-7f571455b000 rw-p 0000f000 08:06 5904170                    /usr/lib/fglrx/libatiuki.so.1.0
7f5714560000-7f5714623000 r-xp 00000000 08:06 5904397                    /usr/lib/fglrx/libGL.so.1.2
7f5714623000-7f5714722000 ---p 000c3000 08:06 5904397                    /usr/lib/fglrx/libGL.so.1.2
7f5714722000-7f571474a000 rwxp 000c2000 08:06 5904397                    /usr/lib/fglrx/libGL.so.1.2
7f571474a000-7f571476c000 rwxp 00000000 00:00 0 
7f571478d000-7f5714790000 ---p 00000000 00:00 0 
7f5714790000-7f571488e000 rw-p 00000000 00:00 0                          [stack:1412]
7f571488e000-7f571488f000 ---p 00000000 00:00 0 
7f571488f000-7f571498f000 rw-p 00000000 00:00 0                          [stack:1411]
7f571498f000-7f5714990000 ---p 00000000 00:00 0 
7f5714990000-7f5715190000 rw-p 00000000 00:00 0                          [stack:1410]
7f5715190000-7f5715196000 r-xp 00000000 08:06 4988274                    /usr/lib/x86_64-linux-gnu/libogg.so.0.7.1
7f5715196000-7f5715395000 ---p 00006000 08:06 4988274                    /usr/lib/x86_64-linux-gnu/libogg.so.0.7.1
7f5715395000-7f5715396000 r--p 00005000 08:06 4988274                    /usr/lib/x86_64-linux-gnu/libogg.so.0.7.1
7f5715396000-7f5715397000 rw-p 00006000 08:06 4988274                    /usr/lib/x86_64-linux-gnu/libogg.so.0.7.1
7f5715398000-7f57153c3000 r-xp 00000000 08:06 4988427                    /usr/lib/x86_64-linux-gnu/libvorbis.so.0.4.5
7f57153c3000-7f57155c2000 ---p 0002b000 08:06 4988427                    /usr/lib/x86_64-linux-gnu/libvorbis.so.0.4.5
7f57155c2000-7f57155c3000 r--p 0002a000 08:06 4988427                    /usr/lib/x86_64-linux-gnu/libvorbis.so.0.4.5
7f57155c3000-7f57155c4000 rw-p 0002b000 08:06 4988427                    /usr/lib/x86_64-linux-gnu/libvorbis.so.0.4.5
7f57155c8000-7f571587b000 r-xp 00000000 08:06 4988429                    /usr/lib/x86_64-linux-gnu/libvorbisenc.so.2.0.8
7f571587b000-7f5715a7a000 ---p 002b3000 08:06 4988429                    /usr/lib/x86_64-linux-gnu/libvorbisenc.so.2.0.8
7f5715a7a000-7f5715a96000 r--p 002b2000 08:06 4988429                    /usr/lib/x86_64-linux-gnu/libvorbisenc.so.2.0.8
7f5715a96000-7f5715a97000 rw-p 002ce000 08:06 4988429                    /usr/lib/x86_64-linux-gnu/libvorbisenc.so.2.0.8
7f5715a98000-7f5715ae0000 r-xp 00000000 08:06 4987790                    /usr/lib/x86_64-linux-gnu/libFLAC.so.8.2.0
7f5715ae0000-7f5715ce0000 ---p 00048000 08:06 4987790                    /usr/lib/x86_64-linux-gnu/libFLAC.so.8.2.0
7f5715ce0000-7f5715ce1000 r--p 00048000 08:06 4987790                    /usr/lib/x86_64-linux-gnu/libFLAC.so.8.2.0
7f5715ce1000-7f5715ce2000 rw-p 00049000 08:06 4987790                    /usr/lib/x86_64-linux-gnu/libFLAC.so.8.2.0
7f5715ce8000-7f5715ced000 r-xp 00000000 08:06 4987906                    /usr/lib/x86_64-linux-gnu/libasyncns.so.0.3.1
7f5715ced000-7f5715eec000 ---p 00005000 08:06 4987906                    /usr/lib/x86_64-linux-gnu/libasyncns.so.0.3.1
7f5715eec000-7f5715eed000 r--p 00004000 08:06 4987906                    /usr/lib/x86_64-linux-gnu/libasyncns.so.0.3.1
7f5715eed000-7f5715eee000 rw-p 00005000 08:06 4987906                    /usr/lib/x86_64-linux-gnu/libasyncns.so.0.3.1
7f5715ef0000-7f5715f50000 r-xp 00000000 08:06 4988369                    /usr/lib/x86_64-linux-gnu/libsndfile.so.1.0.25
7f5715f50000-7f5716150000 ---p 00060000 08:06 4988369                    /usr/lib/x86_64-linux-gnu/libsndfile.so.1.0.25
7f5716150000-7f5716152000 r--p 00060000 08:06 4988369                    /usr/lib/x86_64-linux-gnu/libsndfile.so.1.0.25
7f5716152000-7f5716153000 rw-p 00062000 08:06 4988369                    /usr/lib/x86_64-linux-gnu/libsndfile.so.1.0.25
7f5716153000-7f5716157000 rw-p 00000000 00:00 0 
7f5716158000-7f5716160000 r-xp 00000000 08:06 2887611                    /lib/x86_64-linux-gnu/libwrap.so.0.7.6
7f5716160000-7f571635f000 ---p 00008000 08:06 2887611                    /lib/x86_64-linux-gnu/libwrap.so.0.7.6
7f571635f000-7f5716360000 r--p 00007000 08:06 2887611                    /lib/x86_64-linux-gnu/libwrap.so.0.7.6
7f5716360000-7f5716361000 rw-p 00008000 08:06 2887611                    /lib/x86_64-linux-gnu/libwrap.so.0.7.6
7f5716368000-7f57163c4000 r-xp 00000000 08:06 4988332                    /usr/lib/x86_64-linux-gnu/libpulsecommon-1.1.so
7f57163c4000-7f57165c4000 ---p 0005c000 08:06 4988332                    /usr/lib/x86_64-linux-gnu/libpulsecommon-1.1.so
7f57165c4000-7f57165c5000 r--p 0005c000 08:06 4988332                    /usr/lib/x86_64-linux-gnu/libpulsecommon-1.1.so
7f57165c5000-7f57165c6000 rw-p 0005d000 08:06 4988332                    /usr/lib/x86_64-linux-gnu/libpulsecommon-1.1.so
7f57165c8000-7f57165cf000 r-xp 00000000 08:06 4988209                    /usr/lib/x86_64-linux-gnu/libjson.so.0.0.1
7f57165cf000-7f57167ce000 ---p 00007000 08:06 4988209                    /usr/lib/x86_64-linux-gnu/libjson.so.0.0.1
7f57167ce000-7f57167cf000 r--p 00006000 08:06 4988209                    /usr/lib/x86_64-linux-gnu/libjson.so.0.0.1
7f57167cf000-7f57167d0000 rw-p 00007000 08:06 4988209                    /usr/lib/x86_64-linux-gnu/libjson.so.0.0.1
7f57167d0000-7f5716816000 r-xp 00000000 08:06 4988331                    /usr/lib/x86_64-linux-gnu/libpulse.so.0.13.5
7f5716816000-7f5716a16000 ---p 00046000 08:06 4988331                    /usr/lib/x86_64-linux-gnu/libpulse.so.0.13.5
7f5716a16000-7f5716a17000 r--p 00046000 08:06 4988331                    /usr/lib/x86_64-linux-gnu/libpulse.so.0.13.5
7f5716a17000-7f5716a18000 rw-p 00047000 08:06 4988331                    /usr/lib/x86_64-linux-gnu/libpulse.so.0.13.5
7f5716a18000-7f5716a6d000 r-xp 00000000 08:06 2621825                    /tmp/libgdxabaratham/7b43be9b/libopenal64.so
7f5716a6d000-7f5716c6c000 ---p 00055000 08:06 2621825                    /tmp/libgdxabaratham/7b43be9b/libopenal64.so
7f5716c6c000-7f5716c6f000 r--p 00054000 08:06 2621825                    /tmp/libgdxabaratham/7b43be9b/libopenal64.so
7f5716c6f000-7f5716c70000 rw-p 00057000 08:06 2621825                    /tmp/libgdxabaratham/7b43be9b/libopenal64.so
7f5716c70000-7f5716c71000 rw-p 00000000 00:00 0 
7f5716c78000-7f5716c7c000 r-xp 00000000 08:06 4987888                    /usr/lib/x86_64-linux-gnu/libXxf86vm.so.1.0.0
7f5716c7c000-7f5716e7b000 ---p 00004000 08:06 4987888                    /usr/lib/x86_64-linux-gnu/libXxf86vm.so.1.0.0
7f5716e7b000-7f5716e7c000 r--p 00003000 08:06 4987888                    /usr/lib/x86_64-linux-gnu/libXxf86vm.so.1.0.0
7f5716e7c000-7f5716e7d000 rw-p 00004000 08:06 4987888                    /usr/lib/x86_64-linux-gnu/libXxf86vm.so.1.0.0
7f5716e80000-7f5716eec000 r-xp 00000000 08:06 2621823                    /tmp/libgdxabaratham/7b43be9b/liblwjgl64.so
7f5716eec000-7f57170eb000 ---p 0006c000 08:06 2621823                    /tmp/libgdxabaratham/7b43be9b/liblwjgl64.so
7f57170eb000-7f57170ed000 r--p 0006b000 08:06 2621823                    /tmp/libgdxabaratham/7b43be9b/liblwjgl64.so
7f57170ed000-7f57170ee000 rw-p 0006d000 08:06 2621823                    /tmp/libgdxabaratham/7b43be9b/liblwjgl64.so
7f57170f0000-7f57170f1000 r-xp 00000000 08:06 6192760                    /usr/lib/jvm/java-7-openjdk-amd64/jre/lib/amd64/libjawt.so
7f57170f1000-7f57172f0000 ---p 00001000 08:06 6192760                    /usr/lib/jvm/java-7-openjdk-amd64/jre/lib/amd64/libjawt.so
7f57172f0000-7f57172f1000 r--p 00000000 08:06 6192760                    /usr/lib/jvm/java-7-openjdk-amd64/jre/lib/amd64/libjawt.so
7f57172f1000-7f57172f2000 rw-p 00001000 08:06 6192760                    /usr/lib/jvm/java-7-openjdk-amd64/jre/lib/amd64/libjawt.so
7f57172f8000-7f57172fb000 r-xp 00000000 08:06 2887529                    /lib/x86_64-linux-gnu/libgpg-error.so.0.8.0
7f57172fb000-7f57174fa000 ---p 00003000 08:06 2887529                    /lib/x86_64-linux-gnu/libgpg-error.so.0.8.0
7f57174fa000-7f57174fb000 r--p 00002000 08:06 2887529                    /lib/x86_64-linux-gnu/libgpg-error.so.0.8.0
7f57174fb000-7f57174fc000 rw-p 00003000 08:06 2887529                    /lib/x86_64-linux-gnu/libgpg-error.so.0.8.0
7f5717500000-7f5717503000 r-xp 00000000 08:06 2887533                    /lib/x86_64-linux-gnu/libkeyutils.so.1.4
7f5717503000-7f5717702000 ---p 00003000 08:06 2887533                    /lib/x86_64-linux-gnu/libkeyutils.so.1.4
7f5717702000-7f5717703000 r--p 00002000 08:06 2887533                    /lib/x86_64-linux-gnu/libkeyutils.so.1.4
7f5717703000-7f5717704000 rw-p 00003000 08:06 2887533                    /lib/x86_64-linux-gnu/libkeyutils.so.1.4
7f5717708000-7f571774a000 r-xp 00000000 08:06 2887514                    /lib/x86_64-linux-gnu/libdbus-1.so.3.5.8
7f571774a000-7f571794a000 ---p 00042000 08:06 2887514                    /lib/x86_64-linux-gnu/libdbus-1.so.3.5.8
7f571794a000-7f571794b000 r--p 00042000 08:06 2887514                    /lib/x86_64-linux-gnu/libdbus-1.so.3.5.8
7f571794b000-7f571794c000 rw-p 00043000 08:06 2887514                    /lib/x86_64-linux-gnu/libdbus-1.so.3.5.8
7f5717950000-7f5717961000 r-xp 00000000 08:06 4988280                    /usr/lib/x86_64-linux-gnu/libp11-kit.so.0.0.0
7f5717961000-7f5717b60000 ---p 00011000 08:06 4988280                    /usr/lib/x86_64-linux-gnu/libp11-kit.so.0.0.0
7f5717b60000-7f5717b61000 r--p 00010000 08:06 4988280                    /usr/lib/x86_64-linux-gnu/libp11-kit.so.0.0.0
7f5717b61000-7f5717b62000 rw-p 00011000 08:06 4988280                    /usr/lib/x86_64-linux-gnu/libp11-kit.so.0.0.0
7f5717b68000-7f5717be2000 r-xp 00000000 08:06 2887525                    /lib/x86_64-linux-gnu/libgcrypt.so.11.7.0
7f5717be2000-7f5717de2000 ---p 0007a000 08:06 2887525                    /lib/x86_64-linux-gnu/libgcrypt.so.11.7.0
7f5717de2000-7f5717de3000 r--p 0007a000 08:06 2887525                    /lib/x86_64-linux-gnu/libgcrypt.so.11.7.0
7f5717de3000-7f5717de6000 rw-p 0007b000 08:06 2887525                    /lib/x86_64-linux-gnu/libgcrypt.so.11.7.0
7f5717de8000-7f5717df8000 r-xp 00000000 08:06 4988397                    /usr/lib/x86_64-linux-gnu/libtasn1.so.3.1.12
7f5717df8000-7f5717ff7000 ---p 00010000 08:06 4988397                    /usr/lib/x86_64-linux-gnu/libtasn1.so.3.1.12
7f5717ff7000-7f5717ff8000 r--p 0000f000 08:06 4988397                    /usr/lib/x86_64-linux-gnu/libtasn1.so.3.1.12
7f5717ff8000-7f5717ff9000 rw-p 00010000 08:06 4988397                    /usr/lib/x86_64-linux-gnu/libtasn1.so.3.1.12
7f5718000000-7f5718021000 rw-p 00000000 00:00 0 
7f5718021000-7f571c000000 ---p 00000000 00:00 0 
7f571c007000-7f571c00a000 ---p 00000000 00:00 0 
7f571c00a000-7f571c040000 rw-p 00000000 00:00 0                          [stack:1414]
7f571c040000-7f571c047000 r-xp 00000000 08:06 4988217                    /usr/lib/x86_64-linux-gnu/libkrb5support.so.0.1
7f571c047000-7f571c246000 ---p 00007000 08:06 4988217                    /usr/lib/x86_64-linux-gnu/libkrb5support.so.0.1
7f571c246000-7f571c247000 r--p 00006000 08:06 4988217                    /usr/lib/x86_64-linux-gnu/libkrb5support.so.0.1
7f571c247000-7f571c248000 rw-p 00007000 08:06 4988217                    /usr/lib/x86_64-linux-gnu/libkrb5support.so.0.1
7f571c248000-7f571c24b000 r-xp 00000000 08:06 2887509                    /lib/x86_64-linux-gnu/libcom_err.so.2.1
7f571c24b000-7f571c44a000 ---p 00003000 08:06 2887509                    /lib/x86_64-linux-gnu/libcom_err.so.2.1
7f571c44a000-7f571c44b000 r--p 00002000 08:06 2887509                    /lib/x86_64-linux-gnu/libcom_err.so.2.1
7f571c44b000-7f571c44c000 rw-p 00003000 08:06 2887509                    /lib/x86_64-linux-gnu/libcom_err.so.2.1
7f571c450000-7f571c475000 r-xp 00000000 08:06 4988211                    /usr/lib/x86_64-linux-gnu/libk5crypto.so.3.1
7f571c475000-7f571c675000 ---p 00025000 08:06 4988211                    /usr/lib/x86_64-linux-gnu/libk5crypto.so.3.1
7f571c675000-7f571c676000 r--p 00025000 08:06 4988211                    /usr/lib/x86_64-linux-gnu/libk5crypto.so.3.1
7f571c676000-7f571c677000 rw-p 00026000 08:06 4988211                    /usr/lib/x86_64-linux-gnu/libk5crypto.so.3.1
7f571c677000-7f571c678000 rw-p 00000000 00:00 0 
7f571c678000-7f571c73c000 r-xp 00000000 08:06 4988215                    /usr/lib/x86_64-linux-gnu/libkrb5.so.3.3
7f571c73c000-7f571c93b000 ---p 000c4000 08:06 4988215                    /usr/lib/x86_64-linux-gnu/libkrb5.so.3.3
7f571c93b000-7f571c945000 r--p 000c3000 08:06 4988215                    /usr/lib/x86_64-linux-gnu/libkrb5.so.3.3
7f571c945000-7f571c946000 rw-p 000cd000 08:06 4988215                    /usr/lib/x86_64-linux-gnu/libkrb5.so.3.3
7f571c948000-7f571c950000 r-xp 00000000 08:06 4988454                    /usr/lib/x86_64-linux-gnu/libxcb-render.so.0.0.0
7f571c950000-7f571cb50000 ---p 00008000 08:06 4988454                    /usr/lib/x86_64-linux-gnu/libxcb-render.so.0.0.0
7f571cb50000-7f571cb51000 r--p 00008000 08:06 4988454                    /usr/lib/x86_64-linux-gnu/libxcb-render.so.0.0.0
7f571cb51000-7f571cb52000 rw-p 00009000 08:06 4988454                    /usr/lib/x86_64-linux-gnu/libxcb-render.so.0.0.0
7f571cb58000-7f571cb5a000 r-xp 00000000 08:06 4988458                    /usr/lib/x86_64-linux-gnu/libxcb-shm.so.0.0.0
7f571cb5a000-7f571cd59000 ---p 00002000 08:06 4988458                    /usr/lib/x86_64-linux-gnu/libxcb-shm.so.0.0.0
7f571cd59000-7f571cd5a000 r--p 00001000 08:06 4988458                    /usr/lib/x86_64-linux-gnu/libxcb-shm.so.0.0.0
7f571cd5a000-7f571cd5b000 rw-p 00002000 08:06 4988458                    /usr/lib/x86_64-linux-gnu/libxcb-shm.so.0.0.0
7f571cd60000-7f571cd86000 r-xp 00000000 08:06 2887579                    /lib/x86_64-linux-gnu/libpng12.so.0.46.0
7f571cd86000-7f571cf86000 ---p 00026000 08:06 2887579                    /lib/x86_64-linux-gnu/libpng12.so.0.46.0
7f571cf86000-7f571cf87000 r--p 00026000 08:06 2887579                    /lib/x86_64-linux-gnu/libpng12.so.0.46.0
7f571cf87000-7f571cf88000 rw-p 00027000 08:06 2887579                    /lib/x86_64-linux-gnu/libpng12.so.0.46.0
7f571cf88000-7f571d018000 r-xp 00000000 08:06 4988306                    /usr/lib/x86_64-linux-gnu/libpixman-1.so.0.30.2
7f571d018000-7f571d217000 ---p 00090000 08:06 4988306                    /usr/lib/x86_64-linux-gnu/libpixman-1.so.0.30.2
7f571d217000-7f571d21e000 r--p 0008f000 08:06 4988306                    /usr/lib/x86_64-linux-gnu/libpixman-1.so.0.30.2
7f571d21e000-7f571d21f000 rw-p 00096000 08:06 4988306                    /usr/lib/x86_64-linux-gnu/libpixman-1.so.0.30.2
7f571d220000-7f571d225000 r-xp 00000000 08:06 4987856                    /usr/lib/x86_64-linux-gnu/libXdmcp.so.6.0.0
7f571d225000-7f571d424000 ---p 00005000 08:06 4987856                    /usr/lib/x86_64-linux-gnu/libXdmcp.so.6.0.0
7f571d424000-7f571d425000 r--p 00004000 08:06 4987856                    /usr/lib/x86_64-linux-gnu/libXdmcp.so.6.0.0
7f571d425000-7f571d426000 rw-p 00005000 08:06 4987856                    /usr/lib/x86_64-linux-gnu/libXdmcp.so.6.0.0
7f571d428000-7f571d42a000 r-xp 00000000 08:06 4987845                    /usr/lib/x86_64-linux-gnu/libXau.so.6.0.0
7f571d42a000-7f571d629000 ---p 00002000 08:06 4987845                    /usr/lib/x86_64-linux-gnu/libXau.so.6.0.0
7f571d629000-7f571d62a000 r--p 00001000 08:06 4987845                    /usr/lib/x86_64-linux-gnu/libXau.so.6.0.0
7f571d62a000-7f571d62b000 rw-p 00002000 08:06 4987845                    /usr/lib/x86_64-linux-gnu/libXau.so.6.0.0
7f571d630000-7f571d640000 r-xp 00000000 08:06 4987916                    /usr/lib/x86_64-linux-gnu/libavahi-client.so.3.2.9
7f571d640000-7f571d83f000 ---p 00010000 08:06 4987916                    /usr/lib/x86_64-linux-gnu/libavahi-client.so.3.2.9
7f571d83f000-7f571d840000 r--p 0000f000 08:06 4987916                    /usr/lib/x86_64-linux-gnu/libavahi-client.so.3.2.9
7f571d840000-7f571d841000 rw-p 00010000 08:06 4987916                    /usr/lib/x86_64-linux-gnu/libavahi-client.so.3.2.9
7f571d848000-7f571d853000 r-xp 00000000 08:06 4987918                    /usr/lib/x86_64-linux-gnu/libavahi-common.so.3.5.3
7f571d853000-7f571da52000 ---p 0000b000 08:06 4987918                    /usr/lib/x86_64-linux-gnu/libavahi-common.so.3.5.3
7f571da52000-7f571da53000 r--p 0000a000 08:06 4987918                    /usr/lib/x86_64-linux-gnu/libavahi-common.so.3.5.3
7f571da53000-7f571da54000 rw-p 0000b000 08:06 4987918                    /usr/lib/x86_64-linux-gnu/libavahi-common.so.3.5.3
7f571da58000-7f571db0c000 r-xp 00000000 08:06 4992055                    /usr/lib/x86_64-linux-gnu/libgnutls.so.26.21.8
7f571db0c000-7f571dd0c000 ---p 000b4000 08:06 4992055                    /usr/lib/x86_64-linux-gnu/libgnutls.so.26.21.8
7f571dd0c000-7f571dd12000 r--p 000b4000 08:06 4992055                    /usr/lib/x86_64-linux-gnu/libgnutls.so.26.21.8
7f571dd12000-7f571dd13000 rw-p 000ba000 08:06 4992055                    /usr/lib/x86_64-linux-gnu/libgnutls.so.26.21.8
7f571dd13000-7f571dd14000 rw-p 00000000 00:00 0 
7f571dd18000-7f571dd53000 r-xp 00000000 08:06 4988122                    /usr/lib/x86_64-linux-gnu/libgssapi_krb5.so.2.2
7f571dd53000-7f571df53000 ---p 0003b000 08:06 4988122                    /usr/lib/x86_64-linux-gnu/libgssapi_krb5.so.2.2
7f571df53000-7f571df54000 r--p 0003b000 08:06 4988122                    /usr/lib/x86_64-linux-gnu/libgssapi_krb5.so.2.2
7f571df54000-7f571df56000 rw-p 0003c000 08:06 4988122                    /usr/lib/x86_64-linux-gnu/libgssapi_krb5.so.2.2
7f571df58000-7f571df94000 r-xp 00000000 08:06 2887575                    /lib/x86_64-linux-gnu/libpcre.so.3.12.1
7f571df94000-7f571e193000 ---p 0003c000 08:06 2887575                    /lib/x86_64-linux-gnu/libpcre.so.3.12.1
7f571e193000-7f571e194000 r--p 0003b000 08:06 2887575                    /lib/x86_64-linux-gnu/libpcre.so.3.12.1
7f571e194000-7f571e195000 rw-p 0003c000 08:06 2887575                    /lib/x86_64-linux-gnu/libpcre.so.3.12.1
7f571e198000-7f571e19f000 r-xp 00000000 08:06 4988038                    /usr/lib/x86_64-linux-gnu/libffi.so.6.0.0
7f571e19f000-7f571e39e000 ---p 00007000 08:06 4988038                    /usr/lib/x86_64-linux-gnu/libffi.so.6.0.0
7f571e39e000-7f571e39f000 r--p 00006000 08:06 4988038                    /usr/lib/x86_64-linux-gnu/libffi.so.6.0.0
7f571e39f000-7f571e3a0000 rw-p 00007000 08:06 4988038                    /usr/lib/x86_64-linux-gnu/libffi.so.6.0.0
7f571e3a0000-7f571e3c7000 r-xp 00000000 08:06 2887520                    /lib/x86_64-linux-gnu/libexpat.so.1.5.2
7f571e3c7000-7f571e5c7000 ---p 00027000 08:06 2887520                    /lib/x86_64-linux-gnu/libexpat.so.1.5.2
7f571e5c7000-7f571e5c9000 r--p 00027000 08:06 2887520                    /lib/x86_64-linux-gnu/libexpat.so.1.5.2
7f571e5c9000-7f571e5ca000 rw-p 00029000 08:06 2887520                    /lib/x86_64-linux-gnu/libexpat.so.1.5.2
7f571e5d0000-7f571e666000 r-xp 00000000 08:06 4988048                    /usr/lib/x86_64-linux-gnu/libfreetype.so.6.8.0
7f571e666000-7f571e865000 ---p 00096000 08:06 4988048                    /usr/lib/x86_64-linux-gnu/libfreetype.so.6.8.0
7f571e865000-7f571e86b000 r--p 00095000 08:06 4988048                    /usr/lib/x86_64-linux-gnu/libfreetype.so.6.8.0
7f571e86b000-7f571e86c000 rw-p 0009b000 08:06 4988048                    /usr/lib/x86_64-linux-gnu/libfreetype.so.6.8.0
7f571e870000-7f571e888000 r-xp 00000000 08:06 2887586                    /lib/x86_64-linux-gnu/libresolv-2.15.so
7f571e888000-7f571ea88000 ---p 00018000 08:06 2887586                    /lib/x86_64-linux-gnu/libresolv-2.15.so
7f571ea88000-7f571ea89000 r--p 00018000 08:06 2887586                    /lib/x86_64-linux-gnu/libresolv-2.15.so
7f571ea89000-7f571ea8a000 rw-p 00019000 08:06 2887586                    /lib/x86_64-linux-gnu/libresolv-2.15.so
7f571ea8a000-7f571ea8c000 rw-p 00000000 00:00 0 
7f571ea90000-7f571eaad000 r-xp 00000000 08:06 2887590                    /lib/x86_64-linux-gnu/libselinux.so.1
7f571eaad000-7f571ecac000 ---p 0001d000 08:06 2887590                    /lib/x86_64-linux-gnu/libselinux.so.1
7f571ecac000-7f571ecad000 r--p 0001c000 08:06 2887590                    /lib/x86_64-linux-gnu/libselinux.so.1
7f571ecad000-7f571ecae000 rw-p 0001d000 08:06 2887590                    /lib/x86_64-linux-gnu/libselinux.so.1
7f571ecae000-7f571ecaf000 rw-p 00000000 00:00 0 
7f571ecb0000-7f571ecb3000 r-xp 00000000 08:06 4988095                    /usr/lib/x86_64-linux-gnu/libgmodule-2.0.so.0.3200.4
7f571ecb3000-7f571eeb2000 ---p 00003000 08:06 4988095                    /usr/lib/x86_64-linux-gnu/libgmodule-2.0.so.0.3200.4
7f571eeb2000-7f571eeb3000 r--p 00002000 08:06 4988095                    /usr/lib/x86_64-linux-gnu/libgmodule-2.0.so.0.3200.4
7f571eeb3000-7f571eeb4000 rw-p 00003000 08:06 4988095                    /usr/lib/x86_64-linux-gnu/libgmodule-2.0.so.0.3200.4
7f571eeb8000-7f571eeba000 r-xp 00000000 08:06 4987854                    /usr/lib/x86_64-linux-gnu/libXdamage.so.1.1.0
7f571eeba000-7f571f0b9000 ---p 00002000 08:06 4987854                    /usr/lib/x86_64-linux-gnu/libXdamage.so.1.1.0
7f571f0b9000-7f571f0ba000 r--p 00001000 08:06 4987854                    /usr/lib/x86_64-linux-gnu/libXdamage.so.1.1.0
7f571f0ba000-7f571f0bb000 rw-p 00002000 08:06 4987854                    /usr/lib/x86_64-linux-gnu/libXdamage.so.1.1.0
7f571f0c0000-7f571f0c2000 r-xp 00000000 08:06 4987850                    /usr/lib/x86_64-linux-gnu/libXcomposite.so.1.0.0
7f571f0c2000-7f571f2c1000 ---p 00002000 08:06 4987850                    /usr/lib/x86_64-linux-gnu/libXcomposite.so.1.0.0
7f571f2c1000-7f571f2c2000 r--p 00001000 08:06 4987850                    /usr/lib/x86_64-linux-gnu/libXcomposite.so.1.0.0
7f571f2c2000-7f571f2c3000 rw-p 00002000 08:06 4987850                    /usr/lib/x86_64-linux-gnu/libXcomposite.so.1.0.0
7f571f2c8000-7f571f2d1000 r-xp 00000000 08:06 4987852                    /usr/lib/x86_64-linux-gnu/libXcursor.so.1.0.2
7f571f2d1000-7f571f4d0000 ---p 00009000 08:06 4987852                    /usr/lib/x86_64-linux-gnu/libXcursor.so.1.0.2
7f571f4d0000-7f571f4d1000 r--p 00008000 08:06 4987852                    /usr/lib/x86_64-linux-gnu/libXcursor.so.1.0.2
7f571f4d1000-7f571f4d2000 rw-p 00009000 08:06 4987852                    /usr/lib/x86_64-linux-gnu/libXcursor.so.1.0.2
7f571f4d8000-7f571f4df000 r-xp 00000000 08:06 4987876                    /usr/lib/x86_64-linux-gnu/libXrandr.so.2.2.0
7f571f4df000-7f571f6de000 ---p 00007000 08:06 4987876                    /usr/lib/x86_64-linux-gnu/libXrandr.so.2.2.0
7f571f6de000-7f571f6df000 r--p 00006000 08:06 4987876                    /usr/lib/x86_64-linux-gnu/libXrandr.so.2.2.0
7f571f6df000-7f571f6e0000 rw-p 00007000 08:06 4987876                    /usr/lib/x86_64-linux-gnu/libXrandr.so.2.2.0
7f571f6e0000-7f571f6e2000 r-xp 00000000 08:06 4987866                    /usr/lib/x86_64-linux-gnu/libXinerama.so.1.0.0
7f571f6e2000-7f571f8e1000 ---p 00002000 08:06 4987866                    /usr/lib/x86_64-linux-gnu/libXinerama.so.1.0.0
7f571f8e1000-7f571f8e2000 r--p 00001000 08:06 4987866                    /usr/lib/x86_64-linux-gnu/libXinerama.so.1.0.0
7f571f8e2000-7f571f8e3000 rw-p 00002000 08:06 4987866                    /usr/lib/x86_64-linux-gnu/libXinerama.so.1.0.0
7f571f8e8000-7f571f911000 r-xp 00000000 08:06 4988290                    /usr/lib/x86_64-linux-gnu/libpangoft2-1.0.so.0.3000.0
7f571f911000-7f571fb10000 ---p 00029000 08:06 4988290                    /usr/lib/x86_64-linux-gnu/libpangoft2-1.0.so.0.3000.0
7f571fb10000-7f571fb11000 r--p 00028000 08:06 4988290                    /usr/lib/x86_64-linux-gnu/libpangoft2-1.0.so.0.3000.0
7f571fb11000-7f571fb12000 rw-p 00029000 08:06 4988290                    /usr/lib/x86_64-linux-gnu/libpangoft2-1.0.so.0.3000.0
7f571fb18000-7f571fbd1000 r-xp 00000000 08:06 4987946                    /usr/lib/x86_64-linux-gnu/libcairo.so.2.11000.2
7f571fbd1000-7f571fdd0000 ---p 000b9000 08:06 4987946                    /usr/lib/x86_64-linux-gnu/libcairo.so.2.11000.2
7f571fdd0000-7f571fdd2000 r--p 000b8000 08:06 4987946                    /usr/lib/x86_64-linux-gnu/libcairo.so.2.11000.2
7f571fdd2000-7f571fdd3000 rw-p 000ba000 08:06 4987946                    /usr/lib/x86_64-linux-gnu/libcairo.so.2.11000.2
7f571fdd3000-7f571fdd6000 rw-p 00000000 00:00 0 
7f571fdd8000-7f571fdf7000 r-xp 00000000 08:06 4987908                    /usr/lib/x86_64-linux-gnu/libatk-1.0.so.0.20409.1
7f571fdf7000-7f571fff7000 ---p 0001f000 08:06 4987908                    /usr/lib/x86_64-linux-gnu/libatk-1.0.so.0.20409.1
7f571fff7000-7f571fff9000 r--p 0001f000 08:06 4987908                    /usr/lib/x86_64-linux-gnu/libatk-1.0.so.0.20409.1
7f571fff9000-7f571fffa000 rw-p 00021000 08:06 4987908                    /usr/lib/x86_64-linux-gnu/libatk-1.0.so.0.20409.1
7f5720000000-7f5720220000 rw-p 00000000 00:00 0 
7f5720220000-7f5724000000 ---p 00000000 00:00 0 
7f5724000000-7f5724021000 rw-p 00000000 00:00 0 
7f5724021000-7f5728000000 ---p 00000000 00:00 0 
7f5728000000-7f5728021000 rw-p 00000000 00:00 0 
7f5728021000-7f572c000000 ---p 00000000 00:00 0 
7f572c000000-7f572c08c000 rw-p 00000000 00:00 0 
7f572c08c000-7f5730000000 ---p 00000000 00:00 0 
7f5730000000-7f5730021000 rw-p 00000000 00:00 0 
7f5730021000-7f5734000000 ---p 00000000 00:00 0 
7f5734000000-7f5734021000 rw-p 00000000 00:00 0 
7f5734021000-7f5738000000 ---p 00000000 00:00 0 
7f5738000000-7f5738021000 rw-p 00000000 00:00 0 
7f5738021000-7f573c000000 ---p 00000000 00:00 0 
7f573c000000-7f573c021000 rw-p 00000000 00:00 0 
7f573c021000-7f5740000000 ---p 00000000 00:00 0 
7f5740000000-7f5740021000 rw-p 00000000 00:00 0 
7f5740021000-7f5744000000 ---p 00000000 00:00 0 
7f5744006000-7f5744009000 ---p 00000000 00:00 0 
7f5744009000-7f5744107000 rw-p 00000000 00:00 0                          [stack:1408]
7f5744107000-7f574410a000 ---p 00000000 00:00 0 
7f574410a000-7f5744208000 rw-p 00000000 00:00 0                          [stack:1407]
7f5744208000-7f574420d000 r-xp 00000000 08:06 4987860                    /usr/lib/x86_64-linux-gnu/libXfixes.so.3.1.0
7f574420d000-7f574440c000 ---p 00005000 08:06 4987860                    /usr/lib/x86_64-linux-gnu/libXfixes.so.3.1.0
7f574440c000-7f574440d000 r--p 00004000 08:06 4987860                    /usr/lib/x86_64-linux-gnu/libXfixes.so.3.1.0
7f574440d000-7f574440e000 rw-p 00005000 08:06 4987860                    /usr/lib/x86_64-linux-gnu/libXfixes.so.3.1.0
7f5744410000-7f574441b000 r-xp 00000000 08:06 4988288                    /usr/lib/x86_64-linux-gnu/libpangocairo-1.0.so.0.3000.0
7f574441b000-7f574461a000 ---p 0000b000 08:06 4988288                    /usr/lib/x86_64-linux-gnu/libpangocairo-1.0.so.0.3000.0
7f574461a000-7f574461b000 r--p 0000a000 08:06 4988288                    /usr/lib/x86_64-linux-gnu/libpangocairo-1.0.so.0.3000.0
7f574461b000-7f574461c000 rw-p 0000b000 08:06 4988288                    /usr/lib/x86_64-linux-gnu/libpangocairo-1.0.so.0.3000.0
7f5744620000-7f574463d000 r-xp 00000000 08:06 4988464                    /usr/lib/x86_64-linux-gnu/libxcb.so.1.1.0
7f574463d000-7f574483c000 ---p 0001d000 08:06 4988464                    /usr/lib/x86_64-linux-gnu/libxcb.so.1.1.0
7f574483c000-7f574483d000 r--p 0001c000 08:06 4988464                    /usr/lib/x86_64-linux-gnu/libxcb.so.1.1.0
7f574483d000-7f574483e000 rw-p 0001d000 08:06 4988464                    /usr/lib/x86_64-linux-gnu/libxcb.so.1.1.0
7f5744840000-7f5744890000 r-xp 00000000 08:06 4987970                    /usr/lib/x86_64-linux-gnu/libcups.so.2
7f5744890000-7f5744a8f000 ---p 00050000 08:06 4987970                    /usr/lib/x86_64-linux-gnu/libcups.so.2
7f5744a8f000-7f5744a93000 r--p 0004f000 08:06 4987970                    /usr/lib/x86_64-linux-gnu/libcups.so.2
7f5744a93000-7f5744a94000 rw-p 00053000 08:06 4987970                    /usr/lib/x86_64-linux-gnu/libcups.so.2
7f5744a98000-7f5744b8a000 r-xp 00000000 08:06 2887527                    /lib/x86_64-linux-gnu/libglib-2.0.so.0.3200.4
7f5744b8a000-7f5744d8a000 ---p 000f2000 08:06 2887527                    /lib/x86_64-linux-gnu/libglib-2.0.so.0.3200.4
7f5744d8a000-7f5744d8b000 r--p 000f2000 08:06 2887527                    /lib/x86_64-linux-gnu/libglib-2.0.so.0.3200.4
7f5744d8b000-7f5744d8c000 rw-p 000f3000 08:06 2887527                    /lib/x86_64-linux-gnu/libglib-2.0.so.0.3200.4
7f5744d8c000-7f5744d8d000 rw-p 00000000 00:00 0 
7f5744d90000-7f5744d91000 r-xp 00000000 08:06 4988166                    /usr/lib/x86_64-linux-gnu/libgthread-2.0.so.0.3200.4
7f5744d91000-7f5744f90000 ---p 00001000 08:06 4988166                    /usr/lib/x86_64-linux-gnu/libgthread-2.0.so.0.3200.4
7f5744f90000-7f5744f91000 r--p 00000000 08:06 4988166                    /usr/lib/x86_64-linux-gnu/libgthread-2.0.so.0.3200.4
7f5744f91000-7f5744f92000 rw-p 00001000 08:06 4988166                    /usr/lib/x86_64-linux-gnu/libgthread-2.0.so.0.3200.4
7f5744f98000-7f5744fe5000 r-xp 00000000 08:06 4988109                    /usr/lib/x86_64-linux-gnu/libgobject-2.0.so.0.3200.4
7f5744fe5000-7f57451e5000 ---p 0004d000 08:06 4988109                    /usr/lib/x86_64-linux-gnu/libgobject-2.0.so.0.3200.4
7f57451e5000-7f57451e6000 r--p 0004d000 08:06 4988109                    /usr/lib/x86_64-linux-gnu/libgobject-2.0.so.0.3200.4
7f57451e6000-7f57451e7000 rw-p 0004e000 08:06 4988109                    /usr/lib/x86_64-linux-gnu/libgobject-2.0.so.0.3200.4
7f57451e8000-7f574521c000 r-xp 00000000 08:06 4988040                    /usr/lib/x86_64-linux-gnu/libfontconfig.so.1.4.4
7f574521c000-7f574541c000 ---p 00034000 08:06 4988040                    /usr/lib/x86_64-linux-gnu/libfontconfig.so.1.4.4
7f574541c000-7f574541d000 r--p 00034000 08:06 4988040                    /usr/lib/x86_64-linux-gnu/libfontconfig.so.1.4.4
7f574541d000-7f574541e000 rw-p 00035000 08:06 4988040                    /usr/lib/x86_64-linux-gnu/libfontconfig.so.1.4.4
7f5745420000-7f5745466000 r-xp 00000000 08:06 4988286                    /usr/lib/x86_64-linux-gnu/libpango-1.0.so.0.3000.0
7f5745466000-7f5745666000 ---p 00046000 08:06 4988286                    /usr/lib/x86_64-linux-gnu/libpango-1.0.so.0.3000.0
7f5745666000-7f5745668000 r--p 00046000 08:06 4988286                    /usr/lib/x86_64-linux-gnu/libpango-1.0.so.0.3000.0
7f5745668000-7f5745669000 rw-p 00048000 08:06 4988286                    /usr/lib/x86_64-linux-gnu/libpango-1.0.so.0.3000.0
7f5745670000-7f574568e000 r-xp 00000000 08:06 4988071                    /usr/lib/x86_64-linux-gnu/libgdk_pixbuf-2.0.so.0.2600.1
7f574568e000-7f574588e000 ---p 0001e000 08:06 4988071                    /usr/lib/x86_64-linux-gnu/libgdk_pixbuf-2.0.so.0.2600.1
7f574588e000-7f574588f000 r--p 0001e000 08:06 4988071                    /usr/lib/x86_64-linux-gnu/libgdk_pixbuf-2.0.so.0.2600.1
7f574588f000-7f5745890000 rw-p 0001f000 08:06 4988071                    /usr/lib/x86_64-linux-gnu/libgdk_pixbuf-2.0.so.0.2600.1
7f5745890000-7f57459d8000 r-xp 00000000 08:06 4988083                    /usr/lib/x86_64-linux-gnu/libgio-2.0.so.0.3200.4
7f57459d8000-7f5745bd7000 ---p 00148000 08:06 4988083                    /usr/lib/x86_64-linux-gnu/libgio-2.0.so.0.3200.4
7f5745bd7000-7f5745bdb000 r--p 00147000 08:06 4988083                    /usr/lib/x86_64-linux-gnu/libgio-2.0.so.0.3200.4
7f5745bdb000-7f5745bdd000 rw-p 0014b000 08:06 4988083                    /usr/lib/x86_64-linux-gnu/libgio-2.0.so.0.3200.4
7f5745bdd000-7f5745bdf000 rw-p 00000000 00:00 0 
7f5745be0000-7f5745c8d000 r-xp 00000000 08:06 4988069                    /usr/lib/x86_64-linux-gnu/libgdk-x11-2.0.so.0.2400.10
7f5745c8d000-7f5745e8c000 ---p 000ad000 08:06 4988069                    /usr/lib/x86_64-linux-gnu/libgdk-x11-2.0.so.0.2400.10
7f5745e8c000-7f5745e90000 r--p 000ac000 08:06 4988069                    /usr/lib/x86_64-linux-gnu/libgdk-x11-2.0.so.0.2400.10
7f5745e90000-7f5745e92000 rw-p 000b0000 08:06 4988069                    /usr/lib/x86_64-linux-gnu/libgdk-x11-2.0.so.0.2400.10
7f5745e98000-7f57462c5000 r-xp 00000000 08:06 4988170                    /usr/lib/x86_64-linux-gnu/libgtk-x11-2.0.so.0.2400.10
7f57462c5000-7f57464c5000 ---p 0042d000 08:06 4988170                    /usr/lib/x86_64-linux-gnu/libgtk-x11-2.0.so.0.2400.10
7f57464c5000-7f57464cc000 r--p 0042d000 08:06 4988170                    /usr/lib/x86_64-linux-gnu/libgtk-x11-2.0.so.0.2400.10
7f57464cc000-7f57464d0000 rw-p 00434000 08:06 4988170                    /usr/lib/x86_64-linux-gnu/libgtk-x11-2.0.so.0.2400.10
7f57464d0000-7f57464d2000 rw-p 00000000 00:00 0 
7f57464d8000-7f57464e7000 r-xp 00000000 08:06 4987864                    /usr/lib/x86_64-linux-gnu/libXi.so.6.1.0
7f57464e7000-7f57466e6000 ---p 0000f000 08:06 4987864                    /usr/lib/x86_64-linux-gnu/libXi.so.6.1.0
7f57466e6000-7f57466e7000 r--p 0000e000 08:06 4987864                    /usr/lib/x86_64-linux-gnu/libXi.so.6.1.0
7f57466e7000-7f57466e8000 rw-p 0000f000 08:06 4987864                    /usr/lib/x86_64-linux-gnu/libXi.so.6.1.0
7f57466e8000-7f57466ed000 r-xp 00000000 08:06 4987884                    /usr/lib/x86_64-linux-gnu/libXtst.so.6.1.0
7f57466ed000-7f57468ec000 ---p 00005000 08:06 4987884                    /usr/lib/x86_64-linux-gnu/libXtst.so.6.1.0
7f57468ec000-7f57468ed000 r--p 00004000 08:06 4987884                    /usr/lib/x86_64-linux-gnu/libXtst.so.6.1.0
7f57468ed000-7f57468ee000 rw-p 00005000 08:06 4987884                    /usr/lib/x86_64-linux-gnu/libXtst.so.6.1.0
7f57468f0000-7f57468f9000 r-xp 00000000 08:06 4987880                    /usr/lib/x86_64-linux-gnu/libXrender.so.1.3.0
7f57468f9000-7f5746af8000 ---p 00009000 08:06 4987880                    /usr/lib/x86_64-linux-gnu/libXrender.so.1.3.0
7f5746af8000-7f5746af9000 r--p 00008000 08:06 4987880                    /usr/lib/x86_64-linux-gnu/libXrender.so.1.3.0
7f5746af9000-7f5746afa000 rw-p 00009000 08:06 4987880                    /usr/lib/x86_64-linux-gnu/libXrender.so.1.3.0
7f5746b00000-7f5746c30000 r-xp 00000000 08:06 4987843                    /usr/lib/x86_64-linux-gnu/libX11.so.6.3.0
7f5746c30000-7f5746e30000 ---p 00130000 08:06 4987843                    /usr/lib/x86_64-linux-gnu/libX11.so.6.3.0
7f5746e30000-7f5746e31000 r--p 00130000 08:06 4987843                    /usr/lib/x86_64-linux-gnu/libX11.so.6.3.0
7f5746e31000-7f5746e35000 rw-p 00131000 08:06 4987843                    /usr/lib/x86_64-linux-gnu/libX11.so.6.3.0
7f5746e38000-7f5746e48000 r-xp 00000000 08:06 4987858                    /usr/lib/x86_64-linux-gnu/libXext.so.6.4.0
7f5746e48000-7f5747047000 ---p 00010000 08:06 4987858                    /usr/lib/x86_64-linux-gnu/libXext.so.6.4.0
7f5747047000-7f5747048000 r--p 0000f000 08:06 4987858                    /usr/lib/x86_64-linux-gnu/libXext.so.6.4.0
7f5747048000-7f5747049000 rw-p 00010000 08:06 4987858                    /usr/lib/x86_64-linux-gnu/libXext.so.6.4.0
7f5747050000-7f57470a2000 r-xp 00000000 08:06 6305354                    /usr/lib/jvm/java-7-openjdk-amd64/jre/lib/amd64/xawt/libmawt.so
7f57470a2000-7f57472a2000 ---p 00052000 08:06 6305354                    /usr/lib/jvm/java-7-openjdk-amd64/jre/lib/amd64/xawt/libmawt.so
7f57472a2000-7f57472a3000 r--p 00052000 08:06 6305354                    /usr/lib/jvm/java-7-openjdk-amd64/jre/lib/amd64/xawt/libmawt.so
7f57472a3000-7f57472a6000 rw-p 00053000 08:06 6305354                    /usr/lib/jvm/java-7-openjdk-amd64/jre/lib/amd64/xawt/libmawt.so
7f57472a6000-7f57472a7000 rw-p 00000000 00:00 0 
7f57472a8000-7f574734a000 r-xp 00000000 08:06 6192763                    /usr/lib/jvm/java-7-openjdk-amd64/jre/lib/amd64/libawt.so
7f574734a000-7f5747549000 ---p 000a2000 08:06 6192763                    /usr/lib/jvm/java-7-openjdk-amd64/jre/lib/amd64/libawt.so
7f5747549000-7f574754a000 r--p 000a1000 08:06 6192763                    /usr/lib/jvm/java-7-openjdk-amd64/jre/lib/amd64/libawt.so
7f574754a000-7f5747555000 rw-p 000a2000 08:06 6192763                    /usr/lib/jvm/java-7-openjdk-amd64/jre/lib/amd64/libawt.so
7f5747555000-7f574757a000 rw-p 00000000 00:00 0 
7f5747585000-7f5747586000 rw-s 00005000 00:05 12546                      /dev/ati/card0
7f574758a000-7f574758c000 rw-s 00002000 00:05 12546                      /dev/ati/card0
7f5747590000-7f5747597000 r--s 00000000 08:06 5244924                    /usr/lib/x86_64-linux-gnu/gconv/gconv-modules.cache
7f5747598000-7f57475a2000 r--s 000b8000 08:06 6035327                    /usr/lib/jvm/java-7-openjdk-amd64/jre/lib/resources.jar
7f57475a4000-7f57475a9000 r--s 0004c000 08:06 6035329                    /usr/lib/jvm/java-7-openjdk-amd64/jre/lib/jsse.jar
7f57475b0000-7f57475d4000 r-xp 00000000 08:06 2621820                    /tmp/libgdxabaratham/9865f060/libgdx64.so
7f57475d4000-7f57477d4000 ---p 00024000 08:06 2621820                    /tmp/libgdxabaratham/9865f060/libgdx64.so
7f57477d4000-7f57477d5000 r--p 00024000 08:06 2621820                    /tmp/libgdxabaratham/9865f060/libgdx64.so
7f57477d5000-7f57477d6000 rw-p 00025000 08:06 2621820                    /tmp/libgdxabaratham/9865f060/libgdx64.so
7f57477d9000-7f57477da000 r--s 00001000 08:06 21234600                   /home/abaratham/.m2/repository/net/java/jutils/jutils/1.0.0/jutils-1.0.0.jar
7f57477df000-7f57477e3000 r--s 0002f000 08:06 21234599                   /home/abaratham/.m2/repository/net/java/jinput/jinput/2.0.5/jinput-2.0.5.jar
7f57477e5000-7f57477e6000 r--s 00025000 08:06 21234602                   /home/abaratham/.m2/repository/net/java/jinput/jinput-platform/2.0.5/jinput-platform-2.0.5-natives-windows.jar
7f57477ea000-7f57477eb000 r--s 00002000 08:06 21234603                   /home/abaratham/.m2/repository/net/java/jinput/jinput-platform/2.0.5/jinput-platform-2.0.5-natives-osx.jar
7f57477f2000-7f57477f3000 r--s 00002000 08:06 21234601                   /home/abaratham/.m2/repository/net/java/jinput/jinput-platform/2.0.5/jinput-platform-2.0.5-natives-linux.jar
7f57477f7000-7f57477fb000 r--s 00027000 08:06 2623141                    /home/abaratham/.gradle/caches/modules-2/files-2.1/org.lwjgl.lwjgl/lwjgl_util/2.9.1/290d7ba8a1bd9566f5ddf16ad06f09af5ec9b20e/lwjgl_util-2.9.1.jar
7f5747802000-7f5747810000 r--s 000ea000 08:06 2623140                    /home/abaratham/.gradle/caches/modules-2/files-2.1/org.lwjgl.lwjgl/lwjgl/2.9.1/f58c5aabcef0e41718a564be9f8e412fff8db847/lwjgl-2.9.1.jar
7f5747813000-7f5747814000 r--s 0008b000 08:06 2623137                    /home/abaratham/.gradle/caches/modules-2/files-2.1/org.lwjgl.lwjgl/lwjgl-platform/2.9.1/aa9aae879af8eb378e22cfc64db56ec2ca9a44d1/lwjgl-platform-2.9.1-natives-linux.jar
7f5747817000-7f5747818000 ---p 00000000 00:00 0 
7f5747818000-7f5747918000 rw-p 00000000 00:00 0                          [stack:1406]
7f5747918000-7f5747ffc000 r--p 00000000 08:06 4987195                    /usr/lib/locale/locale-archive
7f5748000000-7f5748021000 rw-p 00000000 00:00 0 
7f5748021000-7f574c000000 ---p 00000000 00:00 0 
7f574c005000-7f574c006000 r--s 00095000 08:06 2623139                    /home/abaratham/.gradle/caches/modules-2/files-2.1/org.lwjgl.lwjgl/lwjgl-platform/2.9.1/4c517eca808522457dd95ee8fc1fbcdbb602efbe/lwjgl-platform-2.9.1-natives-windows.jar
7f574c008000-7f574c009000 r--s 00080000 08:06 2623138                    /home/abaratham/.gradle/caches/modules-2/files-2.1/org.lwjgl.lwjgl/lwjgl-platform/2.9.1/2d12c83fdfbc04ecabf02c7bc8cc54d034f0daac/lwjgl-platform-2.9.1-natives-osx.jar
7f574c00f000-7f574c011000 r--s 00017000 08:06 2623143                    /home/abaratham/.gradle/caches/modules-2/files-2.1/org.jcraft/jorbis/0.0.17/8872d22b293e8f5d7d56ff92be966e6dc28ebdc6/jorbis-0.0.17.jar
7f574c015000-7f574c016000 r--s 00015000 08:06 2623142                    /home/abaratham/.gradle/caches/modules-2/files-2.1/com.badlogicgames.jlayer/jlayer/1.0.1-gdx/7cca83cec5c1b2f011362f4d85aabd71a73b049d/jlayer-1.0.1-gdx.jar
7f574c01d000-7f574c01e000 r--s 00085000 08:06 2623135                    /home/abaratham/.gradle/caches/modules-2/files-2.1/com.badlogicgames.gdx/gdx-platform/1.0.0/7f7c2b5bae73c9b4afe3a9fc937a6b0934022896/gdx-platform-1.0.0-natives-desktop.jar
7f574c01f000-7f574c022000 r--s 0001f000 08:06 2623134                    /home/abaratham/.gradle/caches/modules-2/files-2.1/com.badlogicgames.gdx/gdx-backend-lwjgl/1.0.0/7db646e37cce669e5e742e4413dd2b00084baad3/gdx-backend-lwjgl-1.0.0.jar
7f574c023000-7f574c026000 r--s 0000b000 08:06 1836944                    /home/abaratham/Desktop/Libgdx Gradle/core/build/libs/tween-engine-api.jar
7f574c026000-7f574c03b000 r--s 0014e000 08:06 2623020                    /home/abaratham/.gradle/caches/modules-2/files-2.1/com.badlogicgames.gdx/gdx/1.0.0/89c474852f0c0b701ebf0e11c176166eec56c0fa/gdx-1.0.0.jar
7f574c03f000-7f574c041000 r--s 0000f000 08:06 2623021                    /home/abaratham/.gradle/caches/modules-2/files-2.1/com.badlogicgames.gdx/gdx-box2d/1.0.0/4e3e9721d888e440cfc541e011ada658ffac5d8a/gdx-box2d-1.0.0.jar
7f574c043000-7f574c047000 r--s 0003b000 08:06 6035324                    /usr/lib/jvm/java-7-openjdk-amd64/jre/lib/ext/sunpkcs11.jar
7f574c04c000-7f574c04f000 ---p 00000000 00:00 0 
7f574c04f000-7f574c14d000 rw-p 00000000 00:00 0                          [stack:1405]
7f574c14d000-7f574c150000 ---p 00000000 00:00 0 
7f574c150000-7f574c24e000 rw-p 00000000 00:00 0                          [stack:1404]
7f574c24e000-7f574c251000 ---p 00000000 00:00 0 
7f574c251000-7f574c34f000 rw-p 00000000 00:00 0                          [stack:1403]
7f574c34f000-7f574c352000 ---p 00000000 00:00 0 
7f574c352000-7f574c450000 rw-p 00000000 00:00 0                          [stack:1402]
7f574c450000-7f574c453000 ---p 00000000 00:00 0 
7f574c453000-7f574c551000 rw-p 00000000 00:00 0                          [stack:1401]
7f574c551000-7f574c554000 ---p 00000000 00:00 0 
7f574c554000-7f574c652000 rw-p 00000000 00:00 0                          [stack:1400]
7f574c652000-7f574c653000 ---p 00000000 00:00 0 
7f574c653000-7f5750000000 rw-p 00000000 00:00 0                          [stack:1399]
7f5750000000-7f5750021000 rw-p 00000000 00:00 0 
7f5750021000-7f5754000000 ---p 00000000 00:00 0 
7f5754002000-7f5754005000 r--s 00032000 08:06 6035322                    /usr/lib/jvm/java-7-openjdk-amd64/jre/lib/ext/sunjce_provider.jar
7f575400a000-7f575400c000 r--s 00012000 08:06 6035321                    /usr/lib/jvm/java-7-openjdk-amd64/jre/lib/ext/zipfs.jar
7f575400d000-7f5754011000 r--s 00085000 08:06 6035323                    /usr/lib/jvm/java-7-openjdk-amd64/jre/lib/ext/localedata.jar
7f5754015000-7f5754684000 rw-p 00000000 00:00 0 
7f5754684000-7f5754832000 r--s 01cf4000 08:06 6035316                    /usr/lib/jvm/java-7-openjdk-amd64/jre/lib/rt.jar
7f5754839000-7f5754bfc000 rw-p 00000000 00:00 0 
7f5754bfc000-7f5754bfd000 ---p 00000000 00:00 0 
7f5754bfd000-7f5754cfd000 rw-p 00000000 00:00 0                          [stack:1398]
7f5754cfd000-7f5754cfe000 ---p 00000000 00:00 0 
7f5754cfe000-7f5754dfe000 rw-p 00000000 00:00 0                          [stack:1397]
7f5754dfe000-7f5754dff000 ---p 00000000 00:00 0 
7f5754dff000-7f5754eff000 rw-p 00000000 00:00 0                          [stack:1396]
7f5754eff000-7f5754f00000 ---p 00000000 00:00 0 
7f5754f00000-7f5755000000 rw-p 00000000 00:00 0                          [stack:1395]
7f5755000000-7f5755270000 rwxp 00000000 00:00 0 
7f5755270000-7f57582e9000 rw-p 00000000 00:00 0 
7f57582e9000-7f575c000000 ---p 00000000 00:00 0 
7f575c007000-7f575c009000 r--s 0000f000 08:06 6035320                    /usr/lib/jvm/java-7-openjdk-amd64/jre/lib/ext/pulse-java.jar
7f575c00a000-7f575c03d000 rw-p 00000000 00:00 0 
7f575c03d000-7f575c085000 rw-p 00000000 00:00 0 
7f575c085000-7f575c0a1000 rw-p 00000000 00:00 0 
7f575c0a1000-7f575c245000 rw-p 00000000 00:00 0 
7f575c245000-7f575c250000 rw-p 00000000 00:00 0 
7f575c250000-7f575c298000 rw-p 00000000 00:00 0 
7f575c298000-7f575c2b4000 rw-p 00000000 00:00 0 
7f575c2b4000-7f575c457000 rw-p 00000000 00:00 0 
7f575c457000-7f575c466000 rw-p 00000000 00:00 0 
7f575c466000-7f575c537000 rw-p 00000000 00:00 0 
7f575c537000-7f575c538000 rw-p 00000000 00:00 0 
7f575c538000-7f575c540000 r-xp 00000000 08:06 6192744                    /usr/lib/jvm/java-7-openjdk-amd64/jre/lib/amd64/libzip.so
7f575c540000-7f575c73f000 ---p 00008000 08:06 6192744                    /usr/lib/jvm/java-7-openjdk-amd64/jre/lib/amd64/libzip.so
7f575c73f000-7f575c740000 r--p 00007000 08:06 6192744                    /usr/lib/jvm/java-7-openjdk-amd64/jre/lib/amd64/libzip.so
7f575c740000-7f575c741000 rw-p 00008000 08:06 6192744                    /usr/lib/jvm/java-7-openjdk-amd64/jre/lib/amd64/libzip.so
7f575c748000-7f575c754000 r-xp 00000000 08:06 2887553                    /lib/x86_64-linux-gnu/libnss_files-2.15.so
7f575c754000-7f575c953000 ---p 0000c000 08:06 2887553                    /lib/x86_64-linux-gnu/libnss_files-2.15.so
7f575c953000-7f575c954000 r--p 0000b000 08:06 2887553                    /lib/x86_64-linux-gnu/libnss_files-2.15.so
7f575c954000-7f575c955000 rw-p 0000c000 08:06 2887553                    /lib/x86_64-linux-gnu/libnss_files-2.15.so
7f575c958000-7f575c962000 r-xp 00000000 08:06 2887557                    /lib/x86_64-linux-gnu/libnss_nis-2.15.so
7f575c962000-7f575cb62000 ---p 0000a000 08:06 2887557                    /lib/x86_64-linux-gnu/libnss_nis-2.15.so
7f575cb62000-7f575cb63000 r--p 0000a000 08:06 2887557                    /lib/x86_64-linux-gnu/libnss_nis-2.15.so
7f575cb63000-7f575cb64000 rw-p 0000b000 08:06 2887557                    /lib/x86_64-linux-gnu/libnss_nis-2.15.so
7f575cb68000-7f575cb7f000 r-xp 00000000 08:06 2887547                    /lib/x86_64-linux-gnu/libnsl-2.15.so
7f575cb7f000-7f575cd7e000 ---p 00017000 08:06 2887547                    /lib/x86_64-linux-gnu/libnsl-2.15.so
7f575cd7e000-7f575cd7f000 r--p 00016000 08:06 2887547                    /lib/x86_64-linux-gnu/libnsl-2.15.so
7f575cd7f000-7f575cd80000 rw-p 00017000 08:06 2887547                    /lib/x86_64-linux-gnu/libnsl-2.15.so
7f575cd80000-7f575cd82000 rw-p 00000000 00:00 0 
7f575cd88000-7f575cd90000 r-xp 00000000 08:06 2887549                    /lib/x86_64-linux-gnu/libnss_compat-2.15.so
7f575cd90000-7f575cf8f000 ---p 00008000 08:06 2887549                    /lib/x86_64-linux-gnu/libnss_compat-2.15.so
7f575cf8f000-7f575cf90000 r--p 00007000 08:06 2887549                    /lib/x86_64-linux-gnu/libnss_compat-2.15.so
7f575cf90000-7f575cf91000 rw-p 00008000 08:06 2887549                    /lib/x86_64-linux-gnu/libnss_compat-2.15.so
7f575cf98000-7f575cfc1000 r-xp 00000000 08:06 6192737                    /usr/lib/jvm/java-7-openjdk-amd64/jre/lib/amd64/libjava.so
7f575cfc1000-7f575d1c0000 ---p 00029000 08:06 6192737                    /usr/lib/jvm/java-7-openjdk-amd64/jre/lib/amd64/libjava.so
7f575d1c0000-7f575d1c1000 r--p 00028000 08:06 6192737                    /usr/lib/jvm/java-7-openjdk-amd64/jre/lib/amd64/libjava.so
7f575d1c1000-7f575d1c3000 rw-p 00029000 08:06 6192737                    /usr/lib/jvm/java-7-openjdk-amd64/jre/lib/amd64/libjava.so
7f575d1c8000-7f575d1d6000 r-xp 00000000 08:06 6192769                    /usr/lib/jvm/java-7-openjdk-amd64/jre/lib/amd64/libverify.so
7f575d1d6000-7f575d3d5000 ---p 0000e000 08:06 6192769                    /usr/lib/jvm/java-7-openjdk-amd64/jre/lib/amd64/libverify.so
7f575d3d5000-7f575d3d7000 r--p 0000d000 08:06 6192769                    /usr/lib/jvm/java-7-openjdk-amd64/jre/lib/amd64/libverify.so
7f575d3d7000-7f575d3d8000 rw-p 0000f000 08:06 6192769                    /usr/lib/jvm/java-7-openjdk-amd64/jre/lib/amd64/libverify.so
7f575d3d8000-7f575d3df000 r-xp 00000000 08:06 2887588                    /lib/x86_64-linux-gnu/librt-2.15.so
7f575d3df000-7f575d5de000 ---p 00007000 08:06 2887588                    /lib/x86_64-linux-gnu/librt-2.15.so
7f575d5de000-7f575d5df000 r--p 00006000 08:06 2887588                    /lib/x86_64-linux-gnu/librt-2.15.so
7f575d5df000-7f575d5e0000 rw-p 00007000 08:06 2887588                    /lib/x86_64-linux-gnu/librt-2.15.so
7f575d5e0000-7f575d5f5000 r-xp 00000000 08:06 2887523                    /lib/x86_64-linux-gnu/libgcc_s.so.1
7f575d5f5000-7f575d7f4000 ---p 00015000 08:06 2887523                    /lib/x86_64-linux-gnu/libgcc_s.so.1
7f575d7f4000-7f575d7f5000 r--p 00014000 08:06 2887523                    /lib/x86_64-linux-gnu/libgcc_s.so.1
7f575d7f5000-7f575d7f6000 rw-p 00015000 08:06 2887523                    /lib/x86_64-linux-gnu/libgcc_s.so.1
7f575d7f8000-7f575d8f3000 r-xp 00000000 08:06 2887534                    /lib/x86_64-linux-gnu/libm-2.15.so
7f575d8f3000-7f575daf2000 ---p 000fb000 08:06 2887534                    /lib/x86_64-linux-gnu/libm-2.15.so
7f575daf2000-7f575daf3000 r--p 000fa000 08:06 2887534                    /lib/x86_64-linux-gnu/libm-2.15.so
7f575daf3000-7f575daf4000 rw-p 000fb000 08:06 2887534                    /lib/x86_64-linux-gnu/libm-2.15.so
7f575daf8000-7f575dbda000 r-xp 00000000 08:06 4988391                    /usr/lib/x86_64-linux-gnu/libstdc++.so.6.0.16
7f575dbda000-7f575ddd9000 ---p 000e2000 08:06 4988391                    /usr/lib/x86_64-linux-gnu/libstdc++.so.6.0.16
7f575ddd9000-7f575dde1000 r--p 000e1000 08:06 4988391                    /usr/lib/x86_64-linux-gnu/libstdc++.so.6.0.16
7f575dde1000-7f575dde3000 rw-p 000e9000 08:06 4988391                    /usr/lib/x86_64-linux-gnu/libstdc++.so.6.0.16
7f575dde3000-7f575ddf8000 rw-p 00000000 00:00 0 
7f575ddf8000-7f575e8b3000 r-xp 00000000 08:06 6303865                    /usr/lib/jvm/java-7-openjdk-amd64/jre/lib/amd64/server/libjvm.so
7f575e8b3000-7f575eab3000 ---p 00abb000 08:06 6303865                    /usr/lib/jvm/java-7-openjdk-amd64/jre/lib/amd64/server/libjvm.so
7f575eab3000-7f575eb4b000 r--p 00abb000 08:06 6303865                    /usr/lib/jvm/java-7-openjdk-amd64/jre/lib/amd64/server/libjvm.so
7f575eb4b000-7f575eb6e000 rw-p 00b53000 08:06 6303865                    /usr/lib/jvm/java-7-openjdk-amd64/jre/lib/amd64/server/libjvm.so
7f575eb6e000-7f575eb9b000 rw-p 00000000 00:00 0 
7f575eba0000-7f575ebb6000 r-xp 00000000 08:06 2887613                    /lib/x86_64-linux-gnu/libz.so.1.2.3.4
7f575ebb6000-7f575edb5000 ---p 00016000 08:06 2887613                    /lib/x86_64-linux-gnu/libz.so.1.2.3.4
7f575edb5000-7f575edb6000 r--p 00015000 08:06 2887613                    /lib/x86_64-linux-gnu/libz.so.1.2.3.4
7f575edb6000-7f575edb7000 rw-p 00016000 08:06 2887613                    /lib/x86_64-linux-gnu/libz.so.1.2.3.4
7f575edb8000-7f575edd0000 r-xp 00000000 08:06 2887582                    /lib/x86_64-linux-gnu/libpthread-2.15.so
7f575edd0000-7f575efcf000 ---p 00018000 08:06 2887582                    /lib/x86_64-linux-gnu/libpthread-2.15.so
7f575efcf000-7f575efd0000 r--p 00017000 08:06 2887582                    /lib/x86_64-linux-gnu/libpthread-2.15.so
7f575efd0000-7f575efd1000 rw-p 00018000 08:06 2887582                    /lib/x86_64-linux-gnu/libpthread-2.15.so
7f575efd1000-7f575efd5000 rw-p 00000000 00:00 0 
7f575efd8000-7f575efda000 r-xp 00000000 08:06 2887515                    /lib/x86_64-linux-gnu/libdl-2.15.so
7f575efda000-7f575f1da000 ---p 00002000 08:06 2887515                    /lib/x86_64-linux-gnu/libdl-2.15.so
7f575f1da000-7f575f1db000 r--p 00002000 08:06 2887515                    /lib/x86_64-linux-gnu/libdl-2.15.so
7f575f1db000-7f575f1dc000 rw-p 00003000 08:06 2887515                    /lib/x86_64-linux-gnu/libdl-2.15.so
7f575f1e0000-7f575f395000 r-xp 00000000 08:06 2887502                    /lib/x86_64-linux-gnu/libc-2.15.so
7f575f395000-7f575f595000 ---p 001b5000 08:06 2887502                    /lib/x86_64-linux-gnu/libc-2.15.so
7f575f595000-7f575f599000 r--p 001b5000 08:06 2887502                    /lib/x86_64-linux-gnu/libc-2.15.so
7f575f599000-7f575f59b000 rw-p 001b9000 08:06 2887502                    /lib/x86_64-linux-gnu/libc-2.15.so
7f575f59b000-7f575f5a0000 rw-p 00000000 00:00 0 
7f575f5a0000-7f575f5ad000 r-xp 00000000 08:06 6303971                    /usr/lib/jvm/java-7-openjdk-amd64/jre/lib/amd64/jli/libjli.so
7f575f5ad000-7f575f7ac000 ---p 0000d000 08:06 6303971                    /usr/lib/jvm/java-7-openjdk-amd64/jre/lib/amd64/jli/libjli.so
7f575f7ac000-7f575f7ad000 r--p 0000c000 08:06 6303971                    /usr/lib/jvm/java-7-openjdk-amd64/jre/lib/amd64/jli/libjli.so
7f575f7ad000-7f575f7ae000 rw-p 0000d000 08:06 6303971                    /usr/lib/jvm/java-7-openjdk-amd64/jre/lib/amd64/jli/libjli.so
7f575f7b0000-7f575f7d2000 r-xp 00000000 08:06 2887482                    /lib/x86_64-linux-gnu/ld-2.15.so
7f575f7d5000-7f575f7d6000 r--s 000dd000 08:06 2623136                    /home/abaratham/.gradle/caches/modules-2/files-2.1/com.badlogicgames.gdx/gdx-box2d-platform/1.0.0/350a00f887adc5505517003be2a0c111303c574b/gdx-box2d-platform-1.0.0-natives-desktop.jar
7f575f7da000-7f575f7db000 r--s 00002000 08:06 6035325                    /usr/lib/jvm/java-7-openjdk-amd64/jre/lib/ext/dnsns.jar
7f575f7df000-7f575f7e0000 r--s 00007000 08:06 5250426                    /usr/share/java/java-atk-wrapper.jar
7f575f7e2000-7f575f80a000 rw-p 00000000 00:00 0 
7f575f80a000-7f575f8c0000 rw-p 00000000 00:00 0 
7f575f8c0000-7f575f8c8000 rw-s 00000000 08:06 2621941                    /tmp/hsperfdata_abaratham/1388
7f575f8ca000-7f575f8cc000 rw-p 00000000 00:00 0 
7f575f8cc000-7f575f8cd000 r--p 00000000 00:00 0 
7f575f8cd000-7f575f8d0000 ---p 00000000 00:00 0 
7f575f8d0000-7f575f9d2000 rw-p 00000000 00:00 0                          [stack:1394]
7f575f9d2000-7f575f9d3000 r--p 00022000 08:06 2887482                    /lib/x86_64-linux-gnu/ld-2.15.so
7f575f9d3000-7f575f9d5000 rw-p 00023000 08:06 2887482                    /lib/x86_64-linux-gnu/ld-2.15.so
7f575f9d5000-7f575f9d8000 rw-p 00000000 00:00 0 
7fff3da2e000-7fff3da50000 rw-p 00000000 00:00 0                          [stack]
7fff3daa8000-7fff3daaa000 r-xp 00000000 00:00 0                          [vdso]
ffffffffff600000-ffffffffff601000 r-xp 00000000 00:00 0                  [vsyscall]

VM Arguments:
jvm_args: -Dfile.encoding=UTF-8 
java_command: anandgames.gravity.desktop.DesktopLauncher
Launcher Type: SUN_STANDARD

Environment Variables:
PATH=/opt/OpenPrinting-Gutenprint/sbin:/opt/OpenPrinting-Gutenprint/bin:/usr/lib/lightdm/lightdm:/usr/local/sbin:/usr/local/bin:/usr/sbin:/usr/bin:/sbin:/bin:/usr/games
SHELL=/bin/bash
DISPLAY=:0.0

Signal Handlers:
SIGSEGV: [libjvm.so+0x8f6d70], sa_mask[0]=0x7ffbfeff, sa_flags=0x10000004
SIGBUS: [libjvm.so+0x8f6d70], sa_mask[0]=0x7ffbfeff, sa_flags=0x10000004
SIGFPE: [libjvm.so+0x77aeb0], sa_mask[0]=0x7ffbfeff, sa_flags=0x10000004
SIGPIPE: [libjvm.so+0x77aeb0], sa_mask[0]=0x7ffbfeff, sa_flags=0x10000004
SIGXFSZ: [libjvm.so+0x77aeb0], sa_mask[0]=0x7ffbfeff, sa_flags=0x10000004
SIGILL: [libjvm.so+0x77aeb0], sa_mask[0]=0x7ffbfeff, sa_flags=0x10000004
SIGUSR1: SIG_DFL, sa_mask[0]=0x00000000, sa_flags=0x00000000
SIGUSR2: [libjvm.so+0x77b130], sa_mask[0]=0x00000004, sa_flags=0x10000004
SIGHUP: [libjvm.so+0x77b2a0], sa_mask[0]=0x7ffbfeff, sa_flags=0x10000004
SIGINT: [libjvm.so+0x77b2a0], sa_mask[0]=0x7ffbfeff, sa_flags=0x10000004
SIGTERM: [libjvm.so+0x77b2a0], sa_mask[0]=0x7ffbfeff, sa_flags=0x10000004
SIGQUIT: [libjvm.so+0x77b2a0], sa_mask[0]=0x7ffbfeff, sa_flags=0x10000004


---------------  S Y S T E M  ---------------

OS:Ubuntu 12.04 (precise)
uname:Linux 3.11.0-17-generic #31~precise1-Ubuntu SMP Tue Feb 4 21:25:43 UTC 2014 x86_64
libc:glibc 2.15 NPTL 2.15 
rlimit: STACK 8192k, CORE 0k, NPROC 42396, NOFILE 4096, AS infinity
load average:0.61 0.55 0.67

/proc/meminfo:
MemTotal:        5493904 kB
MemFree:          125096 kB
Buffers:            8880 kB
Cached:           222768 kB
SwapCached:        49624 kB
Active:          3796968 kB
Inactive:        1087264 kB
Active(anon):    3688052 kB
Inactive(anon):   982440 kB
Active(file):     108916 kB
Inactive(file):   104824 kB
Unevictable:          32 kB
Mlocked:              32 kB
SwapTotal:       5731324 kB
SwapFree:        5419312 kB
Dirty:               236 kB
Writeback:             0 kB
AnonPages:       4618228 kB
Mapped:           257992 kB
Shmem:             17836 kB
Slab:             126612 kB
SReclaimable:      89944 kB
SUnreclaim:        36668 kB
KernelStack:        6104 kB
PageTables:        62452 kB
NFS_Unstable:          0 kB
Bounce:                0 kB
WritebackTmp:          0 kB
CommitLimit:     8478276 kB
Committed_AS:    9724116 kB
VmallocTotal:   34359738367 kB
VmallocUsed:      183272 kB
VmallocChunk:   34359486752 kB
HardwareCorrupted:     0 kB
AnonHugePages:         0 kB
HugePages_Total:       0
HugePages_Free:        0
HugePages_Rsvd:        0
HugePages_Surp:        0
Hugepagesize:       2048 kB
DirectMap4k:      617212 kB
DirectMap2M:     5120000 kB
DirectMap1G:           0 kB


CPU:total 4 (4 cores per cpu, 1 threads per core) family 21 model 16 stepping 1, cmov, cx8, fxsr, mmx, sse, sse2, sse3, ssse3, sse4.1, sse4.2, popcnt, avx, aes, mmxext, 3dnowpref, lzcnt, sse4a, tsc, tscinvbit, tscinv

/proc/cpuinfo:
processor	: 0
vendor_id	: AuthenticAMD
cpu family	: 21
model		: 16
model name	: AMD A10-4600M APU with Radeon(tm) HD Graphics
stepping	: 1
microcode	: 0x6001116
cpu MHz		: 1400.000
cache size	: 2048 KB
physical id	: 0
siblings	: 4
core id		: 0
cpu cores	: 2
apicid		: 16
initial apicid	: 0
fpu		: yes
fpu_exception	: yes
cpuid level	: 13
wp		: yes
flags		: fpu vme de pse tsc msr pae mce cx8 apic sep mtrr pge mca cmov pat pse36 clflush mmx fxsr sse sse2 ht syscall nx mmxext fxsr_opt pdpe1gb rdtscp lm constant_tsc rep_good nopl nonstop_tsc extd_apicid aperfmperf pni pclmulqdq monitor ssse3 fma cx16 sse4_1 sse4_2 popcnt aes xsave avx f16c lahf_lm cmp_legacy svm extapic cr8_legacy abm sse4a misalignsse 3dnowprefetch osvw ibs xop skinit wdt lwp fma4 tce nodeid_msr tbm topoext perfctr_core perfctr_nb arat cpb hw_pstate npt lbrv svm_lock nrip_save tsc_scale vmcb_clean flushbyasid decodeassists pausefilter pfthreshold bmi1
bogomips	: 4591.46
TLB size	: 1536 4K pages
clflush size	: 64
cache_alignment	: 64
address sizes	: 48 bits physical, 48 bits virtual
power management: ts ttp tm 100mhzsteps hwpstate cpb eff_freq_ro

processor	: 1
vendor_id	: AuthenticAMD
cpu family	: 21
model		: 16
model name	: AMD A10-4600M APU with Radeon(tm) HD Graphics  
stepping	: 1
microcode	: 0x6001116
cpu MHz		: 1400.000
cache size	: 2048 KB
physical id	: 0
siblings	: 4
core id		: 1
cpu cores	: 2
apicid		: 17
initial apicid	: 1
fpu		: yes
fpu_exception	: yes
cpuid level	: 13
wp		: yes
flags		: fpu vme de pse tsc msr pae mce cx8 apic sep mtrr pge mca cmov pat pse36 clflush mmx fxsr sse sse2 ht syscall nx mmxext fxsr_opt pdpe1gb rdtscp lm constant_tsc rep_good nopl nonstop_tsc extd_apicid aperfmperf pni pclmulqdq monitor ssse3 fma cx16 sse4_1 sse4_2 popcnt aes xsave avx f16c lahf_lm cmp_legacy svm extapic cr8_legacy abm sse4a misalignsse 3dnowprefetch osvw ibs xop skinit wdt lwp fma4 tce nodeid_msr tbm topoext perfctr_core perfctr_nb arat cpb hw_pstate npt lbrv svm_lock nrip_save tsc_scale vmcb_clean flushbyasid decodeassists pausefilter pfthreshold bmi1
bogomips	: 4591.46
TLB size	: 1536 4K pages
clflush size	: 64
cache_alignment	: 64
address sizes	: 48 bits physical, 48 bits virtual
power management: ts ttp tm 100mhzsteps hwpstate cpb eff_freq_ro

processor	: 2
vendor_id	: AuthenticAMD
cpu family	: 21
model		: 16
model name	: AMD A10-4600M APU with Radeon(tm) HD Graphics  
stepping	: 1
microcode	: 0x6001116
cpu MHz		: 1400.000
cache size	: 2048 KB
physical id	: 0
siblings	: 4
core id		: 2
cpu cores	: 2
apicid		: 18
initial apicid	: 2
fpu		: yes
fpu_exception	: yes
cpuid level	: 13
wp		: yes
flags		: fpu vme de pse tsc msr pae mce cx8 apic sep mtrr pge mca cmov pat pse36 clflush mmx fxsr sse sse2 ht syscall nx mmxext fxsr_opt pdpe1gb rdtscp lm constant_tsc rep_good nopl nonstop_tsc extd_apicid aperfmperf pni pclmulqdq monitor ssse3 fma cx16 sse4_1 sse4_2 popcnt aes xsave avx f16c lahf_lm cmp_legacy svm extapic cr8_legacy abm sse4a misalignsse 3dnowprefetch osvw ibs xop skinit wdt lwp fma4 tce nodeid_msr tbm topoext perfctr_core perfctr_nb arat cpb hw_pstate npt lbrv svm_lock nrip_save tsc_scale vmcb_clean flushbyasid decodeassists pausefilter pfthreshold bmi1
bogomips	: 4591.46
TLB size	: 1536 4K pages
clflush size	: 64
cache_alignment	: 64
address sizes	: 48 bits physical, 48 bits virtual
power management: ts ttp tm 100mhzsteps hwpstate cpb eff_freq_ro

processor	: 3
vendor_id	: AuthenticAMD
cpu family	: 21
model		: 16
model name	: AMD A10-4600M APU with Radeon(tm) HD Graphics  
stepping	: 1
microcode	: 0x6001116
cpu MHz		: 1400.000
cache size	: 2048 KB
physical id	: 0
siblings	: 4
core id		: 3
cpu cores	: 2
apicid		: 19
initial apicid	: 3
fpu		: yes
fpu_exception	: yes
cpuid level	: 13
wp		: yes
flags		: fpu vme de pse tsc msr pae mce cx8 apic sep mtrr pge mca cmov pat pse36 clflush mmx fxsr sse sse2 ht syscall nx mmxext fxsr_opt pdpe1gb rdtscp lm constant_tsc rep_good nopl nonstop_tsc extd_apicid aperfmperf pni pclmulqdq monitor ssse3 fma cx16 sse4_1 sse4_2 popcnt aes xsave avx f16c lahf_lm cmp_legacy svm extapic cr8_legacy abm sse4a misalignsse 3dnowprefetch osvw ibs xop skinit wdt lwp fma4 tce nodeid_msr tbm topoext perfctr_core perfctr_nb arat cpb hw_pstate npt lbrv svm_lock nrip_save tsc_scale vmcb_clean flushbyasid decodeassists pausefilter pfthreshold bmi1
bogomips	: 4591.46
TLB size	: 1536 4K pages
clflush size	: 64
cache_alignment	: 64
address sizes	: 48 bits physical, 48 bits virtual
power management: ts ttp tm 100mhzsteps hwpstate cpb eff_freq_ro



Memory: 4k page, physical 5493904k(125096k free), swap 5731324k(5419312k free)

vm_info: OpenJDK 64-Bit Server VM (24.45-b08) for linux-amd64 JRE (1.7.0_51-b00), built on Jan 16 2014 18:37:59 by "buildd" with gcc 4.6.3

time: Wed May 14 21:12:28 2014
elapsed time: 2 seconds

